Program Begingeth
Setting x as mdcm.positions_np
      fun: 3.480775342340398
 hess_inv: array([[ 19.10514142,  12.22220896,  -8.21914001, ...,  -1.37494196,
         -0.55913664,   2.74229459],
       [ 12.22220896,  28.5521054 , -14.46653094, ...,  -2.38370501,
         -2.55223812,   2.78620352],
       [ -8.21914001, -14.46653094,   9.70381984, ...,   1.30769558,
          1.14969914,  -1.99097776],
       ...,
       [ -1.37494196,  -2.38370501,   1.30769558, ...,  75.45813241,
         -7.76357354,  -4.09658443],
       [ -0.55913664,  -2.55223812,   1.14969914, ...,  -7.76357354,
        147.17302537, -45.58786678],
       [  2.74229459,   2.78620352,  -1.99097776, ...,  -4.09658443,
        -45.58786678, 124.74084194]])
      jac: array([-9.99526388e-06,  2.06649512e-06,  4.07253490e-05, -2.96015064e-05,
        4.80560776e-05,  4.77262674e-05,  1.07129120e-05, -3.53169346e-06,
       -1.94780488e-05,  5.47277779e-05,  2.91470551e-06, -5.19273513e-05,
       -8.15199759e-06, -4.02013238e-05, -3.58596116e-05, -7.14204991e-05,
        1.05231675e-04,  4.94662089e-05, -1.05012295e-05, -1.51582450e-06,
       -6.14027347e-05,  2.22858768e-04, -2.64610852e-04, -1.90651347e-04,
        2.14160541e-05,  7.47875835e-06, -6.41125671e-05,  1.69467403e-05,
        1.54380212e-05, -1.50045902e-05, -9.33801184e-05,  8.37321323e-05,
        2.35538996e-04, -2.44979148e-04, -1.64059581e-04,  4.42102651e-05,
        9.56514867e-05, -7.42318799e-05, -2.83419214e-04,  3.75223704e-04,
        3.10954521e-04,  1.63736876e-04, -3.17671815e-05, -2.60316509e-04,
        6.21248238e-05,  9.12028971e-05,  2.17245185e-04, -4.94111418e-05,
       -9.80090083e-05,  2.26011802e-04,  1.87645455e-05,  4.96589436e-05,
        9.98869135e-05,  6.36409444e-05,  2.74950433e-06, -1.52204175e-05,
       -4.25884513e-05,  9.31432709e-06, -7.50925248e-05, -8.95402271e-05,
       -8.63783119e-05,  6.43159600e-06,  1.15430628e-04, -3.59991444e-04,
       -3.03334839e-04, -7.90301158e-05, -9.23249625e-05,  8.23551597e-05,
        2.85661568e-04,  4.66145641e-05,  1.67199588e-05, -1.93196570e-05,
       -3.73860942e-05, -3.41152292e-05, -5.47535350e-05])
  message: 'Desired error not necessarily achieved due to precision loss.'
     nfev: 73656
      nit: 915
     njev: 969
   status: 2
  success: False
        x: array([ 0.98618313,  4.45176314,  6.9402685 ,  3.04395635,  0.83178217,
        1.84786198,  4.58863833,  2.40518038, -0.15950873,  2.66695218,
       -2.4138141 ,  0.21273108, -3.23963012, -1.82236485, -0.9370031 ,
       -1.76314662, -0.52817696,  1.00621746, -3.81933494, -0.39322551,
       -1.10523658, -2.88118243, -0.96667586,  0.90404547, -0.55753763,
        0.08602604, -0.64386557, -0.80238224, -1.80261308, -2.15334913,
       -3.65667801, -0.4076601 , -0.0707966 , -0.912552  , -0.86795572,
       -0.59329288,  4.80429929, -0.54602784, -0.3756614 , -0.57658528,
        2.43225516,  1.72982992, -1.36606858, -2.50499765,  0.04062594,
       -0.7876764 , -2.58121322,  0.02870641, -2.50715491, -2.26541966,
       -0.01954301, -0.71753438,  3.19699549, -0.095321  ,  1.41772819,
        2.50732556,  0.18770375,  2.07125242,  0.55110881,  1.04616207,
        2.17311703, -1.17985309,  0.38460719, -0.62953925,  2.12593516,
        1.7369238 ,  4.60049988, -0.44407955, -0.50078697, -0.75881136,
        0.67831378,  2.32611998, -0.70087624,  3.67064515, -0.0315145 ])
