Base Error: Testing RMSE() on my cube, ref. pcube 4.273561831017127
      fun: 0.6167171240081566
 hess_inv: array([[41.048893  , -7.00026849, 19.49527774, ..., -0.65161842,
        -1.08623191,  1.48458064],
       [-7.00026849,  6.21202886, 10.84190587, ..., -0.30396122,
         0.30888273,  0.14948543],
       [19.49527774, 10.84190587, 73.76639133, ..., -2.62416545,
        -0.18970828,  2.70191175],
       ...,
       [-0.65161842, -0.30396122, -2.62416545, ...,  2.32873658,
         0.3666266 , -0.15434986],
       [-1.08623191,  0.30888273, -0.18970828, ...,  0.3666266 ,
         0.9331947 , -0.11601317],
       [ 1.48458064,  0.14948543,  2.70191175, ..., -0.15434986,
        -0.11601317,  0.86275295]])
      jac: array([ 1.11392377e-06,  5.55111512e-06, -6.71388870e-06, -1.87701706e-06,
       -5.27133892e-06,  2.37217653e-06, -8.10092734e-06,  7.90774853e-06,
        3.28477986e-06,  7.71975077e-07,  3.78956126e-07,  5.02560956e-06,
       -9.56272099e-07,  6.27646083e-07, -7.41628981e-07,  2.72966834e-06,
       -3.62006721e-06,  3.00722410e-06,  8.88104405e-06, -3.63931108e-06,
       -1.86221409e-06,  6.87450097e-06, -2.17529698e-06,  1.98359847e-07,
        1.77339624e-06,  6.11880916e-06,  3.86283598e-06,  1.72232599e-06,
        3.78956126e-07,  1.41516428e-06, -3.21150514e-06, -4.51490697e-08,
        5.55185527e-06, -1.63276800e-06, -2.07241631e-06,  2.84957243e-06,
       -1.77635684e-07, -1.62018547e-06, -2.61938619e-06])
  message: 'Optimization terminated successfully.'
     nfev: 1920
      nit: 45
     njev: 48
   status: 0
  success: True
        x: array([ 2.43777877,  2.31760028, -0.05170859,  5.90701291, -0.81876064,
        0.12969592,  2.17168663, -2.57521341,  0.0956587 , -1.77111746,
       -0.31058353,  0.08347609,  0.0621496 , -0.160527  , -0.37939283,
        2.41761066,  2.82570451,  0.02885653, -2.16755177,  3.11031612,
        0.10121679, -4.30766191,  2.15260366,  0.11215228,  1.90189839,
       -0.24095417,  0.08873369,  0.04763697, -0.20582443,  0.65776538,
        4.11754327,  0.70036772,  0.05195701, -4.88894908, -0.41275973,
        0.09036364, -1.79826035, -2.55272727,  0.08778468])
