Program Begingeth
      fun: 0.2297414707182949
 hess_inv: array([[ 7.56713907e-01, -4.34471654e-02, -1.00180826e-02,
         8.74549112e-02, -3.95810885e-03,  1.29164945e-01,
        -1.60173761e-02,  4.02055495e-01,  1.93685077e-01,
         2.68460942e-01, -2.09492529e-01, -5.67612221e-02,
        -2.67615467e-01,  3.00615386e-03, -1.96577072e-02,
         2.29958496e-02, -4.55393202e-02, -2.12092562e-01],
       [-4.34471654e-02,  3.49846475e-01, -2.12070155e-02,
         3.51161156e-03,  5.07857179e-02, -4.07578029e-01,
        -3.79506082e-01, -2.71539879e-01, -9.44593646e-01,
         1.72360858e-01,  2.16511331e-01, -8.76183752e-01,
         3.18348922e-02, -1.08180127e-01, -1.83919357e-01,
         3.18726444e-02,  2.26903883e-02, -6.72300464e-02],
       [-1.00180826e-02, -2.12070155e-02,  2.00188194e-01,
         3.50308369e-02,  1.19813602e-01,  2.43789041e-02,
         5.42171669e-02,  2.23369442e-01,  5.39686460e-03,
         1.54024073e-01,  2.07024123e-01,  3.46130341e-02,
         3.86873323e-02,  8.94773345e-02, -3.91580663e-02,
         5.18838395e-02,  3.34524341e-02,  3.70794568e-02],
       [ 8.74549112e-02,  3.51161156e-03,  3.50308369e-02,
         3.30950177e-01,  2.35691003e-02, -1.10726600e-01,
         4.10380887e-01, -2.27510762e-01, -2.75320188e-01,
         7.76416024e-01, -3.68008071e-02, -3.24754394e-01,
         1.56201934e-01, -1.27332412e-02, -2.30690375e-02,
         9.16270856e-02, -8.52773481e-02,  1.62929027e-02],
       [-3.95810885e-03,  5.07857179e-02,  1.19813602e-01,
         2.35691003e-02,  1.80874278e-01, -2.42496444e-02,
         1.23938386e-01,  3.25471867e-01, -1.37724689e-01,
         1.04915905e-01,  3.91419887e-01,  2.67169905e-03,
         2.56458642e-02,  6.51574328e-02, -6.57161041e-02,
         4.53348310e-02,  2.49148358e-02, -2.45501052e-03],
       [ 1.29164945e-01, -4.07578029e-01,  2.43789041e-02,
        -1.10726600e-01, -2.42496444e-02,  1.19601978e+00,
         2.04589714e+00,  1.48152853e+00,  3.21173294e+00,
        -1.05476238e+00, -4.70925741e-01,  3.02555319e+00,
        -1.11612949e-01,  1.52893101e-01,  2.94648574e-01,
        -6.02291632e-02,  4.27546434e-03,  1.10563253e-02],
       [-1.60173761e-02, -3.79506082e-01,  5.42171669e-02,
         4.10380887e-01,  1.23938386e-01,  2.04589714e+00,
         6.95041466e+00,  2.43477258e+00,  6.40678013e+00,
        -1.33347146e+00, -5.48456778e-01,  5.86079795e+00,
         3.08312931e-01,  1.37589990e-01,  2.85431160e-01,
         1.02961757e-01, -1.47713049e-01,  1.99398413e-02],
       [ 4.02055495e-01, -2.71539879e-01,  2.23369442e-01,
        -2.27510762e-01,  3.25471867e-01,  1.48152853e+00,
         2.43477258e+00,  3.68378540e+00,  3.73475135e+00,
        -1.35387635e+00, -8.15573766e-02,  3.77200056e+00,
        -2.85205163e-01,  2.40980890e-01,  2.30954289e-01,
        -4.01355907e-02,  5.81379646e-02, -8.82905389e-02],
       [ 1.93685077e-01, -9.44593646e-01,  5.39686460e-03,
        -2.75320188e-01, -1.37724689e-01,  3.21173294e+00,
         6.40678013e+00,  3.73475135e+00,  9.93576043e+00,
        -3.29079085e+00, -1.35968785e+00,  8.22585572e+00,
        -1.42743040e-01,  2.57719039e-01,  6.77980592e-01,
        -1.22309374e-01, -6.49127601e-02, -1.05524067e-02],
       [ 2.68460942e-01,  1.72360858e-01,  1.54024073e-01,
         7.76416024e-01,  1.04915905e-01, -1.05476238e+00,
        -1.33347146e+00, -1.35387635e+00, -3.29079085e+00,
         2.79321900e+00,  2.71739272e-01, -3.01039228e+00,
         2.82133392e-01, -2.92722202e-02, -2.02217925e-01,
         2.13208012e-01, -1.38478886e-01,  2.71258246e-02],
       [-2.09492529e-01,  2.16511331e-01,  2.07024123e-01,
        -3.68008071e-02,  3.91419887e-01, -4.70925741e-01,
        -5.48456778e-01, -8.15573766e-02, -1.35968785e+00,
         2.71739272e-01,  1.21823535e+00, -9.69680466e-01,
         7.71569795e-02,  8.14244847e-02, -2.37200613e-01,
         7.09840125e-02,  7.27434467e-02,  1.01520318e-02],
       [-5.67612221e-02, -8.76183752e-01,  3.46130341e-02,
        -3.24754394e-01,  2.67169905e-03,  3.02555319e+00,
         5.86079795e+00,  3.77200056e+00,  8.22585572e+00,
        -3.01039228e+00, -9.69680466e-01,  8.12980669e+00,
        -1.34689332e-01,  3.56800567e-01,  6.77860959e-01,
        -1.44117201e-01,  4.27403748e-02,  7.26568993e-02],
       [-2.67615467e-01,  3.18348922e-02,  3.86873323e-02,
         1.56201934e-01,  2.56458642e-02, -1.11612949e-01,
         3.08312931e-01, -2.85205163e-01, -1.42743040e-01,
         2.82133392e-01,  7.71569795e-02, -1.34689332e-01,
         2.32398469e-01, -1.23353725e-02, -1.73452571e-02,
         7.08041113e-02, -3.72579222e-02,  9.84737536e-02],
       [ 3.00615386e-03, -1.08180127e-01,  8.94773345e-02,
        -1.27332412e-02,  6.51574328e-02,  1.52893101e-01,
         1.37589990e-01,  2.40980890e-01,  2.57719039e-01,
        -2.92722202e-02,  8.14244847e-02,  3.56800567e-01,
        -1.23353725e-02,  1.03347301e-01,  4.02715353e-02,
         6.17684886e-03,  3.90605571e-02,  3.13735208e-02],
       [-1.96577072e-02, -1.83919357e-01, -3.91580663e-02,
        -2.30690375e-02, -6.57161041e-02,  2.94648574e-01,
         2.85431160e-01,  2.30954289e-01,  6.77980592e-01,
        -2.02217925e-01, -2.37200613e-01,  6.77860959e-01,
        -1.73452571e-02,  4.02715353e-02,  1.53892690e-01,
        -3.86134319e-02, -1.17587410e-02,  5.88541344e-02],
       [ 2.29958496e-02,  3.18726444e-02,  5.18838395e-02,
         9.16270856e-02,  4.53348310e-02, -6.02291632e-02,
         1.02961757e-01, -4.01355907e-02, -1.22309374e-01,
         2.13208012e-01,  7.09840125e-02, -1.44117201e-01,
         7.08041113e-02,  6.17684886e-03, -3.86134319e-02,
         6.38358729e-02, -1.70747874e-02,  3.16462572e-03],
       [-4.55393202e-02,  2.26903883e-02,  3.34524341e-02,
        -8.52773481e-02,  2.49148358e-02,  4.27546434e-03,
        -1.47713049e-01,  5.81379646e-02, -6.49127601e-02,
        -1.38478886e-01,  7.27434467e-02,  4.27403748e-02,
        -3.72579222e-02,  3.90605571e-02, -1.17587410e-02,
        -1.70747874e-02,  6.30057353e-02,  3.55748177e-03],
       [-2.12092562e-01, -6.72300464e-02,  3.70794568e-02,
         1.62929027e-02, -2.45501052e-03,  1.10563253e-02,
         1.99398413e-02, -8.82905389e-02, -1.05524067e-02,
         2.71258246e-02,  1.01520318e-02,  7.26568993e-02,
         9.84737536e-02,  3.13735208e-02,  5.88541344e-02,
         3.16462572e-03,  3.55748177e-03,  1.11909638e-01]])
      jac: array([-1.77080572e-07,  9.16859181e-07, -3.07050681e-06, -1.60297701e-06,
       -1.81447450e-06,  8.64549173e-06,  4.21514675e-07,  1.22494607e-07,
       -4.09117185e-07,  3.35287353e-07,  5.10702591e-07, -2.48634446e-06,
        9.04276654e-07,  1.54968631e-06, -5.65991698e-06,  2.02985776e-07,
       -7.32932233e-07,  4.19479266e-06])
  message: 'Optimization terminated successfully.'
     nfev: 1862
      nit: 85
     njev: 98
   status: 0
  success: True
        x: array([ 0.11045734,  0.27023417,  0.84752364,  1.54212597, -0.74366784,
        0.02421416,  2.28702761, -0.78312182, -0.98766334,  2.08930068,
       -0.63431359,  0.37464608,  0.16381399,  0.18457242, -0.31201726,
       -1.07868638, -0.24369955,  0.04255461])
