Program Begingeth
      fun: 0.29293747474659493
 hess_inv: array([[ 1.12331087e+01,  2.09717395e+00,  5.22548950e-01,
         2.41737371e+00,  1.29078532e+00, -4.77060963e-01,
         3.08405246e+00,  3.03674190e-01, -3.92735450e+00,
        -1.17686291e+00,  2.16080748e-01, -9.81982540e-01,
        -2.40050816e+00, -4.21103841e-01, -4.89817189e-02,
        -2.35231242e-01, -1.06613558e+00,  2.10170413e-01],
       [ 2.09717395e+00,  4.14642774e+00,  1.95650607e-01,
         1.50052241e-01,  1.38107585e+00,  1.41386519e-01,
        -1.69296155e-01,  2.96117169e+00,  7.66002166e-01,
        -4.53434368e-01, -3.43187444e-01, -1.66022049e+00,
        -4.85550892e-01, -6.37649609e-01,  4.28370026e-01,
         1.84199452e-01, -2.21188007e-01,  7.50090736e-02],
       [ 5.22548950e-01,  1.95650607e-01,  5.24874067e+00,
         6.80473450e-01, -1.76536267e-01,  1.49192714e+00,
         5.57253498e+00, -2.15041280e+00,  1.90735751e+00,
        -7.26622261e-02,  1.94541611e+00, -8.40514283e-01,
         1.03608389e-01, -5.25399958e-01, -6.51557131e-01,
         9.90014362e-03,  2.36827201e-02, -1.31400202e-02],
       [ 2.41737371e+00,  1.50052241e-01,  6.80473450e-01,
         6.83525037e-01,  1.68253175e-01,  6.76647780e-02,
         1.82387366e+00, -3.16127620e-01, -8.57295531e-01,
        -2.62633787e-01,  2.22955136e-01, -1.36463609e-01,
        -4.30114795e-01, -5.76136146e-02, -9.49600439e-02,
        -4.70612382e-02, -1.87123117e-01,  4.20958383e-02],
       [ 1.29078532e+00,  1.38107585e+00, -1.76536267e-01,
         1.68253175e-01,  5.57208933e-01, -4.53656427e-02,
        -5.63435386e-02,  1.39422497e+00, -1.19326720e-01,
        -2.95112122e-01, -1.77099396e-01, -4.69454549e-01,
        -2.83286734e-01, -1.68801627e-01,  1.64255151e-01,
         2.81848069e-02, -1.26761090e-01,  3.18732210e-02],
       [-4.77060963e-01,  1.41386519e-01,  1.49192714e+00,
         6.76647780e-02, -4.53656427e-02,  5.38866167e-01,
         1.61787275e+00, -2.90371564e-01,  1.05388795e+00,
        -1.33670056e-01,  4.13084488e-01, -2.43232450e-01,
         2.11941453e-01, -1.33167823e-01, -1.15573439e-01,
         3.67846364e-02,  5.99365807e-02, -1.61608491e-02],
       [ 3.08405246e+00, -1.69296155e-01,  5.57253498e+00,
         1.82387366e+00, -5.63435386e-02,  1.61787275e+00,
         1.12798244e+01, -2.19340624e+00,  1.47562564e-01,
        -2.96705649e-01,  1.34747714e+00, -5.30482243e-01,
        -1.96497460e-01, -1.77772435e-01, -5.07972575e-01,
        -3.53121679e-02, -5.39639134e-02,  1.22907752e-01],
       [ 3.03674190e-01,  2.96117169e+00, -2.15041280e+00,
        -3.16127620e-01,  1.39422497e+00, -2.90371564e-01,
        -2.19340624e+00,  7.08534221e+00,  2.02875575e-01,
        -1.25021019e+00, -8.99044728e-01, -6.84603902e-01,
         8.96287371e-02, -2.02074881e-01,  7.14266149e-01,
         1.58380342e-01, -9.89580098e-02, -4.73987844e-02],
       [-3.92735450e+00,  7.66002166e-01,  1.90735751e+00,
        -8.57295531e-01, -1.19326720e-01,  1.05388795e+00,
         1.47562564e-01,  2.02875575e-01,  4.94125288e+00,
        -1.24221453e-01,  5.18389889e-01, -4.23722401e-01,
         9.15961797e-01, -3.70042274e-01, -9.54886640e-02,
         1.65455791e-01,  2.79540289e-01, -1.45046890e-01],
       [-1.17686291e+00, -4.53434368e-01, -7.26622261e-02,
        -2.62633787e-01, -2.95112122e-01, -1.33670056e-01,
        -2.96705649e-01, -1.25021019e+00, -1.24221453e-01,
         1.50711113e+00, -1.28814356e-01,  2.13941917e-01,
        -7.81186799e-02,  1.27205120e-01, -6.98279892e-03,
         6.95207127e-03,  1.63261022e-01,  1.89596589e-01],
       [ 2.16080748e-01, -3.43187444e-01,  1.94541611e+00,
         2.22955136e-01, -1.77099396e-01,  4.13084488e-01,
         1.34747714e+00, -8.99044728e-01,  5.18389889e-01,
        -1.28814356e-01,  1.56367671e+00, -1.89760076e-01,
         3.25493776e-02, -3.20591347e-01, -4.84501207e-01,
        -4.82779182e-02, -2.30199601e-03, -1.38439278e-01],
       [-9.81982540e-01, -1.66022049e+00, -8.40514283e-01,
        -1.36463609e-01, -4.69454549e-01, -2.43232450e-01,
        -5.30482243e-01, -6.84603902e-01, -4.23722401e-01,
         2.13941917e-01, -1.89760076e-01,  1.16462523e+00,
         1.85007732e-01,  4.13112901e-01, -1.23704123e-01,
        -1.08917890e-01,  1.41451499e-01, -5.63598623e-03],
       [-2.40050816e+00, -4.85550892e-01,  1.03608389e-01,
        -4.30114795e-01, -2.83286734e-01,  2.11941453e-01,
        -1.96497460e-01,  8.96287371e-02,  9.15961797e-01,
        -7.81186799e-02,  3.25493776e-02,  1.85007732e-01,
         6.67619052e-01,  8.28874501e-02, -7.58546098e-03,
         9.04106141e-02,  2.45588120e-01, -9.82464509e-02],
       [-4.21103841e-01, -6.37649609e-01, -5.25399958e-01,
        -5.76136146e-02, -1.68801627e-01, -1.33167823e-01,
        -1.77772435e-01, -2.02074881e-01, -3.70042274e-01,
         1.27205120e-01, -3.20591347e-01,  4.13112901e-01,
         8.28874501e-02,  2.37682868e-01,  3.78259952e-02,
        -2.83779243e-02,  7.62462855e-02,  2.66064958e-02],
       [-4.89817189e-02,  4.28370026e-01, -6.51557131e-01,
        -9.49600439e-02,  1.64255151e-01, -1.15573439e-01,
        -5.07972575e-01,  7.14266149e-01, -9.54886640e-02,
        -6.98279892e-03, -4.84501207e-01, -1.23704123e-01,
        -7.58546098e-03,  3.78259952e-02,  2.27074324e-01,
         4.26049495e-02, -9.33312423e-03,  5.27099858e-02],
       [-2.35231242e-01,  1.84199452e-01,  9.90014362e-03,
        -4.70612382e-02,  2.81848069e-02,  3.67846364e-02,
        -3.53121679e-02,  1.58380342e-01,  1.65455791e-01,
         6.95207127e-03, -4.82779182e-02, -1.08917890e-01,
         9.04106141e-02, -2.83779243e-02,  4.26049495e-02,
         5.78526159e-02,  2.74646137e-02, -2.99988683e-03],
       [-1.06613558e+00, -2.21188007e-01,  2.36827201e-02,
        -1.87123117e-01, -1.26761090e-01,  5.99365807e-02,
        -5.39639134e-02, -9.89580098e-02,  2.79540289e-01,
         1.63261022e-01, -2.30199601e-03,  1.41451499e-01,
         2.45588120e-01,  7.62462855e-02, -9.33312423e-03,
         2.74646137e-02,  1.44972657e-01, -1.14901540e-02],
       [ 2.10170413e-01,  7.50090736e-02, -1.31400202e-02,
         4.20958383e-02,  3.18732210e-02, -1.61608491e-02,
         1.22907752e-01, -4.73987844e-02, -1.45046890e-01,
         1.89596589e-01, -1.38439278e-01, -5.63598623e-03,
        -9.82464509e-02,  2.66064958e-02,  5.27099858e-02,
        -2.99988683e-03, -1.14901540e-02,  7.45014957e-02]])
      jac: array([ 1.27575728e-05,  8.60663393e-05, -4.63740157e-05, -6.25240600e-06,
       -1.47048299e-04,  1.20125761e-04,  7.32747196e-08,  1.20078022e-05,
       -9.56901225e-06,  2.34823272e-05,  5.77371484e-05, -4.72355488e-05,
        6.89948099e-05,  2.47589356e-04, -1.18228390e-04, -7.39012555e-05,
       -1.74598114e-04,  6.39610587e-05])
  message: 'Desired error not necessarily achieved due to precision loss.'
     nfev: 1910
      nit: 71
     njev: 100
   status: 2
  success: False
        x: array([-0.61027621, -0.67811537,  0.05238888, -1.3279652 , -0.75740191,
       -0.07269882, -1.8304817 , -0.96351672, -1.00114116,  0.17296503,
        0.41783566,  1.04908302,  0.06748993,  0.18442668, -0.23150041,
        1.49236588, -0.41185277,  0.03611354])
