Program Begingeth
      fun: 0.23731507149464307
 hess_inv: array([[ 3.47562026e+00,  1.18676888e+00,  1.05448031e-01,
         1.06451796e+00,  4.53584639e-01, -6.19347719e-01,
         1.20344718e+00, -1.64704311e+00, -1.57758464e+00,
        -1.21582794e-01,  7.89287053e-01, -4.96656014e-01,
        -5.76666391e-01, -3.57551170e-01, -3.48961905e-01,
        -1.82409603e-01, -3.55227479e-01,  1.25298356e-01],
       [ 1.18676888e+00,  2.65189643e+00,  7.29724577e-02,
         1.16291350e-01,  1.04177810e+00, -2.59627126e-01,
        -2.11406271e-01,  1.97193248e+00,  6.00180484e-01,
         3.87196605e-01, -1.86934681e-02, -1.06266838e+00,
        -4.29708523e-01, -3.38075724e-01,  1.76083054e-02,
         2.63144682e-02, -1.92116724e-01,  1.54174642e-01],
       [ 1.05448031e-01,  7.29724577e-02,  4.03172029e+00,
         7.15504116e-01,  2.85309082e-02,  1.69006803e+00,
         7.69005229e+00, -2.67955365e+00,  4.59003766e+00,
        -3.88153999e-01,  1.37131130e+00, -5.44875573e-01,
         8.39232154e-02, -5.68527175e-02, -4.19119633e-01,
        -2.04759155e-01,  8.97692907e-02, -3.20274550e-01],
       [ 1.06451796e+00,  1.16291350e-01,  7.15504116e-01,
         5.13885823e-01,  6.53967615e-02,  1.22899077e-01,
         2.17244995e+00, -1.09311777e+00,  7.69518112e-02,
        -1.79958687e-01,  4.54820132e-01, -9.84733339e-02,
        -1.11501400e-01, -5.61114580e-02, -1.86197147e-01,
        -9.68528873e-02, -6.60424791e-02, -4.02072236e-02],
       [ 4.53584639e-01,  1.04177810e+00,  2.85309082e-02,
         6.53967615e-02,  4.74345423e-01, -6.91987253e-02,
         3.71036370e-01,  1.29357809e+00,  7.19875207e-02,
         9.39998895e-02, -8.74255738e-02, -3.55747021e-01,
        -1.74879754e-01, -8.11933158e-02,  4.57559583e-02,
        -7.73822169e-03, -6.78405794e-02,  7.27352296e-02],
       [-6.19347719e-01, -2.59627126e-01,  1.69006803e+00,
         1.22899077e-01, -6.91987253e-02,  8.87062486e-01,
         3.37655615e+00, -5.82549198e-01,  2.33439861e+00,
        -2.37807024e-01,  3.36689482e-01, -7.14643057e-02,
         1.67955787e-01,  7.45772918e-02, -7.61389478e-02,
        -4.81829717e-02,  9.76377137e-02, -1.53540583e-01],
       [ 1.20344718e+00, -2.11406271e-01,  7.69005229e+00,
         2.17244995e+00,  3.71036370e-01,  3.37655615e+00,
         2.23118273e+01, -3.10609525e+00,  7.14396445e+00,
        -1.29984645e+00,  1.96463123e+00, -3.01585356e-01,
         1.27744115e-03,  2.66238248e-01, -6.78576915e-01,
        -5.96103563e-01,  4.26341717e-02, -5.90491794e-01],
       [-1.64704311e+00,  1.97193248e+00, -2.67955365e+00,
        -1.09311777e+00,  1.29357809e+00, -5.82549198e-01,
        -3.10609525e+00,  1.10368260e+01, -2.16743260e+00,
         2.83350720e-01, -2.17275662e+00, -2.83339077e-01,
        -2.88771724e-02,  1.94689640e-01,  1.06019151e+00,
         3.17683881e-01,  3.54150706e-03,  4.43378084e-01],
       [-1.57758464e+00,  6.00180484e-01,  4.59003766e+00,
         7.69518112e-02,  7.19875207e-02,  2.33439861e+00,
         7.14396445e+00, -2.16743260e+00,  9.79809212e+00,
        -3.28779254e-01,  1.28540716e+00, -7.83178618e-01,
         2.82374361e-01, -2.75329447e-01, -4.02660310e-01,
        -4.56749902e-02,  6.08066808e-02, -4.42090755e-01],
       [-1.21582794e-01,  3.87196605e-01, -3.88153999e-01,
        -1.79958687e-01,  9.39998895e-02, -2.37807024e-01,
        -1.29984645e+00,  2.83350720e-01, -3.28779254e-01,
         8.66564869e-01, -2.24657490e-01, -1.15368864e-01,
        -2.03248219e-01, -1.87305293e-02,  1.27728402e-01,
         3.74355550e-02,  2.71769271e-02,  2.13389762e-01],
       [ 7.89287053e-01, -1.86934681e-02,  1.37131130e+00,
         4.54820132e-01, -8.74255738e-02,  3.36689482e-01,
         1.96463123e+00, -2.17275662e+00,  1.28540716e+00,
        -2.24657490e-01,  1.24112234e+00, -2.96178785e-01,
        -5.06208608e-02, -2.32989374e-01, -3.98016794e-01,
        -1.24796152e-01, -4.10128163e-02, -1.99270627e-01],
       [-4.96656014e-01, -1.06266838e+00, -5.44875573e-01,
        -9.84733339e-02, -3.55747021e-01, -7.14643057e-02,
        -3.01585356e-01, -2.83339077e-01, -7.83178618e-01,
        -1.15368864e-01, -2.96178785e-01,  8.18136156e-01,
         1.23327745e-01,  2.43497859e-01,  2.54928173e-02,
        -4.61560152e-02,  1.01141331e-01, -4.05522332e-03],
       [-5.76666391e-01, -4.29708523e-01,  8.39232154e-02,
        -1.11501400e-01, -1.74879754e-01,  1.67955787e-01,
         1.27744115e-03, -2.88771724e-02,  2.82374361e-01,
        -2.03248219e-01, -5.06208608e-02,  1.23327745e-01,
         2.17557369e-01,  7.86861275e-02,  1.90380316e-02,
         6.18342664e-02,  8.44184554e-02, -9.12079607e-02],
       [-3.57551170e-01, -3.38075724e-01, -5.68527175e-02,
        -5.61114580e-02, -8.11933158e-02,  7.45772918e-02,
         2.66238248e-01,  1.94689640e-01, -2.75329447e-01,
        -1.87305293e-02, -2.32989374e-01,  2.43497859e-01,
         7.86861275e-02,  1.63689784e-01,  6.69297170e-02,
        -1.96058687e-03,  9.12719644e-02,  6.83595321e-03],
       [-3.48961905e-01,  1.76083054e-02, -4.19119633e-01,
        -1.86197147e-01,  4.57559583e-02, -7.61389478e-02,
        -6.78576915e-01,  1.06019151e+00, -4.02660310e-01,
         1.27728402e-01, -3.98016794e-01,  2.54928173e-02,
         1.90380316e-02,  6.69297170e-02,  1.90864584e-01,
         5.79582229e-02,  1.76707933e-02,  9.82649099e-02],
       [-1.82409603e-01,  2.63144682e-02, -2.04759155e-01,
        -9.68528873e-02, -7.73822169e-03, -4.81829717e-02,
        -5.96103563e-01,  3.17683881e-01, -4.56749902e-02,
         3.74355550e-02, -1.24796152e-01, -4.61560152e-02,
         6.18342664e-02, -1.96058687e-03,  5.79582229e-02,
         7.29889120e-02,  1.44047292e-02,  1.08396391e-02],
       [-3.55227479e-01, -1.92116724e-01,  8.97692907e-02,
        -6.60424791e-02, -6.78405794e-02,  9.76377137e-02,
         4.26341717e-02,  3.54150706e-03,  6.08066808e-02,
         2.71769271e-02, -4.10128163e-02,  1.01141331e-01,
         8.44184554e-02,  9.12719644e-02,  1.76707933e-02,
         1.44047292e-02,  9.89752661e-02, -2.14029987e-02],
       [ 1.25298356e-01,  1.54174642e-01, -3.20274550e-01,
        -4.02072236e-02,  7.27352296e-02, -1.53540583e-01,
        -5.90491794e-01,  4.43378084e-01, -4.42090755e-01,
         2.13389762e-01, -1.99270627e-01, -4.05522332e-03,
        -9.12079607e-02,  6.83595321e-03,  9.82649099e-02,
         1.08396391e-02, -2.14029987e-02,  1.21444122e-01]])
      jac: array([-4.02098725e-05, -4.94130662e-05, -9.28216763e-05,  1.01000134e-04,
        4.01404835e-05,  2.24483950e-04, -1.41349895e-06,  6.96498415e-06,
       -1.68900079e-05, -1.30386442e-05, -4.25913009e-05, -9.66895083e-05,
       -1.15380298e-04, -1.50451133e-04, -3.16283851e-04,  5.20472554e-06,
        1.96077784e-04,  1.79600409e-04])
  message: 'Desired error not necessarily achieved due to precision loss.'
     nfev: 1759
      nit: 61
     njev: 92
   status: 2
  success: False
        x: array([-0.70310693, -0.84362851,  0.49563372, -1.09431784, -0.93522783,
        0.09246211, -0.93192889, -1.34672998, -0.81028548,  0.09751882,
        0.62593619,  1.09898162,  0.08857962,  0.26194584, -0.29600333,
        1.26185209, -0.1134474 ,  0.00733119])
