Program Begingeth
      fun: 0.2881158744098145
 hess_inv: array([[ 4.88496664e+00, -1.56202884e+00, -4.45003441e-01,
         1.09189993e+00, -7.17543992e-01,  9.93827851e-01,
         1.29619582e+00,  1.80491919e+00,  1.39347272e+00,
        -7.73847825e-01, -8.32761681e-01,  1.16272928e+00,
        -9.36331011e-01,  4.34194049e-01,  4.76048549e-01,
        -9.17652980e-02,  6.13261352e-01, -4.70989211e-01],
       [-1.56202884e+00,  3.37689042e+00,  1.05068808e+00,
        -2.47194799e-01,  1.16591235e+00, -1.54918689e-01,
        -3.12410076e+00,  5.98625533e-02,  2.77202874e+00,
        -5.72175596e-02,  1.87672583e-01, -1.81647635e+00,
         5.94604069e-01, -4.60741538e-01, -2.74373718e-01,
        -4.90027926e-02, -2.33169252e-01,  1.38854366e-01],
       [-4.45003441e-01,  1.05068808e+00,  2.28737682e+00,
        -4.12173162e-01,  3.46391470e-01,  4.44301658e-01,
        -3.02729180e+00, -2.64369475e+00,  1.51952632e+00,
         3.59490701e-03,  1.10869675e+00, -1.07841308e+00,
         1.32048139e-01, -2.17958060e-01, -4.11036636e-01,
         2.13574596e-01, -8.39503591e-02, -5.03981630e-02],
       [ 1.09189993e+00, -2.47194799e-01, -4.12173162e-01,
         3.62178948e-01, -1.39252900e-01,  1.29812287e-01,
         1.02181232e+00,  9.53964899e-01,  3.70760698e-01,
        -2.29777704e-01, -3.82066781e-01,  2.48674354e-01,
        -1.54409346e-01,  8.16017587e-02,  1.82391050e-01,
        -5.38174727e-02,  1.36971471e-01, -5.09722136e-02],
       [-7.17543992e-01,  1.16591235e+00,  3.46391470e-01,
        -1.39252900e-01,  5.84573602e-01, -4.99415200e-02,
        -2.45180312e+00,  5.69125465e-01,  6.14479852e-01,
         1.93538975e-01,  2.95832154e-02, -5.35376414e-01,
         3.12749464e-01, -9.35083693e-02, -8.09791248e-02,
         3.96324502e-02, -1.99553093e-01,  4.74798069e-02],
       [ 9.93827851e-01, -1.54918689e-01,  4.44301658e-01,
         1.29812287e-01, -4.99415200e-02,  4.18650308e-01,
        -1.04996166e+00,  3.25142970e-04,  9.25554041e-01,
        -1.01949176e-02, -1.34939059e-02,  5.80143284e-02,
        -2.06857204e-01,  6.55363326e-02,  6.52406693e-02,
         6.84336727e-03,  6.70092653e-02, -1.22653022e-01],
       [ 1.29619582e+00, -3.12410076e+00, -3.02729180e+00,
         1.02181232e+00, -2.45180312e+00, -1.04996166e+00,
         2.34084466e+01, -8.40979447e-01, -3.52074947e+00,
        -1.91741218e+00, -8.70995130e-01,  1.46900196e+00,
        -9.67328272e-01,  2.03157488e-01,  4.52817852e-01,
        -3.81707464e-01,  1.53131714e+00,  4.61812065e-01],
       [ 1.80491919e+00,  5.98625533e-02, -2.64369475e+00,
         9.53964899e-01,  5.69125465e-01,  3.25142970e-04,
        -8.40979447e-01,  9.31919731e+00, -4.00344188e-01,
         1.14186961e-01, -2.08493507e+00,  8.40847658e-01,
        -4.31543790e-02,  4.30606745e-01,  9.75499323e-01,
        -3.80880938e-01,  8.60753332e-02,  4.70057070e-02],
       [ 1.39347272e+00,  2.77202874e+00,  1.51952632e+00,
         3.70760698e-01,  6.14479852e-01,  9.25554041e-01,
        -3.52074947e+00, -4.00344188e-01,  9.04011899e+00,
        -3.41731556e-01,  1.91126070e-01, -1.53414405e+00,
        -6.62205381e-02, -6.49122230e-01, -5.36872275e-02,
        -2.39879562e-01, -1.24732026e-01, -9.04993826e-02],
       [-7.73847825e-01, -5.72175596e-02,  3.59490701e-03,
        -2.29777704e-01,  1.93538975e-01, -1.01949176e-02,
        -1.91741218e+00,  1.14186961e-01, -3.41731556e-01,
         9.33300034e-01,  1.40765990e-01,  1.49340338e-03,
         5.49265109e-02, -3.57468367e-02, -5.62464253e-02,
         4.71787266e-02, -2.99894712e-01, -9.74858525e-02],
       [-8.32761681e-01,  1.87672583e-01,  1.10869675e+00,
        -3.82066781e-01,  2.95832154e-02, -1.34939059e-02,
        -8.70995130e-01, -2.08493507e+00,  1.91126070e-01,
         1.40765990e-01,  1.25675248e+00, -5.38835392e-01,
         1.17288490e-01, -2.68871994e-01, -4.21642956e-01,
         1.69828010e-01, -1.21058399e-01, -7.89356624e-02],
       [ 1.16272928e+00, -1.81647635e+00, -1.07841308e+00,
         2.48674354e-01, -5.35376414e-01,  5.80143284e-02,
         1.46900196e+00,  8.40847658e-01, -1.53414405e+00,
         1.49340338e-03, -5.38835392e-01,  1.50074556e+00,
        -3.21363963e-01,  4.09996838e-01,  2.20192246e-01,
         2.37797911e-02,  1.77900657e-01, -7.81382809e-02],
       [-9.36331011e-01,  5.94604069e-01,  1.32048139e-01,
        -1.54409346e-01,  3.12749464e-01, -2.06857204e-01,
        -9.67328272e-01, -4.31543790e-02, -6.62205381e-02,
         5.49265109e-02,  1.17288490e-01, -3.21363963e-01,
         3.44231037e-01, -9.39336195e-02, -9.00144230e-02,
         7.65616865e-02, -1.87173004e-01,  1.29504185e-01],
       [ 4.34194049e-01, -4.60741538e-01, -2.17958060e-01,
         8.16017587e-02, -9.35083693e-02,  6.55363326e-02,
         2.03157488e-01,  4.30606745e-01, -6.49122230e-01,
        -3.57468367e-02, -2.68871994e-01,  4.09996838e-01,
        -9.39336195e-02,  1.98555782e-01,  9.94600933e-02,
         1.72811782e-02,  9.78870270e-02, -1.08197391e-02],
       [ 4.76048549e-01, -2.74373718e-01, -4.11036636e-01,
         1.82391050e-01, -8.09791248e-02,  6.52406693e-02,
         4.52817852e-01,  9.75499323e-01, -5.36872275e-02,
        -5.62464253e-02, -4.21642956e-01,  2.20192246e-01,
        -9.00144230e-02,  9.94600933e-02,  2.15226867e-01,
        -7.63600302e-02,  5.33896425e-02,  3.43494961e-02],
       [-9.17652980e-02, -4.90027926e-02,  2.13574596e-01,
        -5.38174727e-02,  3.96324502e-02,  6.84336727e-03,
        -3.81707464e-01, -3.80880938e-01, -2.39879562e-01,
         4.71787266e-02,  1.69828010e-01,  2.37797911e-02,
         7.65616865e-02,  1.72811782e-02, -7.63600302e-02,
         1.10784254e-01, -4.08471716e-02, -8.19753364e-03],
       [ 6.13261352e-01, -2.33169252e-01, -8.39503591e-02,
         1.36971471e-01, -1.99553093e-01,  6.70092653e-02,
         1.53131714e+00,  8.60753332e-02, -1.24732026e-01,
        -2.99894712e-01, -1.21058399e-01,  1.77900657e-01,
        -1.87173004e-01,  9.78870270e-02,  5.33896425e-02,
        -4.08471716e-02,  2.52686756e-01, -2.07239031e-02],
       [-4.70989211e-01,  1.38854366e-01, -5.03981630e-02,
        -5.09722136e-02,  4.74798069e-02, -1.22653022e-01,
         4.61812065e-01,  4.70057070e-02, -9.04993826e-02,
        -9.74858525e-02, -7.89356624e-02, -7.81382809e-02,
         1.29504185e-01, -1.08197391e-02,  3.43494961e-02,
        -8.19753364e-03, -2.07239031e-02,  1.56936573e-01]])
      jac: array([ 3.24551497e-05, -1.25569925e-05, -2.93487457e-05, -4.42038998e-05,
        2.95656092e-05,  7.25601061e-05,  3.62413803e-06, -2.23894977e-06,
       -3.24629212e-06,  1.58969134e-05,  1.79671093e-06, -2.25008900e-05,
        5.45104702e-05,  9.98201521e-06, -1.08048755e-04, -6.87968201e-05,
        3.75070345e-06,  7.82126216e-05])
  message: 'Desired error not necessarily achieved due to precision loss.'
     nfev: 2081
      nit: 60
     njev: 109
   status: 2
  success: False
        x: array([ 0.47545693, -0.6835651 ,  0.62601982,  0.97368438, -0.82022903,
        0.08522011,  0.38781015, -1.69292709, -0.51173305,  0.01239674,
        0.64885365,  1.09557082,  0.05806307,  0.07877562, -0.38958905,
       -0.97119002, -0.67514101, -0.0117369 ])
