Program Begingeth
      fun: 0.2790399264803288
 hess_inv: array([[ 5.13511126e+00,  3.41882515e-01,  1.28553996e+00,
         2.57329494e+00,  1.55611829e-01, -1.22213827e-01,
         6.37031239e+00,  8.78105768e-01, -4.80705377e+00,
         8.69871440e-01,  6.75745360e-01, -4.34191584e-01,
        -1.57472258e-01, -2.85875195e-01, -1.65479236e-01,
         6.07573746e-02, -1.19492143e-01,  9.52113388e-02],
       [ 3.41882515e-01,  1.54794469e+00, -5.69771294e-02,
         2.09002137e-01,  7.61392214e-01, -1.31498266e-01,
         7.59494429e-01,  7.16635762e-01,  8.99364224e-01,
         5.77492494e-01,  3.70002618e-01, -3.86637609e-02,
        -1.68324736e-01,  1.05553109e-02, -1.39240078e-01,
        -7.97134457e-02,  4.75236588e-02,  3.30032679e-02],
       [ 1.28553996e+00, -5.69771294e-02,  1.79068665e+00,
         7.35432702e-01, -6.39782948e-02,  6.75098108e-01,
         2.30664114e+00, -1.56037878e+00, -1.55554498e+00,
         2.60857092e-01, -6.52512879e-02,  1.81743362e-01,
        -2.35998860e-02,  1.17863564e-01,  5.70218968e-02,
        -1.46693241e-02,  5.22173732e-02,  9.67365433e-02],
       [ 2.57329494e+00,  2.09002137e-01,  7.35432702e-01,
         1.31132102e+00,  9.91844538e-02, -2.20764921e-02,
         3.43594281e+00,  3.48466672e-01, -2.33333592e+00,
         4.30916220e-01,  3.77841284e-01, -1.90124487e-01,
        -7.70807221e-02, -1.35243313e-01, -9.39619289e-02,
         2.60211418e-02, -5.27312429e-02,  4.65793081e-02],
       [ 1.55611829e-01,  7.61392214e-01, -6.39782948e-02,
         9.91844538e-02,  4.13523239e-01, -9.85157634e-02,
         8.04907330e-01,  7.80461046e-01,  5.18276170e-01,
         2.81101584e-01,  2.43783910e-01, -5.99902126e-02,
        -1.23933020e-01, -1.26951410e-02, -7.80003921e-02,
        -5.82387953e-02,  5.13137352e-03,  2.36662405e-02],
       [-1.22213827e-01, -1.31498266e-01,  6.75098108e-01,
        -2.20764921e-02, -9.85157634e-02,  3.75395732e-01,
        -1.98934624e-01, -1.10650282e+00,  1.13202417e-02,
        -8.61574941e-02, -1.91721487e-01,  1.63764027e-01,
         6.44618431e-02,  1.18114772e-01,  6.70079600e-02,
         2.20015564e-03,  6.11424349e-02,  2.01547715e-02],
       [ 6.37031239e+00,  7.59494429e-01,  2.30664114e+00,
         3.43594281e+00,  8.04907330e-01, -1.98934624e-01,
         1.76639548e+01,  4.89869761e+00, -5.50121238e+00,
         1.29740632e+00,  1.98672698e+00, -7.24891885e-01,
        -9.02616255e-01, -6.53462070e-01, -4.06586191e-01,
        -2.57238527e-01, -5.14085450e-01,  3.02052082e-01],
       [ 8.78105768e-01,  7.16635762e-01, -1.56037878e+00,
         3.48466672e-01,  7.80461046e-01, -1.10650282e+00,
         4.89869761e+00,  8.12067023e+00,  7.02741618e-01,
         5.62070345e-01,  1.00859248e+00, -1.34143991e+00,
        -5.38216031e-01, -5.13306020e-01, -1.42779565e-01,
        -8.07725100e-02, -3.03923283e-01,  8.02335804e-02],
       [-4.80705377e+00,  8.99364224e-01, -1.55554498e+00,
        -2.33333592e+00,  5.18276170e-01,  1.13202417e-02,
        -5.50121238e+00,  7.02741618e-01,  8.44632508e+00,
        -8.39733101e-01,  4.63877888e-01, -2.32764119e-02,
         1.52910899e-01,  1.42728243e-01, -5.33757244e-02,
        -1.14213809e-01,  2.07010952e-01, -1.92339215e-01],
       [ 8.69871440e-01,  5.77492494e-01,  2.60857092e-01,
         4.30916220e-01,  2.81101584e-01, -8.61574941e-02,
         1.29740632e+00,  5.62070345e-01, -8.39733101e-01,
         1.31499437e+00,  9.64013439e-02, -4.86941098e-02,
        -3.37151296e-01, -1.47310895e-02,  5.91760565e-02,
        -3.94763630e-02,  7.81641727e-03,  2.57348376e-01],
       [ 6.75745360e-01,  3.70002618e-01, -6.52512879e-02,
         3.77841284e-01,  2.43783910e-01, -1.91721487e-01,
         1.98672698e+00,  1.00859248e+00,  4.63877888e-01,
         9.64013439e-02,  9.23373242e-01, -2.26901598e-01,
        -9.55595487e-02, -2.15807320e-01, -1.92942471e-01,
        -4.87978092e-02, -4.92479646e-02, -7.14640801e-02],
       [-4.34191584e-01, -3.86637609e-02,  1.81743362e-01,
        -1.90124487e-01, -5.99902126e-02,  1.63764027e-01,
        -7.24891885e-01, -1.34143991e+00, -2.32764119e-02,
        -4.86941098e-02, -2.26901598e-01,  5.28144763e-01,
         1.65530531e-02,  1.41036968e-01, -1.34845030e-02,
        -5.05889456e-02,  6.28610020e-02,  1.82855035e-02],
       [-1.57472258e-01, -1.68324736e-01, -2.35998860e-02,
        -7.70807221e-02, -1.23933020e-01,  6.44618431e-02,
        -9.02616255e-01, -5.38216031e-01,  1.52910899e-01,
        -3.37151296e-01, -9.55595487e-02,  1.65530531e-02,
         1.67821089e-01,  3.11339951e-02,  2.33249445e-03,
         6.16955023e-02,  3.65545600e-02, -8.04422884e-02],
       [-2.85875195e-01,  1.05553109e-02,  1.17863564e-01,
        -1.35243313e-01, -1.26951410e-02,  1.18114772e-01,
        -6.53462070e-01, -5.13306020e-01,  1.42728243e-01,
        -1.47310895e-02, -2.15807320e-01,  1.41036968e-01,
         3.11339951e-02,  1.10465457e-01,  3.97098739e-02,
        -1.44898885e-03,  6.33307919e-02,  1.84863248e-02],
       [-1.65479236e-01, -1.39240078e-01,  5.70218968e-02,
        -9.39619289e-02, -7.80003921e-02,  6.70079600e-02,
        -4.06586191e-01, -1.42779565e-01, -5.33757244e-02,
         5.91760565e-02, -1.92942471e-01, -1.34845030e-02,
         2.33249445e-03,  3.97098739e-02,  8.92364853e-02,
         1.75953734e-02,  9.71063825e-03,  5.49369948e-02],
       [ 6.07573746e-02, -7.97134457e-02, -1.46693241e-02,
         2.60211418e-02, -5.82387953e-02,  2.20015564e-03,
        -2.57238527e-01, -8.07725100e-02, -1.14213809e-01,
        -3.94763630e-02, -4.87978092e-02, -5.05889456e-02,
         6.16955023e-02, -1.44898885e-03,  1.75953734e-02,
         5.19368994e-02,  8.46218630e-03, -1.43893700e-02],
       [-1.19492143e-01,  4.75236588e-02,  5.22173732e-02,
        -5.27312429e-02,  5.13137352e-03,  6.11424349e-02,
        -5.14085450e-01, -3.03923283e-01,  2.07010952e-01,
         7.81641727e-03, -4.92479646e-02,  6.28610020e-02,
         3.65545600e-02,  6.33307919e-02,  9.71063825e-03,
         8.46218630e-03,  6.59083874e-02, -1.73042580e-03],
       [ 9.52113388e-02,  3.30032679e-02,  9.67365433e-02,
         4.65793081e-02,  2.36662405e-02,  2.01547715e-02,
         3.02052082e-01,  8.02335804e-02, -1.92339215e-01,
         2.57348376e-01, -7.14640801e-02,  1.82855035e-02,
        -8.04422884e-02,  1.84863248e-02,  5.49369948e-02,
        -1.43893700e-02, -1.73042580e-03,  9.31292075e-02]])
      jac: array([ 5.17478653e-05,  5.61687733e-05, -1.51730480e-08, -9.10697444e-05,
       -9.77914046e-05,  1.09900977e-05,  5.61032702e-06,  7.43183293e-06,
        3.40542409e-06,  1.03805853e-06, -1.11795758e-05,  2.80734695e-05,
        8.45582863e-06,  7.14280487e-06,  8.79470570e-05,  3.59397697e-05,
       -3.01603187e-05, -8.49879426e-05])
  message: 'Desired error not necessarily achieved due to precision loss.'
     nfev: 2045
      nit: 64
     njev: 107
   status: 2
  success: False
        x: array([-1.83078492, -1.15497212,  0.60892453, -1.62724102, -1.20647215,
        0.33504379, -0.62055619, -1.53578387,  1.04567494,  0.04301095,
        0.47161811,  1.14999426,  0.12798076,  0.2420467 , -0.23161839,
        1.44937908, -0.04810398,  0.01858878])
