Program Begingeth
      fun: 0.3083715112479337
 hess_inv: array([[ 6.83006303e+00,  3.48458838e-01,  8.94151298e-02,
         3.15083223e-01, -1.14160771e+00,  2.42674547e-01,
         1.07947230e+00, -7.35774500e-01,  1.71923963e+00,
        -1.21082261e+00, -3.93983413e-01, -3.46790855e-01,
        -1.55459859e+00, -5.00986194e-01,  2.15499814e-01,
         1.09391931e+00,  8.78767845e-01,  7.41315701e-02],
       [ 3.48458838e-01,  2.14203222e+00,  2.23657057e-01,
         2.70898396e-01,  2.81528530e-01,  2.44405854e-01,
         3.12663727e-01,  1.18654234e+00,  1.23152589e+00,
         6.10325910e-02, -1.18477320e-01, -7.44791756e-01,
         3.41975695e-02, -2.93317640e-01,  3.01871953e-01,
        -7.89220601e-02,  5.17682042e-01,  1.01832684e-01],
       [ 8.94151298e-02,  2.23657057e-01,  2.26745020e+00,
        -1.38373465e-01, -2.71113419e-01,  3.84013757e-01,
        -1.49614437e+00, -1.53001017e+00,  1.07341540e+00,
         1.30124563e-01,  7.78308657e-01, -3.53509867e-01,
        -1.13954547e-01, -4.00697999e-01, -2.32015560e-01,
        -2.27600710e-02,  4.30082756e-02,  4.55573512e-01],
       [ 3.15083223e-01,  2.70898396e-01, -1.38373465e-01,
         1.83035778e-01,  9.90586722e-03, -4.10271189e-02,
         7.73180387e-01,  1.49665668e-01,  2.38760637e-01,
        -1.13041836e-01, -1.10526508e-02, -1.49724099e-01,
         6.17714458e-02, -7.12052371e-02,  2.91145932e-02,
         5.79777488e-02,  5.19283532e-02, -6.20496976e-03],
       [-1.14160771e+00,  2.81528530e-01, -2.71113419e-01,
         9.90586722e-03,  3.57788005e-01, -2.02384781e-02,
         3.86488974e-02,  9.18034060e-01, -2.06895023e-01,
         2.93072970e-01, -5.94335743e-02,  3.60688703e-02,
         2.89417666e-01,  1.31823887e-01,  6.07724687e-02,
        -1.77995064e-01, -7.65037026e-02, -5.31488298e-02],
       [ 2.42674547e-01,  2.44405854e-01,  3.84013757e-01,
        -4.10271189e-02, -2.02384781e-02,  2.23153032e-01,
        -5.14550207e-01,  1.50937841e-01,  6.01987274e-01,
         1.90047212e-01, -6.75443155e-02, -8.83718780e-02,
        -1.44773244e-01, -5.87835508e-02,  9.77013711e-02,
         3.36905235e-03,  8.05147539e-02,  8.25663008e-02],
       [ 1.07947230e+00,  3.12663727e-01, -1.49614437e+00,
         7.73180387e-01,  3.86488974e-02, -5.14550207e-01,
         5.04424222e+00,  7.25263579e-01,  1.92560596e-02,
        -4.76248060e-01, -5.86410838e-02, -2.03610014e-01,
         2.33136646e-01, -8.33766361e-02, -2.77268168e-02,
         2.20583446e-01,  5.47656699e-02, -2.55081325e-01],
       [-7.35774500e-01,  1.18654234e+00, -1.53001017e+00,
         1.49665668e-01,  9.18034060e-01,  1.50937841e-01,
         7.25263579e-01,  5.46434393e+00,  1.83737909e-01,
         8.37133767e-01, -5.36349618e-01, -2.26680111e-02,
         9.79050765e-02,  2.51780341e-01,  5.56178206e-01,
        -1.68693684e-01,  1.20432127e-01, -3.10331226e-01],
       [ 1.71923963e+00,  1.23152589e+00,  1.07341540e+00,
         2.38760637e-01, -2.06895023e-01,  6.01987274e-01,
         1.92560596e-02,  1.83737909e-01,  3.58349914e+00,
         1.39716978e-01,  1.17384840e-01, -4.50406546e-01,
        -3.72620015e-01, -4.86356986e-01,  1.52017992e-01,
         1.81036063e-01,  3.70001093e-01,  2.07114972e-01],
       [-1.21082261e+00,  6.10325910e-02,  1.30124563e-01,
        -1.13041836e-01,  2.93072970e-01,  1.90047212e-01,
        -4.76248060e-01,  8.37133767e-01,  1.39716978e-01,
         9.95290386e-01,  7.30069282e-02,  5.14166481e-02,
         5.46819800e-02,  7.87124265e-02,  5.73428562e-02,
        -2.14367382e-01, -1.54489634e-01, -7.61116198e-02],
       [-3.93983413e-01, -1.18477320e-01,  7.78308657e-01,
        -1.10526508e-02, -5.94335743e-02, -6.75443155e-02,
        -5.86410838e-02, -5.36349618e-01,  1.17384840e-01,
         7.30069282e-02,  1.00574934e+00, -1.29529144e-01,
         1.15675452e-01, -2.76674224e-01, -3.31215072e-01,
        -4.04881639e-02, -1.11149656e-01,  5.02131630e-02],
       [-3.46790855e-01, -7.44791756e-01, -3.53509867e-01,
        -1.49724099e-01,  3.60688703e-02, -8.83718780e-02,
        -2.03610014e-01, -2.26680111e-02, -4.50406546e-01,
         5.14166481e-02, -1.29529144e-01,  6.22419280e-01,
         1.42981292e-02,  2.59129050e-01, -1.06047998e-01,
         2.31178237e-02, -1.59114542e-01, -8.41867284e-02],
       [-1.55459859e+00,  3.41975695e-02, -1.13954547e-01,
         6.17714458e-02,  2.89417666e-01, -1.44773244e-01,
         2.33136646e-01,  9.79050765e-02, -3.72620015e-01,
         5.46819800e-02,  1.15675452e-01,  1.42981292e-02,
         5.27115171e-01,  8.88856051e-02, -7.35540062e-02,
        -2.11572402e-01, -2.10309196e-01, -5.38513222e-04],
       [-5.00986194e-01, -2.93317640e-01, -4.00697999e-01,
        -7.12052371e-02,  1.31823887e-01, -5.87835508e-02,
        -8.33766361e-02,  2.51780341e-01, -4.86356986e-01,
         7.87124265e-02, -2.76674224e-01,  2.59129050e-01,
         8.88856051e-02,  2.33393900e-01,  3.94438779e-02,
        -4.92855797e-02, -8.81944291e-02, -6.19878337e-02],
       [ 2.15499814e-01,  3.01871953e-01, -2.32015560e-01,
         2.91145932e-02,  6.07724687e-02,  9.77013711e-02,
        -2.77268168e-02,  5.56178206e-01,  1.52017992e-01,
         5.73428562e-02, -3.31215072e-01, -1.06047998e-01,
        -7.35540062e-02,  3.94438779e-02,  2.03166619e-01,
        -1.40266555e-03,  9.41283342e-02, -4.38920681e-03],
       [ 1.09391931e+00, -7.89220601e-02, -2.27600710e-02,
         5.79777488e-02, -1.77995064e-01,  3.36905235e-03,
         2.20583446e-01, -1.68693684e-01,  1.81036063e-01,
        -2.14367382e-01, -4.04881639e-02,  2.31178237e-02,
        -2.11572402e-01, -4.92855797e-02, -1.40266555e-03,
         2.19115023e-01,  1.02174005e-01,  4.23942827e-03],
       [ 8.78767845e-01,  5.17682042e-01,  4.30082756e-02,
         5.19283532e-02, -7.65037026e-02,  8.05147539e-02,
         5.47656699e-02,  1.20432127e-01,  3.70001093e-01,
        -1.54489634e-01, -1.11149656e-01, -1.59114542e-01,
        -2.10309196e-01, -8.81944291e-02,  9.41283342e-02,
         1.02174005e-01,  2.60925487e-01,  3.15498478e-02],
       [ 7.41315701e-02,  1.01832684e-01,  4.55573512e-01,
        -6.20496976e-03, -5.31488298e-02,  8.25663008e-02,
        -2.55081325e-01, -3.10331226e-01,  2.07114972e-01,
        -7.61116198e-02,  5.02131630e-02, -8.41867284e-02,
        -5.38513222e-04, -6.19878337e-02, -4.38920681e-03,
         4.23942827e-03,  3.15498478e-02,  1.39556156e-01]])
      jac: array([ 3.80695475e-06,  4.88350101e-06, -4.41942779e-06, -9.85915053e-06,
       -8.84255632e-06,  1.26435899e-05,  7.74565597e-07,  7.89738645e-07,
       -9.26666151e-07,  8.41178978e-07,  1.19126931e-06, -3.54235160e-06,
        7.94438589e-06,  1.07499195e-05, -1.44295687e-05, -6.32901139e-06,
       -9.81733213e-06,  7.09284483e-06])
  message: 'Desired error not necessarily achieved due to precision loss.'
     nfev: 1815
      nit: 65
     njev: 95
   status: 2
  success: False
        x: array([-0.19912374, -0.84052311, -0.04637429,  1.19546905, -0.59035765,
       -0.15930933,  1.89001199, -0.78018122, -1.16223346,  0.05722071,
        0.45052215,  1.16723582,  0.23127273,  0.12840574, -0.30921294,
       -1.19506098, -0.96809372,  0.01042869])
