Program Begingeth
      fun: 0.27417059673834515
 hess_inv: array([[ 5.47763528e+00,  1.76716710e+00,  8.13390076e-01,
         1.33808849e+00,  6.97458256e-01, -1.01821261e+00,
         2.02654636e+00, -3.06271211e+00, -1.77908095e+00,
        -9.71715409e-01,  1.18004630e+00, -1.37964584e+00,
        -9.92266024e-01, -5.42029970e-01, -6.37857478e-01,
        -1.55352896e-01, -6.26533623e-01,  3.88651224e-01],
       [ 1.76716710e+00,  3.49121634e+00,  1.92959120e+00,
         5.08418801e-01,  1.15975989e+00,  1.38855231e-01,
         5.07274808e+00, -9.32221768e-01,  4.13381670e+00,
        -1.17795021e-01,  6.58802287e-01, -2.13857867e+00,
        -5.68657575e-01, -5.81683703e-01, -4.47294464e-01,
        -2.26855842e-02, -2.75487776e-01,  2.73906225e-02],
       [ 8.13390076e-01,  1.92959120e+00,  3.23000753e+00,
         6.84496211e-01,  6.06092983e-01,  7.14729793e-01,
         6.57708961e+00, -3.66956016e+00,  4.21389102e+00,
        -2.40579166e-01,  1.68134687e+00, -1.72872497e+00,
        -2.26657993e-01, -4.67028766e-01, -6.65055702e-01,
        -2.40276021e-01, -2.02580325e-01, -1.86052316e-01],
       [ 1.33808849e+00,  5.08418801e-01,  6.84496211e-01,
         4.75658514e-01,  2.09720206e-01, -1.01021152e-01,
         1.92461369e+00, -1.42956343e+00,  5.37314064e-03,
        -3.12961087e-01,  5.71023105e-01, -4.33706671e-01,
        -2.07008406e-01, -1.49536587e-01, -2.72524793e-01,
        -7.98315970e-02, -1.63812464e-01,  1.94591592e-02],
       [ 6.97458256e-01,  1.15975989e+00,  6.06092983e-01,
         2.09720206e-01,  5.27292656e-01,  5.31278449e-02,
         2.69329540e+00,  3.74165385e-01,  1.03803317e+00,
        -1.84175175e-01,  1.59727391e-01, -6.11778263e-01,
        -2.62285286e-01, -1.27494168e-01, -1.18732977e-01,
        -5.06675570e-02, -1.48059138e-01,  1.90277861e-02],
       [-1.01821261e+00,  1.38855231e-01,  7.14729793e-01,
        -1.01021152e-01,  5.31278449e-02,  5.14898671e-01,
         1.94059942e+00, -1.18690254e-02,  1.89949194e+00,
         1.70066387e-02,  9.56249011e-02, -1.33600949e-01,
         1.79793233e-01,  6.51821305e-03,  1.74150372e-02,
        -1.00420957e-02,  4.52209442e-02, -1.34476727e-01],
       [ 2.02654636e+00,  5.07274808e+00,  6.57708961e+00,
         1.92461369e+00,  2.69329540e+00,  1.94059942e+00,
         2.95554515e+01, -2.60880321e+00,  9.82026495e+00,
        -1.86287474e+00,  2.71608265e+00, -3.18091107e+00,
        -9.98961420e-01, -7.77578800e-01, -1.22540871e+00,
        -6.35087531e-01, -1.28244001e+00, -6.63550428e-01],
       [-3.06271211e+00, -9.32221768e-01, -3.66956016e+00,
        -1.42956343e+00,  3.74165385e-01, -1.18690254e-02,
        -2.60880321e+00,  1.29438117e+01, -2.54668995e+00,
         2.32026621e-01, -2.98878613e+00,  1.58259409e+00,
         2.93209690e-01,  7.56732876e-01,  1.45445904e+00,
         4.37612531e-01,  3.09081324e-01,  1.73457500e-01],
       [-1.77908095e+00,  4.13381670e+00,  4.21389102e+00,
         5.37314064e-03,  1.03803317e+00,  1.89949194e+00,
         9.82026495e+00, -2.54668995e+00,  1.41886239e+01,
         1.60985842e-01,  1.21465760e+00, -2.76815167e+00,
         9.40429053e-02, -9.52950358e-01, -4.98827427e-01,
         7.90963257e-02, -2.29717474e-01, -4.00182683e-01],
       [-9.71715409e-01, -1.17795021e-01, -2.40579166e-01,
        -3.12961087e-01, -1.84175175e-01,  1.70066387e-02,
        -1.86287474e+00,  2.32026621e-01,  1.60985842e-01,
         8.54428908e-01, -3.02403948e-01,  1.25035655e-01,
         7.97839429e-02,  9.72068287e-02,  1.21593710e-01,
         6.27832585e-02,  2.52339149e-01,  6.17326007e-02],
       [ 1.18004630e+00,  6.58802287e-01,  1.68134687e+00,
         5.71023105e-01,  1.59727391e-01,  9.56249011e-02,
         2.71608265e+00, -2.98878613e+00,  1.21465760e+00,
        -3.02403948e-01,  1.62799086e+00, -9.17344970e-01,
        -1.81868249e-01, -3.96052535e-01, -5.85236456e-01,
        -1.96279628e-01, -1.77028493e-01, -1.50095026e-01],
       [-1.37964584e+00, -2.13857867e+00, -1.72872497e+00,
        -4.33706671e-01, -6.11778263e-01, -1.33600949e-01,
        -3.18091107e+00,  1.58259409e+00, -2.76815167e+00,
         1.25035655e-01, -9.17344970e-01,  1.86387931e+00,
         3.42859668e-01,  5.40322511e-01,  3.69133553e-01,
         1.32218596e-02,  2.32240963e-01,  1.47693235e-02],
       [-9.92266024e-01, -5.68657575e-01, -2.26657993e-01,
        -2.07008406e-01, -2.62285286e-01,  1.79793233e-01,
        -9.98961420e-01,  2.93209690e-01,  9.40429053e-02,
         7.97839429e-02, -1.81868249e-01,  3.42859668e-01,
         3.17132027e-01,  1.11236005e-01,  1.14411529e-01,
         8.26568921e-02,  1.60640485e-01, -1.04211324e-01],
       [-5.42029970e-01, -5.81683703e-01, -4.67028766e-01,
        -1.49536587e-01, -1.27494168e-01,  6.51821305e-03,
        -7.77578800e-01,  7.56732876e-01, -9.52950358e-01,
         9.72068287e-02, -3.96052535e-01,  5.40322511e-01,
         1.11236005e-01,  2.39560993e-01,  1.56371801e-01,
         3.50399200e-03,  1.23919990e-01,  1.72231609e-02],
       [-6.37857478e-01, -4.47294464e-01, -6.65055702e-01,
        -2.72524793e-01, -1.18732977e-01,  1.74150372e-02,
        -1.22540871e+00,  1.45445904e+00, -4.98827427e-01,
         1.21593710e-01, -5.85236456e-01,  3.69133553e-01,
         1.14411529e-01,  1.56371801e-01,  2.89644485e-01,
         8.86155825e-02,  8.04709562e-02,  6.31772798e-02],
       [-1.55352896e-01, -2.26855842e-02, -2.40276021e-01,
        -7.98315970e-02, -5.06675570e-02, -1.00420957e-02,
        -6.35087531e-01,  4.37612531e-01,  7.90963257e-02,
         6.27832585e-02, -1.96279628e-01,  1.32218596e-02,
         8.26568921e-02,  3.50399200e-03,  8.86155825e-02,
         9.79194417e-02,  4.23297809e-02,  1.02136952e-02],
       [-6.26533623e-01, -2.75487776e-01, -2.02580325e-01,
        -1.63812464e-01, -1.48059138e-01,  4.52209442e-02,
        -1.28244001e+00,  3.09081324e-01, -2.29717474e-01,
         2.52339149e-01, -1.77028493e-01,  2.32240963e-01,
         1.60640485e-01,  1.23919990e-01,  8.04709562e-02,
         4.23297809e-02,  1.95181268e-01, -1.62192469e-02],
       [ 3.88651224e-01,  2.73906225e-02, -1.86052316e-01,
         1.94591592e-02,  1.90277861e-02, -1.34476727e-01,
        -6.63550428e-01,  1.73457500e-01, -4.00182683e-01,
         6.17326007e-02, -1.50095026e-01,  1.47693235e-02,
        -1.04211324e-01,  1.72231609e-02,  6.31772798e-02,
         1.02136952e-02, -1.62192469e-02,  1.35143290e-01]])
      jac: array([ 6.48000172e-07, -2.34257058e-07,  1.95769327e-07, -1.49287989e-06,
        6.61692923e-07,  1.18164737e-06,  2.36847579e-08, -3.44169138e-08,
       -1.42848696e-07,  2.37217653e-07, -2.98649994e-07, -8.14163552e-09,
        1.16018306e-06, -8.51170986e-08, -8.48580465e-07,  3.04571183e-07,
       -1.29526020e-08,  1.79115981e-07])
  message: 'Optimization terminated successfully.'
     nfev: 1330
      nit: 63
     njev: 70
   status: 0
  success: True
        x: array([-0.39584646, -0.62863246,  0.62180529, -0.91534736, -0.78954789,
        0.08725699, -0.44120724, -1.51865335, -0.53511252,  0.11800951,
        0.66677738,  1.06284917,  0.06166025,  0.13409221, -0.36988415,
        1.16212392, -0.51141993, -0.00152551])
