Program Begingeth
      fun: 0.22568327321430937
 hess_inv: array([[ 3.71291534e+00, -1.43193815e+00, -7.17051438e-01,
         9.89617881e-01, -4.58109267e-01,  8.95188444e-01,
         1.50928798e+00,  2.53776136e+00,  7.83435729e-01,
        -7.08613642e-01, -8.14147353e-01,  1.28379252e+00,
        -5.93105376e-01,  4.36885561e-01,  5.20600197e-01,
        -1.21238030e-01,  4.02878603e-01, -4.58764879e-01],
       [-1.43193815e+00,  2.46981451e+00,  7.98872249e-01,
        -2.82080136e-01,  7.88657890e-01, -3.43601417e-01,
        -1.41913010e+00,  2.19497644e-01,  1.66270103e+00,
         7.93927322e-02,  1.82540215e-01, -1.59626744e+00,
         3.70990516e-01, -3.82895786e-01, -3.35064400e-01,
        -3.11015199e-02, -1.16567241e-01,  1.34186750e-01],
       [-7.17051438e-01,  7.98872249e-01,  1.84059554e+00,
        -4.93571605e-01,  2.80231324e-01,  2.84911222e-01,
        -3.29342319e+00, -2.32823833e+00,  1.88441214e+00,
         1.83955578e-01,  1.00350876e+00, -1.15610238e+00,
         1.51375554e-01, -2.37927714e-01, -4.05658609e-01,
         2.26049026e-01, -1.70440284e-01, -7.27909728e-02],
       [ 9.89617881e-01, -2.82080136e-01, -4.93571605e-01,
         4.09904405e-01, -1.18002374e-01,  1.27167589e-01,
         1.49850783e+00,  1.23146087e+00,  1.25146458e-01,
        -2.71111243e-01, -4.37716647e-01,  3.57530575e-01,
        -1.06662580e-01,  9.73971668e-02,  2.26320419e-01,
        -8.31462272e-02,  1.17059480e-01, -2.43716364e-02],
       [-4.58109267e-01,  7.88657890e-01,  2.80231324e-01,
        -1.18002374e-01,  4.35081655e-01, -4.45787903e-02,
        -1.77296991e+00,  7.58960725e-01,  2.05055021e-01,
         1.84648573e-01, -4.04618143e-04, -3.97297565e-01,
         1.90962192e-01, -4.63719925e-02, -7.61127345e-02,
         5.50885471e-02, -1.37139512e-01,  1.50855053e-02],
       [ 8.95188444e-01, -3.43601417e-01,  2.84911222e-01,
         1.27167589e-01, -4.45787903e-02,  4.55858452e-01,
        -1.11638721e+00,  3.80206092e-01,  8.80017481e-01,
         3.71090806e-03, -6.26981581e-02,  1.71951800e-01,
        -1.76899461e-01,  9.48985005e-02,  1.11573118e-01,
        -7.74249746e-03,  1.13478498e-02, -1.72078561e-01],
       [ 1.50928798e+00, -1.41913010e+00, -3.29342319e+00,
         1.49850783e+00, -1.77296991e+00, -1.11638721e+00,
         2.21654851e+01,  8.36604217e-01, -2.38176255e+00,
        -1.96508420e+00, -1.51660302e+00,  1.36076398e+00,
        -6.59857317e-01,  2.60987008e-01,  7.43073657e-01,
        -6.40478084e-01,  1.61045835e+00,  8.63612673e-01],
       [ 2.53776136e+00,  2.19497644e-01, -2.32823833e+00,
         1.23146087e+00,  7.58960725e-01,  3.80206092e-01,
         8.36604217e-01,  1.15998780e+01, -1.48612197e+00,
        -2.64407942e-01, -2.40132662e+00,  1.22303003e+00,
        -2.19201714e-01,  6.21638689e-01,  1.18632660e+00,
        -5.39180822e-01,  3.00660884e-01,  2.26845074e-02],
       [ 7.83435729e-01,  1.66270103e+00,  1.88441214e+00,
         1.25146458e-01,  2.05055021e-01,  8.80017481e-01,
        -2.38176255e+00, -1.48612197e+00,  8.32645048e+00,
        -2.35452421e-01,  5.69836332e-01, -1.60942627e+00,
        -1.13355663e-01, -6.77252117e-01, -2.44979599e-01,
        -1.73909376e-01, -2.28181540e-01, -1.78375617e-01],
       [-7.08613642e-01,  7.93927322e-02,  1.83955578e-01,
        -2.71111243e-01,  1.84648573e-01,  3.71090806e-03,
        -1.96508420e+00, -2.64407942e-01, -2.35452421e-01,
         7.93787082e-01,  2.27179859e-01, -1.37361825e-01,
         3.13602063e-02, -7.98281348e-02, -1.22159110e-01,
         6.62633461e-02, -2.76512249e-01, -1.31346657e-01],
       [-8.14147353e-01,  1.82540215e-01,  1.00350876e+00,
        -4.37716647e-01, -4.04618143e-04, -6.26981581e-02,
        -1.51660302e+00, -2.40132662e+00,  5.69836332e-01,
         2.27179859e-01,  1.18933040e+00, -6.72930583e-01,
         1.08422191e-01, -2.75525182e-01, -4.46972194e-01,
         2.10860108e-01, -1.42595016e-01, -1.13689523e-01],
       [ 1.28379252e+00, -1.59626744e+00, -1.15610238e+00,
         3.57530575e-01, -3.97297565e-01,  1.71951800e-01,
         1.36076398e+00,  1.22303003e+00, -1.60942627e+00,
        -1.37361825e-01, -6.72930583e-01,  1.67540088e+00,
        -2.37853360e-01,  4.55208496e-01,  3.49783959e-01,
         3.67416912e-03,  1.72319736e-01, -5.59518075e-02],
       [-5.93105376e-01,  3.70990516e-01,  1.51375554e-01,
        -1.06662580e-01,  1.90962192e-01, -1.76899461e-01,
        -6.59857317e-01, -2.19201714e-01, -1.13355663e-01,
         3.13602063e-02,  1.08422191e-01, -2.37853360e-01,
         2.52695483e-01, -7.72632806e-02, -8.65630580e-02,
         1.05553754e-01, -1.44788187e-01,  1.27014866e-01],
       [ 4.36885561e-01, -3.82895786e-01, -2.37927714e-01,
         9.73971668e-02, -4.63719925e-02,  9.48985005e-02,
         2.60987008e-01,  6.21638689e-01, -6.77252117e-01,
        -7.98281348e-02, -2.75525182e-01,  4.55208496e-01,
        -7.72632806e-02,  2.16855141e-01,  1.31641470e-01,
         1.07232880e-02,  1.19157868e-01, -7.84509535e-03],
       [ 5.20600197e-01, -3.35064400e-01, -4.05658609e-01,
         2.26320419e-01, -7.61127345e-02,  1.11573118e-01,
         7.43073657e-01,  1.18632660e+00, -2.44979599e-01,
        -1.22159110e-01, -4.46972194e-01,  3.49783959e-01,
        -8.65630580e-02,  1.31641470e-01,  2.59024368e-01,
        -9.94488666e-02,  6.90707308e-02,  5.75078541e-02],
       [-1.21238030e-01, -3.11015199e-02,  2.26049026e-01,
        -8.31462272e-02,  5.50885471e-02, -7.74249746e-03,
        -6.40478084e-01, -5.39180822e-01, -1.73909376e-01,
         6.62633461e-02,  2.10860108e-01,  3.67416912e-03,
         1.05553754e-01,  1.07232880e-02, -9.94488666e-02,
         1.54518068e-01, -6.53276961e-02, -1.31051310e-02],
       [ 4.02878603e-01, -1.16567241e-01, -1.70440284e-01,
         1.17059480e-01, -1.37139512e-01,  1.13478498e-02,
         1.61045835e+00,  3.00660884e-01, -2.28181540e-01,
        -2.76512249e-01, -1.42595016e-01,  1.72319736e-01,
        -1.44788187e-01,  1.19157868e-01,  6.90707308e-02,
        -6.53276961e-02,  2.74711822e-01,  1.30855259e-02],
       [-4.58764879e-01,  1.34186750e-01, -7.27909728e-02,
        -2.43716364e-02,  1.50855053e-02, -1.72078561e-01,
         8.63612673e-01,  2.26845074e-02, -1.78375617e-01,
        -1.31346657e-01, -1.13689523e-01, -5.59518075e-02,
         1.27014866e-01, -7.84509535e-03,  5.75078541e-02,
        -1.31051310e-02,  1.30855259e-02,  2.43127237e-01]])
      jac: array([ 5.53716332e-05, -1.36150350e-06,  2.41244062e-05, -1.91243132e-04,
        1.84378438e-05, -6.15861066e-05,  1.39975069e-05, -2.15438778e-06,
        8.40142770e-06,  1.47021284e-05, -7.84816656e-06,  1.82970306e-05,
        1.57501419e-04, -7.62371647e-06,  1.30633097e-04, -8.25904160e-05,
       -1.16714046e-05, -1.10566926e-04])
  message: 'Desired error not necessarily achieved due to precision loss.'
     nfev: 1721
      nit: 58
     njev: 90
   status: 2
  success: False
        x: array([ 0.38584676, -0.50048113,  0.70829168,  0.79312099, -0.73508664,
        0.07596848,  0.34378697, -1.47778768, -0.60825868,  0.01420486,
        0.73239992,  1.06662221,  0.06093813,  0.14837401, -0.43033296,
       -0.79780858, -0.49030359, -0.0262715 ])
