Program Begingeth
      fun: 0.25427789150696883
 hess_inv: array([[ 3.97972108e+00, -2.66408748e-01, -6.48812458e-01,
         3.79728461e-01,  1.89483832e-02,  8.52193334e-01,
        -5.67410686e+00,  2.28794417e+00,  6.62137931e-01,
        -9.97677240e-01, -9.40142386e-01,  1.03000196e+00,
        -6.76613917e-01,  2.51197125e-01,  4.70322872e-01,
         2.71050111e-03,  9.97891301e-02, -5.11409608e-01],
       [-2.66408748e-01,  4.11536426e+00,  2.29599878e+00,
        -6.60387951e-02,  9.53817213e-01,  2.72146492e-01,
        -9.81097264e+00, -1.57627672e+00,  7.83697338e+00,
         6.29785715e-01,  3.55092046e-01, -4.03942144e+00,
         5.13417074e-01, -9.06500954e-01, -4.24668948e-01,
        -7.91331968e-02, -2.44651274e-01, -1.48100437e-01],
       [-6.48812458e-01,  2.29599878e+00,  4.37615304e+00,
        -6.19132614e-01,  4.85457642e-01,  2.69832548e-01,
        -8.64108043e+00, -7.88745706e+00,  5.39550289e+00,
         5.89962882e-01,  2.97639597e+00, -4.06094396e+00,
         3.55859631e-01, -8.54109797e-01, -1.12257386e+00,
         3.45856456e-01, -3.76074174e-01, -1.57394074e-01],
       [ 3.79728461e-01, -6.60387951e-02, -6.19132614e-01,
         1.98730180e-01, -6.33918952e-02,  1.34709825e-02,
         1.54660380e+00,  1.55552176e+00, -1.76812234e-01,
        -2.40098926e-01, -5.84083619e-01,  3.36050818e-01,
        -5.84089520e-02,  5.07601621e-02,  2.19881479e-01,
        -6.02520348e-02,  8.78090013e-02,  1.90763925e-02],
       [ 1.89483832e-02,  9.53817213e-01,  4.85457642e-01,
        -6.33918952e-02,  5.16545802e-01,  1.77274193e-01,
        -6.69490587e+00,  2.52243528e-01,  1.59289381e+00,
         5.41888086e-01,  3.90183669e-04, -7.36947577e-01,
         2.71521282e-01, -7.22723183e-02, -3.47888855e-02,
         1.01212949e-02, -2.37710968e-01, -9.01553857e-02],
       [ 8.52193334e-01,  2.72146492e-01,  2.69832548e-01,
         1.34709825e-02,  1.77274193e-01,  3.23403468e-01,
        -3.95362910e+00,  1.69623103e-01,  1.05274334e+00,
         1.05148791e-01, -7.18751168e-02, -1.65919939e-01,
        -9.23361117e-02,  3.05324530e-03,  7.22811781e-02,
         5.64048776e-03, -8.99701913e-02, -1.40448634e-01],
       [-5.67410686e+00, -9.81097264e+00, -8.64108043e+00,
         1.54660380e+00, -6.69490587e+00, -3.95362910e+00,
         1.16620425e+02,  5.45427070e+00, -2.29473530e+01,
        -6.93507809e+00, -3.36852894e+00,  8.40385325e+00,
        -2.95320041e+00,  1.00787282e+00,  1.09053162e+00,
        -6.41850936e-01,  4.47233217e+00,  2.42586880e+00],
       [ 2.28794417e+00, -1.57627672e+00, -7.88745706e+00,
         1.55552176e+00,  2.52243528e-01,  1.69623103e-01,
         5.45427070e+00,  2.37366781e+01, -6.00217261e+00,
        -5.29483767e-01, -6.73467856e+00,  5.15818420e+00,
        -3.77980329e-01,  1.22905430e+00,  2.85867952e+00,
        -1.01368310e+00,  6.45465771e-01,  2.33765696e-01],
       [ 6.62137931e-01,  7.83697338e+00,  5.39550289e+00,
        -1.76812234e-01,  1.59289381e+00,  1.05274334e+00,
        -2.29473530e+01, -6.00217261e+00,  2.31741111e+01,
         1.08963889e+00,  2.37742172e+00, -8.01968665e+00,
         8.45254229e-01, -2.42602262e+00, -1.28945871e+00,
        -3.10793425e-02, -8.96212956e-01, -4.27307060e-01],
       [-9.97677240e-01,  6.29785715e-01,  5.89962882e-01,
        -2.40098926e-01,  5.41888086e-01,  1.05148791e-01,
        -6.93507809e+00, -5.29483767e-01,  1.08963889e+00,
         1.72122709e+00,  3.67992426e-01, -6.89076841e-01,
         2.80365170e-01, -6.94195927e-02, -1.29588937e-01,
         1.37681229e-02, -4.19962409e-01, -9.69660481e-02],
       [-9.40142386e-01,  3.55092046e-01,  2.97639597e+00,
        -5.84083619e-01,  3.90183669e-04, -7.18751168e-02,
        -3.36852894e+00, -6.73467856e+00,  2.37742172e+00,
         3.67992426e-01,  3.37646584e+00, -2.15602901e+00,
         2.23386386e-01, -6.59477305e-01, -1.07929834e+00,
         3.70551137e-01, -3.22485287e-01, -1.34996332e-01],
       [ 1.03000196e+00, -4.03942144e+00, -4.06094396e+00,
         3.36050818e-01, -7.36947577e-01, -1.65919939e-01,
         8.40385325e+00,  5.15818420e+00, -8.01968665e+00,
        -6.89076841e-01, -2.15602901e+00,  5.67584218e+00,
        -5.67492069e-01,  1.30286594e+00,  8.83467857e-01,
        -8.18174189e-02,  3.36204464e-01,  1.08736607e-01],
       [-6.76613917e-01,  5.13417074e-01,  3.55859631e-01,
        -5.84089520e-02,  2.71521282e-01, -9.23361117e-02,
        -2.95320041e+00, -3.77980329e-01,  8.45254229e-01,
         2.80365170e-01,  2.23386386e-01, -5.67492069e-01,
         3.97784660e-01, -1.11837852e-01, -1.16283720e-01,
         5.08548265e-02, -2.02670763e-01,  7.48902770e-02],
       [ 2.51197125e-01, -9.06500954e-01, -8.54109797e-01,
         5.07601621e-02, -7.22723183e-02,  3.05324530e-03,
         1.00787282e+00,  1.22905430e+00, -2.42602262e+00,
        -6.94195927e-02, -6.59477305e-01,  1.30286594e+00,
        -1.11837852e-01,  4.24558445e-01,  2.53762931e-01,
        -7.29991522e-03,  8.33493830e-02,  3.04889852e-02],
       [ 4.70322872e-01, -4.24668948e-01, -1.12257386e+00,
         2.19881479e-01, -3.47888855e-02,  7.22811781e-02,
         1.09053162e+00,  2.85867952e+00, -1.28945871e+00,
        -1.29588937e-01, -1.07929834e+00,  8.83467857e-01,
        -1.16283720e-01,  2.53762931e-01,  4.60435329e-01,
        -1.31047309e-01,  9.66711966e-02,  4.65202451e-02],
       [ 2.71050111e-03, -7.91331968e-02,  3.45856456e-01,
        -6.02520348e-02,  1.01212949e-02,  5.64048776e-03,
        -6.41850936e-01, -1.01368310e+00, -3.10793425e-02,
         1.37681229e-02,  3.70551137e-01, -8.18174189e-02,
         5.08548265e-02, -7.29991522e-03, -1.31047309e-01,
         1.03430926e-01, -5.20073446e-02, -1.94549435e-02],
       [ 9.97891301e-02, -2.44651274e-01, -3.76074174e-01,
         8.78090013e-02, -2.37710968e-01, -8.99701913e-02,
         4.47233217e+00,  6.45465771e-01, -8.96212956e-01,
        -4.19962409e-01, -3.22485287e-01,  3.36204464e-01,
        -2.02670763e-01,  8.33493830e-02,  9.66711966e-02,
        -5.20073446e-02,  2.67722169e-01,  6.18020762e-02],
       [-5.11409608e-01, -1.48100437e-01, -1.57394074e-01,
         1.90763925e-02, -9.01553857e-02, -1.40448634e-01,
         2.42586880e+00,  2.33765696e-01, -4.27307060e-01,
        -9.69660481e-02, -1.34996332e-01,  1.08736607e-01,
         7.48902770e-02,  3.04889852e-02,  4.65202451e-02,
        -1.94549435e-02,  6.18020762e-02,  1.62464349e-01]])
      jac: array([-2.40918396e-07, -1.50176168e-06,  7.61983069e-07,  3.63561033e-06,
        5.11146681e-06,  4.69994414e-08,  1.32486614e-07, -6.99440506e-08,
       -4.18184006e-08,  3.70074342e-08, -6.64653518e-07,  2.84957243e-07,
       -4.69254265e-07, -2.34701147e-06, -1.93844940e-06, -3.75551442e-06,
        7.58282326e-07,  6.67984186e-07])
  message: 'Optimization terminated successfully.'
     nfev: 1330
      nit: 62
     njev: 70
   status: 0
  success: True
        x: array([ 0.23531445, -0.27976599,  0.68530338,  1.09184328, -0.43275853,
        0.04778061,  0.32033556, -1.1891035 , -0.39728226,  0.05337571,
        0.7146761 ,  0.83252705,  0.12256397,  0.15509018, -0.36824983,
       -1.13238126, -0.61217226,  0.03394096])
