Program Begingeth
      fun: 0.2982244992600803
 hess_inv: array([[ 4.34721579e+00,  2.39729952e-01,  1.01964320e+00,
         2.17751368e+00, -1.08542220e-02, -1.72191693e-01,
         3.93180964e+00, -4.25753863e-01, -4.36961394e+00,
         6.56726210e-01,  6.09709083e-01, -4.89606826e-01,
        -8.92060464e-04, -2.39090530e-01, -1.80618699e-01,
         8.22640941e-02, -2.66046236e-02,  1.94285820e-02],
       [ 2.39729952e-01,  1.70882724e+00, -1.78539922e-01,
         1.57835413e-01,  8.46850236e-01, -1.85040211e-01,
         4.16330272e-01,  9.33301132e-01,  1.21054446e+00,
         5.94639640e-01,  4.09293361e-01, -5.08033799e-02,
        -1.69122464e-01,  1.45187147e-02, -1.69711033e-01,
        -9.64712571e-02,  6.08059055e-02,  2.04654641e-02],
       [ 1.01964320e+00, -1.78539922e-01,  1.56474132e+00,
         6.11101768e-01, -1.65864456e-01,  6.18664478e-01,
         1.37438555e+00, -1.92403425e+00, -1.32639035e+00,
         2.25689975e-01, -9.77789360e-02,  1.54802529e-01,
         5.00991641e-02,  1.28914154e-01,  5.97918611e-02,
         9.01041490e-03,  9.18351194e-02,  6.26481882e-02],
       [ 2.17751368e+00,  1.57835413e-01,  6.11101768e-01,
         1.11640137e+00,  1.45060715e-02, -3.97744175e-02,
         2.17397604e+00, -3.26122403e-01, -2.11545615e+00,
         3.41172517e-01,  3.31396779e-01, -2.07469755e-01,
         5.59503210e-03, -1.03856184e-01, -9.83833458e-02,
         3.87971779e-02,  2.54982680e-04,  1.13736388e-02],
       [-1.08542220e-02,  8.46850236e-01, -1.65864456e-01,
         1.45060715e-02,  4.73801944e-01, -1.32799662e-01,
         5.82092460e-01,  9.68425826e-01,  7.67434527e-01,
         2.69628829e-01,  2.66760151e-01, -4.11984614e-02,
        -1.33627314e-01, -6.01655956e-03, -9.37083885e-02,
        -7.58233471e-02,  5.38922901e-03,  1.91945405e-02],
       [-1.72191693e-01, -1.85040211e-01,  6.18664478e-01,
        -3.97744175e-02, -1.32799662e-01,  3.75853465e-01,
        -3.23696641e-01, -1.12649430e+00,  1.30787954e-01,
        -8.71862402e-02, -2.09966301e-01,  1.64857350e-01,
         8.54875587e-02,  1.21088307e-01,  7.60914217e-02,
         1.46907210e-02,  7.25205940e-02,  1.09510424e-02],
       [ 3.93180964e+00,  4.16330272e-01,  1.37438555e+00,
         2.17397604e+00,  5.82092460e-01, -3.23696641e-01,
         1.22065987e+01,  3.42301041e+00, -4.17721013e+00,
         8.54877379e-01,  1.48237244e+00, -5.03373796e-01,
        -6.79624291e-01, -4.49239239e-01, -3.20572070e-01,
        -2.54234107e-01, -4.15890475e-01,  2.56323091e-01],
       [-4.25753863e-01,  9.33301132e-01, -1.92403425e+00,
        -3.26122403e-01,  9.68425826e-01, -1.12649430e+00,
         3.42301041e+00,  7.89973261e+00,  1.80502783e+00,
         1.49549379e-01,  1.02570967e+00, -9.49012582e-01,
        -5.39945081e-01, -4.15221528e-01, -1.97411689e-01,
        -1.71844165e-01, -3.15019727e-01,  4.53931908e-02],
       [-4.36961394e+00,  1.21054446e+00, -1.32639035e+00,
        -2.11545615e+00,  7.67434527e-01,  1.30787954e-01,
        -4.17721013e+00,  1.80502783e+00,  8.29841691e+00,
        -5.66811352e-01,  3.36201861e-01,  2.37304812e-01,
         2.20221719e-02,  1.98629627e-01, -1.03766239e-02,
        -1.43820758e-01,  1.83616133e-01, -1.05562668e-01],
       [ 6.56726210e-01,  5.94639640e-01,  2.25689975e-01,
         3.41172517e-01,  2.69628829e-01, -8.71862402e-02,
         8.54877379e-01,  1.49549379e-01, -5.66811352e-01,
         1.12476536e+00,  1.28178736e-01, -2.88102398e-02,
        -2.66436439e-01,  7.56240567e-03,  1.93291581e-02,
        -4.34207327e-02,  3.93037549e-02,  2.18006551e-01],
       [ 6.09709083e-01,  4.09293361e-01, -9.77789360e-02,
         3.31396779e-01,  2.66760151e-01, -2.09966301e-01,
         1.48237244e+00,  1.02570967e+00,  3.36201861e-01,
         1.28178736e-01,  8.72214192e-01, -2.07525140e-01,
        -9.83789734e-02, -1.87620618e-01, -1.88631500e-01,
        -6.09319836e-02, -2.86552967e-02, -6.21083069e-02],
       [-4.89606826e-01, -5.08033799e-02,  1.54802529e-01,
        -2.07469755e-01, -4.11984614e-02,  1.64857350e-01,
        -5.03373796e-01, -9.49012582e-01,  2.37304812e-01,
        -2.88102398e-02, -2.07525140e-01,  4.64407602e-01,
         3.72960385e-03,  1.33706608e-01, -8.37305472e-05,
        -5.01667579e-02,  6.31966366e-02,  2.56905906e-02],
       [-8.92060464e-04, -1.69122464e-01,  5.00991641e-02,
         5.59503210e-03, -1.33627314e-01,  8.54875587e-02,
        -6.79624291e-01, -5.39945081e-01,  2.20221719e-02,
        -2.66436439e-01, -9.83789734e-02,  3.72960385e-03,
         1.60926054e-01,  2.68288681e-02,  9.54425364e-03,
         7.17902607e-02,  4.14866787e-02, -7.30333702e-02],
       [-2.39090530e-01,  1.45187147e-02,  1.28914154e-01,
        -1.03856184e-01, -6.01655956e-03,  1.21088307e-01,
        -4.49239239e-01, -4.15221528e-01,  1.98629627e-01,
         7.56240567e-03, -1.87620618e-01,  1.33706608e-01,
         2.68288681e-02,  1.02214610e-01,  3.60687491e-02,
         9.31267014e-04,  6.18174981e-02,  1.83084554e-02],
       [-1.80618699e-01, -1.69711033e-01,  5.97918611e-02,
        -9.83833458e-02, -9.37083885e-02,  7.60914217e-02,
        -3.20572070e-01, -1.97411689e-01, -1.03766239e-02,
         1.93291581e-02, -1.88631500e-01, -8.37305472e-05,
         9.54425364e-03,  3.60687491e-02,  8.90106521e-02,
         1.99973477e-02,  4.24827674e-03,  5.11785611e-02],
       [ 8.22640941e-02, -9.64712571e-02,  9.01041490e-03,
         3.87971779e-02, -7.58233471e-02,  1.46907210e-02,
        -2.54234107e-01, -1.71844165e-01, -1.43820758e-01,
        -4.34207327e-02, -6.09319836e-02, -5.01667579e-02,
         7.17902607e-02,  9.31267014e-04,  1.99973477e-02,
         6.02579687e-02,  1.34918232e-02, -1.65921234e-02],
       [-2.66046236e-02,  6.08059055e-02,  9.18351194e-02,
         2.54982680e-04,  5.38922901e-03,  7.25205940e-02,
        -4.15890475e-01, -3.15019727e-01,  1.83616133e-01,
         3.93037549e-02, -2.86552967e-02,  6.31966366e-02,
         4.14866787e-02,  6.18174981e-02,  4.24827674e-03,
         1.34918232e-02,  7.73261821e-02, -3.56234704e-03],
       [ 1.94285820e-02,  2.04654641e-02,  6.26481882e-02,
         1.13736388e-02,  1.91945405e-02,  1.09510424e-02,
         2.56323091e-01,  4.53931908e-02, -1.05562668e-01,
         2.18006551e-01, -6.21083069e-02,  2.56905906e-02,
        -7.30333702e-02,  1.83084554e-02,  5.11785611e-02,
        -1.65921234e-02, -3.56234704e-03,  9.19016924e-02]])
      jac: array([ 1.03324756e-06, -1.39814086e-06, -2.11830553e-06, -1.54987134e-06,
        1.74490052e-06,  4.49418280e-06,  2.74965236e-07, -5.66583817e-07,
        3.42688840e-07, -9.47390314e-08, -2.18269847e-06, -2.81145477e-06,
       -4.17073783e-07, -4.58226050e-06, -9.77292321e-06, -1.37593640e-06,
        3.64301182e-06,  5.03005045e-06])
  message: 'Optimization terminated successfully.'
     nfev: 1349
      nit: 59
     njev: 71
   status: 0
  success: True
        x: array([-1.67850266, -1.15875332,  0.66647406, -1.47811401, -1.23118554,
        0.35762298, -0.55408266, -1.70260626,  1.03770387,  0.05126284,
        0.44991465,  1.20780409,  0.1203091 ,  0.19286905, -0.25174126,
        1.35763991, -0.20936632,  0.00953646])
