Program Begingeth
      fun: 0.3101672024144046
 hess_inv: array([[ 3.58907555e+00,  8.05088166e-01, -8.72351177e-01,
         1.34992232e+00,  5.09241966e-01, -1.13803334e+00,
         1.05356713e+00,  1.49384244e-02, -4.69653682e+00,
         1.75644991e-02,  6.76716194e-01, -4.89568222e-02,
        -4.27443735e-01, -1.93235771e-01, -3.49024168e-01,
        -2.68134392e-01, -3.05088068e-01,  1.25072484e-01],
       [ 8.05088166e-01,  4.72614942e+00,  1.12272805e+00,
         2.57785849e-01,  2.15139656e+00,  2.43773436e-01,
         3.50381227e+00,  1.89220331e+00,  4.31073826e+00,
         6.20922207e-01,  6.24604793e-01, -1.07757108e+00,
        -5.70542759e-01, -3.28445131e-01, -2.01410453e-01,
        -1.65317780e-01, -3.19630542e-01,  1.10959295e-01],
       [-8.72351177e-01,  1.12272805e+00,  2.17752859e+00,
        -7.49182423e-02,  3.41335606e-01,  1.16689797e+00,
         2.25046242e+00, -1.56248302e+00,  4.49667639e+00,
         2.28061687e-02,  4.53698214e-01, -3.92825609e-01,
         1.57689821e-01, -5.43473614e-02, -5.60140273e-02,
         3.32004354e-02,  9.41336870e-02, -1.24006942e-01],
       [ 1.34992232e+00,  2.57785849e-01, -7.49182423e-02,
         5.90456537e-01,  1.55259859e-01, -3.01789984e-01,
         8.93540474e-01, -3.84165690e-01, -1.51068092e+00,
        -3.47762092e-02,  3.26772286e-01,  1.41701076e-02,
        -9.81514590e-02, -5.55656908e-02, -1.66260637e-01,
        -9.18434924e-02, -8.09949944e-02,  4.08998397e-03],
       [ 5.09241966e-01,  2.15139656e+00,  3.41335606e-01,
         1.55259859e-01,  1.07061527e+00,  2.19919753e-02,
         1.89193693e+00,  1.50262119e+00,  1.49913840e+00,
         2.34072618e-01,  2.13859138e-01, -4.04720874e-01,
        -3.22240229e-01, -1.16206696e-01, -8.23339719e-02,
        -1.17846339e-01, -1.85785169e-01,  7.04949274e-02],
       [-1.13803334e+00,  2.43773436e-01,  1.16689797e+00,
        -3.01789984e-01,  2.19919753e-02,  8.17465179e-01,
         9.20676807e-01, -5.99972219e-01,  3.18178749e+00,
        -8.27875480e-02, -1.91795997e-02, -1.16384588e-01,
         1.94057285e-01,  3.72951365e-02,  7.91859181e-02,
         8.75280768e-02,  1.01622005e-01, -7.73031571e-02],
       [ 1.05356713e+00,  3.50381227e+00,  2.25046242e+00,
         8.93540474e-01,  1.89193693e+00,  9.20676807e-01,
         9.67390856e+00,  1.52102891e+00,  4.31573417e+00,
        -7.20910287e-02,  6.67362530e-01, -3.92710655e-01,
        -4.02932304e-01, -1.54022018e-01, -3.16477327e-01,
        -2.94728120e-01, -4.60926881e-01, -1.26020445e-01],
       [ 1.49384244e-02,  1.89220331e+00, -1.56248302e+00,
        -3.84165690e-01,  1.50262119e+00, -5.99972219e-01,
         1.52102891e+00,  7.96276099e+00, -4.51279128e-01,
         5.30649000e-02, -8.24434531e-01, -1.06193651e-01,
        -5.94355660e-01,  9.40204579e-02,  3.13544507e-01,
        -1.21232146e-01, -3.57085049e-01,  2.84932472e-01],
       [-4.69653682e+00,  4.31073826e+00,  4.49667639e+00,
        -1.51068092e+00,  1.49913840e+00,  3.18178749e+00,
         4.31573417e+00, -4.51279128e-01,  1.76771860e+01,
         3.19095750e-01,  2.23872117e-01, -1.28279538e+00,
         3.57988563e-01, -2.58770988e-01,  2.52794729e-01,
         3.61024238e-01,  1.08414436e-01, -1.65040349e-01],
       [ 1.75644991e-02,  6.20922207e-01,  2.28061687e-02,
        -3.47762092e-02,  2.34072618e-01, -8.27875480e-02,
        -7.20910287e-02,  5.30649000e-02,  3.19095750e-01,
         7.23557004e-01, -5.91911922e-03, -1.41211236e-01,
        -2.15597627e-01, -1.84187157e-02,  5.48514117e-02,
        -2.94426661e-02,  1.73659603e-02,  1.93116856e-01],
       [ 6.76716194e-01,  6.24604793e-01,  4.53698214e-01,
         3.26772286e-01,  2.13859138e-01, -1.91795997e-02,
         6.67362530e-01, -8.24434531e-01,  2.23872117e-01,
        -5.91911922e-03,  8.29356179e-01, -2.60314013e-01,
        -4.99762473e-02, -2.11576252e-01, -2.49625421e-01,
        -6.86988729e-02, -5.46118685e-02, -1.22624653e-01],
       [-4.89568222e-02, -1.07757108e+00, -3.92825609e-01,
         1.41701076e-02, -4.04720874e-01, -1.16384588e-01,
        -3.92710655e-01, -1.06193651e-01, -1.28279538e+00,
        -1.41211236e-01, -2.60314013e-01,  5.92194992e-01,
         6.50140790e-02,  1.64956738e-01,  7.27847060e-03,
        -3.86486514e-02,  7.84733634e-02,  1.60196202e-03],
       [-4.27443735e-01, -5.70542759e-01,  1.57689821e-01,
        -9.81514590e-02, -3.22240229e-01,  1.94057285e-01,
        -4.02932304e-01, -5.94355660e-01,  3.57988563e-01,
        -2.15597627e-01, -4.99762473e-02,  6.50140790e-02,
         2.35559839e-01,  4.79807419e-02,  1.93133671e-02,
         1.12678950e-01,  1.10671028e-01, -9.69926817e-02],
       [-1.93235771e-01, -3.28445131e-01, -5.43473614e-02,
        -5.55656908e-02, -1.16206696e-01,  3.72951365e-02,
        -1.54022018e-01,  9.40204579e-02, -2.58770988e-01,
        -1.84187157e-02, -2.11576252e-01,  1.64956738e-01,
         4.79807419e-02,  1.20631164e-01,  5.22065312e-02,
         1.21174393e-02,  8.20607476e-02,  1.71136513e-02],
       [-3.49024168e-01, -2.01410453e-01, -5.60140273e-02,
        -1.66260637e-01, -8.23339719e-02,  7.91859181e-02,
        -3.16477327e-01,  3.13544507e-01,  2.52794729e-01,
         5.48514117e-02, -2.49625421e-01,  7.27847060e-03,
         1.93133671e-02,  5.22065312e-02,  1.37274708e-01,
         4.21481888e-02,  2.28379699e-02,  7.59560858e-02],
       [-2.68134392e-01, -1.65317780e-01,  3.32004354e-02,
        -9.18434924e-02, -1.17846339e-01,  8.75280768e-02,
        -2.94728120e-01, -1.21232146e-01,  3.61024238e-01,
        -2.94426661e-02, -6.86988729e-02, -3.86486514e-02,
         1.12678950e-01,  1.21174393e-02,  4.21481888e-02,
         9.46167988e-02,  5.16479483e-02, -2.05110095e-02],
       [-3.05088068e-01, -3.19630542e-01,  9.41336870e-02,
        -8.09949944e-02, -1.85785169e-01,  1.01622005e-01,
        -4.60926881e-01, -3.57085049e-01,  1.08414436e-01,
         1.73659603e-02, -5.46118685e-02,  7.84733634e-02,
         1.10671028e-01,  8.20607476e-02,  2.28379699e-02,
         5.16479483e-02,  1.37916812e-01, -1.97664783e-02],
       [ 1.25072484e-01,  1.10959295e-01, -1.24006942e-01,
         4.08998397e-03,  7.04949274e-02, -7.73031571e-02,
        -1.26020445e-01,  2.84932472e-01, -1.65040349e-01,
         1.93116856e-01, -1.22624653e-01,  1.60196202e-03,
        -9.69926817e-02,  1.71136513e-02,  7.59560858e-02,
        -2.05110095e-02, -1.97664783e-02,  1.28672541e-01]])
      jac: array([ 2.72012043e-05, -2.60750680e-05,  9.47538344e-06, -6.41982763e-05,
        5.64537306e-05, -6.15581660e-06,  3.01906648e-06, -2.67563749e-07,
       -4.39648318e-07,  1.16788061e-05, -1.87268719e-05, -9.27776374e-06,
        8.54742203e-05, -6.16059056e-05, -3.31779049e-05, -6.38496663e-05,
        4.13732012e-05,  2.61601851e-05])
  message: 'Desired error not necessarily achieved due to precision loss.'
     nfev: 1797
      nit: 58
     njev: 94
   status: 2
  success: False
        x: array([-0.79010844, -1.30295092,  0.63896583, -0.97506216, -1.32587096,
        0.19745387, -0.51187775, -2.13991044, -0.370903  ,  0.03954778,
        0.55336891,  1.2025455 ,  0.12705909,  0.08454337, -0.33766349,
        1.1878856 , -0.43099556, -0.04007086])
