Program Begingeth
      fun: 0.25010074445504166
 hess_inv: array([[ 4.10704451e+00, -1.40698787e+00, -5.71523759e-01,
         9.83415548e-01, -5.09178925e-01,  9.17145303e-01,
         1.36121396e+00,  2.60507968e+00,  1.30761486e+00,
        -7.06560167e-01, -8.73702738e-01,  1.26361374e+00,
        -7.62940781e-01,  4.66034664e-01,  5.13502814e-01,
        -1.24439067e-01,  5.19047100e-01, -3.69618580e-01],
       [-1.40698787e+00,  2.55635714e+00,  9.82612075e-01,
        -2.80774394e-01,  8.25436170e-01, -1.76668247e-01,
        -2.40820085e+00, -3.14992949e-01,  2.42167484e+00,
        -2.58931718e-03,  3.46715530e-01, -1.65796010e+00,
         4.64134235e-01, -4.55131331e-01, -3.24100305e-01,
        -1.22825053e-02, -2.16746367e-01,  7.94226741e-02],
       [-5.71523759e-01,  9.82612075e-01,  2.20723545e+00,
        -4.86782996e-01,  2.81361727e-01,  4.33558245e-01,
        -3.75802260e+00, -2.90790127e+00,  2.54321832e+00,
         8.25370960e-02,  1.23816315e+00, -1.28235655e+00,
         1.29088973e-01, -3.17696160e-01, -4.58999244e-01,
         1.93897907e-01, -1.60592527e-01, -1.20119605e-01],
       [ 9.83415548e-01, -2.80774394e-01, -4.86782996e-01,
         3.68768635e-01, -1.12709968e-01,  1.07215507e-01,
         1.30214199e+00,  1.25402167e+00,  1.19892759e-01,
        -2.49410884e-01, -4.47618472e-01,  3.45916413e-01,
        -1.25049792e-01,  1.12297450e-01,  2.15328909e-01,
        -6.44356718e-02,  1.31413260e-01, -1.00226428e-02],
       [-5.09178925e-01,  8.25436170e-01,  2.81361727e-01,
        -1.12709968e-01,  4.08605354e-01, -3.05564917e-02,
        -1.79927999e+00,  5.83839209e-01,  4.96597620e-01,
         1.54918472e-01,  2.56691122e-02, -4.41176347e-01,
         2.12382114e-01, -8.33531550e-02, -6.37915652e-02,
         3.27307399e-02, -1.38181078e-01,  2.79911704e-02],
       [ 9.17145303e-01, -1.76668247e-01,  4.33558245e-01,
         1.07215507e-01, -3.05564917e-02,  4.37743228e-01,
        -1.13962674e+00,  2.24394375e-01,  1.15937350e+00,
         6.49496802e-04,  5.41164192e-03,  5.24683400e-02,
        -2.00001981e-01,  6.66420661e-02,  6.84965287e-02,
        -3.00215365e-03,  5.52655202e-02, -1.33079830e-01],
       [ 1.36121396e+00, -2.40820085e+00, -3.75802260e+00,
         1.30214199e+00, -1.79927999e+00, -1.13962674e+00,
         2.10705048e+01,  9.44068837e-01, -4.65948655e+00,
        -1.61619022e+00, -1.66335103e+00,  1.85574772e+00,
        -7.18017003e-01,  4.18153860e-01,  7.57001872e-01,
        -5.16517717e-01,  1.26518278e+00,  5.97973062e-01],
       [ 2.60507968e+00, -3.14992949e-01, -2.90790127e+00,
         1.25402167e+00,  5.83839209e-01,  2.24394375e-01,
         9.44068837e-01,  1.20428185e+01, -1.73738889e+00,
         5.59982123e-03, -2.76647788e+00,  1.45666949e+00,
        -2.53065593e-01,  7.06651949e-01,  1.33165356e+00,
        -4.91671196e-01,  2.88241822e-01,  1.58983669e-01],
       [ 1.30761486e+00,  2.42167484e+00,  2.54321832e+00,
         1.19892759e-01,  4.96597620e-01,  1.15937350e+00,
        -4.65948655e+00, -1.73738889e+00,  1.01944104e+01,
        -3.09717885e-01,  1.00307086e+00, -1.89759895e+00,
        -7.87054166e-02, -7.57983418e-01, -3.91347459e-01,
        -5.68169366e-02, -1.95553529e-01, -3.00841005e-01],
       [-7.06560167e-01, -2.58931718e-03,  8.25370960e-02,
        -2.49410884e-01,  1.54918472e-01,  6.49496802e-04,
        -1.61619022e+00,  5.59982123e-03, -3.09717885e-01,
         9.19692118e-01,  1.84733293e-01, -4.00619741e-02,
        -8.42651299e-03, -4.94907093e-02, -9.60318557e-02,
         4.83991732e-02, -2.27123675e-01, -1.31079418e-01],
       [-8.73702738e-01,  3.46715530e-01,  1.23816315e+00,
        -4.47618472e-01,  2.56691122e-02,  5.41164192e-03,
        -1.66335103e+00, -2.76647788e+00,  1.00307086e+00,
         1.84733293e-01,  1.40891759e+00, -7.57817820e-01,
         1.24403535e-01, -3.49631585e-01, -5.09446013e-01,
         1.89589340e-01, -1.54535588e-01, -1.46611383e-01],
       [ 1.26361374e+00, -1.65796010e+00, -1.28235655e+00,
         3.45916413e-01, -4.41176347e-01,  5.24683400e-02,
         1.85574772e+00,  1.45666949e+00, -1.89759895e+00,
        -4.00619741e-02, -7.57817820e-01,  1.67323927e+00,
        -3.00934403e-01,  4.75879293e-01,  3.18132123e-01,
        -2.85176016e-03,  2.23398161e-01, -3.36559168e-02],
       [-7.62940781e-01,  4.64134235e-01,  1.29088973e-01,
        -1.25049792e-01,  2.12382114e-01, -2.00001981e-01,
        -7.18017003e-01, -2.53065593e-01, -7.87054166e-02,
        -8.42651299e-03,  1.24403535e-01, -3.00934403e-01,
         3.05259846e-01, -1.07060402e-01, -9.13962647e-02,
         8.70947793e-02, -1.59932879e-01,  1.25445871e-01],
       [ 4.66034664e-01, -4.55131331e-01, -3.17696160e-01,
         1.12297450e-01, -8.33531550e-02,  6.66420661e-02,
         4.18153860e-01,  7.06651949e-01, -7.57983418e-01,
        -4.94907093e-02, -3.49631585e-01,  4.75879293e-01,
        -1.07060402e-01,  2.19700015e-01,  1.48243381e-01,
        -1.10250303e-02,  1.18267470e-01,  7.61554170e-03],
       [ 5.13502814e-01, -3.24100305e-01, -4.58999244e-01,
         2.15328909e-01, -6.37915652e-02,  6.84965287e-02,
         7.57001872e-01,  1.33165356e+00, -3.91347459e-01,
        -9.60318557e-02, -5.09446013e-01,  3.18132123e-01,
        -9.13962647e-02,  1.48243381e-01,  2.62807362e-01,
        -8.60888304e-02,  7.61046492e-02,  6.80347133e-02],
       [-1.24439067e-01, -1.22825053e-02,  1.93897907e-01,
        -6.44356718e-02,  3.27307399e-02, -3.00215365e-03,
        -5.16517717e-01, -4.91671196e-01, -5.68169366e-02,
         4.83991732e-02,  1.89589340e-01, -2.85176016e-03,
         8.70947793e-02, -1.10250303e-02, -8.60888304e-02,
         1.08262780e-01, -5.46941321e-02, -9.68811899e-03],
       [ 5.19047100e-01, -2.16746367e-01, -1.60592527e-01,
         1.31413260e-01, -1.38181078e-01,  5.52655202e-02,
         1.26518278e+00,  2.88241822e-01, -1.95553529e-01,
        -2.27123675e-01, -1.54535588e-01,  2.23398161e-01,
        -1.59932879e-01,  1.18267470e-01,  7.61046492e-02,
        -5.46941321e-02,  2.12975661e-01, -1.22078722e-02],
       [-3.69618580e-01,  7.94226741e-02, -1.20119605e-01,
        -1.00226428e-02,  2.79911704e-02, -1.33079830e-01,
         5.97973062e-01,  1.58983669e-01, -3.00841005e-01,
        -1.31079418e-01, -1.46611383e-01, -3.36559168e-02,
         1.25445871e-01,  7.61554170e-03,  6.80347133e-02,
        -9.68811899e-03, -1.22078722e-02,  1.73706717e-01]])
      jac: array([ 2.28317365e-05,  5.22655993e-06,  4.45606515e-06, -2.42028619e-05,
       -1.22664841e-05, -2.91492756e-05, -3.67964918e-06,  5.86197757e-07,
        2.06538490e-06,  3.15192317e-05,  1.05112215e-05,  1.61382019e-05,
        4.45787851e-05, -2.42498614e-05,  3.88281999e-05, -1.77565370e-05,
        4.37472281e-05,  3.27723034e-05])
  message: 'Desired error not necessarily achieved due to precision loss.'
     nfev: 1969
      nit: 75
     njev: 103
   status: 2
  success: False
        x: array([ 0.48889389, -0.57744842,  0.67012254,  0.94337673, -0.7581684 ,
        0.09166755,  0.48481471, -1.48683593, -0.56529422,  0.00605357,
        0.70912567,  1.06744242,  0.05601409,  0.15167614, -0.39398981,
       -0.93918183, -0.48343706, -0.01481863])
