Program Begingeth
      fun: 0.33963959780832276
 hess_inv: array([[ 7.79027046e+00, -9.23456798e-01,  4.67174203e+00,
         3.76701438e+00, -7.01463604e-01,  1.84264621e+00,
         6.11536947e+00, -6.72526675e+00, -5.49276993e+00,
        -2.99577167e-01, -8.29203581e-01,  5.23236020e-01,
         1.71273626e-01,  1.95794034e-01,  7.20840049e-02,
         3.63571745e-02, -1.78157455e-01, -1.04065092e-01],
       [-9.23456798e-01,  2.42505822e+00, -5.48414557e-01,
        -6.35552804e-01,  1.30537397e+00,  8.41066959e-02,
        -1.34882094e+00,  2.00468755e+00,  2.51154153e+00,
        -2.33678653e-01, -3.01546776e-01,  1.55587634e-02,
        -2.05681289e-01,  1.90042474e-01,  2.20561622e-01,
        -1.36121495e-01, -4.39708198e-02,  1.11548398e-01],
       [ 4.67174203e+00, -5.48414557e-01,  4.88979134e+00,
         2.26325017e+00, -6.12202722e-01,  2.16311530e+00,
         4.89078556e+00, -5.39687265e+00, -2.65846302e+00,
        -4.53482227e-01, -7.46188420e-01,  1.14365526e-01,
         1.64277371e-01, -5.22042674e-02,  2.77629241e-01,
         1.36077799e-01, -2.75962069e-01,  1.41398743e-02],
       [ 3.76701438e+00, -6.35552804e-01,  2.26325017e+00,
         1.89579354e+00, -4.34727915e-01,  8.79016062e-01,
         3.32503919e+00, -3.15625720e+00, -2.84341944e+00,
        -1.45365487e-01, -3.80436754e-01,  2.56567957e-01,
         1.59049368e-01,  1.02522131e-01,  2.51214059e-02,
         5.77282288e-02, -3.63590220e-02, -6.21030700e-02],
       [-7.01463604e-01,  1.30537397e+00, -6.12202722e-01,
        -4.34727915e-01,  7.58088559e-01, -9.81768394e-02,
        -9.96803603e-01,  1.59517983e+00,  1.41272129e+00,
        -1.32034328e-01, -1.28700048e-01,  5.46018106e-02,
        -1.12151873e-01,  1.29398723e-01,  8.81600349e-02,
        -9.38611389e-02, -1.07668609e-03,  5.18301672e-02],
       [ 1.84264621e+00,  8.41066959e-02,  2.16311530e+00,
         8.79016062e-01, -9.81768394e-02,  1.04720272e+00,
         2.01722926e+00, -2.00666714e+00, -5.66355914e-01,
        -2.98491048e-01, -4.39760694e-01,  3.15415438e-02,
         7.69452337e-02,  5.85830114e-03,  1.86634262e-01,
         6.33414601e-02, -1.30010752e-01,  2.39871629e-02],
       [ 6.11536947e+00, -1.34882094e+00,  4.89078556e+00,
         3.32503919e+00, -9.96803603e-01,  2.01722926e+00,
         8.07077634e+00, -5.62669256e+00, -4.84368051e+00,
        -2.18111322e-01, -8.43216787e-01,  2.45283293e-01,
         4.23546101e-01,  1.25354671e-01,  2.36473933e-01,
         2.34782249e-01, -1.72435996e-02, -1.85816226e-02],
       [-6.72526675e+00,  2.00468755e+00, -5.39687265e+00,
        -3.15625720e+00,  1.59517983e+00, -2.00666714e+00,
        -5.62669256e+00,  1.01324733e+01,  5.38604904e+00,
        -1.80010791e-01,  5.74037405e-01, -1.15283697e-01,
         2.68605425e-02,  1.71096538e-01, -6.15164114e-02,
        -8.38568512e-02,  3.25277898e-01,  2.95753606e-02],
       [-5.49276993e+00,  2.51154153e+00, -2.65846302e+00,
        -2.84341944e+00,  1.41272129e+00, -5.66355914e-01,
        -4.84368051e+00,  5.38604904e+00,  7.21234358e+00,
        -2.22655623e-01,  7.24322222e-02, -3.46433972e-01,
        -2.22210779e-01, -4.12891650e-02,  2.07700648e-01,
        -7.44472831e-02, -2.91726951e-02,  1.15820245e-01],
       [-2.99577167e-01, -2.33678653e-01, -4.53482227e-01,
        -1.45365487e-01, -1.32034328e-01, -2.98491048e-01,
        -2.18111322e-01, -1.80010791e-01, -2.22655623e-01,
         7.38741492e-01,  3.61636841e-03,  4.18534218e-03,
        -1.85190647e-01,  1.46368471e-02,  2.26532413e-02,
        -2.47388227e-02,  5.02274164e-02,  1.60473694e-01],
       [-8.29203581e-01, -3.01546776e-01, -7.46188420e-01,
        -3.80436754e-01, -1.28700048e-01, -4.39760694e-01,
        -8.43216787e-01,  5.74037405e-01,  7.24322222e-02,
         3.61636841e-03,  7.32526230e-01, -8.48898337e-02,
         2.18621649e-02, -1.87285906e-01, -2.10820193e-01,
        -6.74216586e-03,  2.26572837e-02, -1.43468746e-01],
       [ 5.23236020e-01,  1.55587634e-02,  1.14365526e-01,
         2.56567957e-01,  5.46018106e-02,  3.15415438e-02,
         2.45283293e-01, -1.15283697e-01, -3.46433972e-01,
         4.18534218e-03, -8.48898337e-02,  3.69138576e-01,
        -3.26322748e-02,  1.06581674e-01, -6.35279431e-02,
        -7.38729682e-02,  4.84909092e-02,  8.56997657e-03],
       [ 1.71273626e-01, -2.05681289e-01,  1.64277371e-01,
         1.59049368e-01, -1.12151873e-01,  7.69452337e-02,
         4.23546101e-01,  2.68605425e-02, -2.22210779e-01,
        -1.85190647e-01,  2.18621649e-02, -3.26322748e-02,
         1.59699038e-01, -5.19971326e-03, -1.33837207e-02,
         8.60338779e-02,  3.83006567e-02, -6.07315654e-02],
       [ 1.95794034e-01,  1.90042474e-01, -5.22042674e-02,
         1.02522131e-01,  1.29398723e-01,  5.85830114e-03,
         1.25354671e-01,  1.71096538e-01, -4.12891650e-02,
         1.46368471e-02, -1.87285906e-01,  1.06581674e-01,
        -5.19971326e-03,  1.21333135e-01,  3.33097658e-02,
        -1.87663378e-02,  5.68434053e-02,  3.75733417e-02],
       [ 7.20840049e-02,  2.20561622e-01,  2.77629241e-01,
         2.51214059e-02,  8.81600349e-02,  1.86634262e-01,
         2.36473933e-01, -6.15164114e-02,  2.07700648e-01,
         2.26532413e-02, -2.10820193e-01, -6.35279431e-02,
        -1.33837207e-02,  3.33097658e-02,  1.26759851e-01,
         2.02187861e-02, -1.99802859e-02,  7.97808069e-02],
       [ 3.63571745e-02, -1.36121495e-01,  1.36077799e-01,
         5.77282288e-02, -9.38611389e-02,  6.33414601e-02,
         2.34782249e-01, -8.38568512e-02, -7.44472831e-02,
        -2.47388227e-02, -6.74216586e-03, -7.38729682e-02,
         8.60338779e-02, -1.87663378e-02,  2.02187861e-02,
         8.07452854e-02,  1.39228228e-02, -9.56564900e-03],
       [-1.78157455e-01, -4.39708198e-02, -2.75962069e-01,
        -3.63590220e-02, -1.07668609e-03, -1.30010752e-01,
        -1.72435996e-02,  3.25277898e-01, -2.91726951e-02,
         5.02274164e-02,  2.26572837e-02,  4.84909092e-02,
         3.83006567e-02,  5.68434053e-02, -1.99802859e-02,
         1.39228228e-02,  9.37306646e-02,  3.54406674e-03],
       [-1.04065092e-01,  1.11548398e-01,  1.41398743e-02,
        -6.21030700e-02,  5.18301672e-02,  2.39871629e-02,
        -1.85816226e-02,  2.95753606e-02,  1.15820245e-01,
         1.60473694e-01, -1.43468746e-01,  8.56997657e-03,
        -6.07315654e-02,  3.75733417e-02,  7.97808069e-02,
        -9.56564900e-03,  3.54406674e-03,  1.01606587e-01]])
      jac: array([-2.90841425e-06,  3.66965717e-06, -3.03831034e-07,  1.03768845e-05,
       -1.08775951e-05, -2.03910962e-07, -1.15315165e-06,  7.23865412e-07,
        8.43029350e-07, -1.66311409e-06,  3.58454007e-06, -9.25555928e-07,
       -7.58578385e-06,  1.31557728e-05, -4.25585493e-08,  4.06008560e-06,
       -5.76242757e-06,  4.42682927e-06])
  message: 'Desired error not necessarily achieved due to precision loss.'
     nfev: 2175
      nit: 78
     njev: 114
   status: 2
  success: False
        x: array([-1.16802877e+00, -1.75406910e+00, -5.74107247e-01, -1.28791828e+00,
       -1.48308230e+00, -3.62461308e-01, -2.22474793e+00, -1.30330541e+00,
       -1.06228816e+00,  1.13579029e-01,  4.17927456e-01,  1.20440412e+00,
        1.09750686e-01,  1.26421038e-03, -3.36936325e-01,  1.22707860e+00,
       -6.15501980e-01, -3.22033395e-02])
