Program Begingeth
      fun: 0.2425685485953322
 hess_inv: array([[ 2.11296908e+00,  1.48095581e-01, -4.24661251e-01,
        -5.26505761e-01,  4.19003852e-01, -3.83929423e-01,
        -4.38049889e-01,  2.75014378e+00, -2.18403999e+00,
         1.15800428e+00, -2.48544492e-01,  1.93711090e+00,
        -1.85547227e+00,  2.12089449e-01, -5.82317802e-01,
        -3.43377434e-01, -9.96671235e-03, -1.40137955e-01],
       [ 1.48095581e-01,  1.37139497e+00, -2.37463903e-01,
        -2.87221695e-01, -1.66909474e-01, -2.17546360e-01,
        -9.29454406e-01,  3.19136428e-01, -9.98065347e-03,
         2.41344029e-01,  5.31255167e-01,  2.91342857e-02,
        -3.59477840e-01, -9.95518717e-01,  2.13588083e-02,
        -3.54653549e-02, -1.83224873e-01,  2.02811147e-01],
       [-4.24661251e-01, -2.37463903e-01,  1.28070527e+00,
         3.07181569e-01,  1.88447381e-01, -1.22066583e-01,
         1.31582254e+00, -2.94311679e-01,  1.77771659e-01,
        -1.20896445e+00, -8.26854912e-02, -1.13229251e-01,
         7.47058973e-01,  2.91989423e-01, -8.06579197e-01,
         1.29737021e-01, -4.04890736e-02, -2.43567734e-01],
       [-5.26505761e-01, -2.87221695e-01,  3.07181569e-01,
         3.71067767e-01, -1.30663168e-01,  3.00157817e-02,
         5.45885552e-01, -1.48474938e+00,  2.15304967e-01,
        -5.48259586e-01,  1.80567094e-01, -3.08050012e-01,
         7.79417945e-01,  4.54781753e-02, -7.74358999e-02,
         1.60211867e-01, -6.71636449e-03, -4.80639440e-02],
       [ 4.19003852e-01, -1.66909474e-01,  1.88447381e-01,
        -1.30663168e-01,  3.17262846e-01, -4.27881242e-02,
         4.22205589e-01,  1.48191702e+00, -3.07198546e-01,
         7.92642674e-02, -3.44623749e-01,  4.08581850e-01,
        -4.02586353e-01,  4.06178020e-01, -2.51339492e-01,
        -7.80267515e-02,  7.26726365e-02, -8.69589108e-02],
       [-3.83929423e-01, -2.17546360e-01, -1.22066583e-01,
         3.00157817e-02, -4.27881242e-02,  2.46144384e-01,
        -7.83360753e-03, -1.99583579e-01,  8.46923786e-01,
        -5.21369645e-02, -2.27415506e-01, -4.27610197e-01,
         2.31520923e-01,  1.48059049e-01,  3.78053804e-01,
         4.55504394e-02,  5.22675453e-02,  6.98329306e-02],
       [-4.38049889e-01, -9.29454406e-01,  1.31582254e+00,
         5.45885552e-01,  4.22205589e-01, -7.83360753e-03,
         3.15472068e+00,  1.45483673e-01,  7.39151086e-02,
        -1.05409330e+00, -4.41315059e-01,  7.53129027e-02,
         8.36384831e-01,  9.74068759e-01, -7.83644277e-01,
         1.39849355e-01,  1.22544225e-01, -3.02938513e-01],
       [ 2.75014378e+00,  3.19136428e-01, -2.94311679e-01,
        -1.48474938e+00,  1.48191702e+00, -1.99583579e-01,
         1.45483673e-01,  1.08368198e+01, -1.72140597e+00,
         1.90047910e+00, -1.12752890e+00,  1.95241941e+00,
        -3.56842853e+00,  9.78507802e-01, -4.19034373e-01,
        -7.64150162e-01,  1.92658379e-01, -3.89939112e-02],
       [-2.18403999e+00, -9.98065347e-03,  1.77771659e-01,
         2.15304967e-01, -3.07198546e-01,  8.46923786e-01,
         7.39151086e-02, -1.72140597e+00,  5.38575542e+00,
        -1.08370298e+00, -6.70156483e-01, -1.83086672e+00,
         1.59712578e+00, -1.34745161e-04,  9.25935134e-01,
         3.59123630e-01,  4.82782593e-02,  1.79373232e-01],
       [ 1.15800428e+00,  2.41344029e-01, -1.20896445e+00,
        -5.48259586e-01,  7.92642674e-02, -5.21369645e-02,
        -1.05409330e+00,  1.90047910e+00, -1.08370298e+00,
         1.74883628e+00, -1.38434447e-01,  7.67069215e-01,
        -1.54246793e+00, -6.24932665e-02,  4.50682617e-01,
        -3.00802400e-01,  7.89253031e-02,  1.39707088e-01],
       [-2.48544492e-01,  5.31255167e-01, -8.26854912e-02,
         1.80567094e-01, -3.44623749e-01, -2.27415506e-01,
        -4.41315059e-01, -1.12752890e+00, -6.70156483e-01,
        -1.38434447e-01,  1.61386983e+00, -3.33210761e-01,
         2.97886314e-01, -9.66263321e-01,  6.63611558e-02,
        -5.97991328e-02, -1.86022039e-01,  1.93826799e-01],
       [ 1.93711090e+00,  2.91342857e-02, -1.13229251e-01,
        -3.08050012e-01,  4.08581850e-01, -4.27610197e-01,
         7.53129027e-02,  1.95241941e+00, -1.83086672e+00,
         7.67069215e-01, -3.33210761e-01,  2.25412540e+00,
        -1.42329899e+00,  3.07899864e-01, -9.37868460e-01,
        -2.10947698e-01, -3.05836619e-02, -2.71129625e-01],
       [-1.85547227e+00, -3.59477840e-01,  7.47058973e-01,
         7.79417945e-01, -4.02586353e-01,  2.31520923e-01,
         8.36384831e-01, -3.56842853e+00,  1.59712578e+00,
        -1.54246793e+00,  2.97886314e-01, -1.42329899e+00,
         2.13475078e+00, -9.47299232e-02,  1.19241463e-01,
         4.51787580e-01, -3.13659495e-02, -9.68529905e-03],
       [ 2.12089449e-01, -9.95518717e-01,  2.91989423e-01,
         4.54781753e-02,  4.06178020e-01,  1.48059049e-01,
         9.74068759e-01,  9.78507802e-01, -1.34745161e-04,
        -6.24932665e-02, -9.66263321e-01,  3.07899864e-01,
        -9.47299232e-02,  1.11811055e+00, -1.95517128e-01,
        -3.74169097e-04,  2.31974805e-01, -2.15838460e-01],
       [-5.82317802e-01,  2.13588083e-02, -8.06579197e-01,
        -7.74358999e-02, -2.51339492e-01,  3.78053804e-01,
        -7.83644277e-01, -4.19034373e-01,  9.25935134e-01,
         4.50682617e-01,  6.63611558e-02, -9.37868460e-01,
         1.19241463e-01, -1.95517128e-01,  1.07608328e+00,
         3.94755261e-03,  6.44180128e-02,  3.22161492e-01],
       [-3.43377434e-01, -3.54653549e-02,  1.29737021e-01,
         1.60211867e-01, -7.80267515e-02,  4.55504394e-02,
         1.39849355e-01, -7.64150162e-01,  3.59123630e-01,
        -3.00802400e-01, -5.97991328e-02, -2.10947698e-01,
         4.51787580e-01, -3.74169097e-04,  3.94755261e-03,
         1.36008546e-01, -4.30814727e-03, -1.35991495e-02],
       [-9.96671235e-03, -1.83224873e-01, -4.04890736e-02,
        -6.71636449e-03,  7.26726365e-02,  5.22675453e-02,
         1.22544225e-01,  1.92658379e-01,  4.82782593e-02,
         7.89253031e-02, -1.86022039e-01, -3.05836619e-02,
        -3.13659495e-02,  2.31974805e-01,  6.44180128e-02,
        -4.30814727e-03,  8.28676622e-02, -1.05508649e-02],
       [-1.40137955e-01,  2.02811147e-01, -2.43567734e-01,
        -4.80639440e-02, -8.69589108e-02,  6.98329306e-02,
        -3.02938513e-01, -3.89939112e-02,  1.79373232e-01,
         1.39707088e-01,  1.93826799e-01, -2.71129625e-01,
        -9.68529905e-03, -2.15838460e-01,  3.22161492e-01,
        -1.35991495e-02, -1.05508649e-02,  1.50424002e-01]])
      jac: array([ 1.13363023e-05, -3.07272726e-05,  8.13700959e-06, -8.92774743e-05,
        5.33895150e-05,  4.38399317e-05, -1.79523063e-06, -6.31476353e-06,
       -7.96177939e-06,  1.85594133e-05, -1.52933222e-05,  4.36539693e-06,
        5.87750219e-05, -6.74427181e-05, -2.37791268e-05, -2.92747308e-06,
        6.19878223e-05, -1.48529337e-06])
  message: 'Desired error not necessarily achieved due to precision loss.'
     nfev: 1494
      nit: 34
     njev: 78
   status: 2
  success: False
        x: array([ 0.61755513, -0.07003143,  0.50312771,  0.21459558, -1.10476902,
       -0.52284208,  1.20737901, -1.58958484, -0.75395257, -0.91534495,
        0.06175348,  0.5762794 ,  0.13123523,  0.00330615, -0.24560006,
        0.07708695,  1.35924903, -0.5755213 ])
