Program Begingeth
      fun: 0.32581527688915113
 hess_inv: array([[ 4.46837849e+00,  8.59230959e-01, -9.13929079e-01,
         1.58514868e+00,  5.84770326e-01, -1.27751801e+00,
         9.59171196e-01, -2.17901999e-01, -4.98723557e+00,
        -9.85311965e-02,  9.28772955e-01, -1.06101925e-01,
        -5.66104922e-01, -2.55777635e-01, -4.41664775e-01,
        -3.12237978e-01, -4.09054996e-01,  1.21499726e-01],
       [ 8.59230959e-01,  5.56281491e+00,  1.65051540e+00,
         2.86594439e-01,  2.49751426e+00,  5.38687039e-01,
         5.33667419e+00,  1.76677996e+00,  5.89196229e+00,
         5.52652371e-01,  6.29565658e-01, -1.27668262e+00,
        -6.73293856e-01, -3.83862674e-01, -1.91667011e-01,
        -1.62092140e-01, -4.08784596e-01,  1.08229058e-01],
       [-9.13929079e-01,  1.65051540e+00,  2.61846370e+00,
        -1.26166131e-02,  6.20288436e-01,  1.33461569e+00,
         3.56275903e+00, -1.28309858e+00,  4.89591094e+00,
         4.98384193e-02,  5.46420717e-01, -4.22146018e-01,
         1.00626792e-01, -5.00699944e-02, -9.29925322e-02,
        -2.75266268e-02,  7.58467628e-02, -1.25107403e-01],
       [ 1.58514868e+00,  2.86594439e-01, -1.26166131e-02,
         6.60353631e-01,  1.94637168e-01, -3.07253783e-01,
         1.01102935e+00, -4.36760133e-01, -1.51543393e+00,
        -8.20926269e-02,  4.34518933e-01,  4.99690100e-03,
        -1.41853851e-01, -7.12513698e-02, -2.01969900e-01,
        -1.12961235e-01, -1.11283190e-01, -4.82614451e-03],
       [ 5.84770326e-01,  2.49751426e+00,  6.20288436e-01,
         1.94637168e-01,  1.21608392e+00,  1.68711801e-01,
         2.78627847e+00,  1.37015847e+00,  2.19051946e+00,
         1.77726897e-01,  2.38097864e-01, -4.88092441e-01,
        -3.65266489e-01, -1.38715259e-01, -8.61330915e-02,
        -1.19894340e-01, -2.26311002e-01,  6.23311812e-02],
       [-1.27751801e+00,  5.38687039e-01,  1.33461569e+00,
        -3.07253783e-01,  1.68711801e-01,  9.01129444e-01,
         1.59278258e+00, -3.43070176e-01,  3.43623393e+00,
        -6.48444205e-02, -3.79886605e-02, -1.33945752e-01,
         1.86184401e-01,  4.14705795e-02,  8.17455861e-02,
         6.91586771e-02,  9.47802345e-02, -7.48447178e-02],
       [ 9.59171196e-01,  5.33667419e+00,  3.56275903e+00,
         1.01102935e+00,  2.78627847e+00,  1.59278258e+00,
         1.41215286e+01,  1.94051854e+00,  7.46435286e+00,
        -1.61846949e-01,  8.70798578e-01, -6.50007949e-01,
        -5.87469354e-01, -2.02707921e-01, -3.75186079e-01,
        -3.72488140e-01, -6.03378260e-01, -1.68292804e-01],
       [-2.17901999e-01,  1.76677996e+00, -1.28309858e+00,
        -4.36760133e-01,  1.37015847e+00, -3.43070176e-01,
         1.94051854e+00,  7.45654771e+00,  3.36061424e-01,
        -1.26867243e-01, -9.55825067e-01, -1.64342832e-01,
        -4.76517614e-01,  1.00610807e-01,  3.87062521e-01,
        -3.81751264e-02, -3.29367709e-01,  2.48693019e-01],
       [-4.98723557e+00,  5.89196229e+00,  4.89591094e+00,
        -1.51543393e+00,  2.19051946e+00,  3.43623393e+00,
         7.46435286e+00,  3.36061424e-01,  1.94953579e+01,
         3.34878910e-01, -4.26151960e-03, -1.50631073e+00,
         2.44560299e-01, -3.49381094e-01,  2.90596091e-01,
         3.40482873e-01, -5.81758633e-02, -1.34900327e-01],
       [-9.85311965e-02,  5.52652371e-01,  4.98384193e-02,
        -8.20926269e-02,  1.77726897e-01, -6.48444205e-02,
        -1.61846949e-01, -1.26867243e-01,  3.34878910e-01,
         7.59574960e-01, -2.60956570e-02, -1.62120479e-01,
        -2.04820828e-01, -6.34199378e-03,  5.60157740e-02,
        -1.27264963e-02,  4.37953407e-02,  1.79443827e-01],
       [ 9.28772955e-01,  6.29565658e-01,  5.46420717e-01,
         4.34518933e-01,  2.38097864e-01, -3.79886605e-02,
         8.70798578e-01, -9.55825067e-01, -4.26151960e-03,
        -2.60956570e-02,  9.85545412e-01, -2.24309836e-01,
        -8.49337968e-02, -2.24114970e-01, -3.11848159e-01,
        -1.03349006e-01, -6.61832135e-02, -1.40010225e-01],
       [-1.06101925e-01, -1.27668262e+00, -4.22146018e-01,
         4.99690100e-03, -4.88092441e-01, -1.33945752e-01,
        -6.50007949e-01, -1.64342832e-01, -1.50631073e+00,
        -1.62120479e-01, -2.24309836e-01,  6.33522209e-01,
         1.00166673e-01,  1.80509707e-01, -6.35588358e-03,
        -3.92383788e-02,  1.07165672e-01, -1.70330710e-02],
       [-5.66104922e-01, -6.73293856e-01,  1.00626792e-01,
        -1.41853851e-01, -3.65266489e-01,  1.86184401e-01,
        -5.87469354e-01, -4.76517614e-01,  2.44560299e-01,
        -2.04820828e-01, -8.49337968e-02,  1.00166673e-01,
         2.63829747e-01,  5.85573012e-02,  3.91324812e-02,
         1.15385331e-01,  1.28028587e-01, -9.04973730e-02],
       [-2.55777635e-01, -3.83862674e-01, -5.00699944e-02,
        -7.12513698e-02, -1.38715259e-01,  4.14705795e-02,
        -2.02707921e-01,  1.00610807e-01, -3.49381094e-01,
        -6.34199378e-03, -2.24114970e-01,  1.80509707e-01,
         5.85573012e-02,  1.34175399e-01,  5.83929265e-02,
         9.56651932e-03,  9.69253406e-02,  1.87803924e-02],
       [-4.41664775e-01, -1.91667011e-01, -9.29925322e-02,
        -2.01969900e-01, -8.61330915e-02,  8.17455861e-02,
        -3.75186079e-01,  3.87062521e-01,  2.90596091e-01,
         5.60157740e-02, -3.11848159e-01, -6.35588358e-03,
         3.91324812e-02,  5.83929265e-02,  1.55690746e-01,
         5.74596858e-02,  2.96881670e-02,  7.53853373e-02],
       [-3.12237978e-01, -1.62092140e-01, -2.75266268e-02,
        -1.12961235e-01, -1.19894340e-01,  6.91586771e-02,
        -3.72488140e-01, -3.81751264e-02,  3.40482873e-01,
        -1.27264963e-02, -1.03349006e-01, -3.92383788e-02,
         1.15385331e-01,  9.56651932e-03,  5.74596858e-02,
         9.86505319e-02,  4.99134725e-02, -1.07306222e-02],
       [-4.09054996e-01, -4.08784596e-01,  7.58467628e-02,
        -1.11283190e-01, -2.26311002e-01,  9.47802345e-02,
        -6.03378260e-01, -3.29367709e-01, -5.81758633e-02,
         4.37953407e-02, -6.61832135e-02,  1.07165672e-01,
         1.28028587e-01,  9.69253406e-02,  2.96881670e-02,
         4.99134725e-02,  1.62937635e-01, -1.77460578e-02],
       [ 1.21499726e-01,  1.08229058e-01, -1.25107403e-01,
        -4.82614451e-03,  6.23311812e-02, -7.48447178e-02,
        -1.68292804e-01,  2.48693019e-01, -1.34900327e-01,
         1.79443827e-01, -1.40010225e-01, -1.70330710e-02,
        -9.04973730e-02,  1.87803924e-02,  7.53853373e-02,
        -1.07306222e-02, -1.77460578e-02,  1.20576014e-01]])
      jac: array([ 1.65164179e-06,  1.01992489e-06,  3.93018951e-07, -4.00975549e-06,
       -2.32591724e-06, -7.01660952e-07,  2.24265051e-07,  2.09092003e-07,
        5.29206308e-08,  8.00840875e-07,  1.92438658e-07, -8.62273216e-08,
        5.11257703e-06,  2.23709939e-06, -3.86727687e-07, -3.44650234e-06,
       -2.25893378e-06,  1.04138920e-06])
  message: 'Optimization terminated successfully.'
     nfev: 1330
      nit: 60
     njev: 70
   status: 0
  success: True
        x: array([-0.78194983, -1.26818319,  0.60225268, -1.00466312, -1.28793636,
        0.17577994, -0.54649108, -2.10528821, -0.40191285,  0.06201887,
        0.5315303 ,  1.19740034,  0.12643531,  0.05658467, -0.3351878 ,
        1.21444281, -0.51930676, -0.03252387])
