Program Begingeth
      fun: 0.30647279276052236
 hess_inv: array([[ 8.71498622e+00,  2.59586766e+00,  3.15056045e+00,
         3.27979292e+00,  1.30674056e+00,  7.27426549e-01,
         7.07201124e+00, -1.61812292e+00, -2.40568984e+00,
        -1.37049064e-01,  7.39781132e-01, -7.74237243e-02,
        -1.07108182e+00, -2.44800256e-01, -2.69617121e-01,
        -3.44360346e-01, -5.77855171e-01,  1.97586419e-01],
       [ 2.59586766e+00,  3.88778728e+00,  7.38188136e-01,
         6.70400046e-01,  1.68269558e+00,  2.41598337e-01,
         9.38021720e-01,  1.90132041e+00,  4.30278522e-01,
        -8.67682196e-02,  8.35509956e-02, -7.95582852e-01,
        -4.85714334e-01, -2.80840630e-01,  1.64219450e-01,
        -3.28233395e-02, -2.64164462e-01,  1.17385257e-01],
       [ 3.15056045e+00,  7.38188136e-01,  1.50756046e+01,
         2.79966272e+00, -1.88096259e-01,  5.81466327e+00,
         1.85108311e+01, -6.43177007e+00,  4.74109061e+00,
        -4.75238912e-01,  3.13818717e+00, -8.30335407e-01,
         3.32615581e-01, -6.58602443e-01, -6.32463389e-01,
         7.76646609e-03,  1.33388321e-01,  2.25574765e-02],
       [ 3.27979292e+00,  6.70400046e-01,  2.79966272e+00,
         1.50371780e+00,  3.05349736e-01,  9.20673778e-01,
         5.02593588e+00, -1.41495375e+00, -4.57616454e-01,
        -9.85778363e-02,  5.65421941e-01, -3.60762917e-02,
        -2.68977048e-01, -1.04222565e-01, -1.67812474e-01,
        -1.05738714e-01, -1.39078242e-01,  6.39827088e-02],
       [ 1.30674056e+00,  1.68269558e+00, -1.88096259e-01,
         3.05349736e-01,  7.87981906e-01, -1.00882044e-01,
        -1.59081658e-03,  1.22462957e+00, -1.55558699e-01,
        -5.76928933e-02, -7.85682467e-02, -2.61027077e-01,
        -2.57551432e-01, -7.67296014e-02,  8.99403832e-02,
        -3.89430011e-02, -1.30982421e-01,  5.97724771e-02],
       [ 7.27426549e-01,  2.41598337e-01,  5.81466327e+00,
         9.20673778e-01, -1.00882044e-01,  2.32551310e+00,
         7.06505785e+00, -2.23970714e+00,  2.27190785e+00,
        -2.67363211e-01,  1.10454139e+00, -3.32229849e-01,
         2.20574601e-01, -2.33961800e-01, -1.95708929e-01,
         3.66147016e-02,  8.36063337e-02,  1.38960808e-03],
       [ 7.07201124e+00,  9.38021720e-01,  1.85108311e+01,
         5.02593588e+00, -1.59081658e-03,  7.06505785e+00,
         2.85693354e+01, -7.98430627e+00,  3.57518306e+00,
        -4.74972411e-01,  3.28052092e+00, -5.89914996e-01,
         1.39785067e-01, -4.88732137e-01, -6.99213943e-01,
        -1.15576829e-01,  1.24940438e-01,  1.54502852e-01],
       [-1.61812292e+00,  1.90132041e+00, -6.43177007e+00,
        -1.41495375e+00,  1.22462957e+00, -2.23970714e+00,
        -7.98430627e+00,  7.39077054e+00, -1.05326134e+00,
        -3.13741164e-01, -1.52430534e+00, -1.23142494e-01,
        -6.89880662e-02,  2.10711995e-01,  5.85712711e-01,
         8.12973584e-02, -7.47729923e-02,  3.73564540e-02],
       [-2.40568984e+00,  4.30278522e-01,  4.74109061e+00,
        -4.57616454e-01, -1.55558699e-01,  2.27190785e+00,
         3.57518306e+00, -1.05326134e+00,  5.65358193e+00,
        -4.54248165e-01,  8.35235144e-01, -5.15380134e-01,
         5.41515296e-01, -3.51207864e-01, -7.85774782e-02,
         1.94083144e-01,  1.36938778e-01, -1.22000945e-01],
       [-1.37049064e-01, -8.67682196e-02, -4.75238912e-01,
        -9.85778363e-02, -5.76928933e-02, -2.67363211e-01,
        -4.74972411e-01, -3.13741164e-01, -4.54248165e-01,
         8.79022933e-01, -1.78115776e-01,  6.73596725e-02,
        -2.15399930e-01,  6.26307849e-02,  7.71339940e-02,
        -2.06406469e-02,  3.39818355e-02,  1.79838302e-01],
       [ 7.39781132e-01,  8.35509956e-02,  3.13818717e+00,
         5.65421941e-01, -7.85682467e-02,  1.10454139e+00,
         3.28052092e+00, -1.52430534e+00,  8.35235144e-01,
        -1.78115776e-01,  1.24174915e+00, -2.19139435e-01,
         5.83786081e-02, -2.85681595e-01, -2.94156760e-01,
        -1.76783230e-02,  8.34034592e-04, -1.09948665e-01],
       [-7.74237243e-02, -7.95582852e-01, -8.30335407e-01,
        -3.60762917e-02, -2.61027077e-01, -3.32229849e-01,
        -5.89914996e-01, -1.23142494e-01, -5.15380134e-01,
         6.73596725e-02, -2.19139435e-01,  5.18478201e-01,
        -2.38621369e-02,  1.56711046e-01, -5.52093402e-02,
        -6.66985381e-02,  4.00301293e-02,  1.05286785e-02],
       [-1.07108182e+00, -4.85714334e-01,  3.32615581e-01,
        -2.68977048e-01, -2.57551432e-01,  2.20574601e-01,
         1.39785067e-01, -6.89880662e-02,  5.41515296e-01,
        -2.15399930e-01,  5.83786081e-02, -2.38621369e-02,
         2.81920631e-01,  1.43446773e-02, -7.15164572e-03,
         9.10966921e-02,  1.08553725e-01, -7.79924365e-02],
       [-2.44800256e-01, -2.80840630e-01, -6.58602443e-01,
        -1.04222565e-01, -7.67296014e-02, -2.33961800e-01,
        -4.88732137e-01,  2.10711995e-01, -3.51207864e-01,
         6.26307849e-02, -2.85681595e-01,  1.56711046e-01,
         1.43446773e-02,  1.27566132e-01,  5.08425210e-02,
        -5.55826504e-03,  5.21698039e-02,  2.82947557e-02],
       [-2.69617121e-01,  1.64219450e-01, -6.32463389e-01,
        -1.67812474e-01,  8.99403832e-02, -1.95708929e-01,
        -6.99213943e-01,  5.85712711e-01, -7.85774782e-02,
         7.71339940e-02, -2.94156760e-01, -5.52093402e-02,
        -7.15164572e-03,  5.08425210e-02,  1.28971339e-01,
         2.43678255e-02,  4.82147184e-03,  5.88519408e-02],
       [-3.44360346e-01, -3.28233395e-02,  7.76646609e-03,
        -1.05738714e-01, -3.89430011e-02,  3.66147016e-02,
        -1.15576829e-01,  8.12973584e-02,  1.94083144e-01,
        -2.06406469e-02, -1.76783230e-02, -6.66985381e-02,
         9.10966921e-02, -5.55826504e-03,  2.43678255e-02,
         6.01967164e-02,  2.99962678e-02, -1.36538937e-02],
       [-5.77855171e-01, -2.64164462e-01,  1.33388321e-01,
        -1.39078242e-01, -1.30982421e-01,  8.36063337e-02,
         1.24940438e-01, -7.47729923e-02,  1.36938778e-01,
         3.39818355e-02,  8.34034592e-04,  4.00301293e-02,
         1.08553725e-01,  5.21698039e-02,  4.82147184e-03,
         2.99962678e-02,  9.70341865e-02, -6.38184069e-03],
       [ 1.97586419e-01,  1.17385257e-01,  2.25574765e-02,
         6.39827088e-02,  5.97724771e-02,  1.38960808e-03,
         1.54502852e-01,  3.73564540e-02, -1.22000945e-01,
         1.79838302e-01, -1.09948665e-01,  1.05286785e-02,
        -7.79924365e-02,  2.82947557e-02,  5.88519408e-02,
        -1.36538937e-02, -6.38184069e-03,  8.69217283e-02]])
      jac: array([ 3.35546406e-06, -1.72158584e-06, -3.51607632e-06, -8.79370651e-06,
        3.46315569e-06,  8.26783086e-06,  8.08612436e-07, -4.42238838e-07,
       -7.24235487e-07,  1.43588845e-07, -2.07981780e-06, -1.64609067e-06,
        2.03873955e-06, -9.76182098e-06, -8.63827528e-06, -4.24105195e-07,
        8.72561283e-06,  6.65208629e-06])
  message: 'Optimization terminated successfully.'
     nfev: 1710
      nit: 79
     njev: 90
   status: 0
  success: True
        x: array([-0.90370948, -1.1730139 ,  0.03199545, -1.31581556, -1.14617641,
       -0.07669861, -1.76752222, -1.38518354, -1.04904722,  0.11798193,
        0.4326403 ,  1.15255452,  0.10782731,  0.17282009, -0.26000761,
        1.42184174, -0.30317128,  0.01718676])
