Program Begingeth
      fun: 0.24323162382791289
 hess_inv: array([[ 4.13958102e+00,  1.59876077e+00,  4.04804854e-01,
         1.36602934e+00,  6.57772804e-01, -5.94181658e-01,
         2.56442254e+00, -1.70233633e+00, -1.63520828e+00,
        -2.10176554e-01,  9.43575916e-01, -6.53482456e-01,
        -6.64808246e-01, -4.02435734e-01, -4.16122234e-01,
        -2.35647702e-01, -4.18228710e-01,  1.16932410e-01],
       [ 1.59876077e+00,  3.05176761e+00,  4.95025512e-01,
         3.15501004e-01,  1.24322254e+00, -1.71426950e-01,
         9.78988827e-01,  1.96193215e+00,  8.27588086e-01,
         3.95192374e-01,  1.66229435e-01, -1.21490551e+00,
        -5.23827975e-01, -3.64789660e-01, -5.02399003e-02,
        -2.34248684e-02, -2.22142168e-01,  1.56407778e-01],
       [ 4.04804854e-01,  4.95025512e-01,  3.84735502e+00,
         7.36106565e-01,  1.61782012e-01,  1.58102726e+00,
         6.94564998e+00, -2.78385646e+00,  5.11392829e+00,
        -4.14042154e-01,  1.42433581e+00, -6.49350152e-01,
         3.54526118e-02, -1.68763661e-01, -4.71033211e-01,
        -2.00436417e-01, -2.92191215e-03, -3.32291786e-01],
       [ 1.36602934e+00,  3.15501004e-01,  7.36106565e-01,
         6.19588218e-01,  1.48051502e-01,  8.91985513e-02,
         2.40544227e+00, -1.16808149e+00,  1.06974438e-01,
        -2.16005248e-01,  5.17517267e-01, -1.53035172e-01,
        -1.53039606e-01, -9.49997991e-02, -2.23117949e-01,
        -1.14193604e-01, -1.07167413e-01, -4.65612353e-02],
       [ 6.57772804e-01,  1.24322254e+00,  1.61782012e-01,
         1.48051502e-01,  5.85704954e-01, -5.19103507e-02,
         8.28746989e-01,  1.46428460e+00,  9.71604767e-02,
         8.17756907e-02, -2.83907005e-02, -4.27732307e-01,
        -2.21571946e-01, -9.48393434e-02,  2.39194998e-02,
        -2.76248204e-02, -9.07295688e-02,  7.55277236e-02],
       [-5.94181658e-01, -1.71426950e-01,  1.58102726e+00,
         8.91985513e-02, -5.19103507e-02,  8.56191411e-01,
         2.92587329e+00, -6.03277594e-01,  2.66252786e+00,
        -2.62471965e-01,  3.36946564e-01, -8.80720853e-02,
         1.66610004e-01,  2.88810383e-02, -8.87969741e-02,
        -3.73993760e-02,  5.73799406e-02, -1.66740727e-01],
       [ 2.56442254e+00,  9.78988827e-01,  6.94564998e+00,
         2.40544227e+00,  8.28746989e-01,  2.92587329e+00,
         2.12821361e+01, -3.00613970e+00,  7.74937889e+00,
        -1.44094919e+00,  2.06164514e+00, -4.96888458e-01,
        -2.61739532e-01, -4.77871420e-02, -8.28145147e-01,
        -6.24878116e-01, -3.11753410e-01, -6.10268674e-01],
       [-1.70233633e+00,  1.96193215e+00, -2.78385646e+00,
        -1.16808149e+00,  1.46428460e+00, -6.03277594e-01,
        -3.00613970e+00,  1.28942476e+01, -2.93730142e+00,
         1.57356282e-01, -2.33174330e+00, -2.67112739e-01,
        -4.83682033e-02,  2.77845701e-01,  1.14410377e+00,
         3.27031595e-01, -7.39896648e-04,  4.59393197e-01],
       [-1.63520828e+00,  8.27588086e-01,  5.11392829e+00,
         1.06974438e-01,  9.71604767e-02,  2.66252786e+00,
         7.74937889e+00, -2.93730142e+00,  1.21514346e+01,
        -5.08419590e-01,  1.47350606e+00, -8.86424775e-01,
         3.32318298e-01, -4.07338088e-01, -5.10334809e-01,
        -4.77787246e-02, -5.13305447e-02, -5.54851422e-01],
       [-2.10176554e-01,  3.95192374e-01, -4.14042154e-01,
        -2.16005248e-01,  8.17756907e-02, -2.62471965e-01,
        -1.44094919e+00,  1.57356282e-01, -5.08419590e-01,
         9.27442860e-01, -2.56869264e-01, -8.97919603e-02,
        -2.08354650e-01,  7.60357999e-03,  1.34140504e-01,
         3.39379198e-02,  6.33122411e-02,  2.37401278e-01],
       [ 9.43575916e-01,  1.66229435e-01,  1.42433581e+00,
         5.17517267e-01, -2.83907005e-02,  3.36946564e-01,
         2.06164514e+00, -2.33174330e+00,  1.47350606e+00,
        -2.56869264e-01,  1.28511438e+00, -3.51958492e-01,
        -5.41726270e-02, -2.62343181e-01, -4.37772963e-01,
        -1.28275017e-01, -5.97137760e-02, -2.22771401e-01],
       [-6.53482456e-01, -1.21490551e+00, -6.49350152e-01,
        -1.53035172e-01, -4.27732307e-01, -8.80720853e-02,
        -4.96888458e-01, -2.67112739e-01, -8.86424775e-01,
        -8.97919603e-02, -3.51958492e-01,  8.56691505e-01,
         1.53807831e-01,  2.59097031e-01,  5.47500742e-02,
        -2.99126402e-02,  1.20146988e-01,  1.42149145e-04],
       [-6.64808246e-01, -5.23827975e-01,  3.54526118e-02,
        -1.53039606e-01, -2.21571946e-01,  1.66610004e-01,
        -2.61739532e-01, -4.83682033e-02,  3.32318298e-01,
        -2.08354650e-01, -5.41726270e-02,  1.53807831e-01,
         2.40328741e-01,  7.84937782e-02,  2.13394642e-02,
         7.27644564e-02,  9.11998603e-02, -1.00841451e-01],
       [-4.02435734e-01, -3.64789660e-01, -1.68763661e-01,
        -9.49997991e-02, -9.48393434e-02,  2.88810383e-02,
        -4.77871420e-02,  2.77845701e-01, -4.07338088e-01,
         7.60357999e-03, -2.62343181e-01,  2.59097031e-01,
         7.84937782e-02,  1.65761622e-01,  8.12328899e-02,
         5.41910299e-03,  9.69940017e-02,  1.75798643e-02],
       [-4.16122234e-01, -5.02399003e-02, -4.71033211e-01,
        -2.23117949e-01,  2.39194998e-02, -8.87969741e-02,
        -8.28145147e-01,  1.14410377e+00, -5.10334809e-01,
         1.34140504e-01, -4.37772963e-01,  5.47500742e-02,
         2.13394642e-02,  8.12328899e-02,  2.08179493e-01,
         6.03641079e-02,  2.43130185e-02,  1.08896504e-01],
       [-2.35647702e-01, -2.34248684e-02, -2.00436417e-01,
        -1.14193604e-01, -2.76248204e-02, -3.73993760e-02,
        -6.24878116e-01,  3.27031595e-01, -4.77787246e-02,
         3.39379198e-02, -1.28275017e-01, -2.99126402e-02,
         7.27644564e-02,  5.41910299e-03,  6.03641079e-02,
         7.62092678e-02,  2.29987995e-02,  6.77992503e-03],
       [-4.18228710e-01, -2.22142168e-01, -2.92191215e-03,
        -1.07167413e-01, -9.07295688e-02,  5.73799406e-02,
        -3.11753410e-01, -7.39896648e-04, -5.13305447e-02,
         6.33122411e-02, -5.97137760e-02,  1.20146988e-01,
         9.11998603e-02,  9.69940017e-02,  2.43130185e-02,
         2.29987995e-02,  1.15061804e-01, -1.41145021e-02],
       [ 1.16932410e-01,  1.56407778e-01, -3.32291786e-01,
        -4.65612353e-02,  7.55277236e-02, -1.66740727e-01,
        -6.10268674e-01,  4.59393197e-01, -5.54851422e-01,
         2.37401278e-01, -2.22771401e-01,  1.42149145e-04,
        -1.00841451e-01,  1.75798643e-02,  1.08896504e-01,
         6.77992503e-03, -1.41145021e-02,  1.38836995e-01]])
      jac: array([-3.73541938e-05,  4.43424926e-05,  2.28119375e-05,  1.28245562e-04,
       -1.09370291e-04, -1.80476005e-05, -1.13862623e-05,  1.36385347e-05,
       -2.00876353e-06, -3.68223970e-06, -6.90096128e-06,  8.48950540e-06,
       -4.81179911e-05,  3.67398704e-05, -5.34553883e-06, -1.40289632e-05,
       -6.85048314e-05, -3.06947060e-05])
  message: 'Desired error not necessarily achieved due to precision loss.'
     nfev: 1817
      nit: 56
     njev: 95
   status: 2
  success: False
        x: array([-6.95512533e-01, -8.63080943e-01,  5.21405407e-01, -1.05887322e+00,
       -9.53298207e-01,  1.02617557e-01, -8.76770332e-01, -1.39287708e+00,
       -7.70714795e-01,  9.37331064e-02,  6.33420758e-01,  1.11537681e+00,
        9.23132024e-02,  2.47538100e-01, -3.07951597e-01,  1.23227432e+00,
       -1.55900965e-01,  2.41355263e-04])
