Program Begingeth
      fun: 0.2249827707851357
 hess_inv: array([[ 3.74455168e+00, -1.49451313e+00,  4.02917829e-01,
         9.76747181e-01, -5.74919836e-01,  8.09771146e-01,
        -3.15241594e-01,  1.06791355e+00,  1.96660273e+00,
         7.19163603e-02, -6.22227238e-01,  4.97004870e-01,
        -7.05656794e-01,  4.01089157e-01,  2.68803754e-01,
        -1.67725673e-01,  4.03634286e-01, -1.70149988e-01],
       [-1.49451313e+00,  2.55833620e+00, -1.34917384e-02,
        -2.02963441e-01,  9.64613615e-01, -3.05150122e-01,
         4.81119495e-01,  1.39088061e+00,  3.26052490e-01,
        -4.27229612e-01,  7.58277281e-02, -9.99421150e-01,
         4.76807092e-01, -3.86372489e-01,  1.28949217e-02,
        -1.37875253e-02, -2.36741712e-01,  1.55852581e-01],
       [ 4.02917829e-01, -1.34917384e-02,  3.16536614e+00,
        -3.39618710e-01, -4.16760279e-02,  1.31954815e+00,
        -5.07304806e+00, -1.96423229e+00,  3.20755787e+00,
         2.06824594e-01,  1.05746879e+00, -4.57967861e-01,
        -1.15550949e-01, -3.82981800e-02, -2.86324355e-01,
         1.23679233e-01,  1.37036712e-01, -2.20719071e-01],
       [ 9.76747181e-01, -2.02963441e-01, -3.39618710e-01,
         3.79761719e-01, -9.66043839e-02,  1.04413155e-02,
         1.11426610e+00,  6.20959477e-01,  2.90544475e-01,
        -8.07706631e-02, -2.79184865e-01,  8.47711295e-02,
        -1.38936987e-01,  5.42059003e-02,  1.11790610e-01,
        -6.87298768e-02,  6.56683528e-02, -1.61550718e-03],
       [-5.74919836e-01,  9.64613615e-01, -4.16760279e-02,
        -9.66043839e-02,  4.19881045e-01, -1.03005211e-01,
        -1.73602567e-01,  1.02141890e+00, -7.46480733e-02,
        -1.05300206e-01, -5.13803482e-02, -3.27221272e-01,
         1.86206528e-01, -1.04146034e-01,  4.36891038e-02,
         8.21491287e-03, -8.54524584e-02,  7.12334011e-02],
       [ 8.09771146e-01, -3.05150122e-01,  1.31954815e+00,
         1.04413155e-02, -1.03005211e-01,  7.16229188e-01,
        -2.46039295e+00, -3.15258210e-01,  1.69059056e+00,
         1.95621358e-01,  1.93405894e-01, -4.94787464e-02,
        -1.91397862e-01,  8.52455610e-02, -2.72712264e-02,
         1.37417688e-02,  1.15595238e-01, -1.15452129e-01],
       [-3.15241594e-01,  4.81119495e-01, -5.07304806e+00,
         1.11426610e+00, -1.73602567e-01, -2.46039295e+00,
         1.51406746e+01,  5.53912388e-01, -3.79774785e+00,
        -8.14883936e-01, -6.59676273e-01,  8.33399576e-02,
         1.52250304e-01, -4.27068510e-01,  1.28549414e-01,
        -3.17323181e-01, -2.28528473e-01,  3.03771025e-01],
       [ 1.06791355e+00,  1.39088061e+00, -1.96423229e+00,
         6.20959477e-01,  1.02141890e+00, -3.15258210e-01,
         5.53912388e-01,  9.22351065e+00, -1.59591697e+00,
         1.57587587e-01, -1.71401603e+00, -2.44745488e-01,
        -7.25962930e-02,  1.43980251e-01,  8.61146830e-01,
        -2.47659934e-01, -6.03561472e-02,  2.69984774e-01],
       [ 1.96660273e+00,  3.26052490e-01,  3.20755787e+00,
         2.90544475e-01, -7.46480733e-02,  1.69059056e+00,
        -3.79774785e+00, -1.59591697e+00,  7.40622119e+00,
         2.46917475e-01,  8.88024537e-01, -5.91583735e-01,
        -3.52252173e-01, -2.32246710e-01, -2.92480822e-01,
        -4.51980353e-02,  9.69578654e-02, -3.63812768e-01],
       [ 7.19163603e-02, -4.27229612e-01,  2.06824594e-01,
        -8.07706631e-02, -1.05300206e-01,  1.95621358e-01,
        -8.14883936e-01,  1.57587587e-01,  2.46917475e-01,
         9.20964284e-01,  1.03688050e-01,  1.11936607e-01,
        -2.48147809e-01,  3.17180090e-02, -9.55326673e-02,
         9.39832234e-03, -1.01797472e-02, -2.23865213e-01],
       [-6.22227238e-01,  7.58277281e-02,  1.05746879e+00,
        -2.79184865e-01, -5.13803482e-02,  1.93405894e-01,
        -6.59676273e-01, -1.71401603e+00,  8.88024537e-01,
         1.03688050e-01,  1.16596097e+00, -2.91854277e-01,
         7.14823085e-02, -2.42280382e-01, -3.57527544e-01,
         9.60033375e-02, -2.68653651e-02, -1.59566006e-01],
       [ 4.97004870e-01, -9.99421150e-01, -4.57967861e-01,
         8.47711295e-02, -3.27221272e-01, -4.94787464e-02,
         8.33399576e-02, -2.44745488e-01, -5.91583735e-01,
         1.11936607e-01, -2.91854277e-01,  7.53194840e-01,
        -1.20837401e-01,  2.46618765e-01,  1.82530638e-02,
         4.71211638e-02,  1.07377277e-01,  1.53924443e-03],
       [-7.05656794e-01,  4.76807092e-01, -1.15550949e-01,
        -1.38936987e-01,  1.86206528e-01, -1.91397862e-01,
         1.52250304e-01, -7.25962930e-02, -3.52252173e-01,
        -2.48147809e-01,  7.14823085e-02, -1.20837401e-01,
         2.45809791e-01, -9.00159658e-02, -1.98408761e-02,
         6.50919025e-02, -9.22331976e-02,  9.80875620e-02],
       [ 4.01089157e-01, -3.86372489e-01, -3.82981800e-02,
         5.42059003e-02, -1.04146034e-01,  8.52455610e-02,
        -4.27068510e-01,  1.43980251e-01, -2.32246710e-01,
         3.17180090e-02, -2.42280382e-01,  2.46618765e-01,
        -9.00159658e-02,  1.69612660e-01,  6.77348263e-02,
         2.18797363e-03,  9.57569659e-02,  8.47361517e-03],
       [ 2.68803754e-01,  1.28949217e-02, -2.86324355e-01,
         1.11790610e-01,  4.36891038e-02, -2.72712264e-02,
         1.28549414e-01,  8.61146830e-01, -2.92480822e-01,
        -9.55326673e-02, -3.57527544e-01,  1.82530638e-02,
        -1.98408761e-02,  6.77348263e-02,  1.67741625e-01,
        -4.44370079e-02,  1.25651150e-02,  8.26938556e-02],
       [-1.67725673e-01, -1.37875253e-02,  1.23679233e-01,
        -6.87298768e-02,  8.21491287e-03,  1.37417688e-02,
        -3.17323181e-01, -2.47659934e-01, -4.51980353e-02,
         9.39832234e-03,  9.60033375e-02,  4.71211638e-02,
         6.50919025e-02,  2.18797363e-03, -4.44370079e-02,
         6.48999704e-02, -9.60042783e-03,  8.03539080e-04],
       [ 4.03634286e-01, -2.36741712e-01,  1.37036712e-01,
         6.56683528e-02, -8.54524584e-02,  1.15595238e-01,
        -2.28528473e-01, -6.03561472e-02,  9.69578654e-02,
        -1.01797472e-02, -2.68653651e-02,  1.07377277e-01,
        -9.22331976e-02,  9.57569659e-02,  1.25651150e-02,
        -9.60042783e-03,  1.01934361e-01, -2.04584426e-02],
       [-1.70149988e-01,  1.55852581e-01, -2.20719071e-01,
        -1.61550718e-03,  7.12334011e-02, -1.15452129e-01,
         3.03771025e-01,  2.69984774e-01, -3.63812768e-01,
        -2.23865213e-01, -1.59566006e-01,  1.53924443e-03,
         9.80875620e-02,  8.47361517e-03,  8.26938556e-02,
         8.03539080e-04, -2.04584426e-02,  1.13434858e-01]])
      jac: array([ 3.05070783e-06,  2.66083452e-07, -2.03929466e-06, -8.12017120e-06,
       -4.76470715e-07,  5.27503966e-06,  6.62988183e-07, -3.60822483e-08,
       -3.84137167e-07,  1.31524421e-06, -3.04016072e-07, -8.26746079e-07,
        7.26233888e-06, -1.67532654e-06, -2.80682884e-06, -3.19892261e-06,
        2.20397774e-06,  1.84667096e-06])
  message: 'Optimization terminated successfully.'
     nfev: 1539
      nit: 73
     njev: 81
   status: 0
  success: True
        x: array([ 0.8727258 , -0.85161249,  0.46971698,  1.28558508, -0.92126551,
        0.09033291,  1.10456204, -1.29537277, -0.85846804,  0.0299623 ,
        0.61741084,  1.07324435,  0.03119481,  0.29483261, -0.27351175,
       -1.19076655, -0.01556938,  0.01433887])
