Program Begingeth
      fun: 0.27675673003886714
 hess_inv: array([[ 8.26078333e+00,  1.31563695e+00,  6.47169852e+00,
         3.84533151e+00,  5.63877616e-01,  3.26957695e+00,
        -3.01364106e+00,  3.73847253e+00,  8.82777993e+00,
         5.47536489e-01,  7.02944943e-01, -6.55985249e-01,
         7.08748881e-01,  7.38000041e-02, -1.20523284e-01,
         3.18861142e-01,  6.66162746e-01, -3.03391186e-01],
       [ 1.31563695e+00,  1.72073378e+00,  1.11384468e+00,
         6.25837604e-01,  8.71505093e-01,  4.02688486e-01,
        -9.73766439e-01,  1.20933126e+00,  8.10107617e-01,
         3.99601622e-01,  2.05609134e-01,  1.26131706e-01,
         2.53532916e-02,  1.22454892e-01, -1.96802082e-01,
        -4.68633693e-02,  1.49142068e-01, -6.89305495e-02],
       [ 6.47169852e+00,  1.11384468e+00,  8.18350895e+00,
         2.67497861e+00,  7.12742246e-01,  4.22564858e+00,
        -5.96023425e+00,  4.49881186e+00,  1.01482190e+01,
         4.80330253e-01,  2.39835688e-01, -4.60240591e-01,
         3.71549897e-01,  2.34766417e-01,  4.95263420e-02,
         1.37619138e-01,  4.87136800e-01, -2.17249906e-01],
       [ 3.84533151e+00,  6.25837604e-01,  2.67497861e+00,
         1.87484384e+00,  2.49835981e-01,  1.34513346e+00,
        -7.39965368e-01,  1.66367073e+00,  3.61837845e+00,
         2.46580482e-01,  3.35968824e-01, -2.80110192e-01,
         3.93837546e-01,  5.13364621e-02, -6.76416803e-02,
         1.80771448e-01,  3.56051416e-01, -1.46643006e-01],
       [ 5.63877616e-01,  8.71505093e-01,  7.12742246e-01,
         2.49835981e-01,  4.84479463e-01,  2.95059419e-01,
        -6.88913494e-01,  8.58087108e-01,  5.44022605e-01,
         1.59468211e-01,  7.33194264e-02,  1.11355929e-01,
        -5.80147624e-03,  8.62819146e-02, -8.79494532e-02,
        -4.67093782e-02,  6.53532014e-02, -3.18897348e-02],
       [ 3.26957695e+00,  4.02688486e-01,  4.22564858e+00,
         1.34513346e+00,  2.95059419e-01,  2.23875857e+00,
        -3.00538135e+00,  2.36685667e+00,  5.46085139e+00,
         1.38814559e-01,  3.98538986e-02, -2.30281622e-01,
         2.11543497e-01,  1.23302407e-01,  6.75319787e-02,
         8.18882974e-02,  2.33605827e-01, -1.08967252e-01],
       [-3.01364106e+00, -9.73766439e-01, -5.96023425e+00,
        -7.39965368e-01, -6.88913494e-01, -3.00538135e+00,
         7.59927099e+00, -2.84867716e+00, -7.48980180e+00,
        -3.23669201e-01, -2.52301895e-01,  2.31540728e-01,
         1.62553264e-01, -5.57272082e-02,  4.97437968e-02,
         1.22516859e-01, -3.02375080e-02,  1.38593664e-01],
       [ 3.73847253e+00,  1.20933126e+00,  4.49881186e+00,
         1.66367073e+00,  8.58087108e-01,  2.36685667e+00,
        -2.84867716e+00,  4.64363548e+00,  5.41798112e+00,
        -4.32057618e-03,  2.06312330e-01, -3.80940499e-02,
         3.62192950e-01,  1.98058976e-01, -8.04947492e-03,
         9.23715416e-02,  2.99206203e-01, -1.82723759e-01],
       [ 8.82777993e+00,  8.10107617e-01,  1.01482190e+01,
         3.61837845e+00,  5.44022605e-01,  5.46085139e+00,
        -7.48980180e+00,  5.41798112e+00,  1.50763196e+01,
         2.68948783e-01,  3.19928458e-01, -6.52097032e-01,
         5.25418000e-01,  1.08052852e-01,  7.85777474e-02,
         2.14815022e-01,  4.80931680e-01, -3.44836695e-01],
       [ 5.47536489e-01,  3.99601622e-01,  4.80330253e-01,
         2.46580482e-01,  1.59468211e-01,  1.38814559e-01,
        -3.23669201e-01, -4.32057618e-03,  2.68948783e-01,
         7.83952779e-01, -4.11756521e-02,  2.07409945e-03,
        -1.35889292e-01,  7.45784544e-02,  4.95995729e-02,
        -6.92932818e-03,  1.03237232e-01,  1.81169763e-01],
       [ 7.02944943e-01,  2.05609134e-01,  2.39835688e-01,
         3.35968824e-01,  7.33194264e-02,  3.98538986e-02,
        -2.52301895e-01,  2.06312330e-01,  3.19928458e-01,
        -4.11756521e-02,  5.31317261e-01, -1.09122885e-01,
         8.19399763e-02, -1.11210105e-01, -1.72921418e-01,
         1.93333632e-02,  4.41173890e-02, -1.62510711e-01],
       [-6.55985249e-01,  1.26131706e-01, -4.60240591e-01,
        -2.80110192e-01,  1.11355929e-01, -2.30281622e-01,
         2.31540728e-01, -3.80940499e-02, -6.52097032e-01,
         2.07409945e-03, -1.09122885e-01,  3.37080736e-01,
        -7.81346659e-02,  8.33586408e-02, -2.87509371e-02,
        -7.64074835e-02,  2.32543499e-03,  5.38661035e-02],
       [ 7.08748881e-01,  2.53532916e-02,  3.71549897e-01,
         3.93837546e-01, -5.80147624e-03,  2.11543497e-01,
         1.62553264e-01,  3.62192950e-01,  5.25418000e-01,
        -1.35889292e-01,  8.19399763e-02, -7.81346659e-02,
         1.85529956e-01,  3.79341833e-03, -2.29503398e-02,
         9.63860690e-02,  8.76754110e-02, -8.29102989e-02],
       [ 7.38000041e-02,  1.22454892e-01,  2.34766417e-01,
         5.13364621e-02,  8.62819146e-02,  1.23302407e-01,
        -5.57272082e-02,  1.98058976e-01,  1.08052852e-01,
         7.45784544e-02, -1.11210105e-01,  8.33586408e-02,
         3.79341833e-03,  9.30429885e-02,  2.51438438e-02,
        -5.36314066e-03,  6.73268433e-02,  3.72929172e-02],
       [-1.20523284e-01, -1.96802082e-01,  4.95263420e-02,
        -6.76416803e-02, -8.79494532e-02,  6.75319787e-02,
         4.97437968e-02, -8.04947492e-03,  7.85777474e-02,
         4.95995729e-02, -1.72921418e-01, -2.87509371e-02,
        -2.29503398e-02,  2.51438438e-02,  1.10383911e-01,
         1.20239651e-02, -1.24112740e-02,  8.59506892e-02],
       [ 3.18861142e-01, -4.68633693e-02,  1.37619138e-01,
         1.80771448e-01, -4.67093782e-02,  8.18882974e-02,
         1.22516859e-01,  9.23715416e-02,  2.14815022e-01,
        -6.92932818e-03,  1.93333632e-02, -7.64074835e-02,
         9.63860690e-02, -5.36314066e-03,  1.20239651e-02,
         8.03231610e-02,  4.32359712e-02, -1.96461298e-02],
       [ 6.66162746e-01,  1.49142068e-01,  4.87136800e-01,
         3.56051416e-01,  6.53532014e-02,  2.33605827e-01,
        -3.02375080e-02,  2.99206203e-01,  4.80931680e-01,
         1.03237232e-01,  4.41173890e-02,  2.32543499e-03,
         8.76754110e-02,  6.73268433e-02, -1.24112740e-02,
         4.32359712e-02,  1.35366356e-01, -1.06658214e-02],
       [-3.03391186e-01, -6.89305495e-02, -2.17249906e-01,
        -1.46643006e-01, -3.18897348e-02, -1.08967252e-01,
         1.38593664e-01, -1.82723759e-01, -3.44836695e-01,
         1.81169763e-01, -1.62510711e-01,  5.38661035e-02,
        -8.29102989e-02,  3.72929172e-02,  8.59506892e-02,
        -1.96461298e-02, -1.06658214e-02,  1.29595050e-01]])
      jac: array([ 8.04060522e-05,  1.37163984e-04, -2.23181843e-04, -1.85701454e-04,
       -3.25711680e-04,  4.26460719e-04, -2.15949481e-05,  2.44230562e-05,
       -2.91677793e-05,  1.09310709e-04,  5.23536770e-05, -3.14429964e-05,
        2.78611578e-04,  2.42029360e-04, -7.38494451e-05, -2.58604249e-04,
       -5.86545627e-05, -4.46539102e-05])
  message: 'Desired error not necessarily achieved due to precision loss.'
     nfev: 2481
      nit: 67
     njev: 130
   status: 2
  success: False
        x: array([-1.71697238, -1.07018956,  0.30161954, -1.4684896 , -1.14472106,
        0.04482955, -2.18416967, -1.29104791, -0.87421819,  0.06149858,
        0.44191139,  1.26521404,  0.06156393,  0.12282755, -0.316943  ,
        1.08932327, -0.45092478, -0.02366138])
