Program Begingeth
      fun: 0.2868822263830322
 hess_inv: array([[ 3.64733769e+00,  1.07133857e+00, -5.97114654e-01,
         1.38303557e+00,  5.45183830e-01, -1.08303442e+00,
         9.89227044e-01, -2.59575258e-01, -4.43696021e+00,
        -1.47451892e-01,  8.86770218e-01, -3.49416993e-01,
        -3.44293622e-01, -2.70965587e-01, -3.99849894e-01,
        -2.20848527e-01, -2.73434375e-01,  6.60827095e-02],
       [ 1.07133857e+00,  4.17630425e+00,  9.69783697e-01,
         3.67406105e-01,  1.84690073e+00,  8.00550556e-02,
         2.99412778e+00,  1.60610522e+00,  3.32877391e+00,
         4.77717206e-01,  6.69676746e-01, -1.17166413e+00,
        -4.61025308e-01, -3.75719953e-01, -2.55921405e-01,
        -1.00176430e-01, -2.96462556e-01,  5.60654303e-02],
       [-5.97114654e-01,  9.69783697e-01,  2.09314702e+00,
         2.63542656e-02,  2.98561180e-01,  1.08669371e+00,
         2.03535379e+00, -1.57423763e+00,  4.29954539e+00,
         5.06504398e-02,  4.79158541e-01, -3.79890993e-01,
         1.21230294e-01, -3.13662670e-02, -7.72443704e-02,
        -1.29840720e-02,  1.06207063e-01, -1.04669401e-01],
       [ 1.38303557e+00,  3.67406105e-01,  2.63542656e-02,
         6.03711924e-01,  1.75830745e-01, -2.83277923e-01,
         8.28746124e-01, -4.87432915e-01, -1.37689576e+00,
        -8.21162523e-02,  4.14273924e-01, -1.00195070e-01,
        -7.63148308e-02, -7.84587907e-02, -1.83284181e-01,
        -8.17842590e-02, -6.12534631e-02, -9.52418683e-03],
       [ 5.45183830e-01,  1.84690073e+00,  2.98561180e-01,
         1.75830745e-01,  9.10103962e-01, -2.50303614e-02,
         1.67949041e+00,  1.37055261e+00,  1.06010119e+00,
         1.46958846e-01,  2.12580551e-01, -4.40464872e-01,
        -2.58575173e-01, -1.30931341e-01, -9.84419937e-02,
        -8.42172368e-02, -1.73406683e-01,  3.84837361e-02],
       [-1.08303442e+00,  8.00550556e-02,  1.08669371e+00,
        -2.83277923e-01, -2.50303614e-02,  7.98417469e-01,
         8.31755346e-01, -5.70733948e-01,  3.15667511e+00,
        -2.82164355e-02, -7.34485200e-02, -3.64843094e-02,
         1.70309504e-01,  6.96515740e-02,  9.63862089e-02,
         6.81982600e-02,  1.04688831e-01, -4.93305495e-02],
       [ 9.89227044e-01,  2.99412778e+00,  2.03535379e+00,
         8.28746124e-01,  1.67949041e+00,  8.31755346e-01,
         9.24522064e+00,  1.49383236e+00,  3.97424045e+00,
        -1.85590206e-01,  5.86152329e-01, -3.78795815e-01,
        -3.68489980e-01, -1.33895766e-01, -3.10699567e-01,
        -2.77426171e-01, -4.52056662e-01, -1.40423243e-01],
       [-2.59575258e-01,  1.60610522e+00, -1.57423763e+00,
        -4.87432915e-01,  1.37055261e+00, -5.70733948e-01,
         1.49383236e+00,  8.25235358e+00, -1.08747188e+00,
        -5.18351543e-02, -1.04722235e+00, -1.26548732e-01,
        -4.89345719e-01,  9.03299030e-02,  3.75867853e-01,
        -3.28490124e-02, -3.78630948e-01,  2.65302271e-01],
       [-4.43696021e+00,  3.32877391e+00,  4.29954539e+00,
        -1.37689576e+00,  1.06010119e+00,  3.15667511e+00,
         3.97424045e+00, -1.08747188e+00,  1.77207367e+01,
         4.62111240e-01,  9.80331981e-02, -1.02321262e+00,
         3.92154460e-01, -2.14348857e-01,  2.76870094e-01,
         3.89540339e-01,  1.09835457e-01, -1.13749091e-01],
       [-1.47451892e-01,  4.77717206e-01,  5.06504398e-02,
        -8.21162523e-02,  1.46958846e-01, -2.82164355e-02,
        -1.85590206e-01, -5.18351543e-02,  4.62111240e-01,
         6.01299936e-01, -3.62365257e-02, -1.42448445e-01,
        -1.22187355e-01, -7.63117714e-03,  5.16434092e-02,
         2.18622114e-02,  4.88970638e-02,  1.42070014e-01],
       [ 8.86770218e-01,  6.69676746e-01,  4.79158541e-01,
         4.14273924e-01,  2.12580551e-01, -7.34485200e-02,
         5.86152329e-01, -1.04722235e+00,  9.80331981e-02,
        -3.62365257e-02,  9.35634536e-01, -3.38142514e-01,
        -5.71169003e-02, -2.34873174e-01, -2.97990083e-01,
        -9.64861727e-02, -4.54913576e-02, -1.35162816e-01],
       [-3.49416993e-01, -1.17166413e+00, -3.79890993e-01,
        -1.00195070e-01, -4.40464872e-01, -3.64843094e-02,
        -3.78795815e-01, -1.26548732e-01, -1.02321262e+00,
        -1.42448445e-01, -3.38142514e-01,  6.42475395e-01,
         8.33331134e-02,  1.99272636e-01,  5.30586513e-02,
        -2.96052837e-02,  9.37911810e-02,  3.55861233e-03],
       [-3.44293622e-01, -4.61025308e-01,  1.21230294e-01,
        -7.63148308e-02, -2.58575173e-01,  1.70309504e-01,
        -3.68489980e-01, -4.89345719e-01,  3.92154460e-01,
        -1.22187355e-01, -5.71169003e-02,  8.33331134e-02,
         1.83260143e-01,  5.52829033e-02,  3.44062679e-02,
         9.03646369e-02,  1.04590962e-01, -5.42358918e-02],
       [-2.70965587e-01, -3.75719953e-01, -3.13662670e-02,
        -7.84587907e-02, -1.30931341e-01,  6.96515740e-02,
        -1.33895766e-01,  9.03299030e-02, -2.14348857e-01,
        -7.63117714e-03, -2.34873174e-01,  1.99272636e-01,
         5.52829033e-02,  1.40962400e-01,  6.65960564e-02,
         1.30050047e-02,  9.56745960e-02,  2.07089746e-02],
       [-3.99849894e-01, -2.55921405e-01, -7.72443704e-02,
        -1.83284181e-01, -9.84419937e-02,  9.63862089e-02,
        -3.10699567e-01,  3.75867853e-01,  2.76870094e-01,
         5.16434092e-02, -2.97990083e-01,  5.30586513e-02,
         3.44062679e-02,  6.65960564e-02,  1.53883911e-01,
         5.79105170e-02,  2.47071210e-02,  7.92117496e-02],
       [-2.20848527e-01, -1.00176430e-01, -1.29840720e-02,
        -8.17842590e-02, -8.42172368e-02,  6.81982600e-02,
        -2.77426171e-01, -3.28490124e-02,  3.89540339e-01,
         2.18622114e-02, -9.64861727e-02, -2.96052837e-02,
         9.03646369e-02,  1.30050047e-02,  5.79105170e-02,
         9.54307947e-02,  4.40309684e-02,  7.67358081e-03],
       [-2.73434375e-01, -2.96462556e-01,  1.06207063e-01,
        -6.12534631e-02, -1.73406683e-01,  1.04688831e-01,
        -4.52056662e-01, -3.78630948e-01,  1.09835457e-01,
         4.88970638e-02, -4.54913576e-02,  9.37911810e-02,
         1.04590962e-01,  9.56745960e-02,  2.47071210e-02,
         4.40309684e-02,  1.53598996e-01, -8.81985738e-03],
       [ 6.60827095e-02,  5.60654303e-02, -1.04669401e-01,
        -9.52418683e-03,  3.84837361e-02, -4.93305495e-02,
        -1.40423243e-01,  2.65302271e-01, -1.13749091e-01,
         1.42070014e-01, -1.35162816e-01,  3.55861233e-03,
        -5.42358918e-02,  2.07089746e-02,  7.92117496e-02,
         7.67358081e-03, -8.81985738e-03,  1.10243144e-01]])
      jac: array([ 1.66803608e-05, -1.85703305e-05, -2.57460719e-05, -3.83082455e-05,
        3.32382270e-05,  5.89458112e-05,  3.52236758e-06, -9.49610761e-07,
       -3.00944455e-06,  2.62604753e-06, -6.69908573e-06, -2.19805655e-05,
        2.07119507e-05, -2.23613720e-05, -7.28746693e-05, -1.37094040e-05,
        2.82629475e-05,  4.96921023e-05])
  message: 'Desired error not necessarily achieved due to precision loss.'
     nfev: 2005
      nit: 62
     njev: 105
   status: 2
  success: False
        x: array([-0.73811112, -1.20793136,  0.65075741, -0.92254018, -1.25667962,
        0.19306228, -0.49047792, -2.03478138, -0.38863296,  0.04261732,
        0.59860121,  1.2020075 ,  0.12202722,  0.12040561, -0.34954312,
        1.13493897, -0.37414541, -0.04554908])
