Program Begingeth
      fun: 0.2802425224831392
 hess_inv: array([[ 5.17321249e+00, -1.90829020e+00,  6.80067815e-02,
         1.49099560e+00, -7.88077774e-01,  1.07673912e+00,
         1.51268837e+00,  1.97047764e+00,  2.68713664e+00,
        -7.77567106e-02, -9.15594038e-01,  9.37454889e-01,
        -9.34107279e-01,  4.71393558e-01,  4.44760101e-01,
        -2.43086684e-01,  5.50255349e-01, -2.85695737e-01],
       [-1.90829020e+00,  3.61988947e+00,  2.06871643e+00,
        -6.90685982e-01,  1.36070300e+00,  4.09351017e-01,
        -4.81669850e+00, -7.09518145e-01,  4.06482931e+00,
        -2.40756193e-01,  8.65579000e-01, -1.58857421e+00,
         5.78062714e-01, -4.95738189e-01, -4.04777549e-01,
         1.21166704e-01, -2.76807381e-01, -4.32534830e-02],
       [ 6.80067815e-02,  2.06871643e+00,  6.98598754e+00,
        -1.20797703e+00,  5.46459382e-01,  2.74466422e+00,
        -1.42645806e+01, -7.66900637e+00,  1.03939713e+01,
         1.70622056e-01,  2.73294775e+00, -1.49399675e+00,
        -2.79958154e-02, -4.40403078e-01, -1.00848973e+00,
         3.83888512e-01, -5.96283772e-02, -6.42848676e-01],
       [ 1.49099560e+00, -6.90685982e-01, -1.20797703e+00,
         7.32070128e-01, -2.64504335e-01, -1.93785730e-01,
         3.64619350e+00,  2.04130724e+00, -7.98187028e-01,
        -1.46543743e-01, -7.51511206e-01,  3.94623820e-01,
        -2.11833234e-01,  1.61166476e-01,  3.21892825e-01,
        -1.42884257e-01,  1.54482509e-01,  6.65236555e-02],
       [-7.88077774e-01,  1.36070300e+00,  5.46459382e-01,
        -2.64504335e-01,  6.23730854e-01,  9.07152238e-02,
        -2.08093188e+00,  7.58478266e-01,  9.94871246e-01,
         1.72209736e-02,  1.66138378e-01, -5.06414543e-01,
         2.47058057e-01, -1.24056690e-01, -8.52781039e-02,
         6.02177562e-02, -1.23798955e-01,  7.43517524e-03],
       [ 1.07673912e+00,  4.09351017e-01,  2.74466422e+00,
        -1.93785730e-01,  9.07152238e-02,  1.37184562e+00,
        -5.81497909e+00, -2.20233994e+00,  4.92778702e+00,
         2.17557339e-01,  7.98219908e-01, -3.57340664e-01,
        -2.35042973e-01, -6.68539081e-02, -2.62883811e-01,
         8.37688624e-02,  5.44352785e-02, -3.21378542e-01],
       [ 1.51268837e+00, -4.81669850e+00, -1.42645806e+01,
         3.64619350e+00, -2.08093188e+00, -5.81497909e+00,
         4.22347639e+01,  1.24831784e+01, -2.06130389e+01,
        -1.73318820e+00, -5.22861722e+00,  2.57914098e+00,
        -2.12935454e-01,  6.99003229e-01,  2.09996040e+00,
        -1.02014857e+00,  6.63034793e-01,  1.59901735e+00],
       [ 1.97047764e+00, -7.09518145e-01, -7.66900637e+00,
         2.04130724e+00,  7.58478266e-01, -2.20233994e+00,
         1.24831784e+01,  1.97108390e+01, -9.48981092e+00,
         4.74929264e-01, -4.13936370e+00,  1.23569941e+00,
        -2.01654556e-01,  7.09745791e-01,  1.86951049e+00,
        -6.56788465e-01,  1.17115426e-01,  6.99796155e-01],
       [ 2.68713664e+00,  4.06482931e+00,  1.03939713e+01,
        -7.98187028e-01,  9.94871246e-01,  4.92778702e+00,
        -2.06130389e+01, -9.48981092e+00,  2.35992928e+01,
         4.86540058e-01,  3.59133401e+00, -2.39206205e+00,
        -4.34691386e-01, -9.80848629e-01, -1.34625663e+00,
         2.52383457e-01, -1.79136860e-01, -1.19242043e+00],
       [-7.77567106e-02, -2.40756193e-01,  1.70622056e-01,
        -1.46543743e-01,  1.72209736e-02,  2.17557339e-01,
        -1.73318820e+00,  4.74929264e-01,  4.86540058e-01,
         8.79487368e-01,  1.19212897e-01,  7.37240275e-02,
        -1.77212133e-01, -1.79280933e-02, -4.06240544e-02,
         1.45152478e-02, -1.06856396e-01, -1.90243423e-01],
       [-9.15594038e-01,  8.65579000e-01,  2.73294775e+00,
        -7.51511206e-01,  1.66138378e-01,  7.98219908e-01,
        -5.22861722e+00, -4.13936370e+00,  3.59133401e+00,
         1.19212897e-01,  1.77944555e+00, -7.74582199e-01,
         1.08539751e-01, -3.86145820e-01, -6.30372472e-01,
         2.07203868e-01, -1.12925133e-01, -3.03915832e-01],
       [ 9.37454889e-01, -1.58857421e+00, -1.49399675e+00,
         3.94623820e-01, -5.06414543e-01, -3.57340664e-01,
         2.57914098e+00,  1.23569941e+00, -2.39206205e+00,
         7.37240275e-02, -7.74582199e-01,  1.13200309e+00,
        -2.12223452e-01,  3.64226032e-01,  2.32824986e-01,
        -3.02848169e-02,  1.70658359e-01,  7.65492380e-02],
       [-9.34107279e-01,  5.78062714e-01, -2.79958154e-02,
        -2.11833234e-01,  2.47058057e-01, -2.35042973e-01,
        -2.12935454e-01, -2.01654556e-01, -4.34691386e-01,
        -1.77212133e-01,  1.08539751e-01, -2.12223452e-01,
         2.98755289e-01, -9.32879902e-02, -7.07597084e-02,
         9.51373164e-02, -1.23445171e-01,  1.02673817e-01],
       [ 4.71393558e-01, -4.95738189e-01, -4.40403078e-01,
         1.61166476e-01, -1.24056690e-01, -6.68539081e-02,
         6.99003229e-01,  7.09745791e-01, -9.80848629e-01,
        -1.79280933e-02, -3.86145820e-01,  3.64226032e-01,
        -9.32879902e-02,  2.01604659e-01,  1.30637932e-01,
        -1.87013477e-02,  1.13974250e-01,  3.98654101e-02],
       [ 4.44760101e-01, -4.04777549e-01, -1.00848973e+00,
         3.21892825e-01, -8.52781039e-02, -2.62883811e-01,
         2.09996040e+00,  1.86951049e+00, -1.34625663e+00,
        -4.06240544e-02, -6.30372472e-01,  2.32824986e-01,
        -7.07597084e-02,  1.30637932e-01,  2.91701678e-01,
        -1.02267070e-01,  4.73770368e-02,  1.31144673e-01],
       [-2.43086684e-01,  1.21166704e-01,  3.83888512e-01,
        -1.42884257e-01,  6.02177562e-02,  8.37688624e-02,
        -1.02014857e+00, -6.56788465e-01,  2.52383457e-01,
         1.45152478e-02,  2.07203868e-01, -3.02848169e-02,
         9.51373164e-02, -1.87013477e-02, -1.02267070e-01,
         1.03355310e-01, -3.70685097e-02, -2.29690157e-02],
       [ 5.50255349e-01, -2.76807381e-01, -5.96283772e-02,
         1.54482509e-01, -1.23798955e-01,  5.44352785e-02,
         6.63034793e-01,  1.17115426e-01, -1.79136860e-01,
        -1.06856396e-01, -1.12925133e-01,  1.70658359e-01,
        -1.23445171e-01,  1.13974250e-01,  4.73770368e-02,
        -3.70685097e-02,  1.49242816e-01, -7.47204483e-03],
       [-2.85695737e-01, -4.32534830e-02, -6.42848676e-01,
         6.65236555e-02,  7.43517524e-03, -3.21378542e-01,
         1.59901735e+00,  6.99796155e-01, -1.19242043e+00,
        -1.90243423e-01, -3.03915832e-01,  7.65492380e-02,
         1.02673817e-01,  3.98654101e-02,  1.31144673e-01,
        -2.29690157e-02, -7.47204483e-03,  1.67935973e-01]])
      jac: array([-1.53499435e-05, -3.26220532e-06, -7.22866211e-06,  3.00622490e-05,
       -1.10259949e-05,  4.09265214e-05, -1.39925109e-06,  1.09542005e-06,
       -3.03497968e-06, -2.46802578e-06, -3.79955327e-06,  2.19343062e-06,
        3.04312131e-05, -5.19621383e-06, -4.93198075e-06, -2.17018995e-05,
        2.29742151e-05, -3.01122090e-05])
  message: 'Desired error not necessarily achieved due to precision loss.'
     nfev: 2253
      nit: 75
     njev: 118
   status: 2
  success: False
        x: array([ 7.78618792e-01, -8.29447069e-01,  5.62642139e-01,  1.16138621e+00,
       -9.10777588e-01,  1.15516253e-01,  8.66437358e-01, -1.50221964e+00,
       -5.94595553e-01,  4.24491840e-04,  6.22226377e-01,  1.12164914e+00,
        1.69918359e-02,  1.66864817e-01, -3.32279095e-01, -1.11213723e+00,
       -4.10020754e-01, -9.42127660e-03])
