Program Begingeth
      fun: 0.3634395785245625
 hess_inv: array([[ 7.70941410e+00,  3.65986297e-01,  2.19310964e-01,
         3.53532477e+00,  7.26824497e-02, -1.02128060e+00,
         6.52600881e+00,  2.80069380e-01, -7.98057941e+00,
         8.38430556e-01,  9.48112007e-01, -1.03653249e+00,
        -2.36972055e-01, -5.18421928e-01, -3.95461828e-01,
         1.31010320e-01, -2.89355053e-01, -8.67799163e-02],
       [ 3.65986297e-01,  2.63058145e+00, -1.13827211e-01,
         2.10625320e-01,  1.32155228e+00, -2.49969582e-01,
         2.31109145e+00,  1.81733218e+00,  1.93920821e+00,
         9.92663178e-01,  3.27364427e-01, -2.08476231e-01,
        -4.17611412e-01, -9.73775337e-05, -1.77047961e-01,
        -1.41350121e-01, -2.42218551e-02,  1.61438659e-01],
       [ 2.19310964e-01, -1.13827211e-01,  1.71598542e+00,
         2.23398616e-01, -1.60865843e-01,  8.13943238e-01,
        -5.72350718e-01, -2.35989773e+00, -1.20496956e-01,
         2.47966424e-01, -1.80376336e-01,  2.17417756e-01,
         1.21773462e-01,  2.03320716e-01,  7.34766580e-02,
         7.47839198e-04,  1.61509594e-01,  3.38746794e-02],
       [ 3.53532477e+00,  2.10625320e-01,  2.23398616e-01,
         1.65181789e+00,  5.08284568e-02, -4.10292992e-01,
         3.15655471e+00, -5.99040263e-02, -3.54530749e+00,
         4.11464699e-01,  4.48897395e-01, -4.23965230e-01,
        -9.62851981e-02, -2.16577134e-01, -1.90914220e-01,
         6.15121670e-02, -1.15459370e-01, -3.56443602e-02],
       [ 7.26824497e-02,  1.32155228e+00, -1.60865843e-01,
         5.08284568e-02,  7.81523195e-01, -2.04468370e-01,
         2.79845730e+00,  1.82983341e+00,  9.98515702e-01,
         4.82295229e-01,  1.93440781e-01, -1.36267364e-01,
        -3.54078738e-01, -2.02589206e-02, -7.46449640e-02,
        -1.09758414e-01, -1.06945088e-01,  1.42028579e-01],
       [-1.02128060e+00, -2.49969582e-01,  8.13943238e-01,
        -4.10292992e-01, -2.04468370e-01,  6.05728195e-01,
        -2.17216615e+00, -1.56470243e+00,  1.18345643e+00,
        -1.25152816e-01, -2.85191207e-01,  2.78861284e-01,
         2.05070469e-01,  1.91796761e-01,  1.13834000e-01,
         1.30942941e-02,  1.70458551e-01, -4.40265890e-03],
       [ 6.52600881e+00,  2.31109145e+00, -5.72350718e-01,
         3.15655471e+00,  2.79845730e+00, -2.17216615e+00,
         3.87742555e+01,  1.37553062e+01, -6.82627579e+00,
         1.61154358e+00,  1.69096729e+00, -1.64997695e+00,
        -2.97720678e+00, -9.73067207e-01, -2.84931014e-01,
        -5.49500292e-01, -2.08713304e+00,  1.12058120e+00],
       [ 2.80069380e-01,  1.81733218e+00, -2.35989773e+00,
        -5.99040263e-02,  1.82983341e+00, -1.56470243e+00,
         1.37553062e+01,  1.22025506e+01,  8.78197490e-01,
         3.31854663e-01,  6.98860651e-01, -1.34723500e+00,
        -1.32745695e+00, -5.03566898e-01,  5.83586546e-03,
        -1.91623205e-01, -8.21448967e-01,  4.76236371e-01],
       [-7.98057941e+00,  1.93920821e+00, -1.20496956e-01,
        -3.54530749e+00,  9.98515702e-01,  1.18345643e+00,
        -6.82627579e+00,  8.78197490e-01,  1.37788350e+01,
        -1.76084101e-01, -1.28995617e-01,  9.25643680e-01,
         1.58660343e-01,  4.95366399e-01,  2.40195667e-01,
        -2.07516751e-01,  4.75707446e-01,  2.30386279e-01],
       [ 8.38430556e-01,  9.92663178e-01,  2.47966424e-01,
         4.11464699e-01,  4.82295229e-01, -1.25152816e-01,
         1.61154358e+00,  3.31854663e-01, -1.76084101e-01,
         1.35542571e+00,  4.95934809e-02, -9.86460577e-02,
        -3.94421539e-01,  3.73449468e-02, -1.26010286e-02,
        -6.91337595e-02,  6.61771688e-03,  2.58818548e-01],
       [ 9.48112007e-01,  3.27364427e-01, -1.80376336e-01,
         4.48897395e-01,  1.93440781e-01, -2.85191207e-01,
         1.69096729e+00,  6.98860651e-01, -1.28995617e-01,
         4.95934809e-02,  8.65548991e-01, -2.06288431e-01,
        -9.24656106e-02, -2.34079381e-01, -2.15725650e-01,
        -2.37442064e-02, -7.81407543e-02, -9.38565188e-02],
       [-1.03653249e+00, -2.08476231e-01,  2.17417756e-01,
        -4.23965230e-01, -1.36267364e-01,  2.78861284e-01,
        -1.64997695e+00, -1.34723500e+00,  9.25643680e-01,
        -9.86460577e-02, -2.06288431e-01,  6.31443824e-01,
         9.95701971e-02,  1.86602393e-01, -1.72290101e-02,
        -6.23041652e-02,  1.41739496e-01, -4.99010394e-03],
       [-2.36972055e-01, -4.17611412e-01,  1.21773462e-01,
        -9.62851981e-02, -3.54078738e-01,  2.05070469e-01,
        -2.97720678e+00, -1.32745695e+00,  1.58660343e-01,
        -3.94421539e-01, -9.24656106e-02,  9.95701971e-02,
         3.65881411e-01,  5.42170421e-02,  7.39335070e-03,
         1.04172810e-01,  1.69954107e-01, -1.58509569e-01],
       [-5.18421928e-01, -9.73775337e-05,  2.03320716e-01,
        -2.16577134e-01, -2.02589206e-02,  1.91796761e-01,
        -9.73067207e-01, -5.03566898e-01,  4.95366399e-01,
         3.73449468e-02, -2.34079381e-01,  1.86602393e-01,
         5.42170421e-02,  1.36688103e-01,  4.88471012e-02,
        -7.00677592e-03,  1.00073312e-01,  2.69921450e-02],
       [-3.95461828e-01, -1.77047961e-01,  7.34766580e-02,
        -1.90914220e-01, -7.46449640e-02,  1.13834000e-01,
        -2.84931014e-01,  5.83586546e-03,  2.40195667e-01,
        -1.26010286e-02, -2.15725650e-01, -1.72290101e-02,
         7.39335070e-03,  4.88471012e-02,  1.15824669e-01,
         1.38503364e-02,  2.84168580e-03,  6.50132491e-02],
       [ 1.31010320e-01, -1.41350121e-01,  7.47839198e-04,
         6.15121670e-02, -1.09758414e-01,  1.30942941e-02,
        -5.49500292e-01, -1.91623205e-01, -2.07516751e-01,
        -6.91337595e-02, -2.37442064e-02, -6.23041652e-02,
         1.04172810e-01, -7.00677592e-03,  1.38503364e-02,
         6.75177126e-02,  3.26652209e-02, -3.67991817e-02],
       [-2.89355053e-01, -2.42218551e-02,  1.61509594e-01,
        -1.15459370e-01, -1.06945088e-01,  1.70458551e-01,
        -2.08713304e+00, -8.21448967e-01,  4.75707446e-01,
         6.61771688e-03, -7.81407543e-02,  1.41739496e-01,
         1.69954107e-01,  1.00073312e-01,  2.84168580e-03,
         3.26652209e-02,  1.74949522e-01, -4.90454625e-02],
       [-8.67799163e-02,  1.61438659e-01,  3.38746794e-02,
        -3.56443602e-02,  1.42028579e-01, -4.40265890e-03,
         1.12058120e+00,  4.76236371e-01,  2.30386279e-01,
         2.58818548e-01, -9.38565188e-02, -4.99010394e-03,
        -1.58509569e-01,  2.69921450e-02,  6.50132491e-02,
        -3.67991817e-02, -4.90454625e-02,  1.40088270e-01]])
      jac: array([-2.32702746e-06,  3.84063152e-06, -3.07901852e-07,  5.16845825e-06,
       -7.57986266e-06,  1.28563826e-06, -5.78426196e-07,  6.38378239e-07,
       -6.27276009e-07, -5.26615788e-07,  7.22385115e-07,  2.15494289e-06,
       -6.27720098e-06, -3.21964677e-08,  4.18295028e-06,  6.20244597e-07,
       -2.03355851e-06,  2.22969791e-06])
  message: 'Optimization terminated successfully.'
     nfev: 1672
      nit: 77
     njev: 88
   status: 0
  success: True
        x: array([-1.57215502, -1.06518276,  0.61344356, -1.44540645, -1.13977477,
        0.29841107, -0.28413136, -1.67662986,  0.71247538,  0.13176383,
        0.36975555,  1.19477421,  0.12668072,  0.06805851, -0.25644743,
        1.38605808, -0.56991293,  0.01911585])
