Program Begingeth
      fun: 0.27557977653943333
 hess_inv: array([[ 1.43848788e+01, -2.14384323e+00,  1.50284786e+01,
         1.66980457e+00, -1.93352082e+00,  6.13581305e+00,
        -1.36321324e+01, -4.93581509e+00,  1.10366568e+01,
        -2.19194470e+00,  3.37432105e+00, -1.13960869e+00,
        -3.01822459e+00,  1.53963803e-01, -8.35462535e-01,
        -1.29218027e-01,  2.23594009e+00, -2.55935094e-01],
       [-2.14384323e+00,  4.20104776e+00, -1.51890752e+00,
         1.55230318e-02,  1.62756969e+00, -6.18107279e-01,
         2.62681186e+00,  3.69049742e+00, -1.86994882e-01,
         2.16343845e-01, -7.32181022e-01, -1.10123726e+00,
         5.49204125e-01, -4.17176634e-01,  3.53827299e-01,
        -1.89610793e-01, -2.74549074e-01,  1.10937161e-01],
       [ 1.50284786e+01, -1.51890752e+00,  4.64423793e+01,
        -2.36927987e+00, -2.69099524e+00,  1.68173527e+01,
        -5.16511884e+01, -1.66117433e+01,  2.38828098e+01,
        -4.10599906e+00,  1.07823609e+01, -5.35185343e+00,
        -4.04880369e+00, -5.64499833e-01, -2.84786248e+00,
         2.28845899e-01,  3.82435729e+00,  2.79657890e-01],
       [ 1.66980457e+00,  1.55230318e-02, -2.36927987e+00,
         8.60708077e-01, -2.35523692e-02, -7.04232777e-01,
         4.13895439e+00,  1.14523120e+00, -1.35451570e-01,
        -5.77290052e-02, -5.46779948e-01,  2.66702461e-01,
        -1.57141366e-01,  2.48615179e-02,  1.71221864e-01,
        -6.65992680e-02,  1.73943572e-02, -8.97496570e-02],
       [-1.93352082e+00,  1.62756969e+00, -2.69099524e+00,
        -2.35523692e-02,  8.02743960e-01, -1.00905972e+00,
         2.98273977e+00,  2.41694034e+00, -1.38408417e+00,
         3.61215014e-01, -7.88393846e-01, -1.16115573e-01,
         4.65676838e-01, -9.72124018e-02,  2.74513926e-01,
        -4.92282175e-02, -3.16546721e-01,  5.29513171e-02],
       [ 6.13581305e+00, -6.18107279e-01,  1.68173527e+01,
        -7.04232777e-01, -1.00905972e+00,  6.21798550e+00,
        -1.87778803e+01, -5.66967356e+00,  9.14210571e+00,
        -1.42559747e+00,  3.77017696e+00, -1.87321468e+00,
        -1.63198050e+00, -1.57064159e-01, -9.71132021e-01,
         5.18455035e-02,  1.45114059e+00,  7.53517060e-02],
       [-1.36321324e+01,  2.62681186e+00, -5.16511884e+01,
         4.13895439e+00,  2.98273977e+00, -1.87778803e+01,
         6.44761790e+01,  1.85458496e+01, -2.45412588e+01,
         4.04025258e+00, -1.13670132e+01,  5.31513540e+00,
         4.26403922e+00,  1.74712570e-01,  3.00636859e+00,
        -3.75416145e-01, -4.12717767e+00, -4.31177340e-01],
       [-4.93581509e+00,  3.69049742e+00, -1.66117433e+01,
         1.14523120e+00,  2.41694034e+00, -5.66967356e+00,
         1.85458496e+01,  1.26963343e+01, -7.29453410e+00,
         2.02610291e+00, -4.32768992e+00,  1.09399815e+00,
         1.28903927e+00,  1.05152898e-02,  1.49073134e+00,
        -2.84618375e-01, -1.33300578e+00, -5.98724601e-02],
       [ 1.10366568e+01, -1.86994882e-01,  2.38828098e+01,
        -1.35451570e-01, -1.38408417e+00,  9.14210571e+00,
        -2.45412588e+01, -7.29453410e+00,  1.66230627e+01,
        -2.05369661e+00,  5.40141285e+00, -2.81815854e+00,
        -2.64454580e+00, -4.87196590e-01, -1.41253219e+00,
        -4.45200599e-02,  2.11430508e+00, -7.59622080e-02],
       [-2.19194470e+00,  2.16343845e-01, -4.10599906e+00,
        -5.77290052e-02,  3.61215014e-01, -1.42559747e+00,
         4.04025258e+00,  2.02610291e+00, -2.05369661e+00,
         1.21128389e+00, -8.78547488e-01,  4.20258161e-01,
         2.95874554e-01, -4.74452373e-03,  2.12819791e-01,
        -2.68878103e-02, -4.66038039e-01, -1.75762083e-01],
       [ 3.37432105e+00, -7.32181022e-01,  1.07823609e+01,
        -5.46779948e-01, -7.88393846e-01,  3.77017696e+00,
        -1.13670132e+01, -4.32768992e+00,  5.40141285e+00,
        -8.78547488e-01,  3.16948787e+00, -1.25350632e+00,
        -9.22905899e-01, -2.78626949e-01, -8.77724390e-01,
         9.13802527e-02,  8.45125668e-01, -7.25928232e-02],
       [-1.13960869e+00, -1.10123726e+00, -5.35185343e+00,
         2.66702461e-01, -1.16115573e-01, -1.87321468e+00,
         5.31513540e+00,  1.09399815e+00, -2.81815854e+00,
         4.20258161e-01, -1.25350632e+00,  1.32736021e+00,
         3.39861181e-01,  3.10767435e-01,  2.40197084e-01,
         7.43532489e-02, -3.24812404e-01, -3.26535494e-02],
       [-3.01822459e+00,  5.49204125e-01, -4.04880369e+00,
        -1.57141366e-01,  4.65676838e-01, -1.63198050e+00,
         4.26403922e+00,  1.28903927e+00, -2.64454580e+00,
         2.95874554e-01, -9.22905899e-01,  3.39861181e-01,
         7.92808908e-01, -3.36800595e-02,  2.35810708e-01,
         6.61578100e-02, -5.36746589e-01,  9.73266481e-02],
       [ 1.53963803e-01, -4.17176634e-01, -5.64499833e-01,
         2.48615179e-02, -9.72124018e-02, -1.57064159e-01,
         1.74712570e-01,  1.05152898e-02, -4.87196590e-01,
        -4.74452373e-03, -2.78626949e-01,  3.10767435e-01,
        -3.36800595e-02,  1.71713784e-01,  5.95071329e-02,
         2.23366019e-02,  4.87844986e-02,  2.33311110e-02],
       [-8.35462535e-01,  3.53827299e-01, -2.84786248e+00,
         1.71221864e-01,  2.74513926e-01, -9.71132021e-01,
         3.00636859e+00,  1.49073134e+00, -1.41253219e+00,
         2.12819791e-01, -8.77724390e-01,  2.40197084e-01,
         2.35810708e-01,  5.95071329e-02,  2.98332707e-01,
        -4.56337952e-02, -2.22230555e-01,  4.96471825e-02],
       [-1.29218027e-01, -1.89610793e-01,  2.28845899e-01,
        -6.65992680e-02, -4.92282175e-02,  5.18455035e-02,
        -3.75416145e-01, -2.84618375e-01, -4.45200599e-02,
        -2.68878103e-02,  9.13802527e-02,  7.43532489e-02,
         6.61578100e-02,  2.23366019e-02, -4.56337952e-02,
         7.07696992e-02, -7.85423257e-03,  1.65091248e-02],
       [ 2.23594009e+00, -2.74549074e-01,  3.82435729e+00,
         1.73943572e-02, -3.16546721e-01,  1.45114059e+00,
        -4.12717767e+00, -1.33300578e+00,  2.11430508e+00,
        -4.66038039e-01,  8.45125668e-01, -3.24812404e-01,
        -5.36746589e-01,  4.87844986e-02, -2.22230555e-01,
        -7.85423257e-03,  4.86427578e-01, -3.12119166e-03],
       [-2.55935094e-01,  1.10937161e-01,  2.79657890e-01,
        -8.97496570e-02,  5.29513171e-02,  7.53517060e-02,
        -4.31177340e-01, -5.98724601e-02, -7.59622080e-02,
        -1.75762083e-01, -7.25928232e-02, -3.26535494e-02,
         9.73266481e-02,  2.33311110e-02,  4.96471825e-02,
         1.65091248e-02, -3.12119166e-03,  1.12045158e-01]])
      jac: array([ 2.33901787e-05,  2.97987561e-05,  1.18309436e-04,  1.81613983e-05,
       -1.98589293e-05, -2.96247471e-04, -1.33674553e-05, -6.43929354e-07,
        6.72906175e-06,  3.80961929e-05, -3.10566387e-05,  1.27703033e-04,
       -9.24852787e-06, -1.86061907e-04,  1.24370884e-04, -9.91077591e-05,
       -9.38730575e-06,  6.95369688e-06])
  message: 'Desired error not necessarily achieved due to precision loss.'
     nfev: 2368
      nit: 81
     njev: 124
   status: 2
  success: False
        x: array([ 0.70890094, -0.77680519,  0.13977329,  1.25493877, -0.86180505,
       -0.05908554,  1.66190878, -1.14705666, -1.00646671, -0.00232268,
        0.51309423,  1.13619858,  0.04479612,  0.18100833, -0.28747067,
       -1.1656227 , -0.39481141,  0.01560568])
