/home/boittier/CubeTools/charges/f-butadiene/21_eq.xyz
/home/boittier/CubeTools/cubes/f-butadiene/B.0.p.cube
False
f-butadiene-0.p
1.5e-5
5
Tue Jun 29 11:43:29 CEST 2021
Program Begingeth
Base Error: Testing RMSE() on my cube, ref. pcube 0.698555721133883
Setting x as mdcm.positions_np
Warning: Maximum number of iterations has been exceeded.
         Current function value: 28.506172
         Iterations: 5
         Function evaluations: 576
         Gradient evaluations: 9
  allvecs: [array([ 3.62749639,  5.39255064,  3.70194196,  3.64849078,  2.39233631,
        1.55588837,  2.02966445,  1.23006449,  1.43446405, -1.10482825,
       -1.06771502, -1.22676338, -1.35877039, -1.32126209, -1.36416154,
       -0.91768032, -4.80561631, -2.23015219, -4.75443684, -2.94282771,
       -3.29940043,  2.10784958, -0.98184514, -1.12285111, -0.76232172,
       -1.8718385 , -1.02514287, -1.41626869, -0.80875787, -4.11818205,
        3.39699106,  2.80035963, -0.94730077, -0.32391435,  0.87239126,
       -1.08368723, -0.7611913 , -0.08892466, -1.45262152, -0.14013446,
       -1.39085055, -3.07612811, -0.01220937, -0.02872548, -0.0562901 ,
       -0.07238125,  0.21808298, -0.93997167,  0.31831227, -0.03471399,
        0.03933118,  0.0430546 ,  0.01839283, -0.61443608, -0.02092789,
       -0.01220193, -0.31613265, -0.37823296,  0.70889785, -0.19992816,
        0.53026919,  0.04848182,  0.05452928]), array([ 3.62730774,  5.40171494,  3.70272837,  3.647068  ,  2.39370984,
        1.546589  ,  2.0148739 ,  1.23070801,  1.41113576, -1.04128992,
       -1.05978766, -1.23201868, -1.39793444, -1.32805075, -1.3612939 ,
       -0.9579391 , -4.78198199, -2.0535757 , -5.07105572, -2.05088123,
       -3.53815181,  2.08997133, -0.97611955, -1.11725917, -0.76623546,
       -1.87265269, -1.02489249, -1.45549789, -0.81601715, -4.11266532,
        3.40810223,  2.77006671, -0.91956373, -0.28092995,  0.86257946,
       -1.08104867, -0.70659206, -0.09283169, -1.46116776, -0.19587003,
       -1.38614133, -2.98941306, -0.0393234 , -0.02802019, -0.06305912,
       -0.11312311,  0.22431361, -0.93970118,  0.34686147, -0.03603459,
        0.0476011 ,  0.02584145,  0.02006203, -0.61576897, -0.06430694,
       -0.0099159 , -0.32361326, -0.33524349,  0.70530725, -0.18725009,
        0.51913288,  0.04932095,  0.05097341]), array([ 3.626264  ,  5.45283797,  3.70563997,  3.63943433,  2.40392725,
        1.4921931 ,  1.93189074,  1.2447852 ,  1.2737093 , -0.67866131,
       -1.06666672, -1.25371696, -1.62500567, -1.33511901, -1.35217385,
       -1.10237142, -4.63405195, -1.88183038, -4.26759516, -1.63193645,
       -3.53518399,  1.99159039, -0.92551086, -1.0918988 , -0.78818028,
       -1.87407598, -1.02362305, -1.47115359, -0.99025323, -4.17348141,
        3.47243493,  2.58859183, -0.75126186, -0.03018547,  0.78022067,
       -1.04784612, -0.3898325 , -0.15458655, -1.49411231, -0.51741244,
       -1.30669637, -2.54948494, -0.1951905 , -0.00631535, -0.10950583,
       -0.3510587 ,  0.28694161, -0.95377673,  0.5084761 , -0.06268037,
        0.10332793, -0.07343769,  0.04138608, -0.6290561 , -0.31510842,
        0.03180698, -0.37959874, -0.08707607,  0.65936569, -0.09852291,
        0.45573708,  0.06155525,  0.02738824]), array([ 3.62662769,  5.55050041,  3.70924528,  3.6286798 ,  2.42351359,
        1.38427377,  1.7841522 ,  1.27144353,  1.00061123, -0.00944222,
       -1.08030672, -1.28393401, -2.05154461, -1.35078214, -1.34663304,
       -1.26111445, -4.77719167, -1.87366415, -2.78194598, -0.73169605,
       -3.28555669,  1.8133943 , -0.82798354, -1.05562326, -0.82908296,
       -1.87694932, -1.02220266, -1.54158006, -1.28268412, -4.29308748,
        3.57807144,  2.24137272, -0.40910364,  0.42531687,  0.62364793,
       -0.96713855,  0.19111935, -0.27311248, -1.54415937, -1.12423817,
       -1.16261507, -1.75907296, -0.48266461,  0.03348012, -0.20910027,
       -0.79065776,  0.40365248, -0.99813421,  0.80322972, -0.11238797,
        0.22280288, -0.25617092,  0.08126342, -0.66156879, -0.77894523,
        0.10854682, -0.50408156,  0.36544285,  0.57360596,  0.08970813,
        0.33968378,  0.08441247, -0.02277424]), array([ 3.65260021,  5.60813234,  3.69471127,  3.66426192,  2.43251447,
        1.30294185,  1.84573077,  1.28037212,  0.78620115,  0.05035711,
       -1.09776546, -1.18532022, -2.12740588, -1.3624611 , -1.40259153,
       -1.07632435, -4.5202899 , -1.85281285, -2.36538197, -0.43471456,
       -3.04778329,  1.86345513, -0.77247972, -1.1365537 , -0.83409065,
       -1.87907972, -1.02782615, -1.67744215, -1.26653556, -4.33346124,
        3.4450201 ,  2.0629544 , -0.08012051,  0.38758637,  0.54556326,
       -0.77529626,  0.20451626, -0.34672528, -1.43383147, -1.19346301,
       -1.10511199, -1.57505721, -0.47715292,  0.04267191, -0.33714485,
       -0.78036363,  0.44482535, -1.1457328 ,  0.78333643, -0.12970413,
        0.37705985, -0.24981452,  0.09668349, -0.73093217, -0.77375748,
        0.1283512 , -0.69085929,  0.3415244 ,  0.54366065,  0.32401594,
        0.34974792,  0.09242087, -0.08589847]), array([ 3.66670175,  5.62669035,  3.69005724,  3.69565137,  2.43619979,
        1.262851  ,  1.92312099,  1.28282342,  0.69539547,  0.00814717,
       -1.08991942, -1.20369218, -2.13501561, -1.37798807, -1.38021033,
       -1.11342643, -4.49065321, -1.85705461, -2.16022246, -0.30844088,
       -3.01346096,  1.94386029, -0.7458767 , -1.14336578, -0.83225933,
       -1.88204191, -1.02593992, -1.60971401, -1.3235547 , -4.39206538,
        3.30358132,  1.96291438,  0.07372784,  0.29095027,  0.50903001,
       -0.73030932,  0.13439531, -0.37923235, -1.4453432 , -1.1595353 ,
       -1.0854529 , -1.37233596, -0.42629731,  0.04224833, -0.36813271,
       -0.70194405,  0.46645338, -1.16216838,  0.72183126, -0.13058728,
        0.42260751, -0.21525923,  0.10270308, -0.74305275, -0.69446797,
        0.13326964, -0.72675455,  0.25556521,  0.53895851,  0.39790159,
        0.37735409,  0.0943594 , -0.10389895])]
      fun: 28.506172038018075
 hess_inv: array([[ 9.97887449e-01, -1.16356577e-03,  2.64138513e-03, ...,
         1.54198679e-04, -3.51168563e-04,  6.63604286e-04],
       [-1.16356577e-03,  9.98937784e-01,  3.03203817e-03, ...,
         5.63176900e-03, -6.04870677e-04,  5.22416661e-05],
       [ 2.64138513e-03,  3.03203817e-03,  9.98374440e-01, ...,
         3.43132958e-03,  3.86747598e-04, -3.05207633e-03],
       ...,
       [ 1.54198679e-04,  5.63176900e-03,  3.43132958e-03, ...,
         1.00522565e+00,  3.70037516e-04, -6.41044907e-03],
       [-3.51168563e-04, -6.04870677e-04,  3.86747598e-04, ...,
         3.70037516e-04,  9.99858637e-01,  3.99646606e-04],
       [ 6.63604286e-04,  5.22416661e-05, -3.05207633e-03, ...,
        -6.41044907e-03,  3.99646606e-04,  1.00006192e+00]])
      jac: array([-0.1471217 ,  0.25594636, -0.10425157, -0.86235084,  0.0860544 ,
        0.39082051, -2.85255078,  0.21012206,  0.60548086,  4.89194925,
       -0.43973709,  0.67009067, -2.35251424,  0.35349291, -0.75461556,
        1.52456135,  1.266332  , -0.04274182,  3.04520162,  2.76029224,
        0.2235758 , -3.06934572, -0.05390817,  0.12482349, -0.28889138,
        0.07884667, -0.06394707, -1.04346877, -3.11744602, -1.68358279,
        4.2777013 ,  0.33855285, -1.71195412,  5.06298047, -0.13452726,
       -0.42648995,  5.05947406,  0.0846322 ,  0.3322441 , -4.475053  ,
        0.42112427, -1.12485262, -3.03383772,  0.31819104,  0.09051759,
       -4.62510503,  0.14470488,  0.09844209,  3.31105114, -0.40869064,
       -0.22850912, -1.96519392,  0.11429623,  0.04269539, -4.83523813,
        0.38934045,  0.04859853,  4.87059935, -0.60537074, -0.49289542,
       -1.39808163,  0.12689883,  0.09446079])
  message: 'Maximum number of iterations has been exceeded.'
     nfev: 576
      nit: 5
     njev: 9
   status: 1
  success: False
        x: array([ 3.66670175,  5.62669035,  3.69005724,  3.69565137,  2.43619979,
        1.262851  ,  1.92312099,  1.28282342,  0.69539547,  0.00814717,
       -1.08991942, -1.20369218, -2.13501561, -1.37798807, -1.38021033,
       -1.11342643, -4.49065321, -1.85705461, -2.16022246, -0.30844088,
       -3.01346096,  1.94386029, -0.7458767 , -1.14336578, -0.83225933,
       -1.88204191, -1.02593992, -1.60971401, -1.3235547 , -4.39206538,
        3.30358132,  1.96291438,  0.07372784,  0.29095027,  0.50903001,
       -0.73030932,  0.13439531, -0.37923235, -1.4453432 , -1.1595353 ,
       -1.0854529 , -1.37233596, -0.42629731,  0.04224833, -0.36813271,
       -0.70194405,  0.46645338, -1.16216838,  0.72183126, -0.13058728,
        0.42260751, -0.21525923,  0.10270308, -0.74305275, -0.69446797,
        0.13326964, -0.72675455,  0.25556521,  0.53895851,  0.39790159,
        0.37735409,  0.0943594 , -0.10389895])
Tue Jun 29 12:09:25 CEST 2021
