Charges:    /home/boittier/water/6_charges_refined.xyz
Cube file:  /home/boittier/cubes/Water_4_4_3.pot.cube
In pickle:  /home/boittier/CubeTools/water_results/Water_4_4_4_out.p
Out pickle: /home/boittier/CubeTools/water_results/Water_4_4_3_out.p
EPS (BFGS): 1.5e-7
Maxiter:    100
Ignore:     0
Tue Jun 29 20:59:01 CEST 2021
Program Starting: BFGS Optimization
Tue Jun 29 20:59:02 CEST 2021

Charges:    /home/boittier/water/6_charges_refined.xyz
Cube file:  /home/boittier/water/Water_4_4_3.pot.cube
In pickle:  /home/boittier/CubeTools/water_results/Water_4_4_4_out.p
Out pickle: /home/boittier/CubeTools/water_results/Water_4_4_3_out.p
EPS (BFGS): 1.5e-7
Maxiter:    100
Ignore:     0
Tue Jun 29 21:05:14 CEST 2021
Program Starting: BFGS Optimization
Base Error: Testing RMSE() on my cube, ref. pcube 19.61076142341037
Ignoring indices: [0]
Keeping indices: [1, 2, 3, 4, 5]
Setting x from in_pickle /home/boittier/CubeTools/water_results/Water_4_4_4_out.p
[ 7.78289014e-01  5.35267955e-02 -1.33555781e+00  1.27055635e+00
 -7.07444432e-01 -4.22431352e-02 -8.12527575e-01 -6.01353328e-02
 -7.19783057e-01 -7.68402937e-01 -4.72152248e-02 -6.84310563e-01
 -2.88352976e-01  3.79925199e-01  3.88678678e-05]
Optimization terminated successfully.
         Current function value: 10.245038
         Iterations: 8
         Function evaluations: 160
         Gradient evaluations: 10
  allvecs: [array([ 7.78289014e-01,  5.35267955e-02, -1.33555781e+00,  1.27055635e+00,
       -7.07444432e-01, -4.22431352e-02, -8.12527575e-01, -6.01353328e-02,
       -7.19783057e-01, -7.68402937e-01, -4.72152248e-02, -6.84310563e-01,
       -2.88352976e-01,  3.79925199e-01,  3.88678678e-05]), array([ 7.78289014e-01,  5.35267955e-02, -1.33555781e+00,  9.98553949e-01,
       -8.91971440e-02, -7.93165889e-01, -8.12527575e-01, -6.01353328e-02,
       -7.19783057e-01, -7.68402937e-01, -4.72152248e-02, -6.84310563e-01,
       -2.88352976e-01,  3.79925199e-01,  3.88678678e-05]), array([ 7.78289014e-01,  5.35267955e-02, -1.33555781e+00,  1.13902438e+00,
        8.90066815e-02, -8.40226251e-01, -8.12527575e-01, -6.01353328e-02,
       -7.19783057e-01, -7.68402937e-01, -4.72152248e-02, -6.84310563e-01,
       -2.88352976e-01,  3.79925199e-01,  3.88678678e-05]), array([ 7.78289014e-01,  5.35267955e-02, -1.33555781e+00,  1.03838556e+00,
        2.26314686e-01, -8.46239993e-01, -8.12527575e-01, -6.01353328e-02,
       -7.19783057e-01, -7.68402937e-01, -4.72152248e-02, -6.84310563e-01,
       -2.88352976e-01,  3.79925199e-01,  3.88678678e-05]), array([ 7.78289014e-01,  5.35267955e-02, -1.33555781e+00,  9.66773680e-01,
        1.87744680e-01, -1.07726221e+00, -8.12527575e-01, -6.01353328e-02,
       -7.19783057e-01, -7.68402937e-01, -4.72152248e-02, -6.84310563e-01,
       -2.88352976e-01,  3.79925199e-01,  3.88678678e-05]), array([ 7.78289014e-01,  5.35267955e-02, -1.33555781e+00,  9.45520591e-01,
        1.96356831e-01, -9.86006360e-01, -8.12527575e-01, -6.01353328e-02,
       -7.19783057e-01, -7.68402937e-01, -4.72152248e-02, -6.84310563e-01,
       -2.88352976e-01,  3.79925199e-01,  3.88678678e-05]), array([ 7.78289014e-01,  5.35267955e-02, -1.33555781e+00,  9.49831767e-01,
        1.99061466e-01, -9.89380162e-01, -8.12527575e-01, -6.01353328e-02,
       -7.19783057e-01, -7.68402937e-01, -4.72152248e-02, -6.84310563e-01,
       -2.88352976e-01,  3.79925199e-01,  3.88678678e-05]), array([ 7.78289014e-01,  5.35267955e-02, -1.33555781e+00,  9.49615653e-01,
        1.98785928e-01, -9.89596767e-01, -8.12527575e-01, -6.01353328e-02,
       -7.19783057e-01, -7.68402937e-01, -4.72152248e-02, -6.84310563e-01,
       -2.88352976e-01,  3.79925199e-01,  3.88678678e-05]), array([ 7.78289014e-01,  5.35267955e-02, -1.33555781e+00,  9.49621282e-01,
        1.98794795e-01, -9.89583542e-01, -8.12527575e-01, -6.01353328e-02,
       -7.19783057e-01, -7.68402937e-01, -4.72152248e-02, -6.84310563e-01,
       -2.88352976e-01,  3.79925199e-01,  3.88678678e-05])]
      fun: 10.245037802998253
 hess_inv: array([[ 1.        ,  0.        ,  0.        ,  0.        ,  0.        ,
         0.        ,  0.        ,  0.        ,  0.        ,  0.        ,
         0.        ,  0.        ,  0.        ,  0.        ,  0.        ],
       [ 0.        ,  1.        ,  0.        ,  0.        ,  0.        ,
         0.        ,  0.        ,  0.        ,  0.        ,  0.        ,
         0.        ,  0.        ,  0.        ,  0.        ,  0.        ],
       [ 0.        ,  0.        ,  1.        ,  0.        ,  0.        ,
         0.        ,  0.        ,  0.        ,  0.        ,  0.        ,
         0.        ,  0.        ,  0.        ,  0.        ,  0.        ],
       [ 0.        ,  0.        ,  0.        ,  0.04459497, -0.00628552,
         0.00840389,  0.        ,  0.        ,  0.        ,  0.        ,
         0.        ,  0.        ,  0.        ,  0.        ,  0.        ],
       [ 0.        ,  0.        ,  0.        , -0.00628552,  0.07952624,
        -0.00147339,  0.        ,  0.        ,  0.        ,  0.        ,
         0.        ,  0.        ,  0.        ,  0.        ,  0.        ],
       [ 0.        ,  0.        ,  0.        ,  0.00840389, -0.00147339,
         0.05680087,  0.        ,  0.        ,  0.        ,  0.        ,
         0.        ,  0.        ,  0.        ,  0.        ,  0.        ],
       [ 0.        ,  0.        ,  0.        ,  0.        ,  0.        ,
         0.        ,  1.        ,  0.        ,  0.        ,  0.        ,
         0.        ,  0.        ,  0.        ,  0.        ,  0.        ],
       [ 0.        ,  0.        ,  0.        ,  0.        ,  0.        ,
         0.        ,  0.        ,  1.        ,  0.        ,  0.        ,
         0.        ,  0.        ,  0.        ,  0.        ,  0.        ],
       [ 0.        ,  0.        ,  0.        ,  0.        ,  0.        ,
         0.        ,  0.        ,  0.        ,  1.        ,  0.        ,
         0.        ,  0.        ,  0.        ,  0.        ,  0.        ],
       [ 0.        ,  0.        ,  0.        ,  0.        ,  0.        ,
         0.        ,  0.        ,  0.        ,  0.        ,  1.        ,
         0.        ,  0.        ,  0.        ,  0.        ,  0.        ],
       [ 0.        ,  0.        ,  0.        ,  0.        ,  0.        ,
         0.        ,  0.        ,  0.        ,  0.        ,  0.        ,
         1.        ,  0.        ,  0.        ,  0.        ,  0.        ],
       [ 0.        ,  0.        ,  0.        ,  0.        ,  0.        ,
         0.        ,  0.        ,  0.        ,  0.        ,  0.        ,
         0.        ,  1.        ,  0.        ,  0.        ,  0.        ],
       [ 0.        ,  0.        ,  0.        ,  0.        ,  0.        ,
         0.        ,  0.        ,  0.        ,  0.        ,  0.        ,
         0.        ,  0.        ,  1.        ,  0.        ,  0.        ],
       [ 0.        ,  0.        ,  0.        ,  0.        ,  0.        ,
         0.        ,  0.        ,  0.        ,  0.        ,  0.        ,
         0.        ,  0.        ,  0.        ,  1.        ,  0.        ],
       [ 0.        ,  0.        ,  0.        ,  0.        ,  0.        ,
         0.        ,  0.        ,  0.        ,  0.        ,  0.        ,
         0.        ,  0.        ,  0.        ,  0.        ,  1.        ]])
      jac: array([ 0.00000000e+00,  0.00000000e+00,  0.00000000e+00, -1.66977543e-06,
        0.00000000e+00,  9.23705557e-07,  0.00000000e+00,  0.00000000e+00,
        0.00000000e+00,  0.00000000e+00,  0.00000000e+00,  0.00000000e+00,
        0.00000000e+00,  0.00000000e+00,  0.00000000e+00])
  message: 'Optimization terminated successfully.'
     nfev: 160
      nit: 8
     njev: 10
   status: 0
  success: True
        x: array([ 7.78289014e-01,  5.35267955e-02, -1.33555781e+00,  9.49621282e-01,
        1.98794795e-01, -9.89583542e-01, -8.12527575e-01, -6.01353328e-02,
       -7.19783057e-01, -7.68402937e-01, -4.72152248e-02, -6.84310563e-01,
       -2.88352976e-01,  3.79925199e-01,  3.88678678e-05])
Tue Jun 29 21:12:42 CEST 2021

Charges:    /home/boittier/water/6_charges_refined.xyz
Cube file:  /home/boittier/water/Water_4_4_3.pot.cube
In pickle:  /home/boittier/CubeTools/water_results/Water_4_4_8_out.p
Out pickle: /home/boittier/CubeTools/water_results/Water_4_4_3_out.p
EPS (BFGS): 1.5e-8
Maxiter:    100
Ignore:     0
Tue Jun 29 23:56:36 CEST 2021
Program Starting: BFGS Optimization
Base Error: Testing RMSE() on my cube, ref. pcube 19.61076142341037
Ignoring indices: [0]
Keeping indices: [1, 2, 3, 4, 5]
Setting x from in_pickle /home/boittier/CubeTools/water_results/Water_4_4_8_out.p
[ 0.5901287  -0.07917397  0.49001782  0.20526045 -1.19081641 -0.52606914
  1.21255583 -1.65628024 -0.72977929 -0.8720297   0.05622157  0.54982986
  0.12013544 -0.00613119 -0.25511522  0.07246247  1.45185979 -0.58488061]
Optimization terminated successfully.
         Current function value: 10.245038
         Iterations: 8
         Function evaluations: 228
         Gradient evaluations: 12
  allvecs: [array([ 0.5901287 , -0.07917397,  0.49001782,  0.20526045, -1.19081641,
       -0.52606914,  1.21255583, -1.65628024, -0.72977929, -0.8720297 ,
        0.05622157,  0.54982986,  0.12013544, -0.00613119, -0.25511522,
        0.07246247,  1.45185979, -0.58488061]), array([ 0.5901287 , -0.07917397,  0.49001782,  0.85398681, -0.49954013,
       -0.87448158,  1.21255583, -1.65628024, -0.72977929, -0.8720297 ,
        0.05622157,  0.54982986,  0.12013544, -0.00613119, -0.25511522,
        0.07246247,  1.45185979, -0.58488061]), array([ 0.5901287 , -0.07917397,  0.49001782,  0.78850745,  0.15613197,
       -0.93873126,  1.21255583, -1.65628024, -0.72977929, -0.8720297 ,
        0.05622157,  0.54982986,  0.12013544, -0.00613119, -0.25511522,
        0.07246247,  1.45185979, -0.58488061]), array([ 0.5901287 , -0.07917397,  0.49001782,  0.94562035,  0.20468696,
       -0.94286507,  1.21255583, -1.65628024, -0.72977929, -0.8720297 ,
        0.05622157,  0.54982986,  0.12013544, -0.00613119, -0.25511522,
        0.07246247,  1.45185979, -0.58488061]), array([ 0.5901287 , -0.07917397,  0.49001782,  0.94131993,  0.20049838,
       -0.98646865,  1.21255583, -1.65628024, -0.72977929, -0.8720297 ,
        0.05622157,  0.54982986,  0.12013544, -0.00613119, -0.25511522,
        0.07246247,  1.45185979, -0.58488061]), array([ 0.5901287 , -0.07917397,  0.49001782,  0.95056097,  0.19784336,
       -0.98955815,  1.21255583, -1.65628024, -0.72977929, -0.8720297 ,
        0.05622157,  0.54982986,  0.12013544, -0.00613119, -0.25511522,
        0.07246247,  1.45185979, -0.58488061]), array([ 0.5901287 , -0.07917397,  0.49001782,  0.94962205,  0.19898271,
       -0.98961671,  1.21255583, -1.65628024, -0.72977929, -0.8720297 ,
        0.05622157,  0.54982986,  0.12013544, -0.00613119, -0.25511522,
        0.07246247,  1.45185979, -0.58488061]), array([ 0.5901287 , -0.07917397,  0.49001782,  0.94960963,  0.1987769 ,
       -0.98957937,  1.21255583, -1.65628024, -0.72977929, -0.8720297 ,
        0.05622157,  0.54982986,  0.12013544, -0.00613119, -0.25511522,
        0.07246247,  1.45185979, -0.58488061]), array([ 0.5901287 , -0.07917397,  0.49001782,  0.94962172,  0.19879469,
       -0.98958387,  1.21255583, -1.65628024, -0.72977929, -0.8720297 ,
        0.05622157,  0.54982986,  0.12013544, -0.00613119, -0.25511522,
        0.07246247,  1.45185979, -0.58488061])]
      fun: 10.245037803000875
 hess_inv: array([[ 1.00000000e+00,  0.00000000e+00,  0.00000000e+00,
         0.00000000e+00,  0.00000000e+00,  0.00000000e+00,
         0.00000000e+00,  0.00000000e+00,  0.00000000e+00,
         0.00000000e+00,  0.00000000e+00,  0.00000000e+00,
         0.00000000e+00,  0.00000000e+00,  0.00000000e+00,
         0.00000000e+00,  0.00000000e+00,  0.00000000e+00],
       [ 0.00000000e+00,  1.00000000e+00,  0.00000000e+00,
         0.00000000e+00,  0.00000000e+00,  0.00000000e+00,
         0.00000000e+00,  0.00000000e+00,  0.00000000e+00,
         0.00000000e+00,  0.00000000e+00,  0.00000000e+00,
         0.00000000e+00,  0.00000000e+00,  0.00000000e+00,
         0.00000000e+00,  0.00000000e+00,  0.00000000e+00],
       [ 0.00000000e+00,  0.00000000e+00,  1.00000000e+00,
         0.00000000e+00,  0.00000000e+00,  0.00000000e+00,
         0.00000000e+00,  0.00000000e+00,  0.00000000e+00,
         0.00000000e+00,  0.00000000e+00,  0.00000000e+00,
         0.00000000e+00,  0.00000000e+00,  0.00000000e+00,
         0.00000000e+00,  0.00000000e+00,  0.00000000e+00],
       [ 0.00000000e+00,  0.00000000e+00,  0.00000000e+00,
         4.61445874e-02, -6.09528379e-03,  8.42043831e-03,
         0.00000000e+00,  0.00000000e+00,  0.00000000e+00,
         0.00000000e+00,  0.00000000e+00,  0.00000000e+00,
         0.00000000e+00,  0.00000000e+00,  0.00000000e+00,
         0.00000000e+00,  0.00000000e+00,  0.00000000e+00],
       [ 0.00000000e+00,  0.00000000e+00,  0.00000000e+00,
        -6.09528379e-03,  7.86074608e-02, -7.74416015e-04,
         0.00000000e+00,  0.00000000e+00,  0.00000000e+00,
         0.00000000e+00,  0.00000000e+00,  0.00000000e+00,
         0.00000000e+00,  0.00000000e+00,  0.00000000e+00,
         0.00000000e+00,  0.00000000e+00,  0.00000000e+00],
       [ 0.00000000e+00,  0.00000000e+00,  0.00000000e+00,
         8.42043831e-03, -7.74416015e-04,  5.72030911e-02,
         0.00000000e+00,  0.00000000e+00,  0.00000000e+00,
         0.00000000e+00,  0.00000000e+00,  0.00000000e+00,
         0.00000000e+00,  0.00000000e+00,  0.00000000e+00,
         0.00000000e+00,  0.00000000e+00,  0.00000000e+00],
       [ 0.00000000e+00,  0.00000000e+00,  0.00000000e+00,
         0.00000000e+00,  0.00000000e+00,  0.00000000e+00,
         1.00000000e+00,  0.00000000e+00,  0.00000000e+00,
         0.00000000e+00,  0.00000000e+00,  0.00000000e+00,
         0.00000000e+00,  0.00000000e+00,  0.00000000e+00,
         0.00000000e+00,  0.00000000e+00,  0.00000000e+00],
       [ 0.00000000e+00,  0.00000000e+00,  0.00000000e+00,
         0.00000000e+00,  0.00000000e+00,  0.00000000e+00,
         0.00000000e+00,  1.00000000e+00,  0.00000000e+00,
         0.00000000e+00,  0.00000000e+00,  0.00000000e+00,
         0.00000000e+00,  0.00000000e+00,  0.00000000e+00,
         0.00000000e+00,  0.00000000e+00,  0.00000000e+00],
       [ 0.00000000e+00,  0.00000000e+00,  0.00000000e+00,
         0.00000000e+00,  0.00000000e+00,  0.00000000e+00,
         0.00000000e+00,  0.00000000e+00,  1.00000000e+00,
         0.00000000e+00,  0.00000000e+00,  0.00000000e+00,
         0.00000000e+00,  0.00000000e+00,  0.00000000e+00,
         0.00000000e+00,  0.00000000e+00,  0.00000000e+00],
       [ 0.00000000e+00,  0.00000000e+00,  0.00000000e+00,
         0.00000000e+00,  0.00000000e+00,  0.00000000e+00,
         0.00000000e+00,  0.00000000e+00,  0.00000000e+00,
         1.00000000e+00,  0.00000000e+00,  0.00000000e+00,
         0.00000000e+00,  0.00000000e+00,  0.00000000e+00,
         0.00000000e+00,  0.00000000e+00,  0.00000000e+00],
       [ 0.00000000e+00,  0.00000000e+00,  0.00000000e+00,
         0.00000000e+00,  0.00000000e+00,  0.00000000e+00,
         0.00000000e+00,  0.00000000e+00,  0.00000000e+00,
         0.00000000e+00,  1.00000000e+00,  0.00000000e+00,
         0.00000000e+00,  0.00000000e+00,  0.00000000e+00,
         0.00000000e+00,  0.00000000e+00,  0.00000000e+00],
       [ 0.00000000e+00,  0.00000000e+00,  0.00000000e+00,
         0.00000000e+00,  0.00000000e+00,  0.00000000e+00,
         0.00000000e+00,  0.00000000e+00,  0.00000000e+00,
         0.00000000e+00,  0.00000000e+00,  1.00000000e+00,
         0.00000000e+00,  0.00000000e+00,  0.00000000e+00,
         0.00000000e+00,  0.00000000e+00,  0.00000000e+00],
       [ 0.00000000e+00,  0.00000000e+00,  0.00000000e+00,
         0.00000000e+00,  0.00000000e+00,  0.00000000e+00,
         0.00000000e+00,  0.00000000e+00,  0.00000000e+00,
         0.00000000e+00,  0.00000000e+00,  0.00000000e+00,
         1.00000000e+00,  0.00000000e+00,  0.00000000e+00,
         0.00000000e+00,  0.00000000e+00,  0.00000000e+00],
       [ 0.00000000e+00,  0.00000000e+00,  0.00000000e+00,
         0.00000000e+00,  0.00000000e+00,  0.00000000e+00,
         0.00000000e+00,  0.00000000e+00,  0.00000000e+00,
         0.00000000e+00,  0.00000000e+00,  0.00000000e+00,
         0.00000000e+00,  1.00000000e+00,  0.00000000e+00,
         0.00000000e+00,  0.00000000e+00,  0.00000000e+00],
       [ 0.00000000e+00,  0.00000000e+00,  0.00000000e+00,
         0.00000000e+00,  0.00000000e+00,  0.00000000e+00,
         0.00000000e+00,  0.00000000e+00,  0.00000000e+00,
         0.00000000e+00,  0.00000000e+00,  0.00000000e+00,
         0.00000000e+00,  0.00000000e+00,  1.00000000e+00,
         0.00000000e+00,  0.00000000e+00,  0.00000000e+00],
       [ 0.00000000e+00,  0.00000000e+00,  0.00000000e+00,
         0.00000000e+00,  0.00000000e+00,  0.00000000e+00,
         0.00000000e+00,  0.00000000e+00,  0.00000000e+00,
         0.00000000e+00,  0.00000000e+00,  0.00000000e+00,
         0.00000000e+00,  0.00000000e+00,  0.00000000e+00,
         1.00000000e+00,  0.00000000e+00,  0.00000000e+00],
       [ 0.00000000e+00,  0.00000000e+00,  0.00000000e+00,
         0.00000000e+00,  0.00000000e+00,  0.00000000e+00,
         0.00000000e+00,  0.00000000e+00,  0.00000000e+00,
         0.00000000e+00,  0.00000000e+00,  0.00000000e+00,
         0.00000000e+00,  0.00000000e+00,  0.00000000e+00,
         0.00000000e+00,  1.00000000e+00,  0.00000000e+00],
       [ 0.00000000e+00,  0.00000000e+00,  0.00000000e+00,
         0.00000000e+00,  0.00000000e+00,  0.00000000e+00,
         0.00000000e+00,  0.00000000e+00,  0.00000000e+00,
         0.00000000e+00,  0.00000000e+00,  0.00000000e+00,
         0.00000000e+00,  0.00000000e+00,  0.00000000e+00,
         0.00000000e+00,  0.00000000e+00,  1.00000000e+00]])
      jac: array([0.00000000e+00, 0.00000000e+00, 0.00000000e+00, 9.00020797e-06,
       7.10542736e-07, 1.18423789e-06, 0.00000000e+00, 0.00000000e+00,
       0.00000000e+00, 0.00000000e+00, 0.00000000e+00, 0.00000000e+00,
       0.00000000e+00, 0.00000000e+00, 0.00000000e+00, 0.00000000e+00,
       0.00000000e+00, 0.00000000e+00])
  message: 'Optimization terminated successfully.'
     nfev: 228
      nit: 8
     njev: 12
   status: 0
  success: True
        x: array([ 0.5901287 , -0.07917397,  0.49001782,  0.94962172,  0.19879469,
       -0.98958387,  1.21255583, -1.65628024, -0.72977929, -0.8720297 ,
        0.05622157,  0.54982986,  0.12013544, -0.00613119, -0.25511522,
        0.07246247,  1.45185979, -0.58488061])
Wed Jun 30 00:06:30 CEST 2021

Charges:    /home/boittier/water/6_charges_refined.xyz
Cube file:  /home/boittier/water/Water_4_4_3.pot.cube
In pickle:  /home/boittier/CubeTools/water_results/Water_4_4_4_out.1.p
Out pickle: /home/boittier/CubeTools/water_results/Water_4_4_3_out.p
EPS (BFGS): 1.5e-8
Maxiter:    100
Ignore:     0
Wed Jun 30 08:44:21 CEST 2021
Program Starting: BFGS Optimization
Base Error: Testing RMSE() on my cube, ref. pcube 19.61076142341037
Ignoring indices: [0]
Keeping indices: [1, 2, 3, 4, 5]
Setting x from in_pickle /home/boittier/CubeTools/water_results/Water_4_4_4_out.1.p
[ 7.78289014e-01  5.35267955e-02 -1.33555781e+00  9.48540890e-01
  2.01896061e-01 -9.67890940e-01 -8.12527575e-01 -6.01353328e-02
 -7.19783057e-01 -7.68402937e-01 -4.72152248e-02 -6.84310563e-01
 -2.88352976e-01  3.79925199e-01  3.88678678e-05]
Optimization terminated successfully.
         Current function value: 10.245038
         Iterations: 7
         Function evaluations: 192
         Gradient evaluations: 12
  allvecs: [array([ 7.78289014e-01,  5.35267955e-02, -1.33555781e+00,  9.48540890e-01,
        2.01896061e-01, -9.67890940e-01, -8.12527575e-01, -6.01353328e-02,
       -7.19783057e-01, -7.68402937e-01, -4.72152248e-02, -6.84310563e-01,
       -2.88352976e-01,  3.79925199e-01,  3.88678678e-05]), array([ 7.78289014e-01,  5.35267955e-02, -1.33555781e+00,  9.53035617e-01,
        2.00089455e-01, -9.86947767e-01, -8.12527575e-01, -6.01353328e-02,
       -7.19783057e-01, -7.68402937e-01, -4.72152248e-02, -6.84310563e-01,
       -2.88352976e-01,  3.79925199e-01,  3.88678678e-05]), array([ 7.78289014e-01,  5.35267955e-02, -1.33555781e+00,  9.49374213e-01,
        1.98999061e-01, -9.88647686e-01, -8.12527575e-01, -6.01353328e-02,
       -7.19783057e-01, -7.68402937e-01, -4.72152248e-02, -6.84310563e-01,
       -2.88352976e-01,  3.79925199e-01,  3.88678678e-05]), array([ 7.78289014e-01,  5.35267955e-02, -1.33555781e+00,  9.49616161e-01,
        1.98301744e-01, -9.88993763e-01, -8.12527575e-01, -6.01353328e-02,
       -7.19783057e-01, -7.68402937e-01, -4.72152248e-02, -6.84310563e-01,
       -2.88352976e-01,  3.79925199e-01,  3.88678678e-05]), array([ 7.78289014e-01,  5.35267955e-02, -1.33555781e+00,  9.49622271e-01,
        1.98815809e-01, -9.89609455e-01, -8.12527575e-01, -6.01353328e-02,
       -7.19783057e-01, -7.68402937e-01, -4.72152248e-02, -6.84310563e-01,
       -2.88352976e-01,  3.79925199e-01,  3.88678678e-05]), array([ 7.78289014e-01,  5.35267955e-02, -1.33555781e+00,  9.49621680e-01,
        1.98795521e-01, -9.89582920e-01, -8.12527575e-01, -6.01353328e-02,
       -7.19783057e-01, -7.68402937e-01, -4.72152248e-02, -6.84310563e-01,
       -2.88352976e-01,  3.79925199e-01,  3.88678678e-05]), array([ 7.78289014e-01,  5.35267955e-02, -1.33555781e+00,  9.49621529e-01,
        1.98795163e-01, -9.89583261e-01, -8.12527575e-01, -6.01353328e-02,
       -7.19783057e-01, -7.68402937e-01, -4.72152248e-02, -6.84310563e-01,
       -2.88352976e-01,  3.79925199e-01,  3.88678678e-05]), array([ 7.78289014e-01,  5.35267955e-02, -1.33555781e+00,  9.49621393e-01,
        1.98794735e-01, -9.89583903e-01, -8.12527575e-01, -6.01353328e-02,
       -7.19783057e-01, -7.68402937e-01, -4.72152248e-02, -6.84310563e-01,
       -2.88352976e-01,  3.79925199e-01,  3.88678678e-05])]
      fun: 10.245037802999033
 hess_inv: array([[1.        , 0.        , 0.        , 0.        , 0.        ,
        0.        , 0.        , 0.        , 0.        , 0.        ,
        0.        , 0.        , 0.        , 0.        , 0.        ],
       [0.        , 1.        , 0.        , 0.        , 0.        ,
        0.        , 0.        , 0.        , 0.        , 0.        ,
        0.        , 0.        , 0.        , 0.        , 0.        ],
       [0.        , 0.        , 1.        , 0.        , 0.        ,
        0.        , 0.        , 0.        , 0.        , 0.        ,
        0.        , 0.        , 0.        , 0.        , 0.        ],
       [0.        , 0.        , 0.        , 0.04786274, 0.0198566 ,
        0.06657771, 0.        , 0.        , 0.        , 0.        ,
        0.        , 0.        , 0.        , 0.        , 0.        ],
       [0.        , 0.        , 0.        , 0.0198566 , 0.17698355,
        0.17348968, 0.        , 0.        , 0.        , 0.        ,
        0.        , 0.        , 0.        , 0.        , 0.        ],
       [0.        , 0.        , 0.        , 0.06657771, 0.17348968,
        0.29967457, 0.        , 0.        , 0.        , 0.        ,
        0.        , 0.        , 0.        , 0.        , 0.        ],
       [0.        , 0.        , 0.        , 0.        , 0.        ,
        0.        , 1.        , 0.        , 0.        , 0.        ,
        0.        , 0.        , 0.        , 0.        , 0.        ],
       [0.        , 0.        , 0.        , 0.        , 0.        ,
        0.        , 0.        , 1.        , 0.        , 0.        ,
        0.        , 0.        , 0.        , 0.        , 0.        ],
       [0.        , 0.        , 0.        , 0.        , 0.        ,
        0.        , 0.        , 0.        , 1.        , 0.        ,
        0.        , 0.        , 0.        , 0.        , 0.        ],
       [0.        , 0.        , 0.        , 0.        , 0.        ,
        0.        , 0.        , 0.        , 0.        , 1.        ,
        0.        , 0.        , 0.        , 0.        , 0.        ],
       [0.        , 0.        , 0.        , 0.        , 0.        ,
        0.        , 0.        , 0.        , 0.        , 0.        ,
        1.        , 0.        , 0.        , 0.        , 0.        ],
       [0.        , 0.        , 0.        , 0.        , 0.        ,
        0.        , 0.        , 0.        , 0.        , 0.        ,
        0.        , 1.        , 0.        , 0.        , 0.        ],
       [0.        , 0.        , 0.        , 0.        , 0.        ,
        0.        , 0.        , 0.        , 0.        , 0.        ,
        0.        , 0.        , 1.        , 0.        , 0.        ],
       [0.        , 0.        , 0.        , 0.        , 0.        ,
        0.        , 0.        , 0.        , 0.        , 0.        ,
        0.        , 0.        , 0.        , 1.        , 0.        ],
       [0.        , 0.        , 0.        , 0.        , 0.        ,
        0.        , 0.        , 0.        , 0.        , 0.        ,
        0.        , 0.        , 0.        , 0.        , 1.        ]])
      jac: array([ 0.00000000e+00,  0.00000000e+00,  0.00000000e+00, -5.32907051e-06,
       -7.93439389e-06,  1.42108547e-06,  0.00000000e+00,  0.00000000e+00,
        0.00000000e+00,  0.00000000e+00,  0.00000000e+00,  0.00000000e+00,
        0.00000000e+00,  0.00000000e+00,  0.00000000e+00])
  message: 'Optimization terminated successfully.'
     nfev: 192
      nit: 7
     njev: 12
   status: 0
  success: True
        x: array([ 7.78289014e-01,  5.35267955e-02, -1.33555781e+00,  9.49621393e-01,
        1.98794735e-01, -9.89583903e-01, -8.12527575e-01, -6.01353328e-02,
       -7.19783057e-01, -7.68402937e-01, -4.72152248e-02, -6.84310563e-01,
       -2.88352976e-01,  3.79925199e-01,  3.88678678e-05])
Wed Jun 30 08:53:19 CEST 2021

