Program Begingeth
      fun: 0.35032685581979633
 hess_inv: array([[ 7.25067561e+00,  1.09653381e+00, -9.92522147e-01,
         1.86307601e+00,  8.30455248e-01, -1.69534416e+00,
        -6.02145459e-01, -7.51100370e-01, -4.98311650e+00,
        -4.48480821e-01,  7.42079682e-01, -3.86458456e-01,
        -1.20628114e+00, -3.17659288e-01, -4.50139205e-01,
        -2.22079365e-01, -8.07948995e-01,  5.54012946e-01],
       [ 1.09653381e+00,  4.99382890e+00,  1.51073568e+00,
         2.52202137e-01,  2.05190694e+00,  3.38570427e-01,
         6.26796750e+00,  5.57185780e-01,  4.46069003e+00,
        -6.35518756e-03,  2.81108795e-01, -1.64066752e+00,
        -6.39786749e-01, -4.24086204e-01, -1.86536253e-01,
        -1.04212007e-02, -3.93342378e-01,  6.30029786e-02],
       [-9.92522147e-01,  1.51073568e+00,  2.57848398e+00,
         4.18415613e-02,  5.91880153e-01,  1.04682438e+00,
         4.66752815e+00, -1.40841352e+00,  2.68661591e+00,
        -6.81558089e-02,  6.97651887e-01, -6.33283226e-01,
         6.04838396e-02, -1.02607054e-01, -1.81985026e-01,
        -1.35254525e-01, -5.80834128e-03, -1.47275472e-01],
       [ 1.86307601e+00,  2.52202137e-01,  4.18415613e-02,
         5.85084877e-01,  2.26505675e-01, -3.24657935e-01,
         6.72169526e-01, -4.59907838e-01, -1.29081357e+00,
        -1.90751128e-01,  3.16552335e-01, -5.47704090e-02,
        -2.57227781e-01, -6.50061453e-02, -1.72519430e-01,
        -7.18108504e-02, -2.04618339e-01,  9.35679517e-02],
       [ 8.30455248e-01,  2.05190694e+00,  5.91880153e-01,
         2.26505675e-01,  1.00785035e+00,  1.01136619e-01,
         3.64168913e+00,  7.53271949e-01,  1.41903318e+00,
        -1.95284010e-01,  1.05691415e-01, -5.78818591e-01,
        -3.77281395e-01, -1.25782137e-01, -8.66565700e-02,
        -7.16719998e-02, -2.75933849e-01,  3.80171999e-02],
       [-1.69534416e+00,  3.38570427e-01,  1.04682438e+00,
        -3.24657935e-01,  1.01136619e-01,  7.50133601e-01,
         2.25239486e+00, -2.99704175e-02,  2.17110411e+00,
        -6.77055596e-02, -2.93890616e-02, -1.12018106e-01,
         2.61169543e-01,  4.77370730e-02,  8.19464007e-02,
         1.78195489e-02,  1.12126053e-01, -1.43306320e-01],
       [-6.02145459e-01,  6.26796750e+00,  4.66752815e+00,
         6.72169526e-01,  3.64168913e+00,  2.25239486e+00,
         2.60391197e+01,  2.77388428e+00,  8.17725594e+00,
        -1.74717708e+00,  6.20884875e-01, -1.43250389e+00,
        -7.46604210e-01, -2.28918130e-01, -3.25507221e-01,
        -3.92985923e-01, -1.28610208e+00, -5.35388066e-01],
       [-7.51100370e-01,  5.57185780e-01, -1.40841352e+00,
        -4.59907838e-01,  7.53271949e-01, -2.99704175e-02,
         2.77388428e+00,  6.31110362e+00,  8.26791076e-01,
        -4.88909986e-01, -1.11044609e+00,  1.04562822e-01,
        -1.31897078e-01,  2.42448162e-01,  5.14153302e-01,
         1.28808091e-01, -1.30557000e-01,  5.35998534e-02],
       [-4.98311650e+00,  4.46069003e+00,  2.68661591e+00,
        -1.29081357e+00,  1.41903318e+00,  2.17110411e+00,
         8.17725594e+00,  8.26791076e-01,  1.24323359e+01,
         1.52416656e-01, -2.84743633e-01, -1.42437377e+00,
         4.24384892e-01, -3.87788708e-01,  2.95731748e-01,
         3.00979367e-01,  8.54949275e-02, -2.94513747e-01],
       [-4.48480821e-01, -6.35518756e-03, -6.81558089e-02,
        -1.90751128e-01, -1.95284010e-01, -6.77055596e-02,
        -1.74717708e+00, -4.88909986e-01,  1.52416656e-01,
         6.92648266e-01, -5.70936138e-02, -9.67702781e-02,
         6.72998651e-03, -1.85223232e-02,  4.14619352e-02,
         5.34279481e-02,  1.78774322e-01,  9.91781580e-02],
       [ 7.42079682e-01,  2.81108795e-01,  6.97651887e-01,
         3.16552335e-01,  1.05691415e-01, -2.93890616e-02,
         6.20884875e-01, -1.11044609e+00, -2.84743633e-01,
        -5.70936138e-02,  9.83660412e-01, -2.25352589e-01,
        -1.10512652e-01, -2.16308815e-01, -3.05411749e-01,
        -1.20920073e-01, -9.01782115e-02, -8.71414291e-02],
       [-3.86458456e-01, -1.64066752e+00, -6.33283226e-01,
        -5.47704090e-02, -5.78818591e-01, -1.12018106e-01,
        -1.43250389e+00,  1.04562822e-01, -1.42437377e+00,
        -9.67702781e-02, -2.25352589e-01,  9.21623375e-01,
         1.93528944e-01,  2.43278048e-01,  2.10182748e-02,
        -4.44710787e-02,  1.33826380e-01, -3.65633865e-02],
       [-1.20628114e+00, -6.39786749e-01,  6.04838396e-02,
        -2.57227781e-01, -3.77281395e-01,  2.61169543e-01,
        -7.46604210e-01, -1.31897078e-01,  4.24384892e-01,
         6.72998651e-03, -1.10512652e-01,  1.93528944e-01,
         3.70835207e-01,  8.35990709e-02,  7.31821993e-02,
         1.05189774e-01,  2.25027778e-01, -1.25760757e-01],
       [-3.17659288e-01, -4.24086204e-01, -1.02607054e-01,
        -6.50061453e-02, -1.25782137e-01,  4.77370730e-02,
        -2.28918130e-01,  2.42448162e-01, -3.87788708e-01,
        -1.85223232e-02, -2.16308815e-01,  2.43278048e-01,
         8.35990709e-02,  1.46728199e-01,  5.93449544e-02,
        -6.37328465e-03,  8.90978381e-02, -2.05223782e-03],
       [-4.50139205e-01, -1.86536253e-01, -1.81985026e-01,
        -1.72519430e-01, -8.66565700e-02,  8.19464007e-02,
        -3.25507221e-01,  5.14153302e-01,  2.95731748e-01,
         4.14619352e-02, -3.05411749e-01,  2.10182748e-02,
         7.31821993e-02,  5.93449544e-02,  1.64784299e-01,
         6.07907869e-02,  4.77997865e-02,  4.76780146e-02],
       [-2.22079365e-01, -1.04212007e-02, -1.35254525e-01,
        -7.18108504e-02, -7.16719998e-02,  1.78195489e-02,
        -3.92985923e-01,  1.28808091e-01,  3.00979367e-01,
         5.34279481e-02, -1.20920073e-01, -4.44710787e-02,
         1.05189774e-01, -6.37328465e-03,  6.07907869e-02,
         1.02164698e-01,  5.98094446e-02, -3.27322839e-03],
       [-8.07948995e-01, -3.93342378e-01, -5.80834128e-03,
        -2.04618339e-01, -2.75933849e-01,  1.12126053e-01,
        -1.28610208e+00, -1.30557000e-01,  8.54949275e-02,
         1.78774322e-01, -9.01782115e-02,  1.33826380e-01,
         2.25027778e-01,  8.90978381e-02,  4.77997865e-02,
         5.98094446e-02,  2.43113450e-01, -4.22950186e-02],
       [ 5.54012946e-01,  6.30029786e-02, -1.47275472e-01,
         9.35679517e-02,  3.80171999e-02, -1.43306320e-01,
        -5.35388066e-01,  5.35998534e-02, -2.94513747e-01,
         9.91781580e-02, -8.71414291e-02, -3.65633865e-02,
        -1.25760757e-01, -2.05223782e-03,  4.76780146e-02,
        -3.27322839e-03, -4.22950186e-02,  1.44929255e-01]])
      jac: array([-7.05731769e-07, -1.88737914e-07,  4.29656311e-07,  1.65645275e-06,
        2.35737356e-07, -1.40887302e-06, -3.25665421e-08,  2.84957243e-08,
        1.25085127e-07,  1.27305573e-07,  5.18104078e-08,  2.66823600e-07,
       -2.11349456e-06,  3.41578617e-07,  1.47178566e-06,  8.54131580e-07,
        5.36237721e-07, -8.10462808e-07])
  message: 'Optimization terminated successfully.'
     nfev: 1596
      nit: 69
     njev: 84
   status: 0
  success: True
        x: array([-0.52986766, -1.07794445,  0.51102592, -0.94374247, -1.11812937,
        0.09761233, -0.41456858, -2.00408516, -0.49105003,  0.10124756,
        0.50874705,  1.17791304,  0.09373856, -0.01697491, -0.35198432,
        1.17822453, -0.79054671, -0.01558443])
