Program Begingeth
      fun: 0.3013318204045479
 hess_inv: array([[ 3.46617436e+00,  1.39560168e-01,  2.00812453e+00,
         1.15744381e+00, -1.51156396e-01,  1.68372698e+00,
        -1.50012821e+00, -1.09256949e+00,  7.89013455e+00,
         8.35119725e-02, -5.18149178e-01, -2.41186682e-01,
        -4.11638135e-01,  9.27155569e-02,  2.68163208e-01,
        -2.79211494e-01,  1.65530347e-01, -1.21638121e-01],
       [ 1.39560168e-01,  2.61690520e+00,  1.54866806e+00,
        -4.33329359e-02,  1.01845283e+00,  7.23120021e-01,
        -2.32216028e+00, -7.36697404e-01,  4.77265280e+00,
        -2.69389266e-01,  6.32588437e-01, -7.57414314e-01,
         1.30149222e-01, -2.36441287e-01, -1.46783292e-01,
         1.47447622e-02, -9.18391438e-02, -8.22989601e-02],
       [ 2.00812453e+00,  1.54866806e+00,  4.02227342e+00,
         2.60185151e-01,  3.61023591e-01,  2.37122085e+00,
        -5.37910695e+00, -3.71377332e+00,  1.04801550e+01,
         2.20283144e-01,  6.64091547e-01, -5.55071717e-01,
        -3.67912972e-01, -1.24529963e-01, -1.31150538e-01,
        -1.46293297e-01,  8.09384432e-02, -3.06402395e-01],
       [ 1.15744381e+00, -4.33329359e-02,  2.60185151e-01,
         4.78475712e-01, -6.52944111e-02,  3.51787515e-01,
         3.51947296e-01,  1.44316979e-01,  1.85595515e+00,
        -2.90988976e-02, -2.91819930e-01, -7.92251570e-02,
        -8.73603641e-02,  3.23341074e-02,  1.40213681e-01,
        -8.55022871e-02,  3.76426101e-02,  9.71140404e-03],
       [-1.51156396e-01,  1.01845283e+00,  3.61023591e-01,
        -6.52944111e-02,  4.57131946e-01,  1.27555518e-01,
        -7.20031218e-01,  3.04772931e-01,  1.04845141e+00,
        -1.04854874e-01,  2.01440227e-01, -2.57089394e-01,
         9.63478316e-02, -6.42920694e-02, -4.18406949e-02,
         3.32299794e-02, -3.81485840e-02, -3.54206133e-03],
       [ 1.68372698e+00,  7.23120021e-01,  2.37122085e+00,
         3.51787515e-01,  1.27555518e-01,  1.53726863e+00,
        -3.03967528e+00, -1.96363550e+00,  6.87326091e+00,
         1.90753701e-01,  1.43400354e-01, -2.82591981e-01,
        -2.88390228e-01, -2.59019235e-02,  1.01266438e-02,
        -1.40803027e-01,  6.82121858e-02, -1.72254467e-01],
       [-1.50012821e+00, -2.32216028e+00, -5.37910695e+00,
         3.51947296e-01, -7.20031218e-01, -3.03967528e+00,
         1.07421308e+01,  4.87575159e+00, -1.28120852e+01,
        -4.51034545e-01, -9.82531755e-01,  4.76619778e-01,
         3.91244500e-01,  1.09868873e-01,  3.37666912e-01,
         6.89309463e-02, -3.35057352e-02,  4.91829635e-01],
       [-1.09256949e+00, -7.36697404e-01, -3.71377332e+00,
         1.44316979e-01,  3.04772931e-01, -1.96363550e+00,
         4.87575159e+00,  8.43273354e+00, -9.35238838e+00,
        -1.10022554e-01, -1.08682074e+00,  1.87452831e-01,
         3.40688669e-01,  2.60553601e-01,  4.89189244e-01,
         5.14222580e-02, -3.56286978e-02,  4.07478368e-01],
       [ 7.89013455e+00,  4.77265280e+00,  1.04801550e+01,
         1.85595515e+00,  1.04845141e+00,  6.87326091e+00,
        -1.28120852e+01, -9.35238838e+00,  3.45194432e+01,
         5.06581826e-01,  1.05152084e+00, -1.74530260e+00,
        -1.17098441e+00, -4.74332741e-01, -6.97575986e-02,
        -6.85343064e-01,  1.20295087e-01, -7.95985531e-01],
       [ 8.35119725e-02, -2.69389266e-01,  2.20283144e-01,
        -2.90988976e-02, -1.04854874e-01,  1.90753701e-01,
        -4.51034545e-01, -1.10022554e-01,  5.06581826e-01,
         6.58107279e-01,  1.09408033e-02,  4.78495982e-02,
        -1.95669831e-01,  9.10078928e-03, -6.97171035e-02,
        -2.66720196e-02, -9.08071281e-03, -1.73900980e-01],
       [-5.18149178e-01,  6.32588437e-01,  6.64091547e-01,
        -2.91819930e-01,  2.01440227e-01,  1.43400354e-01,
        -9.82531755e-01, -1.08682074e+00,  1.05152084e+00,
         1.09408033e-02,  9.41438697e-01, -2.39552751e-01,
         2.59364962e-02, -2.29927630e-01, -2.57403027e-01,
         5.30466464e-02, -4.78867124e-02, -1.49121803e-01],
       [-2.41186682e-01, -7.57414314e-01, -5.55071717e-01,
        -7.92251570e-02, -2.57089394e-01, -2.82591981e-01,
         4.76619778e-01,  1.87452831e-01, -1.74530260e+00,
         4.78495982e-02, -2.39552751e-01,  5.35061693e-01,
         2.63768339e-02,  1.39979596e-01, -7.61989543e-03,
         7.07355099e-02,  6.02181007e-02,  5.51441056e-02],
       [-4.11638135e-01,  1.30149222e-01, -3.67912972e-01,
        -8.73603641e-02,  9.63478316e-02, -2.88390228e-01,
         3.91244500e-01,  3.40688669e-01, -1.17098441e+00,
        -1.95669831e-01,  2.59364962e-02,  2.63768339e-02,
         1.61883354e-01, -1.67228027e-02, -2.96587849e-03,
         8.60138923e-02, -4.00112902e-02,  7.91428879e-02],
       [ 9.27155569e-02, -2.36441287e-01, -1.24529963e-01,
         3.23341074e-02, -6.42920694e-02, -2.59019235e-02,
         1.09868873e-01,  2.60553601e-01, -4.74332741e-01,
         9.10078928e-03, -2.29927630e-01,  1.39979596e-01,
        -1.67228027e-02,  1.14325104e-01,  5.02751353e-02,
        -1.95062412e-03,  6.47809240e-02,  3.28905247e-02],
       [ 2.68163208e-01, -1.46783292e-01, -1.31150538e-01,
         1.40213681e-01, -4.18406949e-02,  1.01266438e-02,
         3.37666912e-01,  4.89189244e-01, -6.97575986e-02,
        -6.97171035e-02, -2.57403027e-01, -7.61989543e-03,
        -2.96587849e-03,  5.02751353e-02,  1.27284569e-01,
        -3.33344562e-02,  9.31229655e-03,  7.73261931e-02],
       [-2.79211494e-01,  1.47447622e-02, -1.46293297e-01,
        -8.55022871e-02,  3.32299794e-02, -1.40803027e-01,
         6.89309463e-02,  5.14222580e-02, -6.85343064e-01,
        -2.66720196e-02,  5.30466464e-02,  7.07355099e-02,
         8.60138923e-02, -1.95062412e-03, -3.33344562e-02,
         7.92272485e-02, -1.80494002e-02,  1.99843903e-02],
       [ 1.65530347e-01, -9.18391438e-02,  8.09384432e-02,
         3.76426101e-02, -3.81485840e-02,  6.82121858e-02,
        -3.35057352e-02, -3.56286978e-02,  1.20295087e-01,
        -9.08071281e-03, -4.78867124e-02,  6.02181007e-02,
        -4.00112902e-02,  6.47809240e-02,  9.31229655e-03,
        -1.80494002e-02,  7.41028098e-02, -3.68073595e-03],
       [-1.21638121e-01, -8.22989601e-02, -3.06402395e-01,
         9.71140404e-03, -3.54206133e-03, -1.72254467e-01,
         4.91829635e-01,  4.07478368e-01, -7.95985531e-01,
        -1.73900980e-01, -1.49121803e-01,  5.51441056e-02,
         7.91428879e-02,  3.28905247e-02,  7.73261931e-02,
         1.99843903e-02, -3.68073595e-03,  1.11934267e-01]])
      jac: array([ 1.91705910e-05,  6.12920825e-05,  4.68388291e-05, -5.12382729e-05,
       -1.62259465e-04, -1.02410302e-04,  3.15303339e-07,  2.14150919e-05,
        1.27120536e-05,  2.71075754e-05,  1.10607819e-05,  1.47400610e-06,
        1.08496915e-04,  1.06292752e-04,  1.85943853e-05, -3.87234689e-05,
       -3.54120437e-05, -7.94845671e-06])
  message: 'Desired error not necessarily achieved due to precision loss.'
     nfev: 2444
      nit: 83
     njev: 128
   status: 2
  success: False
        x: array([ 1.07270401, -1.41014953,  0.65409132,  1.26705201, -1.39791408,
        0.21770818,  0.82248299, -2.07796666, -0.4672251 ,  0.12753419,
        0.55887371,  1.1575477 , -0.00917536,  0.18636151, -0.29820889,
       -1.19515822, -0.12839876, -0.02667302])
