Program Begingeth
      fun: 0.4155572449947345
 hess_inv: array([[ 2.38504111e+00, -3.63981388e-02,  1.51762034e-01,
         3.00116005e-01, -4.40756846e-01,  4.70584213e-01,
         6.65857483e-01, -3.34592540e-01,  2.83112416e-01,
         8.60372190e-01, -1.55443842e+00,  9.46537327e-02,
        -9.74454134e-01, -8.75292045e-02,  8.78586414e-02,
        -7.96368620e-02, -4.78618367e-02, -3.90585958e-01],
       [-3.63981388e-02,  8.10336766e-01, -9.90022388e-02,
        -3.04468412e-01,  2.81732675e-02, -2.52063040e-01,
        -1.07379071e+00,  1.70705351e-01, -3.30293342e-01,
        -8.99803369e-01, -1.56526475e-01, -1.42524506e-01,
         1.53033917e-02, -2.80326908e-01, -2.57035677e-01,
         3.95873582e-02,  1.44195656e-03, -1.51749945e-01],
       [ 1.51762034e-01, -9.90022388e-02,  4.91644062e-01,
         9.43295489e-02,  4.90331467e-02,  1.09051990e-01,
        -2.42470385e-01, -2.81643655e-01,  2.69761418e-01,
         5.01857809e-01, -1.69367540e-02, -7.60836190e-03,
        -1.90047465e-02,  1.40323766e-01, -8.71814291e-02,
         6.18849226e-02,  4.27684561e-02,  3.45107210e-02],
       [ 3.00116005e-01, -3.04468412e-01,  9.43295489e-02,
         4.24812107e-01,  2.21157121e-02,  2.11892821e-01,
         9.48416126e-01,  1.93781617e-01,  9.20446640e-01,
         1.24061187e+00,  1.01019530e-01, -5.97080734e-02,
        -4.29638528e-02,  9.67958532e-02,  1.48258536e-01,
         3.61235747e-03, -2.41102215e-02,  3.59472984e-02],
       [-4.40756846e-01,  2.81732675e-02,  4.90331467e-02,
         2.21157121e-02,  4.00078068e-01, -9.67561033e-02,
        -4.07870589e-01,  7.43103861e-01,  6.18759685e-01,
         9.46699073e-02,  1.07427862e+00, -1.69263591e-01,
         2.64687983e-01,  1.04828088e-01, -6.49989991e-02,
         7.92124768e-02,  1.39284284e-02,  8.19017656e-02],
       [ 4.70584213e-01, -2.52063040e-01,  1.09051990e-01,
         2.11892821e-01, -9.67561033e-02,  4.14385830e-01,
         8.73856169e-01, -4.06285005e-01,  1.02301547e+00,
         7.84857533e-01, -1.53023492e-01,  5.49443202e-01,
        -2.62860677e-01,  1.04496176e-01,  1.68354767e-01,
        -6.12348729e-02,  4.78800355e-02, -7.54007249e-03],
       [ 6.65857483e-01, -1.07379071e+00, -2.42470385e-01,
         9.48416126e-01, -4.07870589e-01,  8.73856169e-01,
         8.04302446e+00, -1.34742252e+00,  3.36945327e+00,
         2.40719125e+00,  5.22627607e-01,  6.24905055e-01,
        -6.76823420e-01,  1.59948110e-01,  6.03454568e-01,
        -3.64052697e-01,  2.17605699e-01,  8.96004087e-04],
       [-3.34592540e-01,  1.70705351e-01, -2.81643655e-01,
         1.93781617e-01,  7.43103861e-01, -4.06285005e-01,
        -1.34742252e+00,  3.56930419e+00,  6.95816027e-01,
         2.68182970e-01,  1.43211724e+00, -1.13630188e+00,
         4.61897638e-01,  5.28198269e-02, -2.85503465e-02,
         1.34121060e-01, -8.40466168e-02,  8.39208764e-02],
       [ 2.83112416e-01, -3.30293342e-01,  2.69761418e-01,
         9.20446640e-01,  6.18759685e-01,  1.02301547e+00,
         3.36945327e+00,  6.95816027e-01,  7.21288608e+00,
         3.23296986e+00,  2.51750234e+00,  7.33620684e-01,
        -2.16633192e-01,  2.82434261e-01,  3.57174538e-01,
        -8.82952149e-02,  1.77794914e-01,  1.49851243e-01],
       [ 8.60372190e-01, -8.99803369e-01,  5.01857809e-01,
         1.24061187e+00,  9.46699073e-02,  7.84857533e-01,
         2.40719125e+00,  2.68182970e-01,  3.23296986e+00,
         4.01681591e+00,  3.56572005e-01,  1.21632748e-01,
        -1.90345319e-01,  3.65481142e-01,  4.15151017e-01,
        -1.25717403e-02, -1.35642955e-02,  1.22722631e-01],
       [-1.55443842e+00, -1.56526475e-01, -1.69367540e-02,
         1.01019530e-01,  1.07427862e+00, -1.53023492e-01,
         5.22627607e-01,  1.43211724e+00,  2.51750234e+00,
         3.56572005e-01,  3.60638881e+00, -2.33627169e-01,
         6.95820553e-01,  2.92576150e-01, -7.69290045e-02,
         1.06852690e-01,  8.77331555e-02,  2.73027302e-01],
       [ 9.46537327e-02, -1.42524506e-01, -7.60836190e-03,
        -5.97080734e-02, -1.69263591e-01,  5.49443202e-01,
         6.24905055e-01, -1.13630188e+00,  7.33620684e-01,
         1.21632748e-01, -2.33627169e-01,  1.47676983e+00,
        -2.45088726e-01,  1.06635160e-01,  1.76194823e-01,
        -9.48656712e-02,  1.22930530e-01,  7.50210000e-03],
       [-9.74454134e-01,  1.53033917e-02, -1.90047465e-02,
        -4.29638528e-02,  2.64687983e-01, -2.62860677e-01,
        -6.76823420e-01,  4.61897638e-01, -2.16633192e-01,
        -1.90345319e-01,  6.95820553e-01, -2.45088726e-01,
         5.24127647e-01,  4.92298389e-02, -5.48143090e-02,
         1.11828669e-01, -2.89254851e-02,  1.83099516e-01],
       [-8.75292045e-02, -2.80326908e-01,  1.40323766e-01,
         9.67958532e-02,  1.04828088e-01,  1.04496176e-01,
         1.59948110e-01,  5.28198269e-02,  2.82434261e-01,
         3.65481142e-01,  2.92576150e-01,  1.06635160e-01,
         4.92298389e-02,  1.82580647e-01,  5.60286552e-02,
         1.50248936e-02,  4.46312031e-02,  7.94123241e-02],
       [ 8.78586414e-02, -2.57035677e-01, -8.71814291e-02,
         1.48258536e-01, -6.49989991e-02,  1.68354767e-01,
         6.03454568e-01, -2.85503465e-02,  3.57174538e-01,
         4.15151017e-01, -7.69290045e-02,  1.76194823e-01,
        -5.48143090e-02,  5.60286552e-02,  1.83011813e-01,
        -4.45804962e-02, -7.83109689e-03,  5.95214093e-02],
       [-7.96368620e-02,  3.95873582e-02,  6.18849226e-02,
         3.61235747e-03,  7.92124768e-02, -6.12348729e-02,
        -3.64052697e-01,  1.34121060e-01, -8.82952149e-02,
        -1.25717403e-02,  1.06852690e-01, -9.48656712e-02,
         1.11828669e-01,  1.50248936e-02, -4.45804962e-02,
         7.41398701e-02, -1.75699205e-02,  2.09107377e-02],
       [-4.78618367e-02,  1.44195656e-03,  4.27684561e-02,
        -2.41102215e-02,  1.39284284e-02,  4.78800355e-02,
         2.17605699e-01, -8.40466168e-02,  1.77794914e-01,
        -1.35642955e-02,  8.77331555e-02,  1.22930530e-01,
        -2.89254851e-02,  4.46312031e-02, -7.83109689e-03,
        -1.75699205e-02,  6.63790765e-02,  2.87491949e-03],
       [-3.90585958e-01, -1.51749945e-01,  3.45107210e-02,
         3.59472984e-02,  8.19017656e-02, -7.54007249e-03,
         8.96004087e-04,  8.39208764e-02,  1.49851243e-01,
         1.22722631e-01,  2.73027302e-01,  7.50210000e-03,
         1.83099516e-01,  7.94123241e-02,  5.95214093e-02,
         2.09107377e-02,  2.87491949e-03,  1.34053987e-01]])
      jac: array([-1.17535611e-05,  1.26854083e-05,  2.84661184e-06,  6.08561350e-05,
        1.70974346e-06, -3.47392485e-05, -2.07093602e-06, -4.00383430e-06,
        2.91840626e-06, -1.65456537e-05, -3.57491814e-07,  1.07439983e-05,
       -2.60621154e-05,  4.96288196e-05,  1.93759823e-05, -8.62273216e-06,
       -2.88084371e-05, -5.84236363e-06])
  message: 'Desired error not necessarily achieved due to precision loss.'
     nfev: 2575
      nit: 84
     njev: 135
   status: 2
  success: False
        x: array([ 0.07518109, -0.00545176,  0.76405455,  1.5378373 , -0.97772437,
        0.32290586,  0.94763484, -2.15686385,  0.60810898,  1.86121558,
       -0.91612267,  0.93029909,  0.02260929, -0.05387233, -0.20707122,
       -1.41007337, -0.78212192,  0.05030406])
