Program Begingeth
      fun: 0.28592478581892283
 hess_inv: array([[ 1.46025332e+00, -1.80982117e-01,  1.24849689e-02,
         6.07236664e-02,  1.48950176e-02,  2.34542635e-02,
        -5.80958661e-01,  3.95018296e-01, -3.86844588e-01,
         4.63514874e-01, -1.22279339e-01, -4.54587844e-01,
        -5.88666628e-01,  7.47174217e-02, -7.62218644e-02,
         2.60853463e-02, -2.19685639e-02, -3.05665496e-01],
       [-1.80982117e-01,  5.11511816e-01, -1.68636246e-02,
         4.24737271e-02,  3.79975704e-02, -5.42623997e-01,
        -5.58887771e-01, -6.22540829e-01, -1.44513181e+00,
         3.41420380e-01,  3.04269300e-01, -1.24262715e+00,
         9.73660591e-02, -1.81424621e-01, -1.79269065e-01,
         2.44219521e-02,  2.47545667e-02, -3.24565357e-02],
       [ 1.24849689e-02, -1.68636246e-02,  2.83212274e-01,
         8.05270999e-02,  1.19267925e-01,  1.88591292e-02,
         1.28187671e-01,  2.22290881e-01, -1.86558083e-02,
         2.79606634e-01,  2.02523985e-01,  7.99211481e-03,
         4.17854997e-02,  8.26125239e-02, -7.71644306e-02,
         5.28136114e-02,  2.83910201e-02,  2.94405152e-02],
       [ 6.07236664e-02,  4.24737271e-02,  8.05270999e-02,
         2.19578562e-01,  3.67128856e-02, -1.54164241e-01,
         6.09468235e-02, -2.45314919e-01, -5.63507061e-01,
         6.74074763e-01,  8.63300840e-02, -4.32539093e-01,
         8.00284929e-02, -5.46213839e-04, -5.10878310e-02,
         6.08740007e-02, -2.48042921e-02,  2.03109076e-03],
       [ 1.48950176e-02,  3.79975704e-02,  1.19267925e-01,
         3.67128856e-02,  1.41578419e-01, -2.84954805e-02,
         7.21439954e-02,  2.39749284e-01, -1.99314081e-01,
         1.63229452e-01,  3.31243247e-01, -3.66837886e-02,
         6.88098437e-03,  5.11005678e-02, -5.89086223e-02,
         2.60593586e-02,  2.60025225e-02, -3.49013068e-03],
       [ 2.34542635e-02, -5.42623997e-01,  1.88591292e-02,
        -1.54164241e-01, -2.84954805e-02,  1.37411209e+00,
         2.52374268e+00,  2.07232304e+00,  4.25471975e+00,
        -1.39237664e+00, -7.57581273e-01,  3.65495020e+00,
        -5.32230606e-02,  2.27491670e-01,  3.00125129e-01,
        -3.97351500e-02,  7.39164212e-03,  6.29273495e-02],
       [-5.80958661e-01, -5.58887771e-01,  1.28187671e-01,
         6.09468235e-02,  7.21439954e-02,  2.52374268e+00,
         7.59081531e+00,  3.73652975e+00,  8.60248139e+00,
        -2.47581605e+00, -1.15161343e+00,  7.38853321e+00,
         3.64831353e-01,  2.98026411e-01,  3.39093587e-01,
         3.97096032e-02, -7.67455311e-03,  1.56080116e-01],
       [ 3.95018296e-01, -6.22540829e-01,  2.22290881e-01,
        -2.45314919e-01,  2.39749284e-01,  2.07232304e+00,
         3.73652975e+00,  4.75775294e+00,  6.15531863e+00,
        -1.94267104e+00, -7.47057050e-01,  5.49934509e+00,
        -2.59196942e-01,  3.78508226e-01,  3.38963501e-01,
        -3.44500805e-02,  6.63593786e-02,  1.49575366e-02],
       [-3.86844588e-01, -1.44513181e+00, -1.86558083e-02,
        -5.63507061e-01, -1.99314081e-01,  4.25471975e+00,
         8.60248139e+00,  6.15531863e+00,  1.44833861e+01,
        -5.03687092e+00, -2.53945883e+00,  1.14758347e+01,
         4.92237504e-02,  5.30033571e-01,  8.51470353e-01,
        -1.25043815e-01, -1.27904909e-02,  2.11364053e-01],
       [ 4.63514874e-01,  3.41420380e-01,  2.79606634e-01,
         6.74074763e-01,  1.63229452e-01, -1.39237664e+00,
        -2.47581605e+00, -1.94267104e+00, -5.03687092e+00,
         3.14204880e+00,  8.43573744e-01, -4.00042871e+00,
         6.28340110e-02, -6.34534078e-02, -3.15212913e-01,
         1.67824987e-01, -4.41471302e-02, -6.39381882e-02],
       [-1.22279339e-01,  3.04269300e-01,  2.02523985e-01,
         8.63300840e-02,  3.31243247e-01, -7.57581273e-01,
        -1.15161343e+00, -7.47057050e-01, -2.53945883e+00,
         8.43573744e-01,  1.30710516e+00, -1.87714980e+00,
         5.77932579e-02, -6.06718940e-03, -2.65035027e-01,
         4.59475001e-02,  4.63641602e-02, -2.28128263e-02],
       [-4.54587844e-01, -1.24262715e+00,  7.99211481e-03,
        -4.32539093e-01, -3.66837886e-02,  3.65495020e+00,
         7.38853321e+00,  5.49934509e+00,  1.14758347e+01,
        -4.00042871e+00, -1.87714980e+00,  1.01402734e+01,
         7.07703018e-02,  5.48158031e-01,  7.56408248e-01,
        -1.05272716e-01,  4.29236975e-02,  2.25247864e-01],
       [-5.88666628e-01,  9.73660591e-02,  4.17854997e-02,
         8.00284929e-02,  6.88098437e-03, -5.32230606e-02,
         3.64831353e-01, -2.59196942e-01,  4.92237504e-02,
         6.28340110e-02,  5.77932579e-02,  7.07703018e-02,
         3.11258720e-01, -3.41559991e-02,  5.05202428e-03,
         3.87555815e-02, -7.19180728e-03,  1.29884160e-01],
       [ 7.47174217e-02, -1.81424621e-01,  8.26125239e-02,
        -5.46213839e-04,  5.11005678e-02,  2.27491670e-01,
         2.98026411e-01,  3.78508226e-01,  5.30033571e-01,
        -6.34534078e-02, -6.06718940e-03,  5.48158031e-01,
        -3.41559991e-02,  1.20246541e-01,  4.47253527e-02,
         5.35867856e-03,  2.62459558e-02,  1.55630440e-02],
       [-7.62218644e-02, -1.79269065e-01, -7.71644306e-02,
        -5.10878310e-02, -5.89086223e-02,  3.00125129e-01,
         3.39093587e-01,  3.38963501e-01,  8.51470353e-01,
        -3.15212913e-01, -2.65035027e-01,  7.56408248e-01,
         5.05202428e-03,  4.47253527e-02,  1.47010869e-01,
        -3.12375678e-02, -1.08095252e-02,  5.89787013e-02],
       [ 2.60853463e-02,  2.44219521e-02,  5.28136114e-02,
         6.08740007e-02,  2.60593586e-02, -3.97351500e-02,
         3.97096032e-02, -3.44500805e-02, -1.25043815e-01,
         1.67824987e-01,  4.59475001e-02, -1.05272716e-01,
         3.87555815e-02,  5.35867856e-03, -3.12375678e-02,
         4.46054830e-02, -2.83255047e-03, -2.73944640e-03],
       [-2.19685639e-02,  2.47545667e-02,  2.83910201e-02,
        -2.48042921e-02,  2.60025225e-02,  7.39164212e-03,
        -7.67455311e-03,  6.63593786e-02, -1.27904909e-02,
        -4.41471302e-02,  4.63641602e-02,  4.29236975e-02,
        -7.19180728e-03,  2.62459558e-02, -1.08095252e-02,
        -2.83255047e-03,  3.74874643e-02,  2.59917895e-03],
       [-3.05665496e-01, -3.24565357e-02,  2.94405152e-02,
         2.03109076e-03, -3.49013068e-03,  6.29273495e-02,
         1.56080116e-01,  1.49575366e-02,  2.11364053e-01,
        -6.39381882e-02, -2.28128263e-02,  2.25247864e-01,
         1.29884160e-01,  1.55630440e-02,  5.89787013e-02,
        -2.73944640e-03,  2.59917895e-03,  1.02799644e-01]])
      jac: array([ 2.08832951e-06, -1.67865721e-06,  2.93135886e-06, -1.58169774e-06,
        2.39993211e-06, -6.07366009e-06, -2.14643118e-08, -2.64603154e-07,
        3.52680848e-07,  5.13663186e-07, -4.09302222e-07,  1.97434661e-06,
        3.66040531e-06, -5.21434747e-06,  4.14927352e-06, -4.95677573e-06,
        4.29841348e-06, -1.81151390e-06])
  message: 'Optimization terminated successfully.'
     nfev: 1710
      nit: 76
     njev: 90
   status: 0
  success: True
        x: array([ 0.10815714,  0.18045424,  0.72743548,  1.81244489, -0.94711557,
        0.07447106,  2.60820418, -0.83955371, -0.93857825,  2.3308929 ,
       -0.79224772,  0.49436561,  0.17391814,  0.14334755, -0.23126594,
       -1.34962593, -0.05840767,  0.05858253])
