Program Begingeth
      fun: 0.2986154896985684
 hess_inv: array([[ 3.71097890e+00,  1.26998368e+00,  2.64928819e+00,
         1.62381401e+00,  6.02996673e-01,  1.68920665e+00,
        -1.62844266e+00,  4.14237134e-02,  7.95195525e+00,
         1.30853068e-02, -6.20183883e-02,  1.22660095e-01,
         2.52009148e-01, -5.86529026e-02,  1.43251318e-02,
         1.12543610e-01, -1.98347953e-01,  6.25323647e-03],
       [ 1.26998368e+00,  1.53373387e+00,  1.58529096e+00,
         4.50745001e-01,  7.20318819e-01,  1.11712865e+00,
        -1.37513422e+00,  1.74848467e-01,  4.63768882e+00,
         4.19019332e-01, -1.67157506e-01,  1.39008720e-01,
        -8.40419846e-02,  8.31126393e-02,  9.65901347e-02,
        -1.48214520e-04, -2.16150438e-02, -1.56192168e-02],
       [ 2.64928819e+00,  1.58529096e+00,  3.46629301e+00,
         9.85314934e-01,  6.45835100e-01,  2.21079386e+00,
        -2.97106486e+00, -3.92428494e-01,  8.32812711e+00,
         3.92999641e-01, -4.14167130e-01,  1.07202028e-01,
        -3.19014204e-02, -9.77528041e-03,  1.40212444e-01,
        -3.36049334e-02, -1.53061616e-01, -3.51707762e-02],
       [ 1.62381401e+00,  4.50745001e-01,  9.85314934e-01,
         7.65408506e-01,  2.20992193e-01,  6.23858673e-01,
        -2.64337085e-01, -5.16062937e-02,  3.05846766e+00,
        -2.21486434e-02, -7.21374830e-03,  4.45841084e-02,
         1.59297571e-01, -3.70370559e-02,  2.42707403e-03,
         7.70915223e-02, -1.05232360e-01,  1.39548923e-02],
       [ 6.02996673e-01,  7.20318819e-01,  6.45835100e-01,
         2.20992193e-01,  3.67104553e-01,  4.67417896e-01,
        -5.55029878e-01,  2.74240569e-01,  2.07754748e+00,
         1.81437634e-01, -5.68115231e-02,  9.72353739e-02,
        -2.40250334e-02,  5.68470776e-02,  3.14125205e-02,
         1.71633575e-02,  1.55075310e-03, -4.25408804e-03],
       [ 1.68920665e+00,  1.11712865e+00,  2.21079386e+00,
         6.23858673e-01,  4.67417896e-01,  1.44864226e+00,
        -1.87164411e+00, -2.16551606e-01,  5.58266121e+00,
         2.76863753e-01, -3.20902354e-01,  7.57602039e-02,
        -3.64424479e-02,  2.56697353e-02,  1.15414481e-01,
        -2.69165217e-02, -8.36196939e-02, -1.11588009e-02],
       [-1.62844266e+00, -1.37513422e+00, -2.97106486e+00,
        -2.64337085e-01, -5.55029878e-01, -1.87164411e+00,
         5.06842511e+00, -3.14802892e-01, -7.16912739e+00,
        -1.21076526e-01,  3.03443107e-01, -6.66001349e-02,
         2.04841017e-01, -1.56319492e-02, -8.70972139e-02,
         1.47720406e-01,  9.79903866e-03,  5.39737391e-02],
       [ 4.14237134e-02,  1.74848467e-01, -3.92428494e-01,
        -5.16062937e-02,  2.74240569e-01, -2.16551606e-01,
        -3.14802892e-01,  2.05658417e+00, -3.68902375e-02,
        -6.69704346e-02,  1.81761331e-01,  1.59111812e-01,
        -1.90627043e-02,  7.37813937e-02, -9.00544087e-02,
         3.00881111e-02,  8.24356188e-02, -5.61855136e-03],
       [ 7.95195525e+00,  4.63768882e+00,  8.32812711e+00,
         3.05846766e+00,  2.07754748e+00,  5.58266121e+00,
        -7.16912739e+00, -3.68902375e-02,  2.43768852e+01,
         4.59087887e-01, -9.90588089e-01,  3.76880420e-01,
         1.10928254e-01,  1.55838566e-01,  3.71725677e-01,
         6.26837196e-03, -2.82671313e-01,  3.31088752e-02],
       [ 1.30853068e-02,  4.19019332e-01,  3.92999641e-01,
        -2.21486434e-02,  1.81437634e-01,  2.76863753e-01,
        -1.21076526e-01, -6.69704346e-02,  4.59087887e-01,
         1.01924550e+00,  4.71783621e-02, -1.77124301e-02,
        -2.65279814e-01, -1.65345260e-02, -6.94479619e-02,
        -3.20413203e-02, -2.46311715e-02, -2.16060256e-01],
       [-6.20183883e-02, -1.67157506e-01, -4.14167130e-01,
        -7.21374830e-03, -5.68115231e-02, -3.20902354e-01,
         3.03443107e-01,  1.81761331e-01, -9.90588089e-01,
         4.71783621e-02,  4.97608080e-01, -2.14403577e-02,
         8.96685667e-03, -1.10932922e-01, -1.41160189e-01,
         2.95037372e-02, -7.89224669e-04, -9.87580353e-02],
       [ 1.22660095e-01,  1.39008720e-01,  1.07202028e-01,
         4.45841084e-02,  9.72353739e-02,  7.57602039e-02,
        -6.66001349e-02,  1.59111812e-01,  3.76880420e-01,
        -1.77124301e-02, -2.14403577e-02,  2.72367941e-01,
         3.98283459e-02,  5.91806595e-02, -3.68481700e-02,
         5.64816390e-02,  3.71074494e-02,  2.25409558e-02],
       [ 2.52009148e-01, -8.40419846e-02, -3.19014204e-02,
         1.59297571e-01, -2.40250334e-02, -3.64424479e-02,
         2.04841017e-01, -1.90627043e-02,  1.10928254e-01,
        -2.65279814e-01,  8.96685667e-03,  3.98283459e-02,
         1.44328714e-01, -6.27641708e-03,  5.59923896e-03,
         6.70669504e-02, -2.25514536e-02,  6.26349037e-02],
       [-5.86529026e-02,  8.31126393e-02, -9.77528041e-03,
        -3.70370559e-02,  5.68470776e-02,  2.56697353e-02,
        -1.56319492e-02,  7.37813937e-02,  1.55838566e-01,
        -1.65345260e-02, -1.10932922e-01,  5.91806595e-02,
        -6.27641708e-03,  7.52479520e-02,  2.58693052e-02,
         1.63092222e-03,  4.55223623e-02,  2.91929392e-02],
       [ 1.43251318e-02,  9.65901347e-02,  1.40212444e-01,
         2.42707403e-03,  3.14125205e-02,  1.15414481e-01,
        -8.70972139e-02, -9.00544087e-02,  3.71725677e-01,
        -6.94479619e-02, -1.41160189e-01, -3.68481700e-02,
         5.59923896e-03,  2.58693052e-02,  8.10249446e-02,
        -1.70066955e-02, -4.01479605e-03,  5.85229437e-02],
       [ 1.12543610e-01, -1.48214520e-04, -3.36049334e-02,
         7.70915223e-02,  1.71633575e-02, -2.69165217e-02,
         1.47720406e-01,  3.00881111e-02,  6.26837196e-03,
        -3.20413203e-02,  2.95037372e-02,  5.64816390e-02,
         6.70669504e-02,  1.63092222e-03, -1.70066955e-02,
         6.21534523e-02, -8.90533052e-03,  1.12733199e-02],
       [-1.98347953e-01, -2.16150438e-02, -1.53061616e-01,
        -1.05232360e-01,  1.55075310e-03, -8.36196939e-02,
         9.79903866e-03,  8.24356188e-02, -2.82671313e-01,
        -2.46311715e-02, -7.89224669e-04,  3.71074494e-02,
        -2.25514536e-02,  4.55223623e-02, -4.01479605e-03,
        -8.90533052e-03,  5.71642034e-02,  6.18439380e-03],
       [ 6.25323647e-03, -1.56192168e-02, -3.51707762e-02,
         1.39548923e-02, -4.25408804e-03, -1.11588009e-02,
         5.39737391e-02, -5.61855136e-03,  3.31088752e-02,
        -2.16060256e-01, -9.87580353e-02,  2.25409558e-02,
         6.26349037e-02,  2.91929392e-02,  5.85229437e-02,
         1.12733199e-02,  6.18439380e-03,  8.92602143e-02]])
      jac: array([-7.17729580e-05,  9.26029623e-05,  8.85280738e-05,  1.37291660e-04,
       -2.00068480e-04, -1.91388387e-04, -1.04020496e-05,  1.43311289e-05,
        1.56467432e-05,  3.85913523e-06,  4.42416474e-05,  2.41029419e-06,
        2.67785794e-06,  2.01361150e-04,  6.52159808e-05, -2.08133510e-05,
       -1.12489277e-04, -3.54727359e-05])
  message: 'Desired error not necessarily achieved due to precision loss.'
     nfev: 2900
      nit: 99
     njev: 152
   status: 2
  success: False
        x: array([ 2.15221076, -1.20417631, -0.55696557,  1.93991943, -1.17697757,
       -0.2180256 ,  2.7403049 , -0.9203791 ,  0.36602456,  0.02613719,
        0.39943425,  1.16976532,  0.02372451,  0.16186105, -0.2573706 ,
       -1.27073062, -0.30379189,  0.01381912])
