Program Begingeth
      fun: 0.31451055880018697
 hess_inv: array([[ 1.00884691e+01,  2.55575428e+00,  8.82086728e-01,
         2.78056072e+00,  1.52969468e+00, -1.97279222e-01,
         4.02236038e+00,  2.03666401e-01, -3.29896531e+00,
        -6.20092611e-01,  8.98874928e-02, -4.58707052e-01,
        -1.79750515e+00, -2.52503746e-01, -6.33957469e-02,
        -3.04456781e-01, -9.54104153e-01,  2.41344742e-01],
       [ 2.55575428e+00,  4.01142326e+00,  1.08080369e-01,
         3.82520690e-01,  1.61396590e+00,  7.02877852e-02,
         4.61192681e-02,  2.53235536e+00,  4.21817584e-01,
        -2.93041186e-01, -2.71018220e-01, -1.18957366e+00,
        -5.66968120e-01, -3.78315742e-01,  3.51693225e-01,
         8.32263327e-02, -2.80539035e-01,  1.30121047e-01],
       [ 8.82086728e-01,  1.08080369e-01,  5.84234971e+00,
         8.96401520e-01, -2.39429986e-01,  2.01109618e+00,
         6.65012356e+00, -2.72975805e+00,  2.22338577e+00,
        -1.82622405e-01,  1.68139489e+00, -5.04473734e-01,
         1.22410473e-01, -4.68315781e-01, -4.59626607e-01,
         1.42446398e-02,  4.41130471e-03,  1.67514685e-02],
       [ 2.78056072e+00,  3.82520690e-01,  8.96401520e-01,
         9.41061123e-01,  2.76462292e-01,  1.84766324e-01,
         2.38761967e+00, -3.80233122e-01, -8.10202548e-01,
        -1.94498325e-01,  1.67468783e-01, -3.87512505e-02,
        -3.99822274e-01, -4.84757744e-02, -8.08156910e-02,
        -7.68442801e-02, -2.14064559e-01,  6.12567908e-02],
       [ 1.52969468e+00,  1.61396590e+00, -2.39429986e-01,
         2.76462292e-01,  7.46192212e-01, -8.68296175e-02,
        -3.70290903e-02,  1.45342443e+00, -2.05657402e-01,
        -2.09960221e-01, -1.91373710e-01, -3.82120920e-01,
        -3.17494630e-01, -1.00354663e-01,  1.56051330e-01,
        -2.96763137e-03, -1.57489886e-01,  6.13241235e-02],
       [-1.97279222e-01,  7.02877852e-02,  2.01109618e+00,
         1.84766324e-01, -8.68296175e-02,  7.96386723e-01,
         2.30557293e+00, -6.19940228e-01,  1.27987003e+00,
        -1.71657788e-01,  4.63733049e-01, -1.83390001e-01,
         1.78473312e-01, -1.45035327e-01, -9.65030265e-02,
         4.47401348e-02,  4.49880368e-02, -5.19581030e-03],
       [ 4.02236038e+00,  4.61192681e-02,  6.65012356e+00,
         2.38761967e+00, -3.70290903e-02,  2.30557293e+00,
         1.30885133e+01, -2.95681021e+00,  7.29134908e-01,
        -3.52087065e-01,  1.18508757e+00, -1.89895037e-01,
        -1.58323276e-01, -1.88445334e-01, -3.64843819e-01,
        -6.12237396e-02, -9.11986579e-02,  1.54662913e-01],
       [ 2.03666401e-01,  2.53235536e+00, -2.72975805e+00,
        -3.80233122e-01,  1.45342443e+00, -6.19940228e-01,
        -2.95681021e+00,  7.07868877e+00, -2.68110681e-02,
        -9.52738684e-01, -9.55732577e-01, -3.64791410e-01,
         1.39475896e-02,  5.37145300e-02,  6.07870786e-01,
         9.38568089e-02, -9.08693577e-02,  3.20977314e-03],
       [-3.29896531e+00,  4.21817584e-01,  2.22338577e+00,
        -8.10202548e-01, -2.05657402e-01,  1.27987003e+00,
         7.29134908e-01, -2.68110681e-02,  5.25568288e+00,
        -3.35961435e-01,  4.99511478e-01, -3.55832952e-01,
         7.48552032e-01, -3.39235383e-01, -4.26921870e-02,
         2.24611599e-01,  2.14358770e-01, -1.48381179e-01],
       [-6.20092611e-01, -2.93041186e-01, -1.82622405e-01,
        -1.94498325e-01, -2.09960221e-01, -1.71657788e-01,
        -3.52087065e-01, -9.52738684e-01, -3.35961435e-01,
         1.09751914e+00, -1.47167575e-01,  1.19638150e-01,
        -1.59132200e-01,  8.66287478e-02,  3.06590454e-02,
        -1.24678247e-02,  1.05913685e-01,  1.83659348e-01],
       [ 8.98874928e-02, -2.71018220e-01,  1.68139489e+00,
         1.67468783e-01, -1.91373710e-01,  4.63733049e-01,
         1.18508757e+00, -9.55732577e-01,  4.99511478e-01,
        -1.47167575e-01,  1.16874354e+00, -1.08364393e-01,
         5.60884095e-02, -2.75293281e-01, -3.40821083e-01,
        -3.67053728e-02, -5.68591168e-03, -1.33236217e-01],
       [-4.58707052e-01, -1.18957366e+00, -5.04473734e-01,
        -3.87512505e-02, -3.82120920e-01, -1.83390001e-01,
        -1.89895037e-01, -3.64791410e-01, -3.55832952e-01,
         1.19638150e-01, -1.08364393e-01,  7.32178426e-01,
         8.43057228e-02,  2.31031414e-01, -1.15197143e-01,
        -7.58526043e-02,  9.70110369e-02, -8.78885565e-03],
       [-1.79750515e+00, -5.66968120e-01,  1.22410473e-01,
        -3.99822274e-01, -3.17494630e-01,  1.78473312e-01,
        -1.58323276e-01,  1.39475896e-02,  7.48552032e-01,
        -1.59132200e-01,  5.60884095e-02,  8.43057228e-02,
         4.65725028e-01,  4.18303430e-02, -1.16680629e-02,
         9.53674712e-02,  1.91004520e-01, -9.58552105e-02],
       [-2.52503746e-01, -3.78315742e-01, -4.68315781e-01,
        -4.84757744e-02, -1.00354663e-01, -1.45035327e-01,
        -1.88445334e-01,  5.37145300e-02, -3.39235383e-01,
         8.66287478e-02, -2.75293281e-01,  2.31031414e-01,
         4.18303430e-02,  1.62454344e-01,  4.24789136e-02,
        -1.22088159e-02,  6.62400855e-02,  2.84565578e-02],
       [-6.33957469e-02,  3.51693225e-01, -4.59626607e-01,
        -8.08156910e-02,  1.56051330e-01, -9.65030265e-02,
        -3.64843819e-01,  6.07870786e-01, -4.26921870e-02,
         3.06590454e-02, -3.40821083e-01, -1.15197143e-01,
        -1.16680629e-02,  4.24789136e-02,  1.67775974e-01,
         3.41946301e-02, -1.58085346e-03,  6.11769922e-02],
       [-3.04456781e-01,  8.32263327e-02,  1.42446398e-02,
        -7.68442801e-02, -2.96763137e-03,  4.47401348e-02,
        -6.12237396e-02,  9.38568089e-02,  2.24611599e-01,
        -1.24678247e-02, -3.67053728e-02, -7.58526043e-02,
         9.53674712e-02, -1.22088159e-02,  3.41946301e-02,
         5.56303650e-02,  3.25904046e-02, -7.39559473e-03],
       [-9.54104153e-01, -2.80539035e-01,  4.41130471e-03,
        -2.14064559e-01, -1.57489886e-01,  4.49880368e-02,
        -9.11986579e-02, -9.08693577e-02,  2.14358770e-01,
         1.05913685e-01, -5.68591168e-03,  9.70110369e-02,
         1.91004520e-01,  6.62400855e-02, -1.58085346e-03,
         3.25904046e-02,  1.41014561e-01, -1.13443178e-02],
       [ 2.41344742e-01,  1.30121047e-01,  1.67514685e-02,
         6.12567908e-02,  6.13241235e-02, -5.19581030e-03,
         1.54662913e-01,  3.20977314e-03, -1.48381179e-01,
         1.83659348e-01, -1.33236217e-01, -8.78885565e-03,
        -9.58552105e-02,  2.84565578e-02,  6.11769922e-02,
        -7.39559473e-03, -1.13443178e-02,  8.75861004e-02]])
      jac: array([ 1.29340982e-06,  2.44989214e-07, -2.56942615e-06, -2.48504920e-06,
       -9.51461132e-07,  6.71092811e-06,  1.00290147e-07,  1.36187358e-07,
       -4.26695716e-07,  1.31857488e-06,  4.49270251e-07, -6.17654076e-07,
        2.84254102e-06,  1.67162580e-06, -3.34584212e-06, -1.83038769e-06,
       -1.91994568e-06,  3.83026943e-07])
  message: 'Optimization terminated successfully.'
     nfev: 1691
      nit: 82
     njev: 89
   status: 0
  success: True
        x: array([-0.72518011, -0.93655856,  0.0164095 , -1.29961607, -0.95205723,
       -0.08830936, -1.83552857, -1.17677493, -1.03058839,  0.14985242,
        0.41874884,  1.12356417,  0.08803416,  0.15305807, -0.25556623,
        1.43636587, -0.44540853,  0.02325592])
