Program Begingeth
      fun: 0.34573476232889366
 hess_inv: array([[ 8.04751430e+00, -6.99816414e-01, -2.69092471e-01,
         1.31953698e+00, -7.60193200e-01,  1.41815821e+00,
        -2.55020044e+00,  2.07335496e+00,  2.25270709e+00,
        -1.48102348e+00, -9.98145477e-01,  6.75291161e-01,
        -1.52565772e+00,  1.58736476e-01,  6.30569469e-01,
         3.79852367e-02,  7.56589018e-01, -8.07810205e-01],
       [-6.99816414e-01,  3.55602802e+00,  1.07470465e+00,
         2.31286606e-02,  9.89099582e-01,  6.65231844e-02,
        -3.70184793e+00, -1.21537883e+00,  3.71303190e+00,
         5.47830402e-02,  4.35804045e-02, -1.78559835e+00,
         4.36703148e-01, -4.82097768e-01, -1.76115741e-01,
        -1.64945436e-01, -7.74320974e-02,  8.43321447e-02],
       [-2.69092471e-01,  1.07470465e+00,  2.26616255e+00,
        -2.75892559e-01,  2.44988152e-01,  3.20863418e-01,
        -1.55917865e+00, -2.87516552e+00,  6.70485103e-01,
        -6.42174556e-02,  1.07697170e+00, -1.06717284e+00,
         6.25345042e-02, -2.49434108e-01, -3.86541296e-01,
         1.46419429e-01, -6.67445152e-03,  6.71139704e-02],
       [ 1.31953698e+00,  2.31286606e-02, -2.75892559e-01,
         3.10488854e-01, -9.21961152e-02,  1.88767131e-01,
        -1.68593872e-01,  7.08331039e-01,  6.78199382e-01,
        -2.70460525e-01, -3.31952845e-01,  6.70241141e-02,
        -1.82176222e-01,  4.32765966e-03,  1.67225148e-01,
        -1.17090276e-02,  1.11571320e-01, -1.01482516e-01],
       [-7.60193200e-01,  9.89099582e-01,  2.44988152e-01,
        -9.21961152e-02,  6.11125674e-01, -1.38579646e-02,
        -3.97213900e+00,  5.77673932e-03,  5.85449697e-01,
         4.94602775e-01,  2.72151845e-02, -4.03409903e-01,
         3.80383380e-01, -3.81036529e-02, -5.62678279e-02,
        -8.91293238e-03, -3.13857488e-01,  1.23014693e-02],
       [ 1.41815821e+00,  6.65231844e-02,  3.20863418e-01,
         1.88767131e-01, -1.38579646e-02,  4.03464722e-01,
        -1.74742743e+00,  1.02581385e-01,  7.10687097e-01,
        -6.50557236e-02, -1.36515987e-01, -2.59401707e-02,
        -2.70452952e-01,  2.73858566e-02,  1.20400575e-01,
         1.85817905e-03,  6.23473725e-02, -1.40541647e-01],
       [-2.55020044e+00, -3.70184793e+00, -1.55917865e+00,
        -1.68593872e-01, -3.97213900e+00, -1.74742743e+00,
         4.79445921e+01, -1.65696880e+00, -3.48158857e+00,
        -3.80841537e+00,  1.56937972e-01,  1.21482000e+00,
        -1.54925074e+00, -1.54024788e-01, -2.34024547e-01,
        -4.06080033e-02,  3.03947566e+00,  1.23499446e+00],
       [ 2.07335496e+00, -1.21537883e+00, -2.87516552e+00,
         7.08331039e-01,  5.77673932e-03,  1.02581385e-01,
        -1.65696880e+00,  7.30088955e+00, -3.52887390e-01,
         1.63179082e-01, -1.78151489e+00,  1.21306620e+00,
        -2.94801157e-01,  4.69804131e-01,  9.16155248e-01,
        -2.95349067e-01,  9.59697023e-02, -1.84350684e-01],
       [ 2.25270709e+00,  3.71303190e+00,  6.70485103e-01,
         6.78199382e-01,  5.85449697e-01,  7.10687097e-01,
        -3.48158857e+00, -3.52887390e-01,  8.47343610e+00,
        -5.18121766e-01, -5.60906646e-01, -1.70627498e+00,
        -1.41605944e-01, -7.19870914e-01,  2.15585271e-01,
        -3.12112928e-01,  1.30483604e-01, -1.14645145e-02],
       [-1.48102348e+00,  5.47830402e-02, -6.42174556e-02,
        -2.70460525e-01,  4.94602775e-01, -6.50557236e-02,
        -3.80841537e+00,  1.63179082e-01, -5.18121766e-01,
         1.37919908e+00,  9.47059252e-02,  3.75302370e-02,
         3.01326005e-01,  7.92331338e-02, -4.99424372e-02,
        -6.93065176e-03, -5.02710786e-01, -5.75794477e-02],
       [-9.98145477e-01,  4.35804045e-02,  1.07697170e+00,
        -3.31952845e-01,  2.72151845e-02, -1.36515987e-01,
         1.56937972e-01, -1.78151489e+00, -5.60906646e-01,
         9.47059252e-02,  1.36177747e+00, -4.36714691e-01,
         1.64965222e-01, -2.41405266e-01, -4.51226639e-01,
         1.54023442e-01, -1.05440275e-01, -1.22654237e-02],
       [ 6.75291161e-01, -1.78559835e+00, -1.06717284e+00,
         6.70241141e-02, -4.03409903e-01, -2.59401707e-02,
         1.21482000e+00,  1.21306620e+00, -1.70627498e+00,
         3.75302370e-02, -4.36714691e-01,  1.44613641e+00,
        -2.42764082e-01,  4.01507921e-01,  1.48103653e-01,
         8.81392058e-02,  6.73827986e-02, -9.37766070e-02],
       [-1.52565772e+00,  4.36703148e-01,  6.25345042e-02,
        -1.82176222e-01,  3.80383380e-01, -2.70452952e-01,
        -1.54925074e+00, -2.94801157e-01, -1.41605944e-01,
         3.01326005e-01,  1.64965222e-01, -2.42764082e-01,
         5.26908105e-01, -4.98179378e-02, -1.14468439e-01,
         4.54378493e-02, -3.18789306e-01,  1.60254828e-01],
       [ 1.58736476e-01, -4.82097768e-01, -2.49434108e-01,
         4.32765966e-03, -3.81036529e-02,  2.73858566e-02,
        -1.54024788e-01,  4.69804131e-01, -7.19870914e-01,
         7.92331338e-02, -2.41405266e-01,  4.01507921e-01,
        -4.98179378e-02,  1.93211830e-01,  8.04845099e-02,
         2.65989564e-02,  1.41518573e-02, -1.22534267e-02],
       [ 6.30569469e-01, -1.76115741e-01, -3.86541296e-01,
         1.67225148e-01, -5.62678279e-02,  1.20400575e-01,
        -2.34024547e-01,  9.16155248e-01,  2.15585271e-01,
        -4.99424372e-02, -4.51226639e-01,  1.48103653e-01,
        -1.14468439e-01,  8.04845099e-02,  2.24358143e-01,
        -6.18128871e-02,  3.61700073e-02, -9.58970259e-03],
       [ 3.79852367e-02, -1.64945436e-01,  1.46419429e-01,
        -1.17090276e-02, -8.91293238e-03,  1.85817905e-03,
        -4.06080033e-02, -2.95349067e-01, -3.12112928e-01,
        -6.93065176e-03,  1.54023442e-01,  8.81392058e-02,
         4.54378493e-02,  2.65989564e-02, -6.18128871e-02,
         9.95501275e-02, -2.53764289e-02, -6.89059598e-03],
       [ 7.56589018e-01, -7.74320974e-02, -6.67445152e-03,
         1.11571320e-01, -3.13857488e-01,  6.23473725e-02,
         3.03947566e+00,  9.59697023e-02,  1.30483604e-01,
        -5.02710786e-01, -1.05440275e-01,  6.73827986e-02,
        -3.18789306e-01,  1.41518573e-02,  3.61700073e-02,
        -2.53764289e-02,  3.90696488e-01, -4.54794249e-03],
       [-8.07810205e-01,  8.43321447e-02,  6.71139704e-02,
        -1.01482516e-01,  1.23014693e-02, -1.40541647e-01,
         1.23499446e+00, -1.84350684e-01, -1.14645145e-02,
        -5.75794477e-02, -1.22654237e-02, -9.37766070e-02,
         1.60254828e-01, -1.22534267e-02, -9.58970259e-03,
        -6.89059598e-03, -4.54794249e-03,  1.92505428e-01]])
      jac: array([-2.23894977e-07,  1.79078974e-06, -4.93309097e-07, -3.20114305e-07,
       -3.32955885e-06,  1.89996167e-06,  9.43689571e-08,  4.30026385e-07,
       -6.06921920e-08, -4.12632891e-07,  8.15273775e-07, -2.06871557e-07,
       -7.84187530e-07,  3.51163543e-06, -1.06988492e-06,  1.39888101e-06,
       -2.71116463e-06,  7.15723777e-07])
  message: 'Optimization terminated successfully.'
     nfev: 1387
      nit: 64
     njev: 73
   status: 0
  success: True
        x: array([ 3.70471561e-01, -7.49037227e-01,  5.39551368e-01,  1.05360618e+00,
       -8.03413810e-01,  6.04185872e-02,  1.82669082e-01, -1.80613260e+00,
       -4.46325669e-01,  4.27247878e-02,  5.58706847e-01,  1.08969288e+00,
        8.45359937e-02,  1.03182500e-04, -3.68685099e-01, -1.06198459e+00,
       -9.37655142e-01,  5.85693699e-03])
