Program Begingeth
      fun: 0.2951811259086951
 hess_inv: array([[ 2.28178516e+00,  7.83538829e-01,  1.25517452e+00,
         1.03337436e+00,  4.40657009e-01,  8.47442700e-01,
        -4.04583083e-01,  5.50953535e-01,  4.50521690e+00,
         5.92177618e-02, -7.09226415e-02,  1.30989454e-01,
         1.31551233e-01,  9.03045809e-03, -1.08238934e-02,
         5.51783930e-02, -1.09964186e-01, -3.29232756e-03],
       [ 7.83538829e-01,  1.49279544e+00,  1.17462442e+00,
         2.32354316e-01,  7.48937417e-01,  8.75591788e-01,
        -1.06856163e+00,  5.29222357e-01,  3.65322964e+00,
         3.62277658e-01, -1.47204541e-01,  2.24306908e-01,
        -1.05314112e-01,  1.28715520e-01,  7.48598746e-02,
         7.70057240e-04,  2.07438864e-02, -1.74690196e-02],
       [ 1.25517452e+00,  1.17462442e+00,  2.37899892e+00,
         3.78661813e-01,  4.91835385e-01,  1.57615111e+00,
        -2.03261735e+00, -2.01347995e-01,  5.46867581e+00,
         4.53511670e-01, -5.02415887e-01,  1.33745835e-01,
        -1.73304834e-01,  8.17613428e-02,  1.62797652e-01,
        -9.67565684e-02, -5.10876779e-02, -2.59193446e-02],
       [ 1.03337436e+00,  2.32354316e-01,  3.78661813e-01,
         5.32889343e-01,  1.48820799e-01,  2.59185522e-01,
         3.27637176e-01,  1.76374692e-01,  1.58089935e+00,
        -1.46703017e-02, -2.68116097e-02,  4.12592449e-02,
         1.19504996e-01, -6.82323464e-03, -2.63211938e-03,
         5.63561134e-02, -7.26260863e-02,  1.56881768e-02],
       [ 4.40657009e-01,  7.48937417e-01,  4.91835385e-01,
         1.48820799e-01,  4.12303666e-01,  3.78549587e-01,
        -4.17234293e-01,  5.37967131e-01,  1.76624275e+00,
         1.35182786e-01, -4.64927232e-02,  1.53741647e-01,
        -2.14335169e-02,  8.04236397e-02,  1.53290899e-02,
         2.47904957e-02,  1.78115849e-02, -4.82845324e-03],
       [ 8.47442700e-01,  8.75591788e-01,  1.57615111e+00,
         2.59185522e-01,  3.78549587e-01,  1.08235475e+00,
        -1.29185290e+00, -1.22153871e-01,  3.88574078e+00,
         3.26303957e-01, -3.80030733e-01,  1.01052968e-01,
        -1.22129237e-01,  8.47322751e-02,  1.33083512e-01,
        -6.22097145e-02, -2.20011738e-02, -5.02554840e-03],
       [-4.04583083e-01, -1.06856163e+00, -2.03261735e+00,
         3.27637176e-01, -4.17234293e-01, -1.29185290e+00,
         4.72366743e+00, -3.34629700e-01, -4.63826227e+00,
        -2.52094980e-01,  2.06133082e-01, -7.24181381e-02,
         3.91535760e-01, -4.73531260e-02, -4.67933708e-02,
         2.32465289e-01, -9.16598017e-02,  9.55112261e-02],
       [ 5.50953535e-01,  5.29222357e-01, -2.01347995e-01,
         1.76374692e-01,  5.37967131e-01, -1.22153871e-01,
        -3.34629700e-01,  3.00821305e+00,  7.79101069e-01,
        -2.26028978e-01,  2.27267256e-01,  3.24146212e-01,
         7.30970449e-02,  9.71750222e-02, -1.86635605e-01,
         8.49581044e-02,  6.15342782e-02, -3.16250370e-02],
       [ 4.50521690e+00,  3.65322964e+00,  5.46867581e+00,
         1.58089935e+00,  1.76624275e+00,  3.88574078e+00,
        -4.63826227e+00,  7.79101069e-01,  1.68327476e+01,
         7.23868373e-01, -1.06452681e+00,  5.46641114e-01,
        -2.32071300e-01,  3.77950984e-01,  3.45100478e-01,
        -1.18933739e-01, -3.91316721e-02,  6.75612329e-03],
       [ 5.92177618e-02,  3.62277658e-01,  4.53511670e-01,
        -1.46703017e-02,  1.35182786e-01,  3.26303957e-01,
        -2.52094980e-01, -2.26028978e-01,  7.23868373e-01,
         9.54185115e-01,  8.52780269e-02, -6.65963174e-02,
        -2.54339661e-01, -4.50663332e-02, -4.94113641e-02,
        -3.23579687e-02, -3.44163497e-02, -2.09869991e-01],
       [-7.09226415e-02, -1.47204541e-01, -5.02415887e-01,
        -2.68116097e-02, -4.64927232e-02, -3.80030733e-01,
         2.06133082e-01,  2.27267256e-01, -1.06452681e+00,
         8.52780269e-02,  5.82666677e-01, -2.83299724e-02,
        -1.69562079e-02, -1.27721827e-01, -1.79392510e-01,
         1.53601853e-02,  2.41401901e-03, -1.30261883e-01],
       [ 1.30989454e-01,  2.24306908e-01,  1.33745835e-01,
         4.12592449e-02,  1.53741647e-01,  1.01052968e-01,
        -7.24181381e-02,  3.24146212e-01,  5.46641114e-01,
        -6.65963174e-02, -2.83299724e-02,  3.07401854e-01,
         4.56118104e-02,  7.87874704e-02, -3.83461112e-02,
         5.62933284e-02,  5.21208511e-02,  3.12570406e-02],
       [ 1.31551233e-01, -1.05314112e-01, -1.73304834e-01,
         1.19504996e-01, -2.14335169e-02, -1.22129237e-01,
         3.91535760e-01,  7.30970449e-02, -2.32071300e-01,
        -2.54339661e-01, -1.69562079e-02,  4.56118104e-02,
         1.38097215e-01,  8.86648961e-03,  2.25164206e-03,
         6.30451586e-02, -1.67462302e-02,  6.31389265e-02],
       [ 9.03045809e-03,  1.28715520e-01,  8.17613428e-02,
        -6.82323464e-03,  8.04236397e-02,  8.47322751e-02,
        -4.73531260e-02,  9.71750222e-02,  3.77950984e-01,
        -4.50663332e-02, -1.27721827e-01,  7.87874704e-02,
         8.86648961e-03,  8.00657868e-02,  3.36038010e-02,
         9.44731845e-03,  4.41476841e-02,  3.91707669e-02],
       [-1.08238934e-02,  7.48598746e-02,  1.62797652e-01,
        -2.63211938e-03,  1.53290899e-02,  1.33083512e-01,
        -4.67933708e-02, -1.86635605e-01,  3.45100478e-01,
        -4.94113641e-02, -1.79392510e-01, -3.83461112e-02,
         2.25164206e-03,  3.36038010e-02,  9.71664506e-02,
        -1.82630222e-02, -4.79399779e-03,  6.53204575e-02],
       [ 5.51783930e-02,  7.70057240e-04, -9.67565684e-02,
         5.63561134e-02,  2.47904957e-02, -6.22097145e-02,
         2.32465289e-01,  8.49581044e-02, -1.18933739e-01,
        -3.23579687e-02,  1.53601853e-02,  5.62933284e-02,
         6.30451586e-02,  9.44731845e-03, -1.82630222e-02,
         5.80845683e-02, -6.27753493e-03,  1.01703231e-02],
       [-1.09964186e-01,  2.07438864e-02, -5.10876779e-02,
        -7.26260863e-02,  1.78115849e-02, -2.20011738e-02,
        -9.16598017e-02,  6.15342782e-02, -3.91316721e-02,
        -3.44163497e-02,  2.41401901e-03,  5.21208511e-02,
        -1.67462302e-02,  4.41476841e-02, -4.79399779e-03,
        -6.27753493e-03,  5.73032010e-02,  7.65026018e-03],
       [-3.29232756e-03, -1.74690196e-02, -2.59193446e-02,
         1.56881768e-02, -4.82845324e-03, -5.02554840e-03,
         9.55112261e-02, -3.16250370e-02,  6.75612329e-03,
        -2.09869991e-01, -1.30261883e-01,  3.12570406e-02,
         6.31389265e-02,  3.91707669e-02,  6.53204575e-02,
         1.01703231e-02,  7.65026018e-03,  9.50999728e-02]])
      jac: array([ 7.71375556e-05,  1.80539657e-04, -1.36393489e-04, -1.57539537e-04,
       -3.29579327e-04,  3.20944012e-04,  1.71936539e-05,  4.29156710e-05,
       -2.99268018e-05, -2.17818356e-05,  2.56576242e-05, -4.33930669e-05,
       -7.00883795e-06,  1.27282999e-04, -2.83403301e-04,  9.40962123e-05,
       -1.59352531e-04,  1.82724576e-04])
  message: 'Maximum number of iterations has been exceeded.'
     nfev: 2204
      nit: 100
     njev: 116
   status: 1
  success: False
        x: array([ 2.12828   , -1.13698581, -0.53590046,  1.89676058, -1.10793283,
       -0.21120357,  2.66352933, -0.86342112,  0.40836858,  0.01623492,
        0.41204803,  1.18999893,  0.02625073,  0.15201949, -0.27032183,
       -1.21236904, -0.38910621,  0.00862539])
