Program Begingeth
      fun: 0.23617521101331407
 hess_inv: array([[ 4.24460468e+00,  1.61586770e+00,  9.57110634e-01,
         1.16095970e+00,  5.90986841e-01, -7.68526707e-01,
         2.88167651e+00, -2.68050031e+00, -8.91570469e-01,
        -6.89329903e-01,  1.13209404e+00, -1.33825886e+00,
        -8.01009287e-01, -5.19512230e-01, -5.52780298e-01,
        -1.98986138e-01, -5.16367990e-01,  3.39521739e-01],
       [ 1.61586770e+00,  2.81273182e+00,  1.20731966e+00,
         3.69659940e-01,  9.89637886e-01, -9.14659310e-02,
         2.85099473e+00,  6.01860426e-01,  2.51280194e+00,
        -1.61023339e-02,  3.96569823e-01, -1.76366058e+00,
        -5.04538269e-01, -4.64062791e-01, -2.96869440e-01,
        -1.30845021e-02, -2.07370327e-01,  9.91468279e-02],
       [ 9.57110634e-01,  1.20731966e+00,  2.99849786e+00,
         7.53153200e-01,  3.83399285e-01,  7.31685277e-01,
         6.12886276e+00, -3.41597358e+00,  4.19019687e+00,
        -3.52115639e-01,  1.64852053e+00, -1.53589782e+00,
        -1.77195813e-01, -4.01961210e-01, -6.22771586e-01,
        -2.62157546e-01, -2.10912117e-01, -2.26605408e-01],
       [ 1.16095970e+00,  3.69659940e-01,  7.53153200e-01,
         4.96334417e-01,  1.46433009e-01, -3.27641628e-02,
         2.28536766e+00, -1.56637612e+00,  2.27595652e-01,
        -2.95788879e-01,  6.11662887e-01, -4.17048731e-01,
        -1.59188732e-01, -1.36551816e-01, -2.75836015e-01,
        -1.06727356e-01, -1.39168159e-01, -1.33040073e-02],
       [ 5.90986841e-01,  9.89637886e-01,  3.83399285e-01,
         1.46433009e-01,  4.68656998e-01, -9.44962889e-03,
         1.69232940e+00,  9.66979425e-01,  5.15953283e-01,
        -1.10301849e-01,  2.75941483e-02, -5.21107497e-01,
        -2.14558403e-01, -8.94316651e-02, -5.60678140e-02,
        -3.34463910e-02, -9.80988332e-02,  4.29589477e-02],
       [-7.68526707e-01, -9.14659310e-02,  7.31685277e-01,
        -3.27641628e-02, -9.44962889e-03,  5.28044801e-01,
         1.70467894e+00, -9.29189480e-02,  1.86964835e+00,
        -9.79845368e-02,  1.49458467e-01, -9.49045952e-02,
         1.87691073e-01,  2.11143261e-02, -5.62598734e-03,
        -7.71591506e-03,  2.71836619e-02, -1.65425340e-01],
       [ 2.88167651e+00,  2.85099473e+00,  6.12886276e+00,
         2.28536766e+00,  1.69232940e+00,  1.70467894e+00,
         2.46445990e+01, -4.16508524e+00,  7.72849005e+00,
        -1.82365367e+00,  2.94651056e+00, -2.63912523e+00,
        -7.17809620e-01, -6.32608632e-01, -1.31711685e+00,
        -7.16961747e-01, -1.06209617e+00, -7.38174397e-01],
       [-2.68050031e+00,  6.01860426e-01, -3.41597358e+00,
        -1.56637612e+00,  9.66979425e-01, -9.29189480e-02,
        -4.16508524e+00,  1.53161621e+01, -2.88703745e+00,
         3.15767816e-01, -3.30575207e+00,  9.78287868e-01,
         2.29182671e-01,  6.38815759e-01,  1.53230448e+00,
         6.24962660e-01,  3.35739127e-01,  3.25773375e-01],
       [-8.91570469e-01,  2.51280194e+00,  4.19019687e+00,
         2.27595652e-01,  5.15953283e-01,  1.86964835e+00,
         7.72849005e+00, -2.88703745e+00,  1.43572918e+01,
        -2.41870068e-01,  1.87542961e+00, -2.53271584e+00,
         1.48263211e-01, -1.01012446e+00, -6.68154201e-01,
         2.33652271e-02, -3.64203246e-01, -5.18329994e-01],
       [-6.89329903e-01, -1.61023339e-02, -3.52115639e-01,
        -2.95788879e-01, -1.10301849e-01, -9.79845368e-02,
        -1.82365367e+00,  3.15767816e-01, -2.41870068e-01,
         8.31610029e-01, -2.89231589e-01,  1.28495260e-01,
        -2.23746415e-02,  7.51805341e-02,  1.25217456e-01,
         5.95641773e-02,  1.90593246e-01,  1.24817146e-01],
       [ 1.13209404e+00,  3.96569823e-01,  1.64852053e+00,
         6.11662887e-01,  2.75941483e-02,  1.49458467e-01,
         2.94651056e+00, -3.30575207e+00,  1.87542961e+00,
        -2.89231589e-01,  1.64393437e+00, -8.89104841e-01,
        -1.54477812e-01, -3.94391874e-01, -5.93526521e-01,
        -2.15871083e-01, -1.70539516e-01, -1.79368776e-01],
       [-1.33825886e+00, -1.76366058e+00, -1.53589782e+00,
        -4.17048731e-01, -5.21107497e-01, -9.49045952e-02,
        -2.63912523e+00,  9.78287868e-01, -2.53271584e+00,
         1.28495260e-01, -8.89104841e-01,  1.71463301e+00,
         3.17765275e-01,  5.06248716e-01,  3.36213844e-01,
         3.38276216e-02,  2.30847225e-01,  2.37875196e-03],
       [-8.01009287e-01, -5.04538269e-01, -1.77195813e-01,
        -1.59188732e-01, -2.14558403e-01,  1.87691073e-01,
        -7.17809620e-01,  2.29182671e-01,  1.48263211e-01,
        -2.23746415e-02, -1.54477812e-01,  3.17765275e-01,
         2.91608713e-01,  1.13855669e-01,  9.15305608e-02,
         8.91121433e-02,  1.38366082e-01, -1.20654265e-01],
       [-5.19512230e-01, -4.64062791e-01, -4.01961210e-01,
        -1.36551816e-01, -8.94316651e-02,  2.11143261e-02,
        -6.32608632e-01,  6.38815759e-01, -1.01012446e+00,
         7.51805341e-02, -3.94391874e-01,  5.06248716e-01,
         1.13855669e-01,  2.41190308e-01,  1.47867431e-01,
         1.03682440e-02,  1.32357958e-01,  5.90800037e-03],
       [-5.52780298e-01, -2.96869440e-01, -6.22771586e-01,
        -2.75836015e-01, -5.60678140e-02, -5.62598734e-03,
        -1.31711685e+00,  1.53230448e+00, -6.68154201e-01,
         1.25217456e-01, -5.93526521e-01,  3.36213844e-01,
         9.15305608e-02,  1.47867431e-01,  2.83931192e-01,
         1.01932902e-01,  7.46587098e-02,  8.46430861e-02],
       [-1.98986138e-01, -1.30845021e-02, -2.62157546e-01,
        -1.06727356e-01, -3.34463910e-02, -7.71591506e-03,
        -7.16961747e-01,  6.24962660e-01,  2.33652271e-02,
         5.95641773e-02, -2.15871083e-01,  3.38276216e-02,
         8.91121433e-02,  1.03682440e-02,  1.01932902e-01,
         1.08934932e-01,  4.50330645e-02,  1.45701146e-02],
       [-5.16367990e-01, -2.07370327e-01, -2.10912117e-01,
        -1.39168159e-01, -9.80988332e-02,  2.71836619e-02,
        -1.06209617e+00,  3.35739127e-01, -3.64203246e-01,
         1.90593246e-01, -1.70539516e-01,  2.30847225e-01,
         1.38366082e-01,  1.32357958e-01,  7.46587098e-02,
         4.50330645e-02,  1.82352607e-01, -1.80507847e-02],
       [ 3.39521739e-01,  9.91468279e-02, -2.26605408e-01,
        -1.33040073e-02,  4.29589477e-02, -1.65425340e-01,
        -7.38174397e-01,  3.25773375e-01, -5.18329994e-01,
         1.24817146e-01, -1.79368776e-01,  2.37875196e-03,
        -1.20654265e-01,  5.90800037e-03,  8.46430861e-02,
         1.45701146e-02, -1.80507847e-02,  1.67244661e-01]])
      jac: array([ 3.18952272e-05,  3.32023298e-05, -1.63291602e-05, -6.54578244e-05,
       -6.63478531e-05,  5.15887333e-05,  5.00636569e-06,  3.42133729e-06,
       -4.77617945e-06,  1.93147350e-05,  7.88017799e-06,  8.74115595e-07,
        8.67224810e-05,  3.25635815e-05, -2.72824356e-05, -5.32812683e-05,
       -4.30135557e-05,  2.06390460e-05])
  message: 'Desired error not necessarily achieved due to precision loss.'
     nfev: 1817
      nit: 61
     njev: 95
   status: 2
  success: False
        x: array([-0.39049518, -0.56791616,  0.65382342, -0.83810765, -0.76359827,
        0.08910657, -0.47613525, -1.38151068, -0.62775983,  0.11413419,
        0.71381133,  1.06344241,  0.06263041,  0.18971588, -0.38036124,
        1.07688341, -0.36074569, -0.00866982])
