Program Begingeth
      fun: 0.2847542673552117
 hess_inv: array([[ 3.56531598e+00,  1.04915846e+00, -7.48211299e-01,
         1.28538449e+00,  4.88146839e-01, -1.12218143e+00,
         7.32030412e-01, -7.37894824e-01, -4.50768258e+00,
         5.93800010e-02,  7.68955979e-01, -2.81638276e-01,
        -4.37734305e-01, -2.67382192e-01, -3.51575987e-01,
        -2.27223575e-01, -2.77022609e-01,  1.09837546e-01],
       [ 1.04915846e+00,  4.03688933e+00,  1.35176522e+00,
         4.05407856e-01,  1.67358475e+00,  2.97434647e-01,
         3.45352086e+00,  6.56518748e-01,  4.31626813e+00,
         5.56896079e-01,  8.23782779e-01, -1.21919187e+00,
        -4.64271782e-01, -4.46528986e-01, -2.73967999e-01,
        -9.94773519e-02, -2.75055599e-01,  1.92843242e-02],
       [-7.48211299e-01,  1.35176522e+00,  3.13429529e+00,
         1.76287884e-01,  4.31112840e-01,  1.60084032e+00,
         4.58250734e+00, -2.37023078e+00,  6.64034587e+00,
        -5.38095399e-02,  9.00715576e-01, -4.95155211e-01,
         1.75746033e-01, -1.26248044e-01, -2.29500564e-01,
        -2.09494404e-02,  6.32485526e-02, -2.37623321e-01],
       [ 1.28538449e+00,  4.05407856e-01,  1.76287884e-01,
         5.81226226e-01,  1.73912629e-01, -1.85869659e-01,
         1.22579915e+00, -8.01741181e-01, -9.48014672e-01,
        -3.97602407e-02,  4.29527922e-01, -8.44883167e-02,
        -9.74484120e-02, -8.80909402e-02, -1.88142992e-01,
        -8.70538424e-02, -7.35158647e-02, -2.03803097e-02],
       [ 4.88146839e-01,  1.67358475e+00,  4.31112840e-01,
         1.73912629e-01,  7.62810665e-01,  6.58509511e-02,
         1.63198005e+00,  8.91897430e-01,  1.42577081e+00,
         1.79241072e-01,  2.63289869e-01, -4.55885007e-01,
        -2.28347698e-01, -1.55333519e-01, -9.39152380e-02,
        -6.47097709e-02, -1.31996534e-01,  1.92768722e-02],
       [-1.12218143e+00,  2.97434647e-01,  1.60084032e+00,
        -1.85869659e-01,  6.58509511e-02,  1.02719960e+00,
         2.11064259e+00, -8.17010999e-01,  4.21327944e+00,
        -1.30643263e-01,  1.75152196e-01, -1.12776161e-01,
         2.07772857e-01,  1.72518476e-02, -5.77176310e-03,
         5.33871907e-02,  8.27089499e-02, -1.33694707e-01],
       [ 7.32030412e-01,  3.45352086e+00,  4.58250734e+00,
         1.22579915e+00,  1.63198005e+00,  2.11064259e+00,
         1.38407106e+01, -1.38643337e+00,  9.24497305e+00,
        -2.85273240e-01,  1.49727863e+00, -6.72140444e-01,
        -1.65362569e-01, -2.88336839e-01, -5.76197722e-01,
        -2.81455959e-01, -3.38437653e-01, -4.07561689e-01],
       [-7.37894824e-01,  6.56518748e-01, -2.37023078e+00,
        -8.01741181e-01,  8.91897430e-01, -8.17010999e-01,
        -1.38643337e+00,  9.32510247e+00, -2.55464204e+00,
        -7.85852916e-02, -1.43855062e+00, -4.63009589e-02,
        -3.32956260e-01,  1.77267460e-01,  5.78526308e-01,
         7.01148458e-02, -1.65894455e-01,  2.93721428e-01],
       [-4.50768258e+00,  4.31626813e+00,  6.64034587e+00,
        -9.48014672e-01,  1.42577081e+00,  4.21327944e+00,
         9.24497305e+00, -2.55464204e+00,  2.28234337e+01,
         9.07839067e-02,  1.21126228e+00, -1.37832569e+00,
         4.78820135e-01, -4.75877130e-01, -1.78617809e-01,
         2.63845323e-01,  1.22270437e-02, -4.86385938e-01],
       [ 5.93800010e-02,  5.56896079e-01, -5.38095399e-02,
        -3.97602407e-02,  1.79241072e-01, -1.30643263e-01,
        -2.85273240e-01, -7.85852916e-02,  9.07839067e-02,
         7.44283541e-01, -1.93399306e-02, -1.76328707e-01,
        -2.14681630e-01, -3.29059722e-02,  6.23276743e-02,
        -9.58613394e-03,  1.40382398e-02,  1.90015249e-01],
       [ 7.68955979e-01,  8.23782779e-01,  9.00715576e-01,
         4.29527922e-01,  2.63289869e-01,  1.75152196e-01,
         1.49727863e+00, -1.43855062e+00,  1.21126228e+00,
        -1.93399306e-02,  1.05535747e+00, -3.62783633e-01,
        -5.13261764e-02, -2.59616735e-01, -3.20292059e-01,
        -8.64508180e-02, -6.09929507e-02, -1.66965211e-01],
       [-2.81638276e-01, -1.21919187e+00, -4.95155211e-01,
        -8.44883167e-02, -4.55885007e-01, -1.12776161e-01,
        -6.72140444e-01, -4.63009589e-02, -1.37832569e+00,
        -1.76328707e-01, -3.62783633e-01,  6.67276189e-01,
         1.01040742e-01,  2.13304445e-01,  4.94615154e-02,
        -2.29649790e-02,  1.07545263e-01,  1.22887774e-02],
       [-4.37734305e-01, -4.64271782e-01,  1.75746033e-01,
        -9.74484120e-02, -2.28347698e-01,  2.07772857e-01,
        -1.65362569e-01, -3.32956260e-01,  4.78820135e-01,
        -2.14681630e-01, -5.13261764e-02,  1.01040742e-01,
         2.01385078e-01,  6.07940971e-02,  1.63247966e-02,
         8.02304726e-02,  8.48429219e-02, -8.47258324e-02],
       [-2.67382192e-01, -4.46528986e-01, -1.26248044e-01,
        -8.80909402e-02, -1.55333519e-01,  1.72518476e-02,
        -2.88336839e-01,  1.77267460e-01, -4.75877130e-01,
        -3.29059722e-02, -2.59616735e-01,  2.13304445e-01,
         6.07940971e-02,  1.40167633e-01,  7.02096024e-02,
         1.49078207e-02,  8.79725669e-02,  2.22936169e-02],
       [-3.51575987e-01, -2.73967999e-01, -2.29500564e-01,
        -1.88142992e-01, -9.39152380e-02, -5.77176310e-03,
        -5.76197722e-01,  5.78526308e-01, -1.78617809e-01,
         6.23276743e-02, -3.20292059e-01,  4.94615154e-02,
         1.63247966e-02,  7.02096024e-02,  1.53902549e-01,
         4.39040361e-02,  2.37614747e-02,  8.66455364e-02],
       [-2.27223575e-01, -9.94773519e-02, -2.09494404e-02,
        -8.70538424e-02, -6.47097709e-02,  5.33871907e-02,
        -2.81455959e-01,  7.01148458e-02,  2.63845323e-01,
        -9.58613394e-03, -8.64508180e-02, -2.29649790e-02,
         8.02304726e-02,  1.49078207e-02,  4.39040361e-02,
         7.40008603e-02,  3.21638773e-02, -6.17625834e-03],
       [-2.77022609e-01, -2.75055599e-01,  6.32485526e-02,
        -7.35158647e-02, -1.31996534e-01,  8.27089499e-02,
        -3.38437653e-01, -1.65894455e-01,  1.22270437e-02,
         1.40382398e-02, -6.09929507e-02,  1.07545263e-01,
         8.48429219e-02,  8.79725669e-02,  2.37614747e-02,
         3.21638773e-02,  1.13307085e-01, -9.25542323e-03],
       [ 1.09837546e-01,  1.92843242e-02, -2.37623321e-01,
        -2.03803097e-02,  1.92768722e-02, -1.33694707e-01,
        -4.07561689e-01,  2.93721428e-01, -4.86385938e-01,
         1.90015249e-01, -1.66965211e-01,  1.22887774e-02,
        -8.47258324e-02,  2.22936169e-02,  8.66455364e-02,
        -6.17625834e-03, -9.25542323e-03,  1.25500338e-01]])
      jac: array([ 1.78116781e-06,  1.79227004e-06, -6.61914967e-06, -6.41708908e-07,
        3.22889863e-06,  1.79060470e-05, -1.12798659e-06, -1.85777319e-07,
       -1.33004718e-06,  3.38321963e-06,  4.20367445e-06,  4.52970994e-07,
        5.16734803e-06,  1.14179037e-05, -1.73231799e-06, -1.42256577e-06,
       -1.37134748e-05,  2.03540888e-08])
  message: 'Desired error not necessarily achieved due to precision loss.'
     nfev: 2233
      nit: 74
     njev: 117
   status: 2
  success: False
        x: array([-0.79647664, -1.16852154,  0.63074175, -1.01925774, -1.20882903,
        0.18401963, -0.62548366, -1.8951262 , -0.45391245,  0.04923407,
        0.60192605,  1.17742531,  0.12127824,  0.16074128, -0.3302251 ,
        1.21181441, -0.29125653, -0.03122023])
