Program Begingeth
      fun: 0.18903642184551575
 hess_inv: array([[ 8.88287957e-01, -1.30997101e-01,  3.13725515e-03,
         1.16653587e-01,  1.98687756e-01,  6.44447063e-01,
        -4.49390941e-01, -3.01897137e-01,  2.52708590e+00,
         6.12229547e-01,  9.63016406e-01,  1.02700562e+00,
        -3.49120857e-01,  1.52236254e-02,  1.21471874e-01,
         8.22443678e-03, -6.16711704e-02, -1.63905070e-01],
       [-1.30997101e-01,  2.47176552e-01, -4.89702856e-02,
        -8.51177699e-02, -4.92562006e-02, -3.49919947e-01,
         2.73656339e-01,  2.64253304e-01, -1.43165679e+00,
        -3.55091952e-01, -3.25590065e-01, -5.99805731e-01,
         3.37300144e-02, -6.07868984e-02, -1.29619230e-01,
         6.70408906e-03,  5.09981046e-02, -4.73339248e-02],
       [ 3.13725515e-03, -4.89702856e-02,  1.86802405e-01,
         7.12690976e-02,  1.19739125e-01,  1.51713876e-01,
        -5.43321243e-02,  2.52842364e-01,  8.52363042e-01,
         3.12399609e-01,  2.69635661e-01,  2.61416925e-01,
         2.69907671e-02,  7.80150991e-02, -1.20776797e-02,
         3.15993487e-02,  2.25282511e-02,  4.05995434e-02],
       [ 1.16653587e-01, -8.51177699e-02,  7.12690976e-02,
         6.53057648e-01,  2.33466789e-01,  6.26312196e-01,
        -1.58371266e-01, -1.93008154e-01,  4.05015886e+00,
         2.27216050e+00,  9.39958321e-01,  1.25738129e+00,
         1.54393141e-01, -1.41338871e-03,  5.74701868e-02,
         6.94327022e-02, -1.03518049e-01,  2.66580786e-02],
       [ 1.98687756e-01, -4.92562006e-02,  1.19739125e-01,
         2.33466789e-01,  2.81888425e-01,  4.10875517e-01,
        -2.39795099e-01,  3.07302655e-01,  2.43949702e+00,
         9.65000237e-01,  8.90175020e-01,  6.54313967e-01,
        -2.52823707e-02,  7.29575217e-02,  4.91798374e-02,
         3.28232763e-02, -1.12432725e-02,  1.26796504e-03],
       [ 6.44447063e-01, -3.49919947e-01,  1.51713876e-01,
         6.26312196e-01,  4.10875517e-01,  1.43751070e+00,
        -1.38975306e+00, -6.48834201e-01,  7.25789001e+00,
         2.68475866e+00,  1.98152681e+00,  2.64012220e+00,
        -1.34014058e-01,  5.39234326e-02,  2.78393953e-01,
         1.27500381e-02, -1.47309340e-01, -8.75034879e-03],
       [-4.49390941e-01,  2.73656339e-01, -5.43321243e-02,
        -1.58371266e-01, -2.39795099e-01, -1.38975306e+00,
         3.96410890e+00,  5.21205319e-01, -6.77253971e+00,
        -2.12888815e+00, -1.72296295e+00, -2.81351850e+00,
         3.16293207e-01,  6.47240272e-02, -2.35711212e-01,
         1.25358727e-01,  9.65223896e-02,  4.91492752e-02],
       [-3.01897137e-01,  2.64253304e-01,  2.52842364e-01,
        -1.93008154e-01,  3.07302655e-01, -6.48834201e-01,
         5.21205319e-01,  2.93140929e+00, -2.25764985e+00,
        -5.49695695e-01, -2.53275532e-01, -1.36750803e+00,
         5.23661005e-02,  1.64919212e-01, -2.92852768e-01,
         5.29878815e-02,  1.62266892e-01, -1.54846297e-03],
       [ 2.52708590e+00, -1.43165679e+00,  8.52363042e-01,
         4.05015886e+00,  2.43949702e+00,  7.25789001e+00,
        -6.77253971e+00, -2.25764985e+00,  4.07294110e+01,
         1.67605584e+01,  1.07356294e+01,  1.33061383e+01,
        -1.48479181e-01,  2.72317487e-01,  1.16779515e+00,
         1.78966295e-01, -7.31322863e-01,  4.54896328e-02],
       [ 6.12229547e-01, -3.55091952e-01,  3.12399609e-01,
         2.27216050e+00,  9.65000237e-01,  2.68475866e+00,
        -2.12888815e+00, -5.49695695e-01,  1.67605584e+01,
         8.70357161e+00,  4.01848502e+00,  5.30930009e+00,
         3.35146871e-01,  3.25487439e-03,  2.54979429e-01,
         1.69613513e-01, -3.50125636e-01,  4.95293851e-02],
       [ 9.63016406e-01, -3.25590065e-01,  2.69635661e-01,
         9.39958321e-01,  8.90175020e-01,  1.98152681e+00,
        -1.72296295e+00, -2.53275532e-01,  1.07356294e+01,
         4.01848502e+00,  3.60618634e+00,  3.40963071e+00,
        -2.04348139e-01,  1.25659053e-01,  3.53890369e-01,
         4.79592068e-02, -1.55755167e-01, -2.48165575e-02],
       [ 1.02700562e+00, -5.99805731e-01,  2.61416925e-01,
         1.25738129e+00,  6.54313967e-01,  2.64012220e+00,
        -2.81351850e+00, -1.36750803e+00,  1.33061383e+01,
         5.30930009e+00,  3.40963071e+00,  5.18272694e+00,
        -1.33381786e-01,  1.77285161e-02,  4.46527198e-01,
         3.26105790e-02, -3.08150194e-01, -1.52158629e-02],
       [-3.49120857e-01,  3.37300144e-02,  2.69907671e-02,
         1.54393141e-01, -2.52823707e-02, -1.34014058e-01,
         3.16293207e-01,  5.23661005e-02, -1.48479181e-01,
         3.35146871e-01, -2.04348139e-01, -1.33381786e-01,
         2.32973554e-01, -4.67128171e-03, -4.50152977e-02,
         4.57467853e-02, -9.64765942e-03,  8.23844846e-02],
       [ 1.52236254e-02, -6.07868984e-02,  7.80150991e-02,
        -1.41338871e-03,  7.29575217e-02,  5.39234326e-02,
         6.47240272e-02,  1.64919212e-01,  2.72317487e-01,
         3.25487439e-03,  1.25659053e-01,  1.77285161e-02,
        -4.67128171e-03,  7.75170610e-02,  1.87285269e-02,
         1.14688488e-02,  2.66128379e-02,  2.75556261e-02],
       [ 1.21471874e-01, -1.29619230e-01, -1.20776797e-02,
         5.74701868e-02,  4.91798374e-02,  2.78393953e-01,
        -2.35711212e-01, -2.92852768e-01,  1.16779515e+00,
         2.54979429e-01,  3.53890369e-01,  4.46527198e-01,
        -4.50152977e-02,  1.87285269e-02,  1.23401166e-01,
        -1.64016140e-02, -3.60252442e-02,  2.86006663e-02],
       [ 8.22443678e-03,  6.70408906e-03,  3.15993487e-02,
         6.94327022e-02,  3.28232763e-02,  1.27500381e-02,
         1.25358727e-01,  5.29878815e-02,  1.78966295e-01,
         1.69613513e-01,  4.79592068e-02,  3.26105790e-02,
         4.57467853e-02,  1.14688488e-02, -1.64016140e-02,
         3.98843347e-02, -4.83662115e-03,  4.01691576e-03],
       [-6.16711704e-02,  5.09981046e-02,  2.25282511e-02,
        -1.03518049e-01, -1.12432725e-02, -1.47309340e-01,
         9.65223896e-02,  1.62266892e-01, -7.31322863e-01,
        -3.50125636e-01, -1.55755167e-01, -3.08150194e-01,
        -9.64765942e-03,  2.66128379e-02, -3.60252442e-02,
        -4.83662115e-03,  5.11363706e-02,  1.61486505e-03],
       [-1.63905070e-01, -4.73339248e-02,  4.05995434e-02,
         2.66580786e-02,  1.26796504e-03, -8.75034879e-03,
         4.91492752e-02, -1.54846297e-03,  4.54896328e-02,
         4.95293851e-02, -2.48165575e-02, -1.52158629e-02,
         8.23844846e-02,  2.75556261e-02,  2.86006663e-02,
         4.01691576e-03,  1.61486505e-03,  7.60903191e-02]])
      jac: array([ 5.93937862e-05, -2.06847502e-05,  1.70006601e-04,  1.61637000e-04,
        1.33194196e-04,  1.32829303e-04, -3.26085455e-05, -1.39170157e-05,
       -3.08952863e-05, -2.00030733e-05, -3.00962958e-06, -8.17314735e-05,
        2.64502124e-04, -1.31787174e-04,  1.41041808e-04, -2.77855146e-04,
       -2.21417329e-05, -3.02993926e-04])
  message: 'Maximum number of iterations has been exceeded.'
     nfev: 2052
      nit: 100
     njev: 108
   status: 1
  success: False
        x: array([ 0.02512386,  0.32897176,  0.7565688 ,  1.60470603, -0.49540281,
       -0.14554734,  2.49954062, -0.18646105,  0.20633537,  1.90996145,
       -0.5597621 , -0.6653932 ,  0.14108916,  0.23041157, -0.28509049,
       -1.21048066, -0.23801489,  0.05427781])
