Program Begingeth
      fun: 0.3897781532820605
 hess_inv: array([[ 1.03327960e+01,  4.50304478e-01,  1.29472232e+00,
         3.15957481e+00, -9.78865160e-01,  5.42853306e-01,
        -2.88895002e+00,  4.51482826e+00,  1.51560300e+00,
        -1.47829773e+00,  5.07820689e-01, -1.18004921e+00,
        -1.28029792e+00, -5.77722451e-01,  2.76736353e-01,
        -8.76357703e-01,  1.40202289e+00,  1.60488446e-01],
       [ 4.50304478e-01,  2.90362526e+00,  3.53922681e-01,
         3.05588410e-01,  9.34254293e-01,  9.49322342e-02,
        -9.57285904e-01,  2.45103949e+00,  1.31857414e+00,
        -4.58035289e-01,  1.42580970e-01, -7.84821580e-01,
         1.03752216e-01, -1.51711052e-01,  2.47387565e-01,
        -2.43014890e-01,  4.52916034e-01,  3.00935652e-01],
       [ 1.29472232e+00,  3.53922681e-01,  3.26892599e+00,
         3.89607462e-01, -2.45739117e-02,  1.14789251e+00,
         1.40085268e+00, -5.53538276e-01,  1.25698725e+00,
         1.67355046e-01,  8.59385076e-01, -3.46124608e-01,
        -2.33352033e-01, -3.40993050e-01, -2.56225540e-02,
         7.34022500e-02, -2.33593907e-02,  2.85154947e-01],
       [ 3.15957481e+00,  3.05588410e-01,  3.89607462e-01,
         1.00317770e+00, -2.34255673e-01,  1.60331593e-01,
        -8.43160178e-01,  1.47283842e+00,  5.23119807e-01,
        -4.79457767e-01,  1.33820092e-01, -4.30433246e-01,
        -3.40988652e-01, -1.82623796e-01,  1.12415306e-01,
        -2.49883249e-01,  4.27782749e-01,  7.68139766e-02],
       [-9.78865160e-01,  9.34254293e-01, -2.45739117e-02,
        -2.34255673e-01,  4.55681687e-01, -2.29346954e-02,
         1.88633916e-01,  2.20420027e-01,  1.63064519e-01,
         4.81105272e-02, -3.84687796e-02, -9.18666959e-02,
         1.97210134e-01,  4.69110037e-02,  5.15299895e-02,
         6.42407862e-02, -1.42421262e-02,  7.73962294e-02],
       [ 5.42853306e-01,  9.49322342e-02,  1.14789251e+00,
         1.60331593e-01, -2.29346954e-02,  4.36816830e-01,
         4.95436736e-01, -2.34267503e-01,  3.64661841e-01,
         1.60128321e-01,  2.26400301e-01, -1.21163300e-01,
        -1.24059476e-01, -1.00612111e-01,  2.13633494e-02,
         1.62985770e-02, -5.67351983e-03,  9.00023360e-02],
       [-2.88895002e+00, -9.57285904e-01,  1.40085268e+00,
        -8.43160178e-01,  1.88633916e-01,  4.95436736e-01,
         8.55702326e+00, -3.41245974e+00, -6.73174307e-01,
         9.54387286e-01, -4.27948161e-01,  6.26904144e-01,
         6.03808414e-01,  3.26430477e-01,  3.62640532e-02,
         1.43299345e+00, -8.04483755e-01,  3.04957403e-01],
       [ 4.51482826e+00,  2.45103949e+00, -5.53538276e-01,
         1.47283842e+00,  2.20420027e-01, -2.34267503e-01,
        -3.41245974e+00,  1.15362535e+01,  2.44315327e+00,
        -2.52038617e+00,  2.07855229e-01, -6.57984799e-01,
        -1.33264016e-01, -1.67448088e-01,  4.63865594e-01,
        -6.91915556e-01,  2.03615993e+00,  6.66521723e-01],
       [ 1.51560300e+00,  1.31857414e+00,  1.25698725e+00,
         5.23119807e-01,  1.63064519e-01,  3.64661841e-01,
        -6.73174307e-01,  2.44315327e+00,  4.91035600e+00,
        -9.35332347e-01,  2.91019129e-01, -3.55645884e-01,
        -8.73640517e-02, -3.22750333e-01,  1.63514067e-01,
        -2.91646557e-01,  4.15135332e-01,  8.04245548e-01],
       [-1.47829773e+00, -4.58035289e-01,  1.67355046e-01,
        -4.79457767e-01,  4.81105272e-02,  1.60128321e-01,
         9.54387286e-01, -2.52038617e+00, -9.35332347e-01,
         1.40187181e+00, -4.15107689e-02,  1.95134678e-01,
        -1.08087139e-01,  7.27573018e-02, -9.72530879e-02,
         1.71546408e-01, -4.83036782e-01, -2.86347428e-01],
       [ 5.07820689e-01,  1.42580970e-01,  8.59385076e-01,
         1.33820092e-01, -3.84687796e-02,  2.26400301e-01,
        -4.27948161e-01,  2.07855229e-01,  2.91019129e-01,
        -4.15107689e-02,  8.79060388e-01, -1.53132739e-01,
        -1.11365602e-01, -2.66366932e-01, -1.59820552e-01,
        -9.71712371e-02,  5.19775430e-02, -6.31286865e-02],
       [-1.18004921e+00, -7.84821580e-01, -3.46124608e-01,
        -4.30433246e-01, -9.18666959e-02, -1.21163300e-01,
         6.26904144e-01, -6.57984799e-01, -3.55645884e-01,
         1.95134678e-01, -1.53132739e-01,  7.26667774e-01,
         1.30145866e-01,  1.97560565e-01, -1.57397705e-01,
         2.09476925e-01, -1.55796526e-01, -6.41360600e-02],
       [-1.28029792e+00,  1.03752216e-01, -2.33352033e-01,
        -3.40988652e-01,  1.97210134e-01, -1.24059476e-01,
         6.03808414e-01, -1.33264016e-01, -8.73640517e-02,
        -1.08087139e-01, -1.11365602e-01,  1.30145866e-01,
         3.19641867e-01,  9.29604984e-02, -1.30938022e-04,
         1.98783034e-01, -1.32091551e-01,  6.92155771e-02],
       [-5.77722451e-01, -1.51711052e-01, -3.40993050e-01,
        -1.82623796e-01,  4.69110037e-02, -1.00612111e-01,
         3.26430477e-01, -1.67448088e-01, -3.22750333e-01,
         7.27573018e-02, -2.66366932e-01,  1.97560565e-01,
         9.29604984e-02,  1.52478135e-01,  1.10497430e-02,
         9.83252997e-02, -3.84842748e-02, -1.07019167e-02],
       [ 2.76736353e-01,  2.47387565e-01, -2.56225540e-02,
         1.12415306e-01,  5.15299895e-02,  2.13633494e-02,
         3.62640532e-02,  4.63865594e-01,  1.63514067e-01,
        -9.72530879e-02, -1.59820552e-01, -1.57397705e-01,
        -1.30938022e-04,  1.10497430e-02,  1.22078519e-01,
        -2.17707742e-02,  8.08479321e-02,  9.16506542e-02],
       [-8.76357703e-01, -2.43014890e-01,  7.34022500e-02,
        -2.49883249e-01,  6.42407862e-02,  1.62985770e-02,
         1.43299345e+00, -6.91915556e-01, -2.91646557e-01,
         1.71546408e-01, -9.71712371e-02,  2.09476925e-01,
         1.98783034e-01,  9.83252997e-02, -2.17707742e-02,
         3.05988001e-01, -1.85990185e-01,  2.72562108e-02],
       [ 1.40202289e+00,  4.52916034e-01, -2.33593907e-02,
         4.27782749e-01, -1.42421262e-02, -5.67351983e-03,
        -8.04483755e-01,  2.03615993e+00,  4.15135332e-01,
        -4.83036782e-01,  5.19775430e-02, -1.55796526e-01,
        -1.32091551e-01, -3.84842748e-02,  8.08479321e-02,
        -1.85990185e-01,  4.40965266e-01,  9.62622330e-02],
       [ 1.60488446e-01,  3.00935652e-01,  2.85154947e-01,
         7.68139766e-02,  7.73962294e-02,  9.00023360e-02,
         3.04957403e-01,  6.66521723e-01,  8.04245548e-01,
        -2.86347428e-01, -6.31286865e-02, -6.41360600e-02,
         6.92155771e-02, -1.07019167e-02,  9.16506542e-02,
         2.72562108e-02,  9.62622330e-02,  2.26411354e-01]])
      jac: array([ 4.94049246e-07,  2.98946053e-06,  2.64233080e-06, -4.10153393e-06,
       -7.45255709e-06, -5.61069709e-06, -7.47180096e-07,  1.20274161e-07,
       -1.99470070e-07,  1.59502041e-06, -1.85037171e-09,  5.03301105e-07,
        4.81096644e-09,  2.47320682e-06, -8.78556487e-07,  2.79110068e-06,
       -3.25665421e-07,  3.16672614e-06])
  message: 'Optimization terminated successfully.'
     nfev: 2090
      nit: 97
     njev: 110
   status: 0
  success: True
        x: array([ 0.97910242, -1.11584124,  0.05928614,  1.32683023, -0.95840926,
        0.02825298, -1.98073312, -1.06531409, -0.93763924,  0.08496449,
        0.35546649,  1.12212433,  0.01614399, -0.03355061, -0.2725056 ,
       -1.37203396, -0.98353807, -0.12892832])
