Program Begingeth
      fun: 0.34881664232986787
 hess_inv: array([[ 9.12229735e-01, -1.14439260e-01,  5.70556092e-02,
         1.14179439e-01, -1.74881345e-01,  3.33089671e-01,
         4.71763555e-01, -1.01617152e+00,  4.16013459e-03,
         3.86964989e-01, -2.86737222e-01,  4.09934611e-01,
        -4.07468350e-01,  4.61850422e-03,  4.36554726e-02,
        -3.65202040e-02, -5.35971762e-03, -2.37133182e-01],
       [-1.14439260e-01,  5.89193996e-01, -1.05239204e-01,
        -1.92326050e-01,  1.86553766e-01, -2.22515267e-01,
        -6.04427457e-01,  3.40894187e-01,  2.52358623e-02,
        -7.47832314e-01,  3.53946261e-01, -6.28527572e-02,
         1.06199138e-01, -1.79481508e-01, -2.10672074e-01,
         6.08719419e-02, -2.77047198e-02, -7.06884298e-02],
       [ 5.70556092e-02, -1.05239204e-01,  4.07239993e-01,
         1.97240563e-02, -1.60445896e-02,  1.79236155e-01,
         6.62173321e-01, -1.11680013e-01,  8.34350211e-02,
         6.81297530e-02, -3.24770373e-01,  3.21616767e-01,
        -8.18478257e-03,  1.47366023e-01, -2.84998750e-02,
         7.73374969e-02,  6.38455788e-02,  5.38402775e-02],
       [ 1.14179439e-01, -1.92326050e-01,  1.97240563e-02,
         3.80101603e-01,  2.19923934e-02,  2.72462890e-01,
         1.44501990e+00,  4.46976846e-01, -4.84100041e-01,
         1.13194660e+00,  1.27523731e-01,  8.19004350e-01,
        -1.60270297e-02,  8.22355285e-02,  1.32228654e-01,
         1.03782103e-02,  5.41898575e-02,  2.75848400e-02],
       [-1.74881345e-01,  1.86553766e-01, -1.60445896e-02,
         2.19923934e-02,  4.12690285e-01, -1.30880043e-01,
         3.40056331e-01,  9.72482755e-01, -3.84671639e-01,
        -5.20017651e-01,  8.93144259e-01,  1.83620909e-01,
         2.68297682e-01,  2.33312175e-02, -7.44622376e-02,
         1.17658246e-01, -5.96749222e-02,  8.87299206e-02],
       [ 3.33089671e-01, -2.22515267e-01,  1.79236155e-01,
         2.72462890e-01, -1.30880043e-01,  5.94751888e-01,
         1.49325563e+00,  1.03065647e-01,  1.93580334e-01,
         1.23865119e+00, -3.70710926e-01,  1.37369948e+00,
        -2.75362848e-01,  1.63525211e-01,  1.80282597e-01,
        -4.22072128e-02,  1.73490728e-01, -1.89715468e-02],
       [ 4.71763555e-01, -6.04427457e-01,  6.62173321e-01,
         1.44501990e+00,  3.40056331e-01,  1.49325563e+00,
         7.99135536e+00,  2.22914548e+00, -1.59352466e+00,
         3.75810828e+00,  5.08330750e-01,  4.61490604e+00,
        -3.92066317e-02,  5.41224831e-01,  4.49678056e-01,
         1.53136792e-01,  3.03789194e-01,  2.26574566e-01],
       [-1.01617152e+00,  3.40894187e-01, -1.11680013e-01,
         4.46976846e-01,  9.72482755e-01,  1.03065647e-01,
         2.22914548e+00,  5.71127708e+00, -1.44063354e+00,
         1.40586050e+00,  1.84075816e+00,  2.28950989e+00,
         5.11346570e-01,  1.93488308e-01, -5.68560046e-02,
         1.67437075e-01,  2.37556440e-01,  2.86506850e-01],
       [ 4.16013459e-03,  2.52358623e-02,  8.34350211e-02,
        -4.84100041e-01, -3.84671639e-01,  1.93580334e-01,
        -1.59352466e+00, -1.44063354e+00,  2.73751749e+00,
        -8.96306281e-01, -1.22968641e+00, -4.91155991e-01,
        -2.26053194e-01,  2.44039189e-02,  2.76591759e-02,
        -6.40202164e-02,  5.76458783e-02, -6.42008072e-02],
       [ 3.86964989e-01, -7.47832314e-01,  6.81297530e-02,
         1.13194660e+00, -5.20017651e-01,  1.23865119e+00,
         3.75810828e+00,  1.40586050e+00, -8.96306281e-01,
         5.49308060e+00, -9.45851290e-01,  3.10766226e+00,
        -6.79496214e-01,  3.31054464e-01,  4.93254523e-01,
        -2.31835366e-01,  5.91721423e-01, -1.07334030e-01],
       [-2.86737222e-01,  3.53946261e-01, -3.24770373e-01,
         1.27523731e-01,  8.93144259e-01, -3.70710926e-01,
         5.08330750e-01,  1.84075816e+00, -1.22968641e+00,
        -9.45851290e-01,  2.43665966e+00,  2.00890263e-01,
         5.32468364e-01, -3.47318454e-02, -8.84067170e-02,
         1.61824669e-01, -1.55507028e-01,  1.49623347e-01],
       [ 4.09934611e-01, -6.28527572e-02,  3.21616767e-01,
         8.19004350e-01,  1.83620909e-01,  1.37369948e+00,
         4.61490604e+00,  2.28950989e+00, -4.91155991e-01,
         3.10766226e+00,  2.00890263e-01,  4.45275504e+00,
        -3.57037672e-01,  3.37651099e-01,  3.17174387e-01,
         1.30843153e-02,  4.52081756e-01,  6.69099466e-02],
       [-4.07468350e-01,  1.06199138e-01, -8.18478257e-03,
        -1.60270297e-02,  2.68297682e-01, -2.75362848e-01,
        -3.92066317e-02,  5.11346570e-01, -2.26053194e-01,
        -6.79496214e-01,  5.32468364e-01, -3.57037672e-01,
         3.99092996e-01, -2.09369390e-02, -5.94033346e-02,
         1.33489117e-01, -1.23663838e-01,  1.60004572e-01],
       [ 4.61850422e-03, -1.79481508e-01,  1.47366023e-01,
         8.22355285e-02,  2.33312175e-02,  1.63525211e-01,
         5.41224831e-01,  1.93488308e-01,  2.44039189e-02,
         3.31054464e-01, -3.47318454e-02,  3.37651099e-01,
        -2.09369390e-02,  1.50451029e-01,  6.03546571e-02,
         1.28768741e-02,  8.18563956e-02,  5.26279760e-02],
       [ 4.36554726e-02, -2.10672074e-01, -2.84998750e-02,
         1.32228654e-01, -7.44622376e-02,  1.80282597e-01,
         4.49678056e-01, -5.68560046e-02,  2.76591759e-02,
         4.93254523e-01, -8.84067170e-02,  3.17174387e-01,
        -5.94033346e-02,  6.03546571e-02,  1.55610122e-01,
        -4.46555963e-02,  3.01439887e-02,  5.34687463e-02],
       [-3.65202040e-02,  6.08719419e-02,  7.73374969e-02,
         1.03782103e-02,  1.17658246e-01, -4.22072128e-02,
         1.53136792e-01,  1.67437075e-01, -6.40202164e-02,
        -2.31835366e-01,  1.61824669e-01,  1.30843153e-02,
         1.33489117e-01,  1.28768741e-02, -4.46555963e-02,
         9.91215478e-02, -4.00604072e-02,  3.80947885e-02],
       [-5.35971762e-03, -2.77047198e-02,  6.38455788e-02,
         5.41898575e-02, -5.96749222e-02,  1.73490728e-01,
         3.03789194e-01,  2.37556440e-01,  5.76458783e-02,
         5.91721423e-01, -1.55507028e-01,  4.52081756e-01,
        -1.23663838e-01,  8.18563956e-02,  3.01439887e-02,
        -4.00604072e-02,  1.57651031e-01, -1.60779899e-02],
       [-2.37133182e-01, -7.06884298e-02,  5.38402775e-02,
         2.75848400e-02,  8.87299206e-02, -1.89715468e-02,
         2.26574566e-01,  2.86506850e-01, -6.42008072e-02,
        -1.07334030e-01,  1.49623347e-01,  6.69099466e-02,
         1.60004572e-01,  5.26279760e-02,  5.34687463e-02,
         3.80947885e-02, -1.60779899e-02,  1.48542841e-01]])
      jac: array([-3.71628654e-06,  1.06322358e-06,  5.71394783e-07,  1.06392672e-05,
       -1.64461037e-06,  1.58465833e-06, -6.81306863e-07, -2.23154828e-07,
        1.12872674e-07, -2.33775962e-06,  4.36687723e-07, -9.47390314e-08,
       -8.03653440e-06,  3.03423953e-06, -4.48160028e-07,  3.51829677e-06,
       -2.59644158e-06, -2.89768209e-07])
  message: 'Desired error not necessarily achieved due to precision loss.'
     nfev: 1893
      nit: 66
     njev: 99
   status: 2
  success: False
        x: array([ 0.12123998,  0.13016737,  0.90085116,  1.1559808 , -1.1194199 ,
        0.29047435,  1.99428012, -0.95651239,  1.32312609,  0.71140274,
       -1.65803906,  0.62827672,  0.06362816, -0.01007844, -0.2847784 ,
       -1.13947934, -0.61609132,  0.03954778])
