Program Begingeth
      fun: 0.2732759164014038
 hess_inv: array([[ 3.51775415e+00,  2.45737359e-01,  1.10232659e+00,
         1.79142085e+00, -2.41027922e-02,  1.52458296e-03,
         2.97514996e+00, -5.94763207e-01, -3.57940391e+00,
         6.30765359e-01,  4.64109247e-01, -4.51264629e-01,
         4.62610578e-02, -1.69044742e-01, -6.97390593e-02,
         9.95917033e-02,  2.88001410e-02,  6.87004691e-02],
       [ 2.45737359e-01,  1.40486771e+00, -1.65931795e-01,
         1.63396399e-01,  7.02225709e-01, -1.76721217e-01,
         3.37114093e-01,  8.51319260e-01,  8.68988713e-01,
         4.32290228e-01,  4.32873964e-01, -6.67833790e-02,
        -1.15765176e-01, -7.30729696e-05, -1.60499018e-01,
        -7.96523766e-02,  6.45345192e-02, -8.52105955e-03],
       [ 1.10232659e+00, -1.65931795e-01,  1.64232492e+00,
         6.65782895e-01, -1.63470383e-01,  6.47065678e-01,
         1.60913918e+00, -1.83028812e+00, -1.43518639e+00,
         3.14467043e-01, -1.24739074e-01,  1.36400772e-01,
         3.58425840e-02,  1.44869289e-01,  9.44879969e-02,
         1.37306984e-02,  1.19064597e-01,  1.00688825e-01],
       [ 1.79142085e+00,  1.63396399e-01,  6.65782895e-01,
         9.38531434e-01,  5.51109172e-03,  5.07508245e-02,
         1.68046403e+00, -4.27337777e-01, -1.76024610e+00,
         3.34461578e-01,  2.57158324e-01, -1.92257949e-01,
         3.34226295e-02, -6.49837710e-02, -4.27341826e-02,
         4.98378998e-02,  3.63158629e-02,  3.41525317e-02],
       [-2.41027922e-02,  7.02225709e-01, -1.63470383e-01,
         5.51109172e-03,  3.96134815e-01, -1.21408871e-01,
         3.25001700e-01,  8.35360166e-01,  6.38586781e-01,
         1.83420388e-01,  2.65830892e-01, -3.84752657e-02,
        -9.51928157e-02, -7.44635576e-03, -9.05134328e-02,
        -6.63549842e-02,  1.48236083e-02, -1.86899762e-03],
       [ 1.52458296e-03, -1.76721217e-01,  6.47065678e-01,
         5.07508245e-02, -1.21408871e-01,  3.56562495e-01,
         7.91316935e-02, -1.00398719e+00, -8.73670444e-02,
        -1.62575987e-02, -2.04224093e-01,  1.50008024e-01,
         5.63485066e-02,  1.20269940e-01,  7.49659856e-02,
         1.08457677e-02,  7.45791233e-02,  2.73551623e-02],
       [ 2.97514996e+00,  3.37114093e-01,  1.60913918e+00,
         1.68046403e+00,  3.25001700e-01,  7.91316935e-02,
         7.59898817e+00,  1.37077790e+00, -3.13094474e+00,
         7.53526605e-01,  1.03353305e+00, -3.15689927e-01,
        -3.58212471e-01, -2.75304683e-01, -1.53776270e-01,
        -1.44563099e-01, -1.95220565e-01,  2.23179783e-01],
       [-5.94763207e-01,  8.51319260e-01, -1.83028812e+00,
        -4.27337777e-01,  8.35360166e-01, -1.00398719e+00,
         1.37077790e+00,  6.55271201e+00,  2.00967913e+00,
         3.95158527e-02,  9.72456147e-01, -7.86980842e-01,
        -3.96274372e-01, -3.70309408e-01, -2.10834982e-01,
        -1.60271672e-01, -2.57634369e-01, -1.62575829e-02],
       [-3.57940391e+00,  8.68988713e-01, -1.43518639e+00,
        -1.76024610e+00,  6.38586781e-01, -8.73670444e-02,
        -3.13094474e+00,  2.00967913e+00,  6.56545413e+00,
        -6.05327058e-01,  3.13727582e-01,  2.06530716e-01,
        -2.86444133e-02,  1.52294747e-01, -9.47328237e-02,
        -1.57818039e-01,  1.19146242e-01, -1.56699976e-01],
       [ 6.30765359e-01,  4.32290228e-01,  3.14467043e-01,
         3.34461578e-01,  1.83420388e-01, -1.62575987e-02,
         7.53526605e-01,  3.95158527e-02, -6.05327058e-01,
         9.67653623e-01,  1.30876003e-01, -3.98624912e-02,
        -2.14278744e-01, -2.70251734e-03,  6.35961483e-02,
        -3.00480752e-02,  3.70908142e-02,  2.25588493e-01],
       [ 4.64109247e-01,  4.32873964e-01, -1.24739074e-01,
         2.57158324e-01,  2.65830892e-01, -2.04224093e-01,
         1.03353305e+00,  9.72456147e-01,  3.13727582e-01,
         1.30876003e-01,  7.69471025e-01, -2.05730243e-01,
        -7.61922841e-02, -1.60596125e-01, -1.66786719e-01,
        -5.34428807e-02, -1.28365051e-02, -5.76100817e-02],
       [-4.51264629e-01, -6.67833790e-02,  1.36400772e-01,
        -1.92257949e-01, -3.84752657e-02,  1.50008024e-01,
        -3.15689927e-01, -7.86980842e-01,  2.06530716e-01,
        -3.98624912e-02, -2.05730243e-01,  4.26793637e-01,
        -1.28310875e-02,  1.28109923e-01,  1.41722230e-03,
        -5.56938542e-02,  5.70516179e-02,  2.24050042e-02],
       [ 4.62610578e-02, -1.15765176e-01,  3.58425840e-02,
         3.34226295e-02, -9.51928157e-02,  5.63485066e-02,
        -3.58212471e-01, -3.96274372e-01, -2.86444133e-02,
        -2.14278744e-01, -7.61922841e-02, -1.28310875e-02,
         1.32933667e-01,  2.31574821e-02, -3.69703881e-03,
         6.70212840e-02,  3.53415537e-02, -6.88013347e-02],
       [-1.69044742e-01, -7.30729697e-05,  1.44869289e-01,
        -6.49837710e-02, -7.44635576e-03,  1.20269940e-01,
        -2.75304683e-01, -3.70309408e-01,  1.52294747e-01,
        -2.70251734e-03, -1.60596125e-01,  1.28109923e-01,
         2.31574821e-02,  1.03999044e-01,  2.89385342e-02,
        -2.30184217e-03,  7.03978543e-02,  1.28664990e-02],
       [-6.97390593e-02, -1.60499018e-01,  9.44879969e-02,
        -4.27341826e-02, -9.05134328e-02,  7.49659856e-02,
        -1.53776270e-01, -2.10834982e-01, -9.47328237e-02,
         6.35961483e-02, -1.66786719e-01,  1.41722230e-03,
        -3.69703881e-03,  2.89385342e-02,  8.82123161e-02,
         1.80140364e-02,  2.58999095e-04,  6.49246557e-02],
       [ 9.95917033e-02, -7.96523766e-02,  1.37306984e-02,
         4.98378998e-02, -6.63549842e-02,  1.08457677e-02,
        -1.44563099e-01, -1.60271672e-01, -1.57818039e-01,
        -3.00480752e-02, -5.34428807e-02, -5.56938542e-02,
         6.70212840e-02, -2.30184217e-03,  1.80140364e-02,
         6.21278951e-02,  9.44741275e-03, -1.38554064e-02],
       [ 2.88001410e-02,  6.45345192e-02,  1.19064597e-01,
         3.63158629e-02,  1.48236083e-02,  7.45791233e-02,
        -1.95220565e-01, -2.57634369e-01,  1.19146242e-01,
         3.70908142e-02, -1.28365051e-02,  5.70516179e-02,
         3.53415537e-02,  7.03978543e-02,  2.58999095e-04,
         9.44741275e-03,  8.76189919e-02, -4.33890693e-03],
       [ 6.87004691e-02, -8.52105955e-03,  1.00688825e-01,
         3.41525317e-02, -1.86899762e-03,  2.73551623e-02,
         2.23179783e-01, -1.62575829e-02, -1.56699976e-01,
         2.25588493e-01, -5.76100817e-02,  2.24050042e-02,
        -6.88013347e-02,  1.28664990e-02,  6.49246557e-02,
        -1.38554064e-02, -4.33890693e-03,  1.04414894e-01]])
      jac: array([-5.64585416e-06,  1.94770126e-06, -2.41843582e-06,  1.76188693e-05,
       -1.14945091e-06,  7.10690766e-06, -1.47141558e-06,  1.77672691e-06,
       -7.77156117e-09, -1.49769086e-06,  3.41282558e-06,  4.70660548e-06,
       -5.19769413e-06,  2.76667578e-06,  1.99780933e-05,  6.81676937e-07,
       -6.21317812e-06, -1.02336658e-05])
  message: 'Desired error not necessarily achieved due to precision loss.'
     nfev: 2064
      nit: 59
     njev: 108
   status: 2
  success: False
        x: array([-1.62050634, -1.25472579,  0.69206178, -1.39217713, -1.32526208,
        0.38092804, -0.51986493, -1.76496154,  1.17136678, -0.00287587,
        0.48673445,  1.22591078,  0.1023804 ,  0.2401385 , -0.26063705,
        1.26584162, -0.05083483, -0.00198109])
