Program Begingeth
      fun: 0.3417453376620125
 hess_inv: array([[ 6.55358638e+00, -4.13373402e-01,  2.12343258e-01,
         1.05466281e+00, -7.05110833e-01,  1.19758934e+00,
        -2.06743609e+00,  3.83261579e-01,  1.87070573e+00,
        -1.20327891e+00, -5.79576325e-01,  3.01376474e-01,
        -1.15955982e+00,  1.80115545e-02,  3.87950632e-01,
         1.81818690e-01,  6.28514265e-01, -7.23439135e-01],
       [-4.13373402e-01,  3.34093244e+00,  1.13078779e+00,
         8.31830962e-02,  8.82597704e-01,  5.45113516e-02,
        -2.17362960e+00, -1.16386194e+00,  3.09381305e+00,
         6.28919767e-02,  1.79720505e-01, -1.67661546e+00,
         2.96868728e-01, -4.22745785e-01, -2.32363506e-01,
        -1.30516574e-01,  7.01271453e-02,  3.09412437e-02],
       [ 2.12343258e-01,  1.13078779e+00,  1.96574219e+00,
        -1.11168978e-01,  2.13331845e-01,  3.41780662e-01,
        -7.67540938e-01, -2.15196979e+00,  8.35741410e-01,
        -7.61757939e-02,  8.25050204e-01, -9.58299164e-01,
        -2.92297711e-02, -2.11573005e-01, -2.95508494e-01,
         1.45473826e-01,  1.12393577e-01,  3.85352498e-02],
       [ 1.05466281e+00,  8.31830962e-02, -1.11168978e-01,
         2.54304103e-01, -7.73283242e-02,  1.55780986e-01,
        -9.56322563e-02,  3.05014543e-01,  5.58688864e-01,
        -2.22574705e-01, -2.04588825e-01, -3.54141729e-02,
        -1.21572703e-01, -2.27073431e-02,  1.07507366e-01,
         1.87897598e-02,  9.02348753e-02, -8.86551182e-02],
       [-7.05110833e-01,  8.82597704e-01,  2.13331845e-01,
        -7.73283242e-02,  5.73885972e-01, -2.23029992e-02,
        -3.23832515e+00, -1.22379743e-02,  4.87172078e-01,
         4.53733321e-01,  4.48655469e-02, -3.23871662e-01,
         3.32636982e-01, -1.48363598e-02, -6.71246324e-02,
        -7.40934699e-03, -2.88785114e-01,  6.54977075e-03],
       [ 1.19758934e+00,  5.45113516e-02,  3.41780662e-01,
         1.55780986e-01, -2.23029992e-02,  3.75021918e-01,
        -1.52309164e+00, -1.18286690e-01,  6.36719866e-01,
        -7.59066295e-03, -9.98178927e-02, -2.17629761e-02,
        -2.23793252e-01,  1.57101715e-02,  9.64400824e-02,
         2.40933651e-02,  4.30919056e-02, -1.29572158e-01],
       [-2.06743609e+00, -2.17362960e+00, -7.67540938e-01,
        -9.56322563e-02, -3.23832515e+00, -1.52309164e+00,
         3.96969736e+01, -8.83509584e-02, -2.71943427e+00,
        -3.40634034e+00,  7.55385982e-02,  1.59726957e-01,
        -1.23053853e+00, -1.88263877e-01, -1.67944748e-01,
        -7.33438175e-02,  2.96287678e+00,  1.22687699e+00],
       [ 3.83261579e-01, -1.16386194e+00, -2.15196979e+00,
         3.05014543e-01, -1.22379743e-02, -1.18286690e-01,
        -8.83509584e-02,  5.57650244e+00, -9.86232533e-01,
         1.55052986e-01, -1.21581707e+00,  9.19719841e-01,
        -4.97692646e-02,  4.05651800e-01,  6.46833062e-01,
        -2.34284527e-01,  6.52887009e-02,  9.19457077e-03],
       [ 1.87070573e+00,  3.09381305e+00,  8.35741410e-01,
         5.58688864e-01,  4.87172078e-01,  6.36719866e-01,
        -2.71943427e+00, -9.86232533e-01,  6.72538548e+00,
        -1.65064298e-01, -2.76973067e-01, -1.41542305e+00,
        -1.61562659e-01, -5.76319587e-01,  9.16024026e-02,
        -2.23843231e-01,  1.31750953e-01, -5.76959628e-02],
       [-1.20327891e+00,  6.28919767e-02, -7.61757939e-02,
        -2.22574705e-01,  4.53733321e-01, -7.59066295e-03,
        -3.40634034e+00,  1.55052986e-01, -1.65064298e-01,
         1.18627598e+00,  4.77051144e-02,  7.64931891e-02,
         2.25398806e-01,  5.93617398e-02, -2.12242865e-02,
        -4.18439452e-02, -4.82547741e-01, -5.28173782e-02],
       [-5.79576325e-01,  1.79720505e-01,  8.25050204e-01,
        -2.04588825e-01,  4.48655469e-02, -9.98178927e-02,
         7.55385982e-02, -1.21581707e+00, -2.76973067e-01,
         4.77051144e-02,  1.08961812e+00, -4.02606478e-01,
         1.07619649e-01, -2.31631513e-01, -3.47730561e-01,
         1.18981757e-01, -6.54189566e-02, -2.52917385e-02],
       [ 3.01376474e-01, -1.67661546e+00, -9.58299164e-01,
        -3.54141729e-02, -3.23871662e-01, -2.17629761e-02,
         1.59726957e-01,  9.19719841e-01, -1.41542305e+00,
         7.64931891e-02, -4.02606478e-01,  1.34002275e+00,
        -1.36216144e-01,  3.60439290e-01,  1.29911344e-01,
         7.18513341e-02, -5.24199477e-02, -6.28628091e-02],
       [-1.15955982e+00,  2.96868728e-01, -2.92297711e-02,
        -1.21572703e-01,  3.32636982e-01, -2.23793252e-01,
        -1.23053853e+00, -4.97692646e-02, -1.61562659e-01,
         2.25398806e-01,  1.07619649e-01, -1.36216144e-01,
         4.19963964e-01, -1.15136622e-02, -7.55266610e-02,
         3.27667676e-02, -2.76093687e-01,  1.28126773e-01],
       [ 1.80115545e-02, -4.22745785e-01, -2.11573005e-01,
        -2.27073431e-02, -1.48363598e-02,  1.57101715e-02,
        -1.88263877e-01,  4.05651800e-01, -5.76319587e-01,
         5.93617398e-02, -2.31631513e-01,  3.60439290e-01,
        -1.15136622e-02,  1.82388799e-01,  6.95757404e-02,
         2.68122209e-02, -1.75295640e-03,  1.12612666e-02],
       [ 3.87950632e-01, -2.32363506e-01, -2.95508494e-01,
         1.07507366e-01, -6.71246324e-02,  9.64400824e-02,
        -1.67944748e-01,  6.46833062e-01,  9.16024026e-02,
        -2.12242865e-02, -3.47730561e-01,  1.29911344e-01,
        -7.55266610e-02,  6.95757404e-02,  1.89844881e-01,
        -5.04372465e-02,  9.46799867e-03,  9.15960965e-03],
       [ 1.81818690e-01, -1.30516574e-01,  1.45473826e-01,
         1.87897598e-02, -7.40934699e-03,  2.40933651e-02,
        -7.33438175e-02, -2.34284527e-01, -2.23843231e-01,
        -4.18439452e-02,  1.18981757e-01,  7.18513341e-02,
         3.27667676e-02,  2.68122209e-02, -5.04372465e-02,
         1.10845314e-01, -1.16934974e-02, -1.93669402e-02],
       [ 6.28514265e-01,  7.01271453e-02,  1.12393577e-01,
         9.02348753e-02, -2.88785114e-01,  4.30919056e-02,
         2.96287678e+00,  6.52887009e-02,  1.31750953e-01,
        -4.82547741e-01, -6.54189566e-02, -5.24199477e-02,
        -2.76093687e-01, -1.75295640e-03,  9.46799867e-03,
        -1.16934974e-02,  4.26654700e-01,  1.63370311e-02],
       [-7.23439135e-01,  3.09412437e-02,  3.85352498e-02,
        -8.86551182e-02,  6.54977075e-03, -1.29572158e-01,
         1.22687699e+00,  9.19457077e-03, -5.76959628e-02,
        -5.28173782e-02, -2.52917385e-02, -6.28628091e-02,
         1.28126773e-01,  1.12612666e-02,  9.15960965e-03,
        -1.93669402e-02,  1.63370311e-02,  1.92088862e-01]])
      jac: array([-5.57187629e-05, -1.29019018e-05,  1.43544436e-05,  1.67791336e-04,
        1.75666888e-05,  1.90925054e-05, -1.10052708e-05, -2.09017988e-06,
       -6.04220378e-06, -1.21917291e-05, -1.28907995e-05,  2.41850984e-05,
       -6.45394849e-05, -7.77914770e-05, -1.27723758e-05,  5.09092768e-05,
        7.04699262e-05,  2.71486537e-06])
  message: 'Desired error not necessarily achieved due to precision loss.'
     nfev: 1893
      nit: 60
     njev: 99
   status: 2
  success: False
        x: array([ 3.43288973e-01, -8.20140920e-01,  5.25344058e-01,  1.00458042e+00,
       -8.47264188e-01,  5.37180718e-02,  1.63965387e-01, -1.88742411e+00,
       -5.00408175e-01,  5.01863549e-02,  5.52405886e-01,  1.12447174e+00,
        8.36722243e-02, -1.57937266e-02, -3.76281771e-01, -1.00988516e+00,
       -9.79311619e-01,  1.80367688e-03])
