Program Begingeth
      fun: 0.26958896953986433
 hess_inv: array([[ 4.05246343e+00, -1.75601691e+00, -3.20841317e-01,
         1.45752486e+00, -8.06039308e-01,  7.89980680e-01,
         3.01124799e+00,  1.70699777e+00,  2.30197828e+00,
        -2.09072845e-01, -9.49945145e-01,  6.57840752e-01,
        -6.29063029e-01,  3.79574090e-01,  4.70119377e-01,
        -3.18469418e-01,  5.05827967e-01, -1.99009454e-01],
       [-1.75601691e+00,  3.54720876e+00,  1.18146714e+00,
        -6.08464470e-01,  1.54748900e+00, -1.47835235e-02,
        -3.62383561e+00,  6.67308103e-01,  2.13758915e+00,
        -2.58220528e-01,  6.32860170e-01, -1.21993894e+00,
         5.65971051e-01, -3.57209774e-01, -3.22960531e-01,
         1.87668578e-01, -3.23423624e-01,  7.41642859e-02],
       [-3.20841317e-01,  1.18146714e+00,  2.16664653e+00,
        -4.26060451e-01,  4.14069893e-01,  7.82465938e-01,
        -3.30791658e+00, -1.90316605e+00,  3.09712513e+00,
        -5.46792805e-02,  8.58341243e-01, -6.45030467e-01,
         4.90095221e-02, -1.52037376e-01, -2.83048813e-01,
         1.44637161e-01, -2.01666852e-02, -1.29862418e-01],
       [ 1.45752486e+00, -6.08464470e-01, -4.26060451e-01,
         6.27122280e-01, -2.73592121e-01,  1.48554301e-01,
         1.85899702e+00,  1.04512365e+00,  5.20796909e-01,
        -1.10735838e-01, -4.71817684e-01,  2.34753629e-01,
        -1.80025698e-01,  1.26397062e-01,  2.25831546e-01,
        -1.28714458e-01,  1.60526207e-01, -1.36540734e-02],
       [-8.06039308e-01,  1.54748900e+00,  4.14069893e-01,
        -2.73592121e-01,  7.89759070e-01, -3.17532176e-02,
        -2.12890363e+00,  1.09502937e+00,  5.37286607e-01,
        -3.25657793e-02,  1.66325473e-01, -4.45931546e-01,
         3.01274873e-01, -1.01594644e-01, -1.01108434e-01,
         1.18399311e-01, -1.81122964e-01,  5.29147663e-02],
       [ 7.89980680e-01, -1.47835235e-02,  7.82465938e-01,
         1.48554301e-01, -3.17532176e-02,  5.61442284e-01,
        -8.93356861e-01, -1.89260664e-01,  2.04286855e+00,
         5.86063211e-02,  4.16330778e-02, -5.21255459e-02,
        -1.65365449e-01,  3.55789798e-02,  2.95032149e-02,
        -4.38309842e-02,  8.07470770e-02, -1.03108902e-01],
       [ 3.01124799e+00, -3.62383561e+00, -3.30791658e+00,
         1.85899702e+00, -2.12890363e+00, -8.93356861e-01,
         1.61437369e+01, -1.93871861e-01, -3.30052356e+00,
        -7.03043525e-01, -1.34826727e+00,  1.02709282e+00,
        -7.70482580e-01,  3.59380741e-01,  6.83728808e-01,
        -5.87843286e-01,  9.32359597e-01,  2.91288854e-01],
       [ 1.70699777e+00,  6.67308103e-01, -1.90316605e+00,
         1.04512365e+00,  1.09502937e+00, -1.89260664e-01,
        -1.93871861e-01,  1.11720764e+01, -1.49049025e+00,
         1.72848315e-01, -1.77140107e+00,  2.62975592e-01,
         1.38644272e-01,  4.26780068e-01,  8.45211432e-01,
        -2.34017090e-01, -1.70724702e-02,  2.78728017e-01],
       [ 2.30197828e+00,  2.13758915e+00,  3.09712513e+00,
         5.20796909e-01,  5.37286607e-01,  2.04286855e+00,
        -3.30052356e+00, -1.49049025e+00,  1.24838301e+01,
        -9.84496196e-02,  7.16499404e-01, -9.84301443e-01,
        -3.65313013e-01, -4.34260377e-01, -1.56772987e-01,
        -2.42775928e-01, -1.57254803e-02, -3.66979542e-01],
       [-2.09072845e-01, -2.58220528e-01, -5.46792805e-02,
        -1.10735838e-01, -3.25657793e-02,  5.86063211e-02,
        -7.03043525e-01,  1.72848315e-01, -9.84496196e-02,
         6.37193471e-01, -2.03857136e-03,  1.07315566e-01,
        -1.10110716e-01, -1.66723352e-02, -3.60857337e-02,
         7.12856939e-03, -1.11520035e-01, -1.37790157e-01],
       [-9.49945145e-01,  6.32860170e-01,  8.58341243e-01,
        -4.71817684e-01,  1.66325473e-01,  4.16330778e-02,
        -1.34826727e+00, -1.77140107e+00,  7.16499404e-01,
        -2.03857136e-03,  9.91305357e-01, -4.37977250e-01,
         1.15242369e-01, -2.60194481e-01, -3.44762550e-01,
         1.35577062e-01, -9.33194464e-02, -1.12854370e-01],
       [ 6.57840752e-01, -1.21993894e+00, -6.45030467e-01,
         2.34753629e-01, -4.45931546e-01, -5.21255459e-02,
         1.02709282e+00,  2.62975592e-01, -9.84301443e-01,
         1.07315566e-01, -4.37977250e-01,  7.51265256e-01,
        -1.43536474e-01,  2.32958123e-01,  1.20891362e-01,
        -1.39885217e-02,  1.28701794e-01,  5.81615967e-03],
       [-6.29063029e-01,  5.65971051e-01,  4.90095221e-02,
        -1.80025698e-01,  3.01274873e-01, -1.65365449e-01,
        -7.70482580e-01,  1.38644272e-01, -3.65313013e-01,
        -1.10110716e-01,  1.15242369e-01, -1.43536474e-01,
         2.49600714e-01, -6.43615529e-02, -6.45702410e-02,
         1.25707102e-01, -1.30672944e-01,  8.63197916e-02],
       [ 3.79574090e-01, -3.57209774e-01, -1.52037376e-01,
         1.26397062e-01, -1.01594644e-01,  3.55789798e-02,
         3.59380741e-01,  4.26780068e-01, -4.34260377e-01,
        -1.66723352e-02, -2.60194481e-01,  2.32958123e-01,
        -6.43615529e-02,  1.56063218e-01,  9.14601986e-02,
        -1.58427394e-02,  1.11472555e-01,  2.18090513e-02],
       [ 4.70119377e-01, -3.22960531e-01, -2.83048813e-01,
         2.25831546e-01, -1.01108434e-01,  2.95032149e-02,
         6.83728808e-01,  8.45211432e-01, -1.56772987e-01,
        -3.60857337e-02, -3.44762550e-01,  1.20891362e-01,
        -6.45702410e-02,  9.14601986e-02,  1.78744021e-01,
        -7.65832042e-02,  5.45630385e-02,  6.74543400e-02],
       [-3.18469418e-01,  1.87668578e-01,  1.44637161e-01,
        -1.28714458e-01,  1.18399311e-01, -4.38309842e-02,
        -5.87843286e-01, -2.34017090e-01, -2.42775928e-01,
         7.12856939e-03,  1.35577062e-01, -1.39885217e-02,
         1.25707102e-01, -1.58427394e-02, -7.65832042e-02,
         1.18495910e-01, -5.73795731e-02,  8.51190164e-03],
       [ 5.05827967e-01, -3.23423624e-01, -2.01666852e-02,
         1.60526207e-01, -1.81122964e-01,  8.07470770e-02,
         9.32359597e-01, -1.70724702e-02, -1.57254803e-02,
        -1.11520035e-01, -9.33194464e-02,  1.28701794e-01,
        -1.30672944e-01,  1.11472555e-01,  5.45630385e-02,
        -5.73795731e-02,  1.90398190e-01, -8.52126201e-03],
       [-1.99009454e-01,  7.41642859e-02, -1.29862418e-01,
        -1.36540734e-02,  5.29147663e-02, -1.03108902e-01,
         2.91288854e-01,  2.78728017e-01, -3.66979542e-01,
        -1.37790157e-01, -1.12854370e-01,  5.81615967e-03,
         8.63197916e-02,  2.18090513e-02,  6.74543400e-02,
         8.51190164e-03, -8.52126201e-03,  1.29942857e-01]])
      jac: array([-8.46952138e-06, -9.07052211e-07,  1.60242190e-05,  2.76878520e-05,
       -8.36960131e-06, -3.55001214e-05, -3.28440978e-06,  8.57092175e-07,
        1.88404847e-06,  1.27305573e-06, -7.61279928e-06,  1.16832470e-06,
        1.90810330e-06, -1.16610425e-05,  8.38181376e-06, -9.14379683e-06,
        2.32843374e-05, -1.23249559e-05])
  message: 'Desired error not necessarily achieved due to precision loss.'
     nfev: 2157
      nit: 69
     njev: 113
   status: 2
  success: False
        x: array([ 0.73837905, -0.9339645 ,  0.63894918,  0.99495179, -1.03474327,
        0.15118232,  0.60181389, -1.76439483, -0.48568185,  0.03544604,
        0.65078409,  1.17454771,  0.0124294 ,  0.13581367, -0.37098098,
       -0.95810763, -0.43392477, -0.0422016 ])
