Program Begingeth
      fun: 0.2740747902257186
 hess_inv: array([[ 3.19266107e+00,  7.56597725e-01, -6.29274248e-01,
         1.22773280e+00,  3.71066539e-01, -1.03888707e+00,
         6.97087575e-01, -5.64707666e-01, -4.66200882e+00,
        -6.93330335e-02,  8.47903815e-01, -2.53657145e-01,
        -3.06842630e-01, -2.47633362e-01, -3.52659813e-01,
        -2.27491184e-01, -2.17196895e-01,  6.34290548e-02],
       [ 7.56597725e-01,  3.29858544e+00,  6.77151661e-01,
         2.65672946e-01,  1.52702017e+00,  7.28767683e-02,
         2.48423333e+00,  1.91939909e+00,  2.91489015e+00,
         3.67934648e-01,  5.08244475e-01, -8.60181720e-01,
        -3.89480060e-01, -2.89289993e-01, -1.76014636e-01,
        -1.26118104e-01, -2.55610453e-01,  5.81204972e-02],
       [-6.29274248e-01,  6.77151661e-01,  2.05884613e+00,
         6.32822169e-02,  1.73512859e-01,  1.14414375e+00,
         2.42173192e+00, -1.71739825e+00,  4.78267103e+00,
        -4.93356927e-02,  4.58091010e-01, -2.54707015e-01,
         1.83230493e-01, -2.24626858e-02, -9.91957262e-02,
         1.07705722e-02,  1.02379771e-01, -1.50103897e-01],
       [ 1.22773280e+00,  2.65672946e-01,  6.32822169e-02,
         5.60755567e-01,  1.06947471e-01, -2.41523794e-01,
         8.47827784e-01, -7.07595056e-01, -1.29453586e+00,
        -7.60108575e-02,  4.25783416e-01, -7.99381461e-02,
        -5.30748979e-02, -8.60673765e-02, -1.80900657e-01,
        -7.91551123e-02, -5.18161208e-02, -2.78838095e-02],
       [ 3.71066539e-01,  1.52702017e+00,  1.73512859e-01,
         1.06947471e-01,  8.00425627e-01, -3.10538545e-02,
         1.38541501e+00,  1.64657681e+00,  8.87850987e-01,
         1.32192395e-01,  1.45836312e-01, -3.13423863e-01,
        -2.39719780e-01, -9.68890747e-02, -5.99142774e-02,
        -9.58014116e-02, -1.51125673e-01,  4.81061723e-02],
       [-1.03888707e+00,  7.28767683e-02,  1.14414375e+00,
        -2.41523794e-01, -3.10538545e-02,  8.47550057e-01,
         1.12248357e+00, -6.44687922e-01,  3.63887101e+00,
        -9.08038653e-02, -4.63470678e-02, -2.45241559e-02,
         1.96256052e-01,  5.71936983e-02,  6.05695298e-02,
         8.13269789e-02,  9.15237360e-02, -8.64654474e-02],
       [ 6.97087575e-01,  2.48423333e+00,  2.42173192e+00,
         8.47827784e-01,  1.38541501e+00,  1.12248357e+00,
         9.63676189e+00,  9.29638858e-01,  5.15173452e+00,
        -2.84699403e-01,  7.17213724e-01, -2.18924820e-01,
        -2.14690462e-01, -1.57988821e-01, -3.76285018e-01,
        -2.41596728e-01, -3.93399278e-01, -2.47762170e-01],
       [-5.64707666e-01,  1.91939909e+00, -1.71739825e+00,
        -7.07595056e-01,  1.64657681e+00, -6.44687922e-01,
         9.29638858e-01,  1.01060689e+01, -1.41335401e+00,
         1.16744719e-01, -1.09465275e+00, -6.36654134e-02,
        -6.37578108e-01,  1.19509140e-01,  4.38665687e-01,
        -1.05174589e-01, -3.82734753e-01,  3.49999382e-01],
       [-4.66200882e+00,  2.91489015e+00,  4.78267103e+00,
        -1.29453586e+00,  8.87850987e-01,  3.63887101e+00,
         5.15173452e+00, -1.41335401e+00,  2.07859030e+01,
         1.00129315e-01,  9.72543215e-02, -8.76819174e-01,
         5.95043093e-01, -1.84996625e-01,  2.06513773e-01,
         4.27631137e-01,  1.20978184e-01, -2.77375004e-01],
       [-6.93330335e-02,  3.67934648e-01, -4.93356927e-02,
        -7.60108575e-02,  1.32192395e-01, -9.08038653e-02,
        -2.84699403e-01,  1.16744719e-01,  1.00129315e-01,
         6.31305340e-01, -3.35721956e-02, -8.88228302e-02,
        -1.76619736e-01,  8.42307656e-04,  7.20635891e-02,
        -1.44146797e-02,  3.41678280e-02,  1.81295029e-01],
       [ 8.47903815e-01,  5.08244475e-01,  4.58091010e-01,
         4.25783416e-01,  1.45836312e-01, -4.63470678e-02,
         7.17213724e-01, -1.09465275e+00,  9.72543215e-02,
        -3.35721956e-02,  8.94941124e-01, -2.92769103e-01,
        -2.73134898e-02, -2.05582549e-01, -2.69152381e-01,
        -8.02172847e-02, -2.39727766e-02, -1.26624060e-01],
       [-2.53657145e-01, -8.60181720e-01, -2.54707015e-01,
        -7.99381461e-02, -3.13423863e-01, -2.45241559e-02,
        -2.18924820e-01, -6.36654134e-02, -8.76819174e-01,
        -8.88228302e-02, -2.92769103e-01,  5.37709865e-01,
         3.71925591e-02,  1.64720410e-01,  3.68620347e-02,
        -3.20298276e-02,  6.87381024e-02,  1.87366757e-02],
       [-3.06842630e-01, -3.89480060e-01,  1.83230493e-01,
        -5.30748979e-02, -2.39719780e-01,  1.96256052e-01,
        -2.14690462e-01, -6.37578108e-01,  5.95043093e-01,
        -1.76619736e-01, -2.73134898e-02,  3.71925591e-02,
         2.01699462e-01,  3.52754657e-02,  7.52735064e-03,
         1.01087352e-01,  8.50088793e-02, -8.85417669e-02],
       [-2.47633362e-01, -2.89289993e-01, -2.24626858e-02,
        -8.60673765e-02, -9.68890747e-02,  5.71936983e-02,
        -1.57988821e-01,  1.19509140e-01, -1.84996625e-01,
         8.42307656e-04, -2.05582549e-01,  1.64720410e-01,
         3.52754657e-02,  1.17249247e-01,  5.52230881e-02,
         9.77937044e-03,  7.72482848e-02,  1.80601848e-02],
       [-3.52659813e-01, -1.76014636e-01, -9.91957262e-02,
        -1.80900657e-01, -5.99142774e-02,  6.05695298e-02,
        -3.76285018e-01,  4.38665687e-01,  2.06513773e-01,
         7.20635891e-02, -2.69152381e-01,  3.68620347e-02,
         7.52735064e-03,  5.52230881e-02,  1.38920742e-01,
         4.40676977e-02,  1.59175165e-02,  8.24869279e-02],
       [-2.27491184e-01, -1.26118104e-01,  1.07705722e-02,
        -7.91551123e-02, -9.58014116e-02,  8.13269789e-02,
        -2.41596728e-01, -1.05174589e-01,  4.27631137e-01,
        -1.44146797e-02, -8.02172847e-02, -3.20298276e-02,
         1.01087352e-01,  9.77937044e-03,  4.40676977e-02,
         9.33114220e-02,  3.66107343e-02, -1.50818954e-02],
       [-2.17196895e-01, -2.55610453e-01,  1.02379771e-01,
        -5.18161208e-02, -1.51125673e-01,  9.15237360e-02,
        -3.93399278e-01, -3.82734753e-01,  1.20978184e-01,
         3.41678280e-02, -2.39727766e-02,  6.87381024e-02,
         8.50088793e-02,  7.72482848e-02,  1.59175165e-02,
         3.66107343e-02,  1.26099977e-01, -1.31911883e-02],
       [ 6.34290548e-02,  5.81204972e-02, -1.50103897e-01,
        -2.78838095e-02,  4.81061723e-02, -8.64654474e-02,
        -2.47762170e-01,  3.49999382e-01, -2.77375004e-01,
         1.81295029e-01, -1.26624060e-01,  1.87366757e-02,
        -8.85417669e-02,  1.80601848e-02,  8.24869279e-02,
        -1.50818954e-02, -1.31911883e-02,  1.28753267e-01]])
      jac: array([-9.01871170e-07, -1.15241150e-06, -1.13242749e-07,  1.04842061e-06,
        2.52205664e-06,  3.10862447e-07, -1.55431223e-08, -6.80936789e-08,
       -1.51730480e-07, -1.10652228e-07,  8.73375446e-08, -1.96139401e-07,
        4.69624339e-07, -1.06211336e-07, -2.06834550e-06,  1.00919273e-06,
       -9.07792360e-07,  2.14273044e-06])
  message: 'Optimization terminated successfully.'
     nfev: 1273
      nit: 64
     njev: 67
   status: 0
  success: True
        x: array([-0.7663113 , -1.22645972,  0.67824753, -0.93522339, -1.27339122,
        0.21169938, -0.50570508, -2.00462355, -0.37217281,  0.02029962,
        0.62044336,  1.19330827,  0.1228251 ,  0.16583202, -0.34305089,
        1.14341775, -0.24885417, -0.04728922])
