Program Begingeth
      fun: 0.3541474396127555
 hess_inv: array([[ 6.18788461e+00, -6.75236149e-01,  5.39553899e-01,
         7.06642007e-01, -3.79291435e-01,  6.80994816e-01,
         2.29289274e+00,  3.40501252e+00,  1.66426132e+00,
         2.41091454e+00, -1.35596682e+00, -3.39604920e-01,
        -2.23586869e+00,  2.86577619e-01,  1.50364070e-01,
         4.12774684e-01,  4.29868705e-01, -3.67615376e-01],
       [-6.75236149e-01,  2.32865281e+00, -5.76807262e-01,
        -5.25559568e-01, -1.11845488e-01, -5.62397065e-01,
         3.04905490e+00, -1.08378038e+00, -6.68189031e-01,
        -2.24494413e+00, -7.03392438e-01, -6.68675207e-01,
         2.63513777e-01, -9.16930792e-01, -3.80713500e-01,
         3.00047388e-01, -8.89670991e-02, -3.64116411e-01],
       [ 5.39553899e-01, -5.76807262e-01,  9.23076279e-01,
         3.00008769e-01,  1.69583017e-02,  1.31205258e-01,
        -1.56119280e+00,  3.21370439e-01, -4.93280115e-01,
         1.26991848e+00,  4.65441570e-02, -3.35489857e-01,
        -1.94448121e-01,  2.71829448e-01, -1.03150534e-01,
        -1.29791284e-01,  6.83935140e-02,  5.29701795e-02],
       [ 7.06642007e-01, -5.25559568e-01,  3.00008769e-01,
         4.23712002e-01,  2.25246238e-03,  2.03646846e-01,
        -7.93522820e-02,  2.26009086e-01,  2.61063146e-01,
         1.56875603e+00,  5.19334612e-04, -1.53079705e-02,
        -1.86943170e-01,  2.11832267e-01,  9.50453776e-02,
         4.21265888e-02,  6.60116642e-03,  4.21066769e-02],
       [-3.79291435e-01, -1.11845488e-01,  1.69583017e-02,
         2.25246238e-03,  1.15813809e-01, -2.40126230e-02,
        -2.60526114e-01, -2.46830537e-01, -7.01547089e-02,
         2.01581458e-02,  4.06556412e-01,  4.00486008e-02,
         1.54519119e-01,  6.82434633e-02, -6.25015487e-03,
        -2.38908875e-02, -2.44446219e-02,  3.92995915e-02],
       [ 6.80994816e-01, -5.62397065e-01,  1.31205258e-01,
         2.03646846e-01, -2.40126230e-02,  3.06522338e-01,
        -4.49113242e-01,  3.38161436e-01,  3.05274406e-01,
         8.64026208e-01, -5.90067915e-02,  4.86776564e-01,
        -2.67643296e-01,  2.36271790e-01,  1.64053495e-01,
        -3.78387788e-02,  4.89919674e-02,  6.15226303e-02],
       [ 2.29289274e+00,  3.04905490e+00, -1.56119280e+00,
        -7.93522820e-02, -2.60526114e-01, -4.49113242e-01,
         1.41417780e+01,  2.29273163e-01,  4.84616834e-01,
        -1.15584115e+00, -1.31873381e+00, -9.79378750e-01,
        -5.48269959e-01, -1.29188961e+00, -3.44971430e-01,
         1.65467858e+00, -5.30537311e-02, -1.01662107e+00],
       [ 3.40501252e+00, -1.08378038e+00,  3.21370439e-01,
         2.26009086e-01, -2.46830537e-01,  3.38161436e-01,
         2.29273163e-01,  6.74386705e+00,  7.39982370e-01,
         8.41297019e-01, -6.52949737e-01, -1.36719509e-01,
        -1.30499420e+00,  4.68272015e-01,  9.72362254e-04,
         1.02784162e-01,  7.98674624e-01, -2.47852267e-01],
       [ 1.66426132e+00, -6.68189031e-01, -4.93280115e-01,
         2.61063146e-01, -7.01547089e-02,  3.05274406e-01,
         4.84616834e-01,  7.39982370e-01,  4.53642801e+00,
         7.72194249e-01, -3.48971800e-01,  2.92019334e-01,
        -5.05454561e-01,  3.07544661e-01,  4.34984498e-01,
         1.59097167e-01,  9.17987394e-02,  4.20168504e-01],
       [ 2.41091454e+00, -2.24494413e+00,  1.26991848e+00,
         1.56875603e+00,  2.01581458e-02,  8.64026208e-01,
        -1.15584115e+00,  8.41297019e-01,  7.72194249e-01,
         6.10895220e+00,  9.30191797e-02,  2.16206328e-01,
        -7.11486425e-01,  9.22601759e-01,  3.89268888e-01,
         1.10811759e-02,  5.78015523e-02,  2.12655548e-01],
       [-1.35596682e+00, -7.03392438e-01,  4.65441570e-02,
         5.19334612e-04,  4.06556412e-01, -5.90067915e-02,
        -1.31873381e+00, -6.52949737e-01, -3.48971800e-01,
         9.30191797e-02,  1.66405047e+00,  1.88782770e-01,
         5.17525172e-01,  3.00484051e-01,  1.67035822e-02,
        -1.55301921e-01, -9.18046900e-02,  1.59158805e-01],
       [-3.39604920e-01, -6.68675207e-01, -3.35489857e-01,
        -1.53079705e-02,  4.00486008e-02,  4.86776564e-01,
        -9.79378750e-01, -1.36719509e-01,  2.92019334e-01,
         2.16206328e-01,  1.88782770e-01,  1.73515848e+00,
         2.59784104e-02,  2.98783104e-01,  3.26896869e-01,
        -1.55457561e-01,  1.87599083e-02,  1.57758501e-01],
       [-2.23586869e+00,  2.63513777e-01, -1.94448121e-01,
        -1.86943170e-01,  1.54519119e-01, -2.67643296e-01,
        -5.48269959e-01, -1.30499420e+00, -5.05454561e-01,
        -7.11486425e-01,  5.17525172e-01,  2.59784104e-02,
         8.65870120e-01, -1.13360215e-01, -5.80297118e-02,
        -8.53908633e-02, -1.79901342e-01,  1.36448414e-01],
       [ 2.86577619e-01, -9.16930792e-01,  2.71829448e-01,
         2.11832267e-01,  6.82434633e-02,  2.36271790e-01,
        -1.29188961e+00,  4.68272015e-01,  3.07544661e-01,
         9.22601759e-01,  3.00484051e-01,  2.98783104e-01,
        -1.13360215e-01,  3.99310498e-01,  1.41053695e-01,
        -1.22512646e-01,  6.49617754e-02,  1.50185131e-01],
       [ 1.50364070e-01, -3.80713500e-01, -1.03150534e-01,
         9.50453776e-02, -6.25015487e-03,  1.64053495e-01,
        -3.44971430e-01,  9.72362254e-04,  4.34984498e-01,
         3.89268888e-01,  1.67035822e-02,  3.26896869e-01,
        -5.80297118e-02,  1.41053695e-01,  1.76386185e-01,
        -3.90995439e-02, -1.27148170e-02,  1.01560296e-01],
       [ 4.12774684e-01,  3.00047388e-01, -1.29791284e-01,
         4.21265888e-02, -2.38908875e-02, -3.78387788e-02,
         1.65467858e+00,  1.02784162e-01,  1.59097167e-01,
         1.10811759e-02, -1.55301921e-01, -1.55457561e-01,
        -8.53908633e-02, -1.22512646e-01, -3.90995439e-02,
         2.25748415e-01,  2.51626059e-04, -1.10370474e-01],
       [ 4.29868705e-01, -8.89670991e-02,  6.83935140e-02,
         6.60116642e-03, -2.44446219e-02,  4.89919674e-02,
        -5.30537311e-02,  7.98674624e-01,  9.17987394e-02,
         5.78015523e-02, -9.18046900e-02,  1.87599083e-02,
        -1.79901342e-01,  6.49617754e-02, -1.27148170e-02,
         2.51626059e-04,  1.22078556e-01, -3.13840272e-02],
       [-3.67615376e-01, -3.64116411e-01,  5.29701795e-02,
         4.21066769e-02,  3.92995915e-02,  6.15226303e-02,
        -1.01662107e+00, -2.47852267e-01,  4.20168504e-01,
         2.12655548e-01,  1.59158805e-01,  1.57758501e-01,
         1.36448414e-01,  1.50185131e-01,  1.01560296e-01,
        -1.10370474e-01, -3.13840272e-02,  1.77222573e-01]])
      jac: array([-1.26854083e-05, -6.82787160e-06, -6.36638890e-06,  2.04306942e-05,
        2.43146244e-05,  1.28819178e-05, -1.95066185e-06, -5.26615788e-07,
       -9.44799794e-07, -3.87282798e-06, -4.02381832e-06, -2.49208062e-06,
       -3.22245934e-05, -1.80625885e-05, -1.80181795e-05,  1.94599892e-05,
        3.77438821e-06,  1.42919010e-05])
  message: 'Desired error not necessarily achieved due to precision loss.'
     nfev: 2308
      nit: 79
     njev: 121
   status: 2
  success: False
        x: array([ 0.13271725, -0.03070884,  0.54753833,  1.70779448, -0.50299608,
        0.2343259 , -2.03201674, -0.69306127,  0.98210504,  1.90024414,
       -0.47095054,  0.72530825,  0.13077772,  0.11774679, -0.09841351,
       -1.68236123, -0.72330609,  0.17205945])
