Program Begingeth
      fun: 0.3556130526062879
 hess_inv: array([[ 8.88024294e-01, -1.93312331e-01,  3.66888485e-02,
        -1.35568445e-01,  1.87398155e-01,  3.94949908e-01,
        -3.04911711e-01,  3.43093437e-01,  3.00377015e-01,
        -5.15408988e-01,  3.97412674e-01,  7.06499234e-01,
        -3.57515425e-01,  7.89757109e-02,  2.18258282e-03,
         1.31138041e-02, -9.90602852e-02, -2.73235899e-01],
       [-1.93312331e-01,  6.47330677e-01, -1.52138351e-01,
         3.79646903e-01,  1.26901594e-02, -5.05912447e-01,
         1.20592772e+00,  6.71341263e-01,  2.85658282e-01,
         1.27044620e+00,  1.79814841e-03, -1.21809309e+00,
         1.18290912e-01, -2.38913848e-01, -2.32068732e-01,
         3.70142597e-02,  8.41537572e-02, -7.01576103e-02],
       [ 3.66888485e-02, -1.52138351e-01,  3.22673834e-01,
        -2.37471741e-01,  4.50969778e-02,  1.75362174e-01,
        -5.14780204e-01, -3.40291905e-01, -2.68948469e-01,
        -7.88516660e-01, -3.73354812e-02,  5.63963017e-01,
         2.97719681e-03,  1.53114948e-01, -4.76466681e-02,
         5.96251085e-02,  2.39716087e-02,  2.51080466e-02],
       [-1.35568445e-01,  3.79646903e-01, -2.37471741e-01,
         7.70429822e-01,  2.04706433e-01, -5.12936811e-01,
         2.17466806e+00,  1.44581560e+00,  1.31521339e+00,
         2.24888397e+00,  5.91730304e-01, -1.86458260e+00,
         2.15179304e-01, -1.52502222e-01, -6.14217680e-02,
         6.07914628e-02,  3.77952596e-02,  3.28739181e-02],
       [ 1.87398155e-01,  1.26901594e-02,  4.50969778e-02,
         2.04706433e-01,  3.92165521e-01, -4.17205023e-02,
         7.19489649e-01,  1.08048275e+00,  7.87119971e-01,
         4.47495395e-01,  9.34017211e-01, -6.61159300e-01,
         3.54637663e-02,  1.17779198e-01,  2.16676037e-02,
         7.94878145e-02,  2.24677531e-02, -1.84870103e-02],
       [ 3.94949908e-01, -5.05912447e-01,  1.75362174e-01,
        -5.12936811e-01, -4.17205023e-02,  7.28741046e-01,
        -1.73223540e+00, -1.04480740e+00, -3.81631113e-01,
        -1.73278715e+00,  5.28202757e-03,  2.05441166e+00,
        -2.06203326e-01,  1.26858227e-01,  1.94413226e-01,
        -5.41887557e-02, -1.48334229e-01, -3.08655329e-02],
       [-3.04911711e-01,  1.20592772e+00, -5.14780204e-01,
         2.17466806e+00,  7.19489649e-01, -1.73223540e+00,
         7.49957005e+00,  4.54697539e+00,  3.76658517e+00,
         6.20365422e+00,  1.69447629e+00, -6.19019574e+00,
         5.54315370e-01, -3.04763198e-01, -3.94469735e-01,
         2.22873777e-01,  2.13536925e-01, -1.61840504e-02],
       [ 3.43093437e-01,  6.71341263e-01, -3.40291905e-01,
         1.44581560e+00,  1.08048275e+00, -1.04480740e+00,
         4.54697539e+00,  6.75931785e+00,  3.59166772e+00,
         5.06054674e+00,  2.26236976e+00, -5.18461781e+00,
        -8.30075079e-02,  1.06383999e-01, -5.56036906e-02,
         8.10249090e-02,  3.77073124e-01, -1.01259044e-01],
       [ 3.00377015e-01,  2.85658282e-01, -2.68948469e-01,
         1.31521339e+00,  7.87119971e-01, -3.81631113e-01,
         3.76658517e+00,  3.59166772e+00,  4.21291251e+00,
         3.74264646e+00,  2.23451912e+00, -2.92023591e+00,
         1.60671585e-01, -5.14244881e-02,  7.72566292e-02,
         8.08421534e-02,  3.11494175e-02, -2.67660892e-02],
       [-5.15408988e-01,  1.27044620e+00, -7.88516660e-01,
         2.24888397e+00,  4.47495395e-01, -1.73278715e+00,
         6.20365422e+00,  5.06054674e+00,  3.74264646e+00,
         7.48596507e+00,  1.24212219e+00, -6.17925589e+00,
         4.01948440e-01, -4.47643177e-01, -2.15078636e-01,
         5.89690674e-02,  3.39638274e-01,  8.11053446e-02],
       [ 3.97412674e-01,  1.79814841e-03, -3.73354812e-02,
         5.91730304e-01,  9.34017211e-01,  5.28202757e-03,
         1.69447629e+00,  2.26236976e+00,  2.23451912e+00,
         1.24212219e+00,  2.61782225e+00, -1.35348653e+00,
         1.33985283e-01,  1.82341244e-01,  1.78463108e-01,
         1.37486898e-01, -1.52448995e-02,  7.00348857e-03],
       [ 7.06499234e-01, -1.21809309e+00,  5.63963017e-01,
        -1.86458260e+00, -6.61159300e-01,  2.05441166e+00,
        -6.19019574e+00, -5.18461781e+00, -2.92023591e+00,
        -6.17925589e+00, -1.35348653e+00,  7.21107476e+00,
        -4.64625215e-01,  1.27862992e-01,  3.44229985e-01,
        -1.66630073e-01, -4.96770001e-01, -7.06406754e-02],
       [-3.57515425e-01,  1.18290912e-01,  2.97719681e-03,
         2.15179304e-01,  3.54637663e-02, -2.06203326e-01,
         5.54315370e-01, -8.30075079e-02,  1.60671585e-01,
         4.01948440e-01,  1.33985283e-01, -4.64625215e-01,
         2.96167941e-01, -4.84345291e-02, -1.98962756e-02,
         8.55947574e-02, -1.67829821e-02,  1.29012060e-01],
       [ 7.89757109e-02, -2.38913848e-01,  1.53114948e-01,
        -1.52502222e-01,  1.17779198e-01,  1.26858227e-01,
        -3.04763198e-01,  1.06383999e-01, -5.14244881e-02,
        -4.47643177e-01,  1.82341244e-01,  1.27862992e-01,
        -4.84345291e-02,  2.09531207e-01,  5.77372296e-02,
         2.04294831e-02,  5.82189445e-02,  3.08881636e-02],
       [ 2.18258282e-03, -2.32068732e-01, -4.76466681e-02,
        -6.14217680e-02,  2.16676037e-02,  1.94413226e-01,
        -3.94469735e-01, -5.56036906e-02,  7.72566292e-02,
        -2.15078636e-01,  1.78463108e-01,  3.44229985e-01,
        -1.98962756e-02,  5.77372296e-02,  1.92343695e-01,
        -4.64476812e-02, -3.57662054e-02,  8.72652225e-02],
       [ 1.31138041e-02,  3.70142597e-02,  5.96251085e-02,
         6.07914628e-02,  7.94878145e-02, -5.41887557e-02,
         2.22873777e-01,  8.10249090e-02,  8.08421534e-02,
         5.89690674e-02,  1.37486898e-01, -1.66630073e-01,
         8.55947574e-02,  2.04294831e-02, -4.64476812e-02,
         8.56092741e-02, -8.29489732e-03, -2.64856713e-04],
       [-9.90602852e-02,  8.41537572e-02,  2.39716087e-02,
         3.77952596e-02,  2.24677531e-02, -1.48334229e-01,
         2.13536925e-01,  3.77073124e-01,  3.11494175e-02,
         3.39638274e-01, -1.52448995e-02, -4.96770001e-01,
        -1.67829821e-02,  5.82189445e-02, -3.57662054e-02,
        -8.29489732e-03,  1.30679222e-01,  1.86497153e-02],
       [-2.73235899e-01, -7.01576103e-02,  2.51080466e-02,
         3.28739181e-02, -1.84870103e-02, -3.08655329e-02,
        -1.61840504e-02, -1.01259044e-01, -2.67660892e-02,
         8.11053446e-02,  7.00348857e-03, -7.06406754e-02,
         1.29012060e-01,  3.08881636e-02,  8.72652225e-02,
        -2.64856713e-04,  1.86497153e-02,  1.56865816e-01]])
      jac: array([ 2.40577928e-05, -3.77964326e-05,  6.61322848e-06, -4.18776125e-06,
        6.87983004e-05,  3.76883709e-06, -3.92130772e-06, -6.83490302e-06,
       -1.06581410e-06,  1.40998324e-06, -8.82923364e-06, -2.16049401e-06,
        2.84938739e-05, -9.08602823e-05, -3.66995323e-05, -4.32698322e-05,
        5.12671387e-05,  5.30397948e-05])
  message: 'Desired error not necessarily achieved due to precision loss.'
     nfev: 2444
      nit: 74
     njev: 128
   status: 2
  success: False
        x: array([ 0.05320413,  0.21262206,  0.77766263,  1.15995704, -1.28879738,
       -0.31295329,  2.15869282, -1.15327666, -1.31764469,  0.89386202,
       -1.83295144, -0.71003545,  0.11340228, -0.03214714, -0.37963525,
       -1.11740092, -0.41851692,  0.007674  ])
