Program Begingeth
      fun: 0.3081639564822444
 hess_inv: array([[ 4.81417031e+00,  3.74508575e-02,  1.04704287e+00,
         2.37729203e+00, -1.93784325e-01, -2.58787509e-01,
         3.48078658e+00, -9.39062248e-01, -5.48166835e+00,
         8.25105380e-01,  5.34516542e-01, -6.46754015e-01,
         4.44018921e-02, -2.59309997e-01, -1.45070060e-01,
         1.46841254e-01,  8.63898419e-03,  4.81263236e-02],
       [ 3.74508575e-02,  1.83561930e+00, -2.26162007e-01,
         7.02622325e-02,  9.17298804e-01, -1.87722018e-01,
         2.50379777e-01,  1.09949524e+00,  1.48800745e+00,
         5.46360771e-01,  3.61472085e-01, -2.42805661e-02,
        -1.58946856e-01,  2.49619482e-02, -1.77821707e-01,
        -1.05509934e-01,  5.65663278e-02,  1.90780846e-02],
       [ 1.04704287e+00, -2.26162007e-01,  1.48910042e+00,
         6.20033985e-01, -2.08474060e-01,  5.72579030e-01,
         1.18382194e+00, -1.98822793e+00, -1.38463941e+00,
         2.62153108e-01, -1.12514995e-01,  8.48952309e-02,
         5.77721655e-02,  1.19196223e-01,  6.48712463e-02,
         1.75831483e-02,  9.97678924e-02,  6.29977893e-02],
       [ 2.37729203e+00,  7.02622325e-02,  6.20033985e-01,
         1.20354551e+00, -7.23066629e-02, -7.88075125e-02,
         1.88737679e+00, -6.00621197e-01, -2.61509590e+00,
         4.23915850e-01,  2.82360505e-01, -2.79224797e-01,
         3.54530399e-02, -1.07230927e-01, -8.18644228e-02,
         7.31644363e-02,  2.39130788e-02,  2.29527181e-02],
       [-1.93784325e-01,  9.17298804e-01, -2.08474060e-01,
        -7.23066629e-02,  5.22406305e-01, -1.28424063e-01,
         4.37840353e-01,  1.07662187e+00,  9.89123514e-01,
         2.21112681e-01,  2.24627927e-01, -2.50566091e-03,
        -1.33462709e-01,  7.05791620e-03, -9.47820914e-02,
        -8.82526388e-02, -2.70647549e-03,  1.99450887e-02],
       [-2.58787509e-01, -1.87722018e-01,  5.72579030e-01,
        -7.88075125e-02, -1.28424063e-01,  3.68093671e-01,
        -3.25226220e-01, -1.06150510e+00,  3.06713162e-01,
        -7.96466030e-02, -2.10354662e-01,  1.60415502e-01,
         7.66306327e-02,  1.23111220e-01,  7.73875618e-02,
         9.21437904e-03,  7.36501772e-02,  1.26254112e-02],
       [ 3.48078658e+00,  2.50379777e-01,  1.18382194e+00,
         1.88737679e+00,  4.37840353e-01, -3.25226220e-01,
         1.00154157e+01,  2.65082077e+00, -4.30943158e+00,
         8.26737748e-01,  1.09951284e+00, -4.88893790e-01,
        -5.80884435e-01, -3.71903523e-01, -2.20226679e-01,
        -1.99687583e-01, -3.93482788e-01,  2.78272648e-01],
       [-9.39062248e-01,  1.09949524e+00, -1.98822793e+00,
        -6.00621197e-01,  1.07662187e+00, -1.06150510e+00,
         2.65082077e+00,  7.66504409e+00,  2.16968645e+00,
        -4.37048872e-02,  8.78544129e-01, -7.08366098e-01,
        -5.25187082e-01, -3.46034720e-01, -1.86074737e-01,
        -2.00142368e-01, -3.31661556e-01,  4.10247274e-02],
       [-5.48166835e+00,  1.48800745e+00, -1.38463941e+00,
        -2.61509590e+00,  9.89123514e-01,  3.06713162e-01,
        -4.30943158e+00,  2.16968645e+00,  1.00801423e+01,
        -7.58392433e-01,  1.35818519e-01,  5.79718314e-01,
        -2.16869338e-02,  3.10070096e-01, -7.43163790e-04,
        -2.26152065e-01,  1.68550839e-01, -8.95997802e-02],
       [ 8.25105380e-01,  5.46360771e-01,  2.62153108e-01,
         4.23915850e-01,  2.21112681e-01, -7.96466030e-02,
         8.26737748e-01, -4.37048872e-02, -7.58392433e-01,
         1.07969601e+00,  5.97310582e-02, -6.22785746e-02,
        -2.42407871e-01,  8.18838726e-03,  5.22853594e-02,
        -3.65096672e-02,  4.33599640e-02,  2.47410032e-01],
       [ 5.34516542e-01,  3.61472085e-01, -1.12514995e-01,
         2.82360505e-01,  2.24627927e-01, -2.10354662e-01,
         1.09951284e+00,  8.78544129e-01,  1.35818519e-01,
         5.97310582e-02,  7.54832494e-01, -2.10521761e-01,
        -5.83017179e-02, -1.80492370e-01, -1.89006796e-01,
        -4.17085792e-02, -3.92302439e-02, -9.17913420e-02],
       [-6.46754015e-01, -2.42805661e-02,  8.48952309e-02,
        -2.79224797e-01, -2.50566091e-03,  1.60415502e-01,
        -4.88893790e-01, -7.08366098e-01,  5.79718314e-01,
        -6.22785746e-02, -2.10521761e-01,  4.76445773e-01,
        -9.23620719e-03,  1.43435254e-01, -2.02614614e-03,
        -6.72154851e-02,  6.08146610e-02,  2.57895306e-02],
       [ 4.44018921e-02, -1.58946856e-01,  5.77721655e-02,
         3.54530399e-02, -1.33462709e-01,  7.66306327e-02,
        -5.80884435e-01, -5.25187082e-01, -2.16869338e-02,
        -2.42407871e-01, -5.83017179e-02, -9.23620719e-03,
         1.68984944e-01,  1.96856405e-02, -5.91268540e-03,
         8.33916493e-02,  5.02037864e-02, -8.68261971e-02],
       [-2.59309997e-01,  2.49619482e-02,  1.19196223e-01,
        -1.07230927e-01,  7.05791620e-03,  1.23111220e-01,
        -3.71903523e-01, -3.46034720e-01,  3.10070096e-01,
         8.18838726e-03, -1.80492370e-01,  1.43435254e-01,
         1.96856405e-02,  1.08249929e-01,  3.72629214e-02,
        -6.15701728e-03,  6.77524386e-02,  2.61113874e-02],
       [-1.45070060e-01, -1.77821707e-01,  6.48712463e-02,
        -8.18644228e-02, -9.47820914e-02,  7.73875618e-02,
        -2.20226679e-01, -1.86074737e-01, -7.43163790e-04,
         5.22853594e-02, -1.89006796e-01, -2.02614614e-03,
        -5.91268540e-03,  3.72629214e-02,  1.03414294e-01,
         1.70813570e-02,  3.55418298e-03,  7.33193028e-02],
       [ 1.46841254e-01, -1.05509934e-01,  1.75831483e-02,
         7.31644363e-02, -8.82526388e-02,  9.21437904e-03,
        -1.99687583e-01, -2.00142368e-01, -2.26152065e-01,
        -3.65096672e-02, -4.17085792e-02, -6.72154851e-02,
         8.33916493e-02, -6.15701728e-03,  1.70813570e-02,
         7.33439344e-02,  1.88737269e-02, -2.18622514e-02],
       [ 8.63898419e-03,  5.65663278e-02,  9.97678924e-02,
         2.39130788e-02, -2.70647549e-03,  7.36501772e-02,
        -3.93482788e-01, -3.31661556e-01,  1.68550839e-01,
         4.33599640e-02, -3.92302439e-02,  6.08146610e-02,
         5.02037864e-02,  6.77524386e-02,  3.55418298e-03,
         1.88737269e-02,  8.96693824e-02, -3.28279079e-03],
       [ 4.81263236e-02,  1.90780846e-02,  6.29977893e-02,
         2.29527181e-02,  1.99450887e-02,  1.26254112e-02,
         2.78272648e-01,  4.10247274e-02, -8.95997802e-02,
         2.47410032e-01, -9.17913420e-02,  2.57895306e-02,
        -8.68261971e-02,  2.61113874e-02,  7.33193028e-02,
        -2.18622514e-02, -3.28279079e-03,  1.22876659e-01]])
      jac: array([-2.04651111e-07, -4.07451850e-07,  1.37741670e-06,  4.81466718e-07,
        1.13649830e-06, -3.23926071e-06, -2.18343862e-08, -4.73695157e-08,
        1.97249624e-07,  9.84397749e-08,  9.43689571e-08,  9.25555928e-07,
        3.36397576e-07, -6.06921920e-07,  4.73695157e-06, -2.72004641e-07,
        8.01951098e-07, -3.46130532e-06])
  message: 'Optimization terminated successfully.'
     nfev: 1482
      nit: 71
     njev: 78
   status: 0
  success: True
        x: array([-1.57641635, -1.16561222,  0.68540316, -1.37362181, -1.25395154,
        0.36263664, -0.49471758, -1.79384897,  1.03301357,  0.05683356,
        0.43658008,  1.23908468,  0.11326977,  0.15608709, -0.26651014,
        1.28555346, -0.30644867,  0.00200321])
