Program Begingeth
      fun: 0.3683834695784734
 hess_inv: array([[ 5.37071179e+00, -4.81023793e-01,  2.87284793e-01,
         6.68473676e-01, -3.69598190e-01,  6.47745535e-01,
         2.01158403e+00,  2.81809507e+00,  1.35403395e+00,
         2.20102791e+00, -1.32074232e+00, -1.93676255e-01,
        -1.92970292e+00,  1.95472630e-01,  1.93478530e-01,
         3.48100513e-01,  3.66653140e-01, -3.83241535e-01],
       [-4.81023793e-01,  2.31539596e+00, -8.02412902e-01,
        -6.08666621e-01, -2.57038804e-01, -5.88703047e-01,
         2.64406939e+00, -1.36561138e+00, -9.38387593e-01,
        -2.60971148e+00, -1.13903619e+00, -6.62967745e-01,
         1.60818838e-01, -9.74374362e-01, -3.28104260e-01,
         2.28864673e-01, -1.41562529e-01, -4.09347746e-01],
       [ 2.87284793e-01, -8.02412902e-01,  1.01033221e+00,
         3.31651300e-01,  1.87406031e-01,  1.60361240e-01,
        -1.29077548e+00,  8.00392405e-01, -2.80808722e-01,
         1.48934340e+00,  6.18372148e-01, -2.26428458e-01,
        -9.66320590e-02,  4.20113755e-01, -1.22973354e-01,
        -8.88037569e-02,  1.33255668e-01,  9.43292543e-02],
       [ 6.68473676e-01, -6.08666621e-01,  3.31651300e-01,
         5.10222212e-01,  3.64307392e-02,  2.70290742e-01,
        -1.11359549e-01,  2.47769932e-01,  3.13587571e-01,
         1.90990350e+00,  9.47083473e-02,  9.02924666e-02,
        -1.58714692e-01,  2.62570942e-01,  1.38101986e-01,
         4.44474333e-02,  1.42425008e-02,  6.75891223e-02],
       [-3.69598190e-01, -2.57038804e-01,  1.87406031e-01,
         3.64307392e-02,  2.28781578e-01, -8.33457912e-03,
        -1.83378508e-01,  6.06635642e-02,  5.67478481e-02,
         2.10184455e-01,  7.86964448e-01,  3.30957697e-02,
         1.57285555e-01,  1.64119702e-01, -5.32229904e-02,
         4.20239803e-03,  1.57447885e-02,  6.19281468e-02],
       [ 6.47745535e-01, -5.88703047e-01,  1.60361240e-01,
         2.70290742e-01, -8.33457912e-03,  3.56017039e-01,
        -4.08791584e-01,  3.33720636e-01,  3.68445958e-01,
         1.11636947e+00, -2.74578267e-02,  5.67351104e-01,
        -2.38828087e-01,  2.56713957e-01,  1.90329396e-01,
        -2.57184034e-02,  5.17365230e-02,  7.91602600e-02],
       [ 2.01158403e+00,  2.64406939e+00, -1.29077548e+00,
        -1.11359549e-01, -1.83378508e-01, -4.08791584e-01,
         1.26982104e+01,  1.03495395e-01,  4.87894371e-01,
        -1.15161906e+00, -1.01520069e+00, -8.23607770e-01,
        -4.62911567e-01, -1.10441745e+00, -3.83490765e-01,
         1.51354608e+00, -4.80446696e-02, -9.14171937e-01],
       [ 2.81809507e+00, -1.36561138e+00,  8.00392405e-01,
         2.47769932e-01,  6.06635642e-02,  3.33720636e-01,
         1.03495395e-01,  7.58958730e+00,  8.74388700e-01,
         1.10763502e+00,  3.41355831e-01, -9.89244956e-02,
        -1.07008120e+00,  7.01186188e-01, -1.66005245e-01,
         1.36073631e-01,  9.28451406e-01, -1.71762279e-01],
       [ 1.35403395e+00, -9.38387593e-01, -2.80808722e-01,
         3.13587571e-01,  5.67478481e-02,  3.68445958e-01,
         4.87894371e-01,  8.74388700e-01,  4.99978052e+00,
         1.02318881e+00,  4.75666553e-02,  4.59677732e-01,
        -3.72008432e-01,  4.59788955e-01,  4.25433045e-01,
         1.80533680e-01,  1.17663855e-01,  5.42794631e-01],
       [ 2.20102791e+00, -2.60971148e+00,  1.48934340e+00,
         1.90990350e+00,  2.10184455e-01,  1.11636947e+00,
        -1.15161906e+00,  1.10763502e+00,  1.02318881e+00,
         7.49817311e+00,  6.44641418e-01,  6.10834386e-01,
        -5.73144648e-01,  1.15400061e+00,  5.14754908e-01,
         4.62649776e-02,  1.07058512e-01,  3.18803744e-01],
       [-1.32074232e+00, -1.13903619e+00,  6.18372148e-01,
         9.47083473e-02,  7.86964448e-01, -2.74578267e-02,
        -1.01520069e+00,  3.41355831e-01,  4.75666553e-02,
         6.44641418e-01,  2.96295771e+00,  1.10007435e-01,
         5.23935303e-01,  5.95631793e-01, -1.56513463e-01,
        -5.65287566e-02,  3.54468411e-02,  2.19839079e-01],
       [-1.93676255e-01, -6.62967745e-01, -2.26428458e-01,
         9.02924666e-02,  3.30957697e-02,  5.67351104e-01,
        -8.23607770e-01, -9.89244956e-02,  4.59677732e-01,
         6.10834386e-01,  1.10007435e-01,  1.83976296e+00,
         2.88213085e-03,  3.09844299e-01,  3.43930259e-01,
        -1.16077734e-01,  2.67534575e-02,  1.80100722e-01],
       [-1.92970292e+00,  1.60818838e-01, -9.66320590e-02,
        -1.58714692e-01,  1.57285555e-01, -2.38828087e-01,
        -4.62911567e-01, -1.07008120e+00, -3.72008432e-01,
        -5.73144648e-01,  5.23935303e-01,  2.88213085e-03,
         7.51242257e-01, -6.16400399e-02, -6.17889933e-02,
        -6.29947071e-02, -1.50912973e-01,  1.50420534e-01],
       [ 1.95472630e-01, -9.74374362e-01,  4.20113755e-01,
         2.62570942e-01,  1.64119702e-01,  2.56713957e-01,
        -1.10441745e+00,  7.01186188e-01,  4.59788955e-01,
         1.15400061e+00,  5.95631793e-01,  3.09844299e-01,
        -6.16400399e-02,  4.61474045e-01,  1.07376508e-01,
        -8.30410409e-02,  1.01757724e-01,  1.80115970e-01],
       [ 1.93478530e-01, -3.28104260e-01, -1.22973354e-01,
         1.38101986e-01, -5.32229904e-02,  1.90329396e-01,
        -3.83490765e-01, -1.66005245e-01,  4.25433045e-01,
         5.14754908e-01, -1.56513463e-01,  3.43930259e-01,
        -6.17889933e-02,  1.07376508e-01,  2.13073290e-01,
        -4.21606528e-02, -3.31602143e-02,  1.08456131e-01],
       [ 3.48100513e-01,  2.28864673e-01, -8.88037569e-02,
         4.44474333e-02,  4.20239803e-03, -2.57184034e-02,
         1.51354608e+00,  1.36073631e-01,  1.80533680e-01,
         4.62649776e-02, -5.65287566e-02, -1.16077734e-01,
        -6.29947071e-02, -8.30410409e-02, -4.21606528e-02,
         2.14218987e-01,  8.97626028e-03, -9.23128259e-02],
       [ 3.66653140e-01, -1.41562529e-01,  1.33255668e-01,
         1.42425008e-02,  1.57447885e-02,  5.17365230e-02,
        -4.80446696e-02,  9.28451406e-01,  1.17663855e-01,
         1.07058512e-01,  3.54468411e-02,  2.67534575e-02,
        -1.50912973e-01,  1.01757724e-01, -3.31602143e-02,
         8.97626028e-03,  1.40232771e-01, -2.05006706e-02],
       [-3.83241535e-01, -4.09347746e-01,  9.43292543e-02,
         6.75891223e-02,  6.19281468e-02,  7.91602600e-02,
        -9.14171937e-01, -1.71762279e-01,  5.42794631e-01,
         3.18803744e-01,  2.19839079e-01,  1.80100722e-01,
         1.50420534e-01,  1.80115970e-01,  1.08456131e-01,
        -9.23128259e-02, -2.05006706e-02,  2.05166292e-01]])
      jac: array([ 8.14496618e-06,  7.05102643e-06,  8.82775334e-06, -2.00025182e-06,
        3.84877315e-07, -1.92253620e-05,  1.03361764e-06,  1.20237154e-06,
       -1.95658304e-06,  7.05731769e-07,  1.96065386e-06,  6.47223016e-06,
        2.88732001e-06, -5.05595565e-06, -4.51860771e-06,  7.59022475e-07,
       -2.15272245e-06,  4.93127761e-05])
  message: 'Desired error not necessarily achieved due to precision loss.'
     nfev: 2766
      nit: 85
     njev: 145
   status: 2
  success: False
        x: array([ 0.12858712, -0.0518966 ,  0.57123915,  1.6726615 , -0.54370446,
        0.23352621, -2.01837023, -0.71743993,  0.96730445,  1.8762114 ,
       -0.50733602,  0.71788556,  0.12837236,  0.10381639, -0.10660784,
       -1.6440157 , -0.75705796,  0.17170693])
