Program Begingeth
      fun: 0.30609222767915
 hess_inv: array([[ 4.03512864e+00,  1.44702594e-01,  7.33791154e+00,
         4.91726028e-01, -3.94284516e-01,  4.07300462e+00,
        -1.04117797e+01, -6.10857497e+00,  1.23786424e+01,
         7.81162537e-01,  7.37672748e-01, -3.76626966e-01,
        -7.54780191e-01,  7.24916423e-02, -1.98109724e-01,
        -1.32780669e-01,  3.90196411e-01, -6.03137705e-01],
       [ 1.44702594e-01,  3.23125267e+00,  5.42829620e+00,
        -5.35848312e-01,  1.16278568e+00,  2.57061693e+00,
        -8.77938620e+00, -3.37458578e+00,  8.69192578e+00,
         1.57081380e-01,  1.30819692e+00, -8.38602372e-01,
         5.84073460e-02, -2.54521038e-01, -3.44124151e-01,
         1.24940780e-01, -6.05189373e-03, -3.27897116e-01],
       [ 7.33791154e+00,  5.42829620e+00,  4.06898295e+01,
        -3.12101332e+00,  1.66822613e-01,  2.04089006e+01,
        -6.48927067e+01, -3.80572319e+01,  5.97213078e+01,
         3.83728293e+00,  7.89871904e+00, -1.71496341e+00,
        -2.32760744e+00, -3.60961654e-01, -2.54830978e+00,
         3.80315717e-01,  1.24989258e+00, -3.10722716e+00],
       [ 4.91726028e-01, -5.35848312e-01, -3.12101332e+00,
         7.08308748e-01, -9.90407037e-02, -1.43081375e+00,
         5.89849002e+00,  3.30114478e+00, -3.82669325e+00,
        -2.82008789e-01, -8.18812495e-01,  1.78704016e-02,
         8.90678842e-02,  3.40943420e-02,  2.95889624e-01,
        -9.78460903e-02, -6.24343049e-02,  2.30608461e-01],
       [-3.94284516e-01,  1.16278568e+00,  1.66822613e-01,
        -9.90407037e-02,  5.72862260e-01,  2.93882675e-02,
        -6.02773989e-01,  1.04915662e+00,  4.44659671e-01,
        -8.78069639e-02,  9.48185958e-02, -2.38106610e-01,
         1.62859138e-01, -5.86647761e-02,  7.39244880e-03,
         5.05994021e-02, -7.08898316e-02,  3.56964912e-02],
       [ 4.07300462e+00,  2.57061693e+00,  2.04089006e+01,
        -1.43081375e+00,  2.93882675e-02,  1.03380036e+01,
        -3.26227636e+01, -1.87938378e+01,  3.03540007e+01,
         2.02449089e+00,  3.76695228e+00, -8.29084576e-01,
        -1.23974275e+00, -1.39116359e-01, -1.21848888e+00,
         1.53889875e-01,  6.41817664e-01, -1.56614687e+00],
       [-1.04117797e+01, -8.77938620e+00, -6.48927067e+01,
         5.89849002e+00, -6.02773989e-01, -3.26227636e+01,
         1.09930306e+02,  5.94686712e+01, -9.45241327e+01,
        -6.12313253e+00, -1.20941726e+01,  2.18312886e+00,
         3.55351392e+00,  2.78532935e-01,  4.02619795e+00,
        -7.50746436e-01, -1.96366306e+00,  4.91436435e+00],
       [-6.10857497e+00, -3.37458578e+00, -3.80572319e+01,
         3.30114478e+00,  1.04915662e+00, -1.87938378e+01,
         5.94686712e+01,  4.26825698e+01, -5.51986401e+01,
        -3.27409339e+00, -8.05893122e+00,  1.08375951e+00,
         2.21284083e+00,  4.46808278e-01,  2.85435234e+00,
        -4.19061341e-01, -1.23760496e+00,  3.06291007e+00],
       [ 1.23786424e+01,  8.69192578e+00,  5.97213078e+01,
        -3.82669325e+00,  4.44659671e-01,  3.03540007e+01,
        -9.45241327e+01, -5.51986401e+01,  9.23119705e+01,
         5.84407379e+00,  1.13338859e+01, -2.74149179e+00,
        -3.53109386e+00, -7.38205206e-01, -3.69796677e+00,
         4.12829422e-01,  1.68706492e+00, -4.68229741e+00],
       [ 7.81162537e-01,  1.57081380e-01,  3.83728293e+00,
        -2.82008789e-01, -8.78069639e-02,  2.02449089e+00,
        -6.12313253e+00, -3.27409339e+00,  5.84407379e+00,
         1.27811012e+00,  7.09230584e-01, -8.28410197e-02,
        -4.59614616e-01, -2.91488987e-02, -3.21010222e-01,
         9.83363582e-03,  8.16121751e-02, -5.01146338e-01],
       [ 7.37672748e-01,  1.30819692e+00,  7.89871904e+00,
        -8.18812495e-01,  9.48185958e-02,  3.76695228e+00,
        -1.20941726e+01, -8.05893122e+00,  1.13338859e+01,
         7.09230584e-01,  2.30232023e+00, -4.32137803e-01,
        -3.59773853e-01, -2.75417105e-01, -7.04040867e-01,
         1.35425040e-01,  1.88063226e-01, -6.89757819e-01],
       [-3.76626966e-01, -8.38602372e-01, -1.71496341e+00,
         1.78704016e-02, -2.38106610e-01, -8.29084576e-01,
         2.18312886e+00,  1.08375951e+00, -2.74149179e+00,
        -8.28410197e-02, -4.32137803e-01,  5.93167834e-01,
         7.96870539e-02,  1.40959995e-01,  3.80875475e-02,
         5.00174837e-02,  1.27800383e-02,  1.27910125e-01],
       [-7.54780191e-01,  5.84073460e-02, -2.32760744e+00,
         8.90678842e-02,  1.62859138e-01, -1.23974275e+00,
         3.55351392e+00,  2.21284083e+00, -3.53109386e+00,
        -4.59614616e-01, -3.59773853e-01,  7.96870539e-02,
         3.01414287e-01, -1.45045294e-02,  1.32909128e-01,
         5.59540736e-02, -1.13652581e-01,  2.42228360e-01],
       [ 7.24916423e-02, -2.54521038e-01, -3.60961654e-01,
         3.40943420e-02, -5.86647761e-02, -1.39116359e-01,
         2.78532935e-01,  4.46808278e-01, -7.38205206e-01,
        -2.91488987e-02, -2.75417105e-01,  1.40959995e-01,
        -1.45045294e-02,  1.17839128e-01,  6.59456637e-02,
        -7.57866069e-03,  5.53274938e-02,  5.17170556e-02],
       [-1.98109724e-01, -3.44124151e-01, -2.54830978e+00,
         2.95889624e-01,  7.39244880e-03, -1.21848888e+00,
         4.02619795e+00,  2.85435234e+00, -3.69796677e+00,
        -3.21010222e-01, -7.04040867e-01,  3.80875475e-02,
         1.32909128e-01,  6.59456637e-02,  2.79913521e-01,
        -5.73505375e-02, -6.55708830e-02,  2.64197540e-01],
       [-1.32780669e-01,  1.24940780e-01,  3.80315717e-01,
        -9.78460903e-02,  5.05994021e-02,  1.53889875e-01,
        -7.50746436e-01, -4.19061341e-01,  4.12829422e-01,
         9.83363582e-03,  1.35425040e-01,  5.00174837e-02,
         5.59540736e-02, -7.57866069e-03, -5.73505375e-02,
         7.28933969e-02, -5.39837064e-03, -1.99088999e-02],
       [ 3.90196411e-01, -6.05189373e-03,  1.24989258e+00,
        -6.24343049e-02, -7.08898316e-02,  6.41817664e-01,
        -1.96366306e+00, -1.23760496e+00,  1.68706492e+00,
         8.16121751e-02,  1.88063226e-01,  1.27800383e-02,
        -1.13652581e-01,  5.53274938e-02, -6.55708830e-02,
        -5.39837064e-03,  1.14693562e-01, -9.10004311e-02],
       [-6.03137705e-01, -3.27897116e-01, -3.10722716e+00,
         2.30608461e-01,  3.56964912e-02, -1.56614687e+00,
         4.91436435e+00,  3.06291007e+00, -4.68229741e+00,
        -5.01146338e-01, -6.89757819e-01,  1.27910125e-01,
         2.42228360e-01,  5.17170556e-02,  2.64197540e-01,
        -1.99088999e-02, -9.10004311e-02,  3.35701280e-01]])
      jac: array([-1.03278497e-04, -1.05222127e-04, -1.18762407e-04,  2.38617274e-04,
        2.63700543e-04,  3.45693104e-04, -5.82867088e-06, -2.27469895e-05,
       -2.71675275e-05, -7.34120172e-05,  2.27888079e-05,  2.06549592e-05,
       -7.82244639e-05, -5.83788573e-05, -3.81357908e-05, -4.76829687e-05,
       -2.04591899e-05, -4.86399809e-05])
  message: 'Desired error not necessarily achieved due to precision loss.'
     nfev: 2346
      nit: 79
     njev: 123
   status: 2
  success: False
        x: array([ 1.09740658, -1.39200225,  0.47719775,  1.3661187 , -1.34289549,
        0.1264753 ,  1.18676331, -1.84234148, -0.7776473 ,  0.08158427,
        0.51148061,  1.14918913, -0.00765264,  0.18808279, -0.27528795,
       -1.27025085, -0.15851251, -0.00275661])
