Program Begingeth
      fun: 0.2420421184892429
 hess_inv: array([[ 1.28867810e+00, -1.20994094e-01,  4.19253122e-02,
         9.42947982e-03,  2.42261140e-01,  4.75544142e-01,
        -2.56805488e-01, -3.94847885e-01,  1.35933026e+00,
         2.46337505e-01,  9.99513510e-01,  7.42658616e-01,
        -5.62235412e-01,  7.46468273e-02,  1.23186820e-02,
        -5.89566527e-03, -2.80978782e-02, -2.58015379e-01],
       [-1.20994094e-01,  3.51944717e-01, -4.78717239e-02,
        -1.71053469e-02, -4.38008795e-02, -3.66670494e-01,
         3.59739677e-01,  3.31222601e-01, -1.29911258e+00,
        -1.74215214e-01, -3.30702615e-01, -6.70960251e-01,
         6.39031524e-02, -1.14553924e-01, -1.40953154e-01,
         2.32846241e-02,  3.18953207e-02, -5.06459953e-02],
       [ 4.19253122e-02, -4.78717239e-02,  2.33617916e-01,
         3.79332943e-02,  1.43692817e-01,  2.25062211e-01,
        -3.09576166e-01,  8.17433082e-02,  1.03085208e+00,
         3.11921215e-01,  4.32721733e-01,  4.75452528e-01,
        -7.68098267e-03,  7.90964324e-02, -3.44264311e-02,
         2.87523457e-02,  2.76103999e-02,  1.96379909e-02],
       [ 9.42947982e-03, -1.71053469e-02,  3.79332943e-02,
         2.35663789e-01,  6.10412044e-02,  2.65074394e-01,
        -3.11380796e-01, -2.74895447e-01,  1.57466360e+00,
         9.07898280e-01,  3.00977854e-01,  6.57690856e-01,
         7.03246031e-02, -4.92139351e-03, -5.21891352e-03,
         3.14248720e-02, -3.36497830e-02, -8.55874801e-04],
       [ 2.42261140e-01, -4.38008795e-02,  1.43692817e-01,
         6.10412044e-02,  2.30623034e-01,  3.11041739e-01,
        -3.73880336e-01,  1.02887504e-01,  1.48228008e+00,
         4.50987953e-01,  7.46907100e-01,  5.78169946e-01,
        -1.04596905e-01,  8.37582839e-02, -1.81275994e-03,
         1.25113682e-02,  1.76191197e-02, -3.18484555e-02],
       [ 4.75544142e-01, -3.66670494e-01,  2.25062211e-01,
         2.65074394e-01,  3.11041739e-01,  1.07419573e+00,
        -1.29933543e+00, -8.26147486e-01,  4.62158381e+00,
         1.44560830e+00,  1.49030191e+00,  2.22326119e+00,
        -1.63959616e-01,  1.39826707e-01,  1.52733408e-01,
         1.41520355e-03, -6.05209514e-02, -1.71028686e-02],
       [-2.56805488e-01,  3.59739677e-01, -3.09576166e-01,
        -3.11380796e-01, -3.73880336e-01, -1.29933543e+00,
         2.60490334e+00,  6.96001594e-01, -5.73552020e+00,
        -2.02592081e+00, -1.79358111e+00, -2.96657590e+00,
         6.50104110e-02, -9.72698572e-02, -1.13183540e-01,
        -4.89939535e-03,  9.31536423e-02, -2.93386300e-03],
       [-3.94847885e-01,  3.31222601e-01,  8.17433082e-02,
        -2.74895447e-01,  1.02887504e-01, -8.26147486e-01,
         6.96001594e-01,  2.40930965e+00, -3.12680182e+00,
        -9.96437622e-01, -6.48667971e-01, -1.78961997e+00,
         6.60090922e-02,  4.14058562e-02, -2.40460635e-01,
         5.75769858e-03,  1.35897753e-01,  6.52753254e-03],
       [ 1.35933026e+00, -1.29911258e+00,  1.03085208e+00,
         1.57466360e+00,  1.48228008e+00,  4.62158381e+00,
        -5.73552020e+00, -3.12680182e+00,  2.20962931e+01,
         7.87515618e+00,  6.62667310e+00,  9.69858591e+00,
        -2.98593131e-01,  5.70243865e-01,  5.02721451e-01,
         7.97763026e-02, -2.33837304e-01, -6.64692619e-03],
       [ 2.46337505e-01, -1.74215214e-01,  3.11921215e-01,
         9.07898280e-01,  4.50987953e-01,  1.44560830e+00,
        -2.02592081e+00, -9.96437622e-01,  7.87515618e+00,
         3.96999722e+00,  1.96447799e+00,  3.38591870e+00,
         1.19789871e-01,  6.61222438e-02, -8.99791968e-04,
         8.96781340e-02, -1.14189129e-01, -3.08205501e-02],
       [ 9.99513510e-01, -3.30702615e-01,  4.32721733e-01,
         3.00977854e-01,  7.46907100e-01,  1.49030191e+00,
        -1.79358111e+00, -6.48667971e-01,  6.62667310e+00,
         1.96447799e+00,  2.96331152e+00,  2.90640297e+00,
        -4.18210505e-01,  2.38260789e-01,  1.29628768e-01,
         1.24609282e-02, -2.60892152e-02, -1.09850418e-01],
       [ 7.42658616e-01, -6.70960251e-01,  4.75452528e-01,
         6.57690856e-01,  5.78169946e-01,  2.22326119e+00,
        -2.96657590e+00, -1.78961997e+00,  9.69858591e+00,
         3.38591870e+00,  2.90640297e+00,  4.90602338e+00,
        -1.82353446e-01,  2.08863374e-01,  2.46355413e-01,
         2.77291434e-02, -1.58334240e-01, -2.25157840e-02],
       [-5.62235412e-01,  6.39031524e-02, -7.68098267e-03,
         7.03246031e-02, -1.04596905e-01, -1.63959616e-01,
         6.50104110e-02,  6.60090922e-02, -2.98593131e-01,
         1.19789871e-01, -4.18210505e-01, -1.82353446e-01,
         2.94549414e-01, -4.33889397e-02, -1.77648134e-02,
         3.48609405e-02, -1.56113960e-03,  1.12358353e-01],
       [ 7.46468273e-02, -1.14553924e-01,  7.90964324e-02,
        -4.92139351e-03,  8.37582839e-02,  1.39826707e-01,
        -9.72698572e-02,  4.14058562e-02,  5.70243865e-01,
         6.61222438e-02,  2.38260789e-01,  2.08863374e-01,
        -4.33889397e-02,  9.47633833e-02,  3.15574686e-02,
        -7.84613751e-04,  2.80985278e-02,  1.63532457e-02],
       [ 1.23186820e-02, -1.40953154e-01, -3.44264311e-02,
        -5.21891352e-03, -1.81275994e-03,  1.52733408e-01,
        -1.13183540e-01, -2.40460635e-01,  5.02721451e-01,
        -8.99791968e-04,  1.29628768e-01,  2.46355413e-01,
        -1.77648134e-02,  3.15574686e-02,  1.08584900e-01,
        -2.17950123e-02, -1.77127729e-02,  4.38776826e-02],
       [-5.89566527e-03,  2.32846241e-02,  2.87523457e-02,
         3.14248720e-02,  1.25113682e-02,  1.41520355e-03,
        -4.89939535e-03,  5.75769858e-03,  7.97763026e-02,
         8.96781340e-02,  1.24609282e-02,  2.77291434e-02,
         3.48609405e-02, -7.84613751e-04, -2.17950123e-02,
         3.28975470e-02,  6.66194447e-04, -1.87367703e-04],
       [-2.80978782e-02,  3.18953207e-02,  2.76103999e-02,
        -3.36497830e-02,  1.76191197e-02, -6.05209514e-02,
         9.31536423e-02,  1.35897753e-01, -2.33837304e-01,
        -1.14189129e-01, -2.60892152e-02, -1.58334240e-01,
        -1.56113960e-03,  2.80985278e-02, -1.77127729e-02,
         6.66194447e-04,  3.91461725e-02,  4.26304514e-03],
       [-2.58015379e-01, -5.06459953e-02,  1.96379909e-02,
        -8.55874801e-04, -3.18484555e-02, -1.71028686e-02,
        -2.93386300e-03,  6.52753254e-03, -6.64692619e-03,
        -3.08205501e-02, -1.09850418e-01, -2.25157840e-02,
         1.12358353e-01,  1.63532457e-02,  4.38776826e-02,
        -1.87367703e-04,  4.26304514e-03,  9.01907400e-02]])
      jac: array([-9.69742805e-06, -7.96585020e-07, -3.13584344e-05, -3.79670369e-05,
       -4.04160039e-05,  1.77944696e-05,  6.77273053e-06,  6.38304224e-06,
        5.09740398e-06, -2.07038090e-06,  1.76125781e-05, -4.15389945e-06,
       -2.38962553e-05, -4.98823205e-06, -4.66323276e-05,  4.20622796e-05,
        1.05491541e-05,  5.58793752e-05])
  message: 'Desired error not necessarily achieved due to precision loss.'
     nfev: 2937
      nit: 96
     njev: 154
   status: 2
  success: False
        x: array([ 0.09764958,  0.26913915,  0.7186502 ,  1.76022793, -0.78776209,
       -0.10821709,  2.6974506 , -0.46094351,  0.50337245,  2.14935635,
       -0.76639182, -0.66928568,  0.14915115,  0.15732959, -0.25428013,
       -1.32804428, -0.13703517,  0.05072509])
