Program Begingeth
      fun: 0.22434677123592134
 hess_inv: array([[ 1.12177146e+00,  5.22757597e-02,  3.75769192e-04,
        -1.69205211e-01,  1.87408963e-01,  4.74192687e-01,
        -2.53216498e-01, -4.78230764e-01,  1.12702067e+00,
        -4.28095527e-01,  9.27982586e-01,  7.06515865e-01,
        -5.28380501e-01, -3.14931654e-02,  7.59012992e-02,
        -1.43989357e-02, -2.96188935e-02, -2.23949356e-01],
       [ 5.22757597e-02,  2.74767924e-01, -2.64799404e-02,
        -7.12534691e-02,  2.68840311e-02, -2.37361306e-01,
         2.22187458e-01,  3.10706811e-01, -8.78978250e-01,
        -2.55032751e-01, -2.08474114e-02, -4.91782404e-01,
        -4.81730562e-02, -8.02313324e-02, -1.14001498e-01,
         4.14207385e-03,  3.24953841e-02, -8.24602565e-02],
       [ 3.75769192e-04, -2.64799404e-02,  1.52216562e-01,
         1.56616749e-02,  6.30702565e-02,  1.24573028e-01,
        -3.04854249e-02, -5.37241620e-02,  5.74491645e-01,
         8.58998146e-02,  1.95893925e-01,  2.21453398e-01,
         1.26475256e-02,  4.74942815e-02, -2.57767932e-04,
         1.99005419e-02,  1.96250931e-02,  3.78423450e-02],
       [-1.69205211e-01, -7.12534691e-02,  1.56616749e-02,
         3.22526533e-01,  3.83916973e-02,  1.60720541e-01,
         2.47822792e-01, -1.68546145e-01,  1.34399760e+00,
         9.97235651e-01,  1.28023601e-01,  4.12553328e-01,
         1.81377306e-01,  3.11763314e-02,  7.93810397e-03,
         4.33026455e-02, -2.90386334e-02,  5.39212316e-02],
       [ 1.87408963e-01,  2.68840311e-02,  6.30702565e-02,
         3.83916973e-02,  1.75735797e-01,  1.83692577e-01,
        -4.86276521e-03,  9.50468619e-02,  9.79693374e-01,
         1.83811196e-01,  5.51096778e-01,  2.47326183e-01,
        -6.78772054e-02,  3.91054135e-02,  2.11692938e-02,
         1.66042083e-02,  7.24268994e-03, -1.89109991e-02],
       [ 4.74192687e-01, -2.37361306e-01,  1.24573028e-01,
         1.60720541e-01,  1.83692577e-01,  8.57426821e-01,
        -5.77448039e-01, -9.51819337e-01,  3.40718468e+00,
         7.28722246e-01,  1.04325668e+00,  1.67422528e+00,
        -1.49944114e-01,  7.41850731e-02,  1.91671588e-01,
         8.59492950e-03, -5.58893458e-02, -5.34839090e-03],
       [-2.53216498e-01,  2.22187458e-01, -3.04854249e-02,
         2.47822792e-01, -4.86276521e-03, -5.77448039e-01,
         2.18752977e+00,  5.29869841e-01, -1.51980909e+00,
         9.71123439e-02, -5.25348854e-01, -1.21870232e+00,
         2.30517608e-01, -7.14257331e-03, -1.78003133e-01,
         7.57021855e-02,  9.78656900e-03,  1.42836893e-02],
       [-4.78230764e-01,  3.10706811e-01, -5.37241620e-02,
        -1.68546145e-01,  9.50468619e-02, -9.51819337e-01,
         5.29869841e-01,  2.91007262e+00, -3.25747810e+00,
        -6.59101069e-01, -8.55371722e-01, -2.06163419e+00,
         1.50337488e-01,  2.46612638e-02, -2.41648980e-01,
         2.06805681e-02,  9.49560301e-02,  5.32764440e-03],
       [ 1.12702067e+00, -8.78978250e-01,  5.74491645e-01,
         1.34399760e+00,  9.79693374e-01,  3.40718468e+00,
        -1.51980909e+00, -3.25747810e+00,  1.69612354e+01,
         5.34186982e+00,  4.60324131e+00,  6.47779498e+00,
        -1.24547090e-01,  4.07869593e-01,  6.18148061e-01,
         1.12261189e-01, -1.86225577e-01,  9.28810394e-02],
       [-4.28095527e-01, -2.55032751e-01,  8.58998146e-02,
         9.97235651e-01,  1.83811196e-01,  7.28722246e-01,
         9.71123439e-02, -6.59101069e-01,  5.34186982e+00,
         3.48700657e+00,  7.64534969e-01,  1.69051950e+00,
         4.53062422e-01,  1.17560991e-01,  5.18274098e-02,
         9.33300636e-02, -6.89151925e-02,  1.46128089e-01],
       [ 9.27982586e-01, -2.08474114e-02,  1.95893925e-01,
         1.28023601e-01,  5.51096778e-01,  1.04325668e+00,
        -5.25348854e-01, -8.55371722e-01,  4.60324131e+00,
         7.64534969e-01,  2.32946988e+00,  1.73537527e+00,
        -3.78252079e-01,  7.49532613e-02,  1.88385596e-01,
         1.45082411e-02, -3.11692621e-02, -9.67857089e-02],
       [ 7.06515865e-01, -4.91782404e-01,  2.21453398e-01,
         4.12553328e-01,  2.47326183e-01,  1.67422528e+00,
        -1.21870232e+00, -2.06163419e+00,  6.47779498e+00,
         1.69051950e+00,  1.73537527e+00,  3.54008172e+00,
        -1.44561621e-01,  1.08941290e-01,  3.60934350e-01,
         3.27348368e-02, -1.33948286e-01,  2.39690555e-02],
       [-5.28380501e-01, -4.81730562e-02,  1.26475256e-02,
         1.81377306e-01, -6.78772054e-02, -1.49944114e-01,
         2.30517608e-01,  1.50337488e-01, -1.24547090e-01,
         4.53062422e-01, -3.78252079e-01, -1.44561621e-01,
         3.12183070e-01,  2.40990386e-02, -2.93526764e-02,
         4.31870017e-02, -3.67975793e-03,  1.17435532e-01],
       [-3.14931654e-02, -8.02313324e-02,  4.74942815e-02,
         3.11763314e-02,  3.91054135e-02,  7.41850731e-02,
        -7.14257331e-03,  2.46612638e-02,  4.07869593e-01,
         1.17560991e-01,  7.49532613e-02,  1.08941290e-01,
         2.40990386e-02,  6.52055898e-02,  2.74195686e-02,
         8.09018308e-03,  1.53695719e-02,  3.63082035e-02],
       [ 7.59012992e-02, -1.14001498e-01, -2.57767932e-04,
         7.93810397e-03,  2.11692938e-02,  1.91671588e-01,
        -1.78003133e-01, -2.41648980e-01,  6.18148061e-01,
         5.18274098e-02,  1.88385596e-01,  3.60934350e-01,
        -2.93526764e-02,  2.74195686e-02,  9.00453294e-02,
        -9.52880660e-03, -2.20080285e-02,  2.94619888e-02],
       [-1.43989357e-02,  4.14207385e-03,  1.99005419e-02,
         4.33026455e-02,  1.66042083e-02,  8.59492950e-03,
         7.57021855e-02,  2.06805681e-02,  1.12261189e-01,
         9.33300636e-02,  1.45082411e-02,  3.27348368e-02,
         4.31870017e-02,  8.09018308e-03, -9.52880660e-03,
         3.11220735e-02, -2.15953949e-03,  7.28730821e-03],
       [-2.96188935e-02,  3.24953841e-02,  1.96250931e-02,
        -2.90386334e-02,  7.24268994e-03, -5.58893458e-02,
         9.78656900e-03,  9.49560301e-02, -1.86225577e-01,
        -6.89151925e-02, -3.11692621e-02, -1.33948286e-01,
        -3.67975793e-03,  1.53695719e-02, -2.20080285e-02,
        -2.15953949e-03,  3.08675561e-02, -8.97079970e-04],
       [-2.23949356e-01, -8.24602565e-02,  3.78423450e-02,
         5.39212316e-02, -1.89109991e-02, -5.34839090e-03,
         1.42836893e-02,  5.32764440e-03,  9.28810394e-02,
         1.46128089e-01, -9.67857089e-02,  2.39690555e-02,
         1.17435532e-01,  3.63082035e-02,  2.94619888e-02,
         7.28730821e-03, -8.97079970e-04,  8.75235578e-02]])
      jac: array([-0.00215587,  0.00636981,  0.02288648, -0.02618959, -0.02029906,
        0.03992443,  0.0049248 ,  0.00500761, -0.00240026,  0.01328711,
        0.00043471, -0.01544125,  0.00374351, -0.02973783,  0.05625607,
        0.02279087,  0.01265047, -0.03239703])
  message: 'Maximum number of iterations has been exceeded.'
     nfev: 2166
      nit: 100
     njev: 114
   status: 1
  success: False
        x: array([ 0.02811746,  0.27701456,  0.73020859,  1.71596174, -0.44683171,
       -0.08246838,  2.49825673, -0.1294161 ,  0.48784718,  2.09826851,
       -0.41538171, -0.54598116,  0.11814332,  0.19385861, -0.25732068,
       -1.3194076 , -0.37500425,  0.05408064])
