Program Begingeth
      fun: 0.30475208232452894
 hess_inv: array([[ 9.75053529e+00, -2.65371727e+00, -4.36675606e+00,
         3.50085958e+00, -1.37253275e+00, -1.22185552e+00,
         7.54448345e+00,  1.74078392e+00,  2.01986468e+00,
        -3.58931878e-01, -7.46144360e-01,  2.69041791e-01,
        -1.24026794e+00,  3.47433312e-01,  2.28358791e-01,
        -3.20477803e-01,  7.95646519e-01, -2.53660101e-01],
       [-2.65371727e+00,  3.93407090e+00,  1.63124413e+00,
        -7.07198287e-01,  1.61971192e+00,  6.45724695e-01,
        -1.62505920e+00,  1.37057870e+00,  9.42823015e-01,
         1.71003835e-01,  1.49393168e-01, -8.92779524e-01,
         4.66585993e-01, -3.49483355e-01,  2.05431481e-01,
        -1.31001483e-02, -2.79257674e-01,  1.51609375e-01],
       [-4.36675606e+00,  1.63124413e+00,  1.50558366e+01,
        -2.93784189e+00,  7.19821732e-02,  5.46340457e+00,
        -1.68442130e+01, -6.46807608e+00,  3.06692601e+00,
         2.40356899e-01,  3.22367895e+00, -1.08182763e+00,
        -4.38333245e-02, -9.10352521e-01, -6.65513286e-01,
        -2.55055537e-02, -3.96210806e-02,  2.01026345e-01],
       [ 3.50085958e+00, -7.07198287e-01, -2.93784189e+00,
         1.49035349e+00, -3.30946402e-01, -9.57795192e-01,
         4.60503317e+00,  1.28852936e+00,  5.34124287e-01,
        -1.55272763e-01, -5.33909858e-01,  9.60807878e-02,
        -3.16008076e-01,  1.42232259e-01,  1.50506519e-01,
        -8.72870089e-02,  2.07087021e-01, -8.97547720e-02],
       [-1.37253275e+00,  1.61971192e+00,  7.19821732e-02,
        -3.30946402e-01,  7.56981796e-01,  4.17167936e-02,
        -2.39515223e-01,  1.10535098e+00,  7.35385721e-02,
         1.29390376e-01, -9.19776788e-02, -2.63122327e-01,
         2.50366983e-01, -8.00329959e-02,  1.12121857e-01,
         2.71378868e-02, -1.45606960e-01,  6.52557496e-02],
       [-1.22185552e+00,  6.45724695e-01,  5.46340457e+00,
        -9.57795192e-01,  4.17167936e-02,  2.06261318e+00,
        -6.11963161e+00, -2.06215411e+00,  1.50423709e+00,
         1.87452126e-01,  1.06712623e+00, -4.07153362e-01,
        -1.03176793e-01, -3.11806622e-01, -1.90506775e-01,
        -4.01709182e-02,  1.75134306e-02,  6.58075360e-02],
       [ 7.54448345e+00, -1.62505920e+00, -1.68442130e+01,
         4.60503317e+00, -2.39515223e-01, -6.11963161e+00,
         2.34918936e+01,  6.99362669e+00, -1.58899201e+00,
        -3.76203193e-01, -3.04295768e+00,  8.05575613e-01,
        -9.48289100e-02,  7.03855716e-01,  6.39251049e-01,
        -4.87089873e-02,  9.37214987e-02, -3.09487644e-01],
       [ 1.74078392e+00,  1.37057870e+00, -6.46807608e+00,
         1.28852936e+00,  1.10535098e+00, -2.06215411e+00,
         6.99362669e+00,  7.44080196e+00, -3.64538100e-01,
         5.52151277e-01, -1.61123374e+00,  1.20585403e-01,
        -8.36744478e-02,  3.61357262e-01,  6.12563867e-01,
        -6.41594984e-02, -2.37448842e-02, -4.98725902e-02],
       [ 2.01986468e+00,  9.42823015e-01,  3.06692601e+00,
         5.34124287e-01,  7.35385721e-02,  1.50423709e+00,
        -1.58899201e+00, -3.64538100e-01,  4.37383115e+00,
         3.66992637e-01,  5.99835607e-01, -4.74173218e-01,
        -3.98142305e-01, -3.62690744e-01, -3.79531247e-02,
        -1.63112852e-01,  9.47598466e-02, -9.48062858e-02],
       [-3.58931878e-01,  1.71003835e-01,  2.40356899e-01,
        -1.55272763e-01,  1.29390376e-01,  1.87452126e-01,
        -3.76203193e-01,  5.52151277e-01,  3.66992637e-01,
         8.90724713e-01,  9.22988240e-02, -5.51891094e-02,
        -1.87191403e-01, -4.17379253e-02, -5.69929233e-02,
        -1.23953584e-02, -5.55422451e-02, -1.84975858e-01],
       [-7.46144360e-01,  1.49393168e-01,  3.22367895e+00,
        -5.33909858e-01, -9.19776788e-02,  1.06712623e+00,
        -3.04295768e+00, -1.61123374e+00,  5.99835607e-01,
         9.22988240e-02,  1.30976000e+00, -2.90497412e-01,
        -2.59747122e-02, -3.54316763e-01, -3.19587745e-01,
         1.37900934e-02, -3.05610984e-02, -8.65971307e-02],
       [ 2.69041791e-01, -8.92779524e-01, -1.08182763e+00,
         9.60807878e-02, -2.63122327e-01, -4.07153362e-01,
         8.05575613e-01,  1.20585403e-01, -4.74173218e-01,
        -5.51891094e-02, -2.90497412e-01,  6.12845542e-01,
        -3.03144795e-03,  2.22367476e-01, -5.83399917e-02,
         7.84227421e-02,  8.08692149e-02, -3.51259994e-03],
       [-1.24026794e+00,  4.66585993e-01, -4.38333245e-02,
        -3.16008076e-01,  2.50366983e-01, -1.03176793e-01,
        -9.48289100e-02, -8.36744478e-02, -3.98142305e-01,
        -1.87191403e-01, -2.59747122e-02, -3.03144795e-03,
         3.20667379e-01, -3.64274590e-02,  3.74808072e-03,
         9.77014497e-02, -1.45515778e-01,  8.51259384e-02],
       [ 3.47433312e-01, -3.49483355e-01, -9.10352521e-01,
         1.42232259e-01, -8.00329959e-02, -3.11806622e-01,
         7.03855716e-01,  3.61357262e-01, -3.62690744e-01,
        -4.17379253e-02, -3.54316763e-01,  2.22367476e-01,
        -3.64274590e-02,  1.75847508e-01,  5.84150257e-02,
         7.01001977e-03,  7.87065813e-02,  1.96628492e-02],
       [ 2.28358791e-01,  2.05431481e-01, -6.65513286e-01,
         1.50506519e-01,  1.12121857e-01, -1.90506775e-01,
         6.39251049e-01,  6.12563867e-01, -3.79531247e-02,
        -5.69929233e-02, -3.19587745e-01, -5.83399917e-02,
         3.74808072e-03,  5.84150257e-02,  1.46346090e-01,
        -2.90811520e-02,  4.29605114e-03,  5.90509288e-02],
       [-3.20477803e-01, -1.31001483e-02, -2.55055537e-02,
        -8.72870089e-02,  2.71378868e-02, -4.01709182e-02,
        -4.87089873e-02, -6.41594984e-02, -1.63112852e-01,
        -1.23953584e-02,  1.37900934e-02,  7.84227421e-02,
         9.77014497e-02,  7.01001977e-03, -2.90811520e-02,
         6.66732640e-02, -3.66012476e-02,  9.29226231e-03],
       [ 7.95646519e-01, -2.79257674e-01, -3.96210806e-02,
         2.07087021e-01, -1.45606960e-01,  1.75134306e-02,
         9.37214987e-02, -2.37448842e-02,  9.47598466e-02,
        -5.55422451e-02, -3.05610984e-02,  8.08692149e-02,
        -1.45515778e-01,  7.87065813e-02,  4.29605114e-03,
        -3.66012476e-02,  1.40959135e-01, -6.95060211e-03],
       [-2.53660101e-01,  1.51609375e-01,  2.01026345e-01,
        -8.97547720e-02,  6.52557496e-02,  6.58075360e-02,
        -3.09487644e-01, -4.98725902e-02, -9.48062858e-02,
        -1.84975858e-01, -8.65971307e-02, -3.51259994e-03,
         8.51259384e-02,  1.96628492e-02,  5.90509288e-02,
         9.29226231e-03, -6.95060211e-03,  9.98946424e-02]])
      jac: array([ 5.07867822e-05,  1.69268303e-05,  1.46586447e-06, -1.34471323e-04,
        9.21522118e-06,  3.41856173e-05,  1.66607469e-05, -7.35559761e-06,
       -1.20729352e-05, -1.21302968e-05,  7.32895226e-06,  1.65708188e-05,
        1.05267646e-05,  3.31845662e-05,  6.84822569e-05,  3.37726143e-05,
       -6.93027117e-05, -8.52259004e-05])
  message: 'Desired error not necessarily achieved due to precision loss.'
     nfev: 2309
      nit: 78
     njev: 121
   status: 2
  success: False
        x: array([ 0.94676492, -1.08768796, -0.01299242,  1.38230011, -1.063537  ,
       -0.0994895 ,  1.90945594, -1.27610492, -1.05359035,  0.00630322,
        0.44330284,  1.16905619,  0.0173013 ,  0.16297045, -0.27208371,
       -1.24177304, -0.39246488,  0.01021789])
