Program Begingeth
      fun: 0.35925002873891004
 hess_inv: array([[ 2.14737355e+00,  7.19345435e-02,  1.94621638e-01,
         2.85920840e-01, -3.90471097e-01,  4.33828058e-01,
         3.49980527e-01, -5.34673136e-01,  4.34074507e-01,
         9.00361042e-01, -1.39556056e+00,  1.61363322e-01,
        -8.60976685e-01, -9.70279917e-02,  5.95721113e-02,
        -4.92665739e-02, -3.55489237e-02, -3.20449695e-01],
       [ 7.19345435e-02,  7.49592765e-01, -7.98915845e-02,
        -2.87341959e-01,  7.27433229e-03, -1.85526759e-01,
        -1.34783522e+00,  1.74444254e-01, -1.87409482e-01,
        -7.81556216e-01, -2.83986030e-01, -8.46582296e-02,
        -2.32145875e-02, -2.42415885e-01, -2.19477357e-01,
         3.51985823e-02,  1.34714160e-02, -1.46349193e-01],
       [ 1.94621638e-01, -7.98915845e-02,  4.75004257e-01,
         8.46967422e-02,  2.05337055e-02,  1.15900793e-01,
        -2.19678381e-01, -3.54219595e-01,  2.27268483e-01,
         4.65624019e-01, -7.82336000e-02,  1.03901843e-02,
        -4.37377918e-02,  1.22328689e-01, -8.07863430e-02,
         5.86592411e-02,  4.35484873e-02,  2.64135213e-02],
       [ 2.85920840e-01, -2.87341959e-01,  8.46967422e-02,
         4.27485966e-01,  5.10782268e-02,  2.05703418e-01,
         1.20263213e+00,  1.81951900e-01,  1.06632085e+00,
         1.21292386e+00,  2.43134339e-01, -9.45536366e-02,
        -4.13364634e-02,  9.14284380e-02,  1.44692889e-01,
         1.17602048e-02, -1.74822418e-02,  3.65673123e-02],
       [-3.90471097e-01,  7.27433229e-03,  2.05337055e-02,
         5.10782268e-02,  3.61546129e-01, -7.37165291e-02,
        -1.57249860e-01,  8.33423501e-01,  7.79387785e-01,
         1.52348233e-01,  9.95108470e-01, -2.18600714e-01,
         2.32954664e-01,  9.10486534e-02, -3.82565360e-02,
         6.39807997e-02,  1.82256868e-02,  6.98886170e-02],
       [ 4.33828058e-01, -1.85526759e-01,  1.15900793e-01,
         2.05703418e-01, -7.37165291e-02,  3.53968952e-01,
         8.32996511e-01, -5.17406788e-01,  9.40283957e-01,
         7.37216854e-01, -6.75875648e-02,  4.58256913e-01,
        -2.26402491e-01,  7.63391428e-02,  1.30353657e-01,
        -3.94994193e-02,  3.11732659e-02, -1.00189295e-02],
       [ 3.49980527e-01, -1.34783522e+00, -2.19678381e-01,
         1.20263213e+00, -1.57249860e-01,  8.32996511e-01,
         9.00151011e+00, -1.40838457e+00,  3.98103728e+00,
         2.93479381e+00,  1.48699670e+00,  3.67843191e-01,
        -4.37147835e-01,  2.37076585e-01,  6.51363699e-01,
        -3.04900899e-01,  1.06850383e-01,  1.07415995e-01],
       [-5.34673136e-01,  1.74444254e-01, -3.54219595e-01,
         1.81951900e-01,  8.33423501e-01, -5.17406788e-01,
        -1.40838457e+00,  4.54857950e+00,  8.78955393e-01,
         1.40702828e-01,  1.57032066e+00, -1.47604809e+00,
         5.90993238e-01,  4.14350610e-02, -2.29013329e-02,
         1.74646729e-01, -8.72680590e-02,  1.13177337e-01],
       [ 4.34074507e-01, -1.87409482e-01,  2.27268483e-01,
         1.06632085e+00,  7.79387785e-01,  9.40283957e-01,
         3.98103728e+00,  8.78955393e-01,  8.24565648e+00,
         3.49652463e+00,  3.08573462e+00,  1.53925574e-01,
        -2.04186500e-01,  2.11142827e-01,  3.07102469e-01,
        -3.60132142e-02,  1.41817611e-01,  8.41332596e-02],
       [ 9.00361042e-01, -7.81556216e-01,  4.65624019e-01,
         1.21292386e+00,  1.52348233e-01,  7.37216854e-01,
         2.93479381e+00,  1.40702828e-01,  3.49652463e+00,
         3.80545434e+00,  6.44471303e-01, -2.85284051e-02,
        -2.03346905e-01,  3.18145967e-01,  3.83550179e-01,
         2.56905214e-02, -5.99325034e-03,  1.03537040e-01],
       [-1.39556056e+00, -2.83986030e-01, -7.82336000e-02,
         2.43134339e-01,  9.95108470e-01, -6.75875648e-02,
         1.48699670e+00,  1.57032066e+00,  3.08573462e+00,
         6.44471303e-01,  3.49670602e+00, -3.85152145e-01,
         6.17889505e-01,  2.79644027e-01,  1.09165243e-02,
         6.99107088e-02,  8.00362536e-02,  2.45436193e-01],
       [ 1.61363322e-01, -8.46582296e-02,  1.03901843e-02,
        -9.45536366e-02, -2.18600714e-01,  4.58256913e-01,
         3.67843191e-01, -1.47604809e+00,  1.53925574e-01,
        -2.85284051e-02, -3.85152145e-01,  1.37953924e+00,
        -2.41075592e-01,  6.28247642e-02,  1.19543766e-01,
        -7.68108343e-02,  8.01628211e-02, -1.98486530e-02],
       [-8.60976685e-01, -2.32145875e-02, -4.37377918e-02,
        -4.13364634e-02,  2.32954664e-01, -2.26402491e-01,
        -4.37147835e-01,  5.90993238e-01, -2.04186500e-01,
        -2.03346905e-01,  6.17889505e-01, -2.41075592e-01,
         4.50069313e-01,  5.34740440e-02, -3.48862446e-02,
         8.72787921e-02, -1.42559877e-02,  1.48326109e-01],
       [-9.70279917e-02, -2.42415885e-01,  1.22328689e-01,
         9.14284380e-02,  9.10486534e-02,  7.63391428e-02,
         2.37076585e-01,  4.14350610e-02,  2.11142827e-01,
         3.18145967e-01,  2.79644027e-01,  6.28247642e-02,
         5.34740440e-02,  1.49574440e-01,  4.45303532e-02,
         1.46874379e-02,  3.13731903e-02,  7.01852234e-02],
       [ 5.95721113e-02, -2.19477357e-01, -8.07863430e-02,
         1.44692889e-01, -3.82565360e-02,  1.30353657e-01,
         6.51363699e-01, -2.29013329e-02,  3.07102469e-01,
         3.83550179e-01,  1.09165243e-02,  1.19543766e-01,
        -3.48862446e-02,  4.45303532e-02,  1.52421708e-01,
        -3.31026445e-02, -1.33326641e-02,  5.10924147e-02],
       [-4.92665739e-02,  3.51985823e-02,  5.86592411e-02,
         1.17602048e-02,  6.39807997e-02, -3.94994193e-02,
        -3.04900899e-01,  1.74646729e-01, -3.60132142e-02,
         2.56905214e-02,  6.99107088e-02, -7.68108343e-02,
         8.72787921e-02,  1.46874379e-02, -3.31026445e-02,
         6.15285044e-02, -8.18709225e-03,  1.54745650e-02],
       [-3.55489237e-02,  1.34714160e-02,  4.35484873e-02,
        -1.74822418e-02,  1.82256868e-02,  3.11732659e-02,
         1.06850383e-01, -8.72680590e-02,  1.41817611e-01,
        -5.99325034e-03,  8.00362536e-02,  8.01628211e-02,
        -1.42559877e-02,  3.13731903e-02, -1.33326641e-02,
        -8.18709225e-03,  4.50956889e-02,  1.92025065e-03],
       [-3.20449695e-01, -1.46349193e-01,  2.64135213e-02,
         3.65673123e-02,  6.98886170e-02, -1.00189295e-02,
         1.07415995e-01,  1.13177337e-01,  8.41332596e-02,
         1.03537040e-01,  2.45436193e-01, -1.98486530e-02,
         1.48326109e-01,  7.01852234e-02,  5.10924147e-02,
         1.54745650e-02,  1.92025065e-03,  1.06105774e-01]])
      jac: array([-2.20135021e-05,  1.67599268e-05, -2.58459920e-06,  4.94071450e-05,
       -1.48111153e-05,  2.19058105e-05, -2.29779159e-06, -1.99248026e-06,
       -3.01832633e-06, -1.15862875e-05,  7.08729372e-06, -1.27757064e-05,
       -4.49825362e-05,  2.54422409e-05,  5.06113669e-06,  5.75998508e-05,
       -5.58775248e-06, -2.91914641e-06])
  message: 'Desired error not necessarily achieved due to precision loss.'
     nfev: 2271
      nit: 67
     njev: 119
   status: 2
  success: False
        x: array([ 0.08940815,  0.07868268,  0.74204903,  1.63749101, -0.82396764,
        0.32968572,  1.17128249, -1.935495  ,  0.67044465,  1.95496268,
       -0.74624433,  0.92670073,  0.01269641,  0.04414381, -0.19373403,
       -1.49810255, -0.6084436 ,  0.05171732])
