Program Begingeth
      fun: 0.31119638494110524
 hess_inv: array([[ 7.69114347e+00,  2.27994607e-01, -1.92390138e-01,
         3.80359107e-01, -1.02277468e+00,  5.44597981e-01,
         2.08078798e+00, -2.99481386e-01, -2.25776300e+00,
        -1.58243762e+00, -1.27767728e+00,  1.86720147e-01,
        -1.98680959e+00, -1.81239229e-01,  2.88092902e-01,
         8.83098500e-01,  8.62206502e-01, -6.15509872e-01],
       [ 2.27994607e-01,  1.36307994e+00,  2.71755700e-01,
         1.60836428e-01,  1.61962725e-01, -6.11850937e-02,
         8.91147261e-02,  5.89841596e-01, -8.30247764e-01,
         3.42748083e-02, -3.52521026e-01, -8.87272412e-01,
         1.18647435e-02, -1.78998753e-01,  8.91622396e-02,
        -5.65496143e-02,  2.65831893e-01,  1.52131961e-02],
       [-1.92390138e-01,  2.71755700e-01,  1.49804066e+00,
         9.66819103e-02,  2.08204985e-01,  1.42406602e-01,
         1.24974496e+00,  1.21289757e+00,  5.20380050e-02,
         5.95146823e-02,  6.86094019e-01, -6.38073898e-01,
         1.03551099e-01, -1.16387667e-01, -1.42749398e-01,
         3.44702449e-02,  3.18637816e-02,  2.83917772e-01],
       [ 3.80359107e-01,  1.60836428e-01,  9.66819103e-02,
         1.32621372e-01, -6.32071512e-03,  5.16345960e-02,
         6.78621444e-01,  4.82760063e-02, -3.63287715e-01,
        -2.49297406e-02, -1.90468977e-01, -6.16118202e-02,
        -2.60118113e-02, -3.45470303e-03,  5.58411016e-02,
         6.09472985e-02,  4.26762336e-02,  1.04378989e-02],
       [-1.02277468e+00,  1.61962725e-01,  2.08204985e-01,
        -6.32071512e-03,  2.46091597e-01, -9.02538982e-02,
        -1.03023759e-01,  6.63136512e-01,  1.67976374e-01,
         1.14323471e-01,  1.27654129e-01, -1.48377706e-01,
         3.32634795e-01,  4.69041985e-02, -6.32906968e-02,
        -9.61825894e-02, -7.52955991e-02,  1.27972373e-01],
       [ 5.44597981e-01, -6.11850937e-02,  1.42406602e-01,
         5.16345960e-02, -9.02538982e-02,  1.94570801e-01,
         7.19653843e-01, -3.62455223e-01,  5.76179971e-02,
         1.75647366e-01, -1.51546890e-01,  8.84242295e-02,
        -2.25222042e-01,  3.17443434e-02,  9.92698959e-02,
         5.21919313e-02,  5.09376000e-02, -1.36463027e-02],
       [ 2.08078798e+00,  8.91147261e-02,  1.24974496e+00,
         6.78621444e-01, -1.03023759e-01,  7.19653843e-01,
         6.53633428e+00, -2.71258317e-01, -1.36589871e+00,
         3.57321014e-01, -7.82751186e-01,  4.00569228e-01,
        -4.98076096e-01,  1.99614526e-01,  3.01487352e-01,
         3.05704307e-01,  2.01377357e-01,  1.46542600e-01],
       [-2.99481386e-01,  5.89841596e-01,  1.21289757e+00,
         4.82760063e-02,  6.63136512e-01, -3.62455223e-01,
        -2.71258317e-01,  6.02686113e+00, -2.34318420e-01,
        -1.63413034e+00,  2.13540340e-01, -1.03497580e+00,
         6.00847662e-01,  3.29470965e-02, -3.76342003e-01,
         7.19951439e-02,  1.10980478e-01,  3.42635140e-01],
       [-2.25776300e+00, -8.30247764e-01,  5.20380050e-02,
        -3.63287715e-01,  1.67976374e-01,  5.76179971e-02,
        -1.36589871e+00, -2.34318420e-01,  3.16065141e+00,
         3.65534741e-01,  8.51223155e-01,  3.26890381e-02,
         4.13005658e-01,  1.14643258e-01, -8.22113026e-02,
        -2.47865523e-01, -3.15035207e-01,  1.46743077e-01],
       [-1.58243762e+00,  3.42748083e-02,  5.95146823e-02,
        -2.49297406e-02,  1.14323471e-01,  1.75647366e-01,
         3.57321014e-01, -1.63413034e+00,  3.65534741e-01,
         1.83453748e+00,  2.34299808e-01,  1.23882859e-01,
         3.92234522e-02,  9.40144992e-03,  9.45862412e-02,
        -2.35703127e-01, -2.07471749e-01, -8.25430759e-03],
       [-1.27767728e+00, -3.52521026e-01,  6.86094019e-01,
        -1.90468977e-01,  1.27654129e-01, -1.51546890e-01,
        -7.82751186e-01,  2.13540340e-01,  8.51223155e-01,
         2.34299808e-01,  1.56088025e+00, -3.03607280e-01,
         2.91743583e-01, -2.25981879e-01, -3.56263593e-01,
        -7.46450629e-02, -1.99440656e-01,  9.20594559e-02],
       [ 1.86720147e-01, -8.87272412e-01, -6.38073898e-01,
        -6.16118202e-02, -1.48377706e-01,  8.84242295e-02,
         4.00569228e-01, -1.03497580e+00,  3.26890381e-02,
         1.23882859e-01, -3.03607280e-01,  1.29614232e+00,
        -1.34987286e-01,  2.88272871e-01, -2.67843801e-03,
         8.28599084e-02, -9.63558168e-02, -9.52631452e-02],
       [-1.98680959e+00,  1.18647435e-02,  1.03551099e-01,
        -2.60118113e-02,  3.32634795e-01, -2.25222042e-01,
        -4.98076096e-01,  6.00847662e-01,  4.13005658e-01,
         3.92234522e-02,  2.91743583e-01, -1.34987286e-01,
         7.03150327e-01,  5.30022725e-02, -1.06453620e-01,
        -1.71032065e-01, -2.28012273e-01,  2.21889576e-01],
       [-1.81239229e-01, -1.78998753e-01, -1.16387667e-01,
        -3.45470303e-03,  4.69041985e-02,  3.17443434e-02,
         1.99614526e-01,  3.29470965e-02,  1.14643258e-01,
         9.40144992e-03, -2.25981879e-01,  2.88272871e-01,
         5.30022725e-02,  1.49625937e-01,  3.02206412e-02,
        -4.51268054e-03, -2.54189999e-02,  3.21668334e-02],
       [ 2.88092902e-01,  8.91622396e-02, -1.42749398e-01,
         5.58411016e-02, -6.32906968e-02,  9.92698959e-02,
         3.01487352e-01, -3.76342003e-01, -8.22113026e-02,
         9.45862412e-02, -3.56263593e-01, -2.67843801e-03,
        -1.06453620e-01,  3.02206412e-02,  1.53039369e-01,
        -1.32040375e-03,  3.55457887e-02, -1.52450778e-02],
       [ 8.83098500e-01, -5.65496143e-02,  3.44702449e-02,
         6.09472985e-02, -9.61825894e-02,  5.21919313e-02,
         3.05704307e-01,  7.19951439e-02, -2.47865523e-01,
        -2.35703127e-01, -7.46450629e-02,  8.28599084e-02,
        -1.71032065e-01, -4.51268054e-03, -1.32040375e-03,
         1.51277553e-01,  7.85624714e-02, -5.08271001e-02],
       [ 8.62206502e-01,  2.65831893e-01,  3.18637816e-02,
         4.26762336e-02, -7.52955991e-02,  5.09376000e-02,
         2.01377357e-01,  1.10980478e-01, -3.15035207e-01,
        -2.07471749e-01, -1.99440656e-01, -9.63558168e-02,
        -2.28012273e-01, -2.54189999e-02,  3.55457887e-02,
         7.85624714e-02,  1.73236224e-01, -6.11973941e-02],
       [-6.15509872e-01,  1.52131961e-02,  2.83917772e-01,
         1.04378989e-02,  1.27972373e-01, -1.36463027e-02,
         1.46542600e-01,  3.42635140e-01,  1.46743077e-01,
        -8.25430759e-03,  9.20594559e-02, -9.52631452e-02,
         2.21889576e-01,  3.21668334e-02, -1.52450778e-02,
        -5.08271001e-02, -6.11973941e-02,  1.50005423e-01]])
      jac: array([-7.57912251e-07,  5.18474153e-07,  4.50010399e-07,  1.21014310e-06,
       -1.53839904e-06, -1.12946689e-06, -8.43769499e-08,  8.62273216e-08,
        1.11022302e-07, -2.97169696e-07,  2.94209102e-07,  9.84397749e-08,
       -1.56023342e-06,  1.15204143e-06,  8.87068197e-07,  1.23715852e-06,
       -1.45069142e-07, -5.99150359e-07])
  message: 'Optimization terminated successfully.'
     nfev: 1881
      nit: 89
     njev: 99
   status: 0
  success: True
        x: array([-0.12907112, -0.68018663,  0.38031551,  1.30260693, -0.52560961,
        0.13851611,  1.77971826, -0.42227806,  1.26297345,  0.13139278,
        0.57899749,  0.99306273,  0.21527186,  0.12519652, -0.2681411 ,
       -1.34047076, -0.80432779,  0.07851351])
