Program Begingeth
      fun: 0.24733802010864647
 hess_inv: array([[ 1.38070914e+00,  3.69015052e-02, -2.95278951e-01,
        -4.26393426e-01,  3.64084893e-01, -2.96529632e-01,
        -2.42633031e-01,  2.20734646e+00, -1.72151281e+00,
         7.10883301e-01, -1.35185765e-01,  1.26479321e+00,
        -1.36586415e+00,  2.34412597e-01, -4.14701352e-01,
        -3.34505632e-01,  1.45638626e-02, -1.14577137e-01],
       [ 3.69015052e-02,  8.91373319e-01, -1.37765445e-01,
        -2.37915478e-01, -1.34420161e-01, -1.78183394e-01,
        -7.62461162e-01,  3.47080260e-01, -1.70310134e-02,
         1.58053912e-01,  3.50954193e-01, -1.29551304e-03,
        -2.55221944e-01, -7.10928667e-01, -6.12621436e-03,
        -3.34637768e-02, -1.59831511e-01,  1.53461288e-01],
       [-2.95278951e-01, -1.37765445e-01,  8.61402282e-01,
         2.44841979e-01,  1.42584124e-01, -9.87010331e-02,
         9.66700127e-01, -2.04358194e-01,  2.00930599e-01,
        -8.00065219e-01, -2.90214840e-02, -1.71818067e-01,
         5.58733346e-01,  2.03517129e-01, -5.69793914e-01,
         1.22098454e-01, -1.98661319e-02, -2.03102830e-01],
       [-4.26393426e-01, -2.37915478e-01,  2.44841979e-01,
         4.12564251e-01, -1.47934610e-01,  2.14172751e-02,
         5.71051476e-01, -1.53669437e+00,  1.83673184e-01,
        -4.39406672e-01,  1.61612257e-01, -2.48848408e-01,
         7.85991272e-01,  1.44629003e-02, -7.32634944e-02,
         2.05685898e-01, -8.22810220e-03, -5.08544659e-02],
       [ 3.64084893e-01, -1.34420161e-01,  1.42584124e-01,
        -1.47934610e-01,  3.42187619e-01, -3.33233064e-02,
         4.34353796e-01,  1.50596281e+00, -2.77387624e-01,
         6.59144528e-02, -2.78558776e-01,  3.26536999e-01,
        -4.17966157e-01,  4.17920058e-01, -2.00474527e-01,
        -1.07880368e-01,  9.57987904e-02, -7.75504838e-02],
       [-2.96529632e-01, -1.78183394e-01, -9.87010331e-02,
         2.14172751e-02, -3.33233064e-02,  2.73624486e-01,
         1.59685476e-02, -1.79744130e-01,  8.49884082e-01,
        -3.52172945e-02, -2.18135728e-01, -3.42927914e-01,
         1.80110621e-01,  1.37783955e-01,  3.90873558e-01,
         4.34111898e-02,  5.23689952e-02,  9.18041771e-02],
       [-2.42633031e-01, -7.62461162e-01,  9.66700127e-01,
         5.71051476e-01,  4.34353796e-01,  1.59685476e-02,
         3.31024081e+00,  2.13304377e-01,  7.64398223e-02,
        -7.14106910e-01, -2.71395714e-01,  7.29285680e-02,
         6.78365966e-01,  9.04976862e-01, -5.77142799e-01,
         1.20294497e-01,  1.62992631e-01, -2.46803470e-01],
       [ 2.20734646e+00,  3.47080260e-01, -2.04358194e-01,
        -1.53669437e+00,  1.50596281e+00, -1.79744130e-01,
         2.13304377e-01,  1.04189272e+01, -1.39681884e+00,
         1.42941707e+00, -7.94866187e-01,  1.53646817e+00,
        -3.41149144e+00,  9.59047640e-01, -3.31664948e-01,
        -9.20286883e-01,  2.05475082e-01,  7.73504340e-03],
       [-1.72151281e+00, -1.70310134e-02,  2.00930599e-01,
         1.83673184e-01, -2.77387624e-01,  8.49884082e-01,
         7.64398223e-02, -1.39681884e+00,  5.02204747e+00,
        -8.00984103e-01, -5.55608519e-01, -1.45864293e+00,
         1.30519334e+00, -1.96379958e-02,  8.77419418e-01,
         3.47499264e-01,  3.85273097e-02,  1.98589512e-01],
       [ 7.10883301e-01,  1.58053912e-01, -8.00065219e-01,
        -4.39406672e-01,  6.59144528e-02, -3.52172945e-02,
        -7.14106910e-01,  1.42941707e+00, -8.00984103e-01,
         1.15211881e+00, -7.61347991e-02,  5.26887694e-01,
        -1.12994902e+00, -4.23991339e-02,  3.21887185e-01,
        -2.85522484e-01,  5.35882139e-02,  1.27659737e-01],
       [-1.35185765e-01,  3.50954193e-01, -2.90214840e-02,
         1.61612257e-01, -2.78558776e-01, -2.18135728e-01,
        -2.71395714e-01, -7.94866187e-01, -5.55608519e-01,
        -7.61347991e-02,  1.13398955e+00, -1.68510055e-01,
         2.33339712e-01, -7.40737348e-01, -2.10337387e-02,
        -2.90452834e-02, -1.83664474e-01,  1.49132082e-01],
       [ 1.26479321e+00, -1.29551304e-03, -1.71818067e-01,
        -2.48848408e-01,  3.26536999e-01, -3.42927914e-01,
         7.29285680e-02,  1.53646817e+00, -1.45864293e+00,
         5.26887694e-01, -1.68510055e-01,  1.52210988e+00,
        -1.04054054e+00,  2.53918280e-01, -6.53088796e-01,
        -2.15360671e-01, -1.91219715e-03, -2.13208006e-01],
       [-1.36586415e+00, -2.55221944e-01,  5.58733346e-01,
         7.85991272e-01, -4.17966157e-01,  1.80110621e-01,
         6.78365966e-01, -3.41149144e+00,  1.30519334e+00,
        -1.12994902e+00,  2.33339712e-01, -1.04054054e+00,
         1.91252608e+00, -1.59601145e-01,  7.13601409e-02,
         5.25020963e-01, -4.41941165e-02, -2.51782765e-02],
       [ 2.34412597e-01, -7.10928667e-01,  2.03517129e-01,
         1.44629003e-02,  4.17920058e-01,  1.37783955e-01,
         9.04976862e-01,  9.59047640e-01, -1.96379958e-02,
        -4.23991339e-02, -7.40737348e-01,  2.53918280e-01,
        -1.59601145e-01,  9.78715292e-01, -1.34181362e-01,
        -3.12210986e-02,  2.53473016e-01, -1.82273142e-01],
       [-4.14701352e-01, -6.12621436e-03, -5.69793914e-01,
        -7.32634944e-02, -2.00474527e-01,  3.90873558e-01,
        -5.77142799e-01, -3.31664948e-01,  8.77419418e-01,
         3.21887185e-01, -2.10337387e-02, -6.53088796e-01,
         7.13601409e-02, -1.34181362e-01,  9.36607629e-01,
         4.46515519e-03,  4.62320321e-02,  3.31570799e-01],
       [-3.34505632e-01, -3.34637768e-02,  1.22098454e-01,
         2.05685898e-01, -1.07880368e-01,  4.34111898e-02,
         1.20294497e-01, -9.20286883e-01,  3.47499264e-01,
        -2.85522484e-01, -2.90452834e-02, -2.15360671e-01,
         5.25020963e-01, -3.12210986e-02,  4.46515519e-03,
         1.84189276e-01, -9.07201557e-03, -1.74530271e-02],
       [ 1.45638626e-02, -1.59831511e-01, -1.98661319e-02,
        -8.22810220e-03,  9.57987904e-02,  5.23689952e-02,
         1.62992631e-01,  2.05475082e-01,  3.85273097e-02,
         5.35882139e-02, -1.83664474e-01, -1.91219715e-03,
        -4.41941165e-02,  2.53473016e-01,  4.62320321e-02,
        -9.07201557e-03,  9.80021660e-02, -1.57420365e-02],
       [-1.14577137e-01,  1.53461288e-01, -2.03102830e-01,
        -5.08544659e-02, -7.75504838e-02,  9.18041771e-02,
        -2.46803470e-01,  7.73504340e-03,  1.98589512e-01,
         1.27659737e-01,  1.49132082e-01, -2.13208006e-01,
        -2.51782765e-02, -1.82273142e-01,  3.31570799e-01,
        -1.74530271e-02, -1.57420365e-02,  1.76846883e-01]])
      jac: array([ 3.64338189e-07, -6.97053526e-06, -4.34781840e-06,  3.92722891e-06,
        1.50744232e-05,  7.97991303e-06, -5.58442181e-07, -1.54802097e-06,
        6.48185209e-07,  2.37957802e-07, -4.99896421e-06, -2.90119780e-06,
       -3.15358850e-06, -1.27431399e-05, -1.37216164e-05,  1.29248464e-06,
        5.80258064e-06,  1.45418862e-05])
  message: 'Desired error not necessarily achieved due to precision loss.'
     nfev: 1416
      nit: 32
     njev: 74
   status: 2
  success: False
        x: array([ 0.66863088, -0.06554457,  0.52199973,  0.22671827, -1.02450716,
       -0.60865635,  1.23629989, -1.52820338, -0.86470394, -0.97791908,
        0.05204611,  0.62379775,  0.13819565,  0.026032  , -0.35067961,
        0.0831109 ,  1.28564154, -0.66161637])
