Program Begingeth
      fun: 0.26458028148269064
 hess_inv: array([[ 1.16974491e+00, -2.52602704e-01,  8.63787963e-02,
         1.10626495e-01,  2.22194798e-01,  4.18775562e-01,
         1.04698134e-01, -2.51806050e-01,  1.12848347e+00,
         4.02259909e-01,  8.09474451e-01,  6.29168376e-01,
        -4.49043456e-01,  1.30775055e-01, -1.03450048e-02,
         3.13124563e-02, -4.04588347e-02, -2.43369503e-01],
       [-2.52602704e-01,  3.99877199e-01, -4.73370958e-02,
        -3.36482166e-02, -7.35982038e-02, -3.99926684e-01,
         4.17591360e-01,  2.73499219e-01, -1.50414789e+00,
        -2.79832958e-01, -4.26876184e-01, -6.66557075e-01,
         1.25881528e-01, -1.36912834e-01, -1.31731029e-01,
         2.93427378e-02,  3.37064379e-02, -1.09412898e-02],
       [ 8.63787963e-02, -4.73370958e-02,  2.59108947e-01,
         8.45577565e-02,  1.57028904e-01,  2.13507511e-01,
        -1.99732884e-01,  1.20712796e-01,  1.02478198e+00,
         4.23510945e-01,  4.31369046e-01,  4.40890599e-01,
        -5.97888493e-06,  8.44658107e-02, -5.90013331e-02,
         4.55230987e-02,  2.13338128e-02,  5.96211638e-03],
       [ 1.10626495e-01, -3.36482166e-02,  8.45577565e-02,
         3.28124897e-01,  1.02741293e-01,  3.63519234e-01,
        -3.09654179e-01, -3.16892099e-01,  2.02538720e+00,
         1.20642069e+00,  4.41063122e-01,  8.73073905e-01,
         6.57030067e-02, -6.94189419e-03, -1.89781472e-02,
         4.85173066e-02, -6.50216715e-02, -1.77195124e-02],
       [ 2.22194798e-01, -7.35982038e-02,  1.57028904e-01,
         1.02741293e-01,  2.16281500e-01,  2.67443751e-01,
        -1.97386822e-01,  1.53258329e-01,  1.29969405e+00,
         5.06496538e-01,  6.51458666e-01,  4.77006435e-01,
        -7.08865561e-02,  9.09445982e-02, -1.33254838e-02,
         2.51433337e-02,  5.65405193e-03, -2.73036103e-02],
       [ 4.18775562e-01, -3.99926684e-01,  2.13507511e-01,
         3.63519234e-01,  2.67443751e-01,  1.00343197e+00,
        -1.17136894e+00, -6.68353351e-01,  4.55431109e+00,
         1.70800290e+00,  1.26450084e+00,  2.04927352e+00,
        -1.06635347e-01,  1.33840136e-01,  1.25541215e-01,
         5.86781989e-03, -8.51594783e-02, -2.15827548e-02],
       [ 1.04698134e-01,  4.17591360e-01, -1.99732884e-01,
        -3.09654179e-01, -1.97386822e-01, -1.17136894e+00,
         2.60431055e+00,  5.98033776e-01, -5.61801224e+00,
        -2.03038707e+00, -1.18649223e+00, -2.65172211e+00,
        -5.57203197e-02, -8.90690408e-02, -1.59797550e-01,
         3.53371850e-02,  7.70481362e-02, -6.89008587e-02],
       [-2.51806050e-01,  2.73499219e-01,  1.20712796e-01,
        -3.16892099e-01,  1.53258329e-01, -6.68353351e-01,
         5.98033776e-01,  2.08049488e+00, -2.72242677e+00,
        -1.07677669e+00, -3.33446910e-01, -1.46324184e+00,
        -1.10652369e-02,  6.44266032e-02, -2.08615253e-01,
         5.40112594e-03,  1.38630563e-01, -3.64461298e-03],
       [ 1.12848347e+00, -1.50414789e+00,  1.02478198e+00,
         2.02538720e+00,  1.29969405e+00,  4.55431109e+00,
        -5.61801224e+00, -2.72242677e+00,  2.28333564e+01,
         9.26907502e+00,  5.83796582e+00,  9.49655813e+00,
        -6.53754967e-02,  5.34974601e-01,  4.37215547e-01,
         8.82094556e-02, -3.66201728e-01,  1.04211855e-02],
       [ 4.02259909e-01, -2.79832958e-01,  4.23510945e-01,
         1.20642069e+00,  5.06496538e-01,  1.70800290e+00,
        -2.03038707e+00, -1.07677669e+00,  9.26907502e+00,
         4.94256997e+00,  2.15099603e+00,  3.94713265e+00,
         1.61509596e-01,  6.16467600e-02, -2.50518082e-02,
         1.25897494e-01, -2.12238063e-01, -5.19956933e-02],
       [ 8.09474451e-01, -4.26876184e-01,  4.31369046e-01,
         4.41063122e-01,  6.51458666e-01,  1.26450084e+00,
        -1.18649223e+00, -3.33446910e-01,  5.83796582e+00,
         2.15099603e+00,  2.44158593e+00,  2.38504666e+00,
        -2.66497578e-01,  2.54950204e-01,  9.60805325e-02,
         3.56399359e-02, -6.18956693e-02, -7.62389271e-02],
       [ 6.29168376e-01, -6.66557075e-01,  4.40890599e-01,
         8.73073905e-01,  4.77006435e-01,  2.04927352e+00,
        -2.65172211e+00, -1.46324184e+00,  9.49655813e+00,
         3.94713265e+00,  2.38504666e+00,  4.52047887e+00,
        -5.74823823e-02,  1.64435514e-01,  1.71680246e-01,
         4.13576208e-02, -2.13978528e-01, -4.12373689e-02],
       [-4.49043456e-01,  1.25881528e-01, -5.97888494e-06,
         6.57030067e-02, -7.08865561e-02, -1.06635347e-01,
        -5.57203197e-02, -1.10652369e-02, -6.53754967e-02,
         1.61509596e-01, -2.66497578e-01, -5.74823823e-02,
         2.43400309e-01, -6.75529430e-02, -2.11674184e-02,
         3.55809143e-02, -7.56716743e-03,  9.41441534e-02],
       [ 1.30775055e-01, -1.36912834e-01,  8.44658107e-02,
        -6.94189419e-03,  9.09445982e-02,  1.33840136e-01,
        -8.90690408e-02,  6.44266032e-02,  5.34974601e-01,
         6.16467600e-02,  2.54950204e-01,  1.64435514e-01,
        -6.75529430e-02,  1.06653710e-01,  2.39740051e-02,
         1.14953752e-03,  3.01348954e-02,  1.03030832e-04],
       [-1.03450048e-02, -1.31731029e-01, -5.90013331e-02,
        -1.89781472e-02, -1.33254838e-02,  1.25541215e-01,
        -1.59797550e-01, -2.08615253e-01,  4.37215547e-01,
        -2.50518082e-02,  9.60805325e-02,  1.71680246e-01,
        -2.11674184e-02,  2.39740051e-02,  1.13963261e-01,
        -3.32460378e-02, -1.57713566e-02,  4.61599014e-02],
       [ 3.13124563e-02,  2.93427378e-02,  4.55230987e-02,
         4.85173066e-02,  2.51433337e-02,  5.86781989e-03,
         3.53371850e-02,  5.40112594e-03,  8.82094556e-02,
         1.25897494e-01,  3.56399359e-02,  4.13576208e-02,
         3.55809143e-02,  1.14953752e-03, -3.32460378e-02,
         4.81671773e-02, -2.72744742e-03, -7.09380691e-03],
       [-4.04588347e-02,  3.37064379e-02,  2.13338128e-02,
        -6.50216715e-02,  5.65405193e-03, -8.51594783e-02,
         7.70481362e-02,  1.38630563e-01, -3.66201728e-01,
        -2.12238063e-01, -6.18956693e-02, -2.13978528e-01,
        -7.56716743e-03,  3.01348954e-02, -1.57713566e-02,
        -2.72744742e-03,  4.93988063e-02,  6.62143883e-03],
       [-2.43369503e-01, -1.09412898e-02,  5.96211638e-03,
        -1.77195124e-02, -2.73036103e-02, -2.15827548e-02,
        -6.89008587e-02, -3.64461298e-03,  1.04211855e-02,
        -5.19956933e-02, -7.62389271e-02, -4.12373689e-02,
         9.41441534e-02,  1.03030832e-04,  4.61599014e-02,
        -7.09380691e-03,  6.62143883e-03,  8.86945175e-02]])
      jac: array([ 2.58334095e-05, -5.26286422e-05, -4.92165568e-05, -8.43514148e-05,
        1.07988803e-04,  4.48337663e-05,  9.11493103e-07, -1.38393001e-05,
        4.52341868e-06,  1.31942605e-05, -1.72969047e-05, -2.00902258e-05,
        3.13075491e-05, -9.87473066e-05, -1.25803072e-04, -5.62916380e-05,
        5.18507459e-05,  9.91406957e-05])
  message: 'Desired error not necessarily achieved due to precision loss.'
     nfev: 2290
      nit: 91
     njev: 120
   status: 2
  success: False
        x: array([ 0.13555052,  0.26327539,  0.73366789,  1.70514263, -0.9489139 ,
       -0.12296363,  2.72168743, -0.66129871,  0.50670318,  2.10630715,
       -0.94846625, -0.72442707,  0.16425014,  0.13541799, -0.26555332,
       -1.26213729, -0.07322335,  0.04723461])
