Program Begingeth
      fun: 0.29058627864799536
 hess_inv: array([[ 9.92520829e+00,  2.40391452e+00, -1.02148068e-01,
         2.34345768e+00,  1.43663964e+00, -5.41662256e-01,
         2.50254093e+00,  6.09971168e-01, -3.18397599e+00,
        -9.25678194e-01, -1.34317152e-01, -5.67729791e-01,
        -1.91272632e+00, -3.10587193e-01,  1.47883205e-02,
        -1.91330748e-01, -1.01933028e+00,  2.33513371e-01],
       [ 2.40391452e+00,  3.80113644e+00,  2.70236629e-01,
         2.93811252e-01,  1.41515049e+00,  8.23636064e-02,
        -1.63022131e-03,  2.26036312e+00,  4.08584447e-01,
        -2.99160849e-01, -2.36471357e-01, -1.24874626e+00,
        -5.58020534e-01, -4.54025528e-01,  2.92764114e-01,
         1.28382798e-01, -2.46678880e-01,  1.06048033e-01],
       [-1.02148068e-01,  2.70236629e-01,  7.93119470e+00,
         8.51173697e-01, -3.08047629e-01,  2.58070813e+00,
         8.44443164e+00, -3.38874114e+00,  3.27020917e+00,
         2.09477329e-01,  2.27738860e+00, -1.01132084e+00,
         2.92583053e-01, -5.49639863e-01, -6.82693510e-01,
         3.50420732e-02,  2.00258046e-01,  7.57566258e-02],
       [ 2.34345768e+00,  2.93811252e-01,  8.51173697e-01,
         7.63036864e-01,  2.14516309e-01,  1.63234881e-01,
         2.18044634e+00, -3.52756191e-01, -6.25645469e-01,
        -1.89037662e-01,  1.74359707e-01, -1.01080787e-01,
        -3.55157258e-01, -5.19820109e-02, -8.11832435e-02,
        -3.99430412e-02, -1.78954060e-01,  6.31395984e-02],
       [ 1.43663964e+00,  1.41515049e+00, -3.08047629e-01,
         2.14516309e-01,  6.25675502e-01, -1.19405710e-01,
        -1.68240028e-01,  1.28795671e+00, -2.46594474e-01,
        -2.31014805e-01, -2.03580983e-01, -3.59427546e-01,
        -3.14018739e-01, -1.17849995e-01,  1.40110075e-01,
         1.60390928e-02, -1.49544145e-01,  4.79063723e-02],
       [-5.41662256e-01,  8.23636064e-02,  2.58070813e+00,
         1.63234881e-01, -1.19405710e-01,  9.34711166e-01,
         2.76559217e+00, -8.67502376e-01,  1.50288970e+00,
        -7.99782967e-03,  6.35238381e-01, -3.16054385e-01,
         2.26572068e-01, -1.55044152e-01, -1.70196811e-01,
         3.70073702e-02,  1.11750952e-01,  1.26441275e-02],
       [ 2.50254093e+00, -1.63022131e-03,  8.44443164e+00,
         2.18044634e+00, -1.68240028e-01,  2.76559217e+00,
         1.49683100e+01, -3.43724174e+00,  1.62005634e+00,
         1.44185532e-01,  1.70896301e+00, -6.51427643e-01,
         6.70209253e-02, -2.05570302e-01, -5.60521264e-01,
        -1.15993555e-02,  1.53161489e-01,  2.31976067e-01],
       [ 6.09971168e-01,  2.26036312e+00, -3.38874114e+00,
        -3.52756191e-01,  1.28795671e+00, -8.67502376e-01,
        -3.43724174e+00,  6.64537730e+00, -6.83926136e-01,
        -8.95787321e-01, -1.08753290e+00, -2.31160719e-01,
        -1.12260167e-01,  1.37117584e-02,  6.36441357e-01,
         9.59226758e-02, -1.59471487e-01, -1.50299084e-02],
       [-3.18397599e+00,  4.08584447e-01,  3.27020917e+00,
        -6.25645469e-01, -2.46594474e-01,  1.50288970e+00,
         1.62005634e+00, -6.83926136e-01,  5.27172955e+00,
        -1.08502163e-01,  9.10979373e-01, -5.33788926e-01,
         7.03509605e-01, -3.88463076e-01, -2.13174729e-01,
         1.32388766e-01,  2.56719497e-01, -1.42197089e-01],
       [-9.25678194e-01, -2.99160849e-01,  2.09477329e-01,
        -1.89037662e-01, -2.31014805e-01, -7.99782967e-03,
         1.44185532e-01, -8.95787321e-01, -1.08502163e-01,
         1.08930403e+00, -6.28821136e-02,  8.43483974e-02,
        -4.48338535e-02,  8.50343904e-02,  2.39433373e-02,
         4.96735335e-03,  1.64572895e-01,  1.82017834e-01],
       [-1.34317152e-01, -2.36471357e-01,  2.27738860e+00,
         1.74359707e-01, -2.03580983e-01,  6.35238381e-01,
         1.70896301e+00, -1.08753290e+00,  9.10979373e-01,
        -6.28821136e-02,  1.35107673e+00, -2.72847803e-01,
         1.10866895e-01, -3.00497634e-01, -4.02836040e-01,
        -2.34807968e-02,  3.74408251e-02, -1.21082468e-01],
       [-5.67729791e-01, -1.24874626e+00, -1.01132084e+00,
        -1.01080787e-01, -3.59427546e-01, -3.16054385e-01,
        -6.51427643e-01, -2.31160719e-01, -5.33788926e-01,
         8.43483974e-02, -2.72847803e-01,  8.32720579e-01,
         1.02621865e-01,  2.97953515e-01, -4.78791522e-02,
        -8.66281266e-02,  8.65390696e-02, -1.29085201e-02],
       [-1.91272632e+00, -5.58020534e-01,  2.92583053e-01,
        -3.55157258e-01, -3.14018739e-01,  2.26572068e-01,
         6.70209253e-02, -1.12260167e-01,  7.03509605e-01,
        -4.48338535e-02,  1.10866895e-01,  1.02621865e-01,
         5.02395731e-01,  6.05080783e-02, -3.45658406e-02,
         7.46758892e-02,  2.20345592e-01, -9.35588875e-02],
       [-3.10587193e-01, -4.54025528e-01, -5.49639863e-01,
        -5.19820109e-02, -1.17849995e-01, -1.55044152e-01,
        -2.05570302e-01,  1.37117584e-02, -3.88463076e-01,
         8.50343904e-02, -3.00497634e-01,  2.97953515e-01,
         6.05080783e-02,  1.88009458e-01,  5.39267544e-02,
        -1.91251103e-02,  7.11879977e-02,  2.67379341e-02],
       [ 1.47883205e-02,  2.92764114e-01, -6.82693510e-01,
        -8.11832435e-02,  1.40110075e-01, -1.70196811e-01,
        -5.60521264e-01,  6.36441357e-01, -2.13174729e-01,
         2.39433373e-02, -4.02836040e-01, -4.78791522e-02,
        -3.45658406e-02,  5.39267544e-02,  1.82752069e-01,
         2.86347039e-02, -1.32980192e-02,  5.92249113e-02],
       [-1.91330748e-01,  1.28382798e-01,  3.50420732e-02,
        -3.99430412e-02,  1.60390928e-02,  3.70073702e-02,
        -1.15993555e-02,  9.59226758e-02,  1.32388766e-01,
         4.96735335e-03, -2.34807968e-02, -8.66281266e-02,
         7.46758892e-02, -1.91251103e-02,  2.86347039e-02,
         5.25645618e-02,  2.73524984e-02, -4.82616507e-03],
       [-1.01933028e+00, -2.46678880e-01,  2.00258046e-01,
        -1.78954060e-01, -1.49544145e-01,  1.11750952e-01,
         1.53161489e-01, -1.59471487e-01,  2.56719497e-01,
         1.64572895e-01,  3.74408251e-02,  8.65390696e-02,
         2.20345592e-01,  7.11879977e-02, -1.32980192e-02,
         2.73524984e-02,  1.62502482e-01, -5.84930863e-03],
       [ 2.33513371e-01,  1.06048033e-01,  7.57566258e-02,
         6.31395984e-02,  4.79063723e-02,  1.26441275e-02,
         2.31976067e-01, -1.50299084e-02, -1.42197089e-01,
         1.82017834e-01, -1.21082468e-01, -1.29085201e-02,
        -9.35588875e-02,  2.67379341e-02,  5.92249113e-02,
        -4.82616507e-03, -5.84930863e-03,  9.31054265e-02]])
      jac: array([-1.53170069e-05, -3.70111349e-06, -1.18508906e-05,  4.32650212e-05,
        1.20474001e-05,  5.55662923e-05, -6.00038537e-06, -3.28218934e-06,
       -4.50602518e-06, -1.20348176e-06,  1.61685480e-06,  2.24857170e-06,
       -5.35760325e-05, -9.23261467e-06,  1.37338289e-05,  3.14640906e-05,
        1.38733469e-05, -3.43802764e-05])
  message: 'Desired error not necessarily achieved due to precision loss.'
     nfev: 2101
      nit: 74
     njev: 110
   status: 2
  success: False
        x: array([-0.60912839, -0.81881394,  0.04473675, -1.22777848, -0.88200613,
       -0.08489075, -1.73314154, -1.13411748, -1.03530592,  0.13701553,
        0.45485508,  1.11980403,  0.06915733,  0.17434748, -0.2627824 ,
        1.38048338, -0.40769828,  0.02316746])
