Program Begingeth
      fun: 0.3810648830662888
 hess_inv: array([[ 3.13184699e+00,  1.71515282e-01,  3.16673660e-01,
         3.54309283e-01, -3.92641644e-01,  5.28655557e-01,
         2.98560669e-01, -5.31610292e-01,  6.64243316e-01,
         1.12071683e+00, -1.48467513e+00,  1.77275437e-01,
        -1.26828889e+00, -1.13423469e-01,  7.46365028e-03,
        -8.17177868e-02, -2.67518569e-02, -4.27486765e-01],
       [ 1.71515282e-01,  8.56061568e-01, -4.24065833e-02,
        -2.86695154e-01, -4.14487507e-02, -1.62099359e-01,
        -1.35019923e+00, -5.62741441e-03, -3.39271895e-01,
        -7.52932185e-01, -4.53159003e-01, -4.74486160e-02,
        -8.15648984e-02, -2.79937953e-01, -2.14406837e-01,
         2.24138243e-02,  1.55211830e-02, -1.52873937e-01],
       [ 3.16673660e-01, -4.24065833e-02,  5.34271222e-01,
         5.51830164e-02, -5.32979215e-03,  1.12782687e-01,
        -3.80498264e-01, -3.88080806e-01,  1.22542862e-01,
         4.04676799e-01, -1.44366014e-01,  1.16509577e-02,
        -1.01531859e-01,  9.61495440e-02, -1.20718574e-01,
         5.06442776e-02,  3.94862988e-02, -8.26746562e-04],
       [ 3.54309283e-01, -2.86695154e-01,  5.51830164e-02,
         3.96662944e-01,  6.53876600e-02,  1.97374920e-01,
         1.06906872e+00,  2.95298409e-01,  1.11126976e+00,
         1.10405323e+00,  2.89040804e-01, -8.98865695e-02,
        -7.51130871e-02,  8.45882416e-02,  1.34304285e-01,
         3.80721832e-04, -2.24544662e-02,  2.18194548e-02],
       [-3.92641644e-01, -4.14487507e-02, -5.32979215e-03,
         6.53876600e-02,  3.50443419e-01, -2.49241701e-02,
         8.34447711e-02,  7.93960839e-01,  1.03054587e+00,
         1.88477253e-01,  1.04858405e+00, -1.84723217e-01,
         2.08583378e-01,  8.90757138e-02, -7.99114539e-03,
         4.40712291e-02,  1.56218968e-02,  6.30978660e-02],
       [ 5.28655557e-01, -1.62099359e-01,  1.12782687e-01,
         1.97374920e-01, -2.49241701e-02,  3.27556518e-01,
         6.14185488e-01, -3.03966842e-01,  1.04859808e+00,
         7.03208068e-01,  3.82193688e-02,  3.80229557e-01,
        -2.49084071e-01,  7.19983855e-02,  1.05399775e-01,
        -3.76911152e-02,  2.46502627e-02, -2.31296291e-02],
       [ 2.98560669e-01, -1.35019923e+00, -3.80498264e-01,
         1.06906872e+00,  8.34447711e-02,  6.14185488e-01,
         6.99169603e+00,  5.48466719e-03,  3.68312278e+00,
         2.33949221e+00,  1.66593783e+00,  5.28202125e-02,
        -2.11717842e-01,  2.59053214e-01,  6.07788385e-01,
        -2.02800353e-01, -7.85246557e-03,  1.43006963e-01],
       [-5.31610292e-01, -5.62741441e-03, -3.88080806e-01,
         2.95298409e-01,  7.93960839e-01, -3.03966842e-01,
         5.48466719e-03,  3.96577943e+00,  1.85569890e+00,
         4.83622610e-01,  1.86438976e+00, -1.22702017e+00,
         4.77802066e-01,  6.16380589e-02,  7.65652334e-02,
         1.00932851e-01, -7.00661831e-02,  1.03563728e-01],
       [ 6.64243316e-01, -3.39271895e-01,  1.22542862e-01,
         1.11126976e+00,  1.03054587e+00,  1.04859808e+00,
         3.68312278e+00,  1.85569890e+00,  9.52191482e+00,
         3.49951053e+00,  3.86536994e+00,  9.96259621e-02,
        -2.52115084e-01,  2.36445070e-01,  3.79194753e-01,
        -5.83080770e-02,  6.94313659e-02,  8.51331940e-02],
       [ 1.12071683e+00, -7.52932185e-01,  4.04676799e-01,
         1.10405323e+00,  1.88477253e-01,  7.03208068e-01,
         2.33949221e+00,  4.83622610e-01,  3.49951053e+00,
         3.47402401e+00,  7.45106879e-01,  3.30378730e-04,
        -3.08375848e-01,  2.87141015e-01,  3.36345137e-01,
        -5.90986808e-03, -2.36823650e-02,  5.61476788e-02],
       [-1.48467513e+00, -4.53159003e-01, -1.44366014e-01,
         2.89040804e-01,  1.04858405e+00,  3.82193688e-02,
         1.66593783e+00,  1.86438976e+00,  3.86536994e+00,
         7.45106879e-01,  3.73345053e+00, -3.78380919e-01,
         6.55734354e-01,  3.05677895e-01,  9.45829606e-02,
         5.98962595e-02,  4.61882114e-02,  2.53659152e-01],
       [ 1.77275437e-01, -4.74486160e-02,  1.16509577e-02,
        -8.98865695e-02, -1.84723217e-01,  3.80229557e-01,
         5.28202125e-02, -1.22702017e+00,  9.96259621e-02,
         3.30378730e-04, -3.78380919e-01,  1.16625452e+00,
        -2.17885302e-01,  5.71149713e-02,  8.70946835e-02,
        -6.43722317e-02,  7.56883663e-02, -2.56396672e-02],
       [-1.26828889e+00, -8.15648984e-02, -1.01531859e-01,
        -7.51130871e-02,  2.08583378e-01, -2.49084071e-01,
        -2.11717842e-01,  4.77802066e-01, -2.52115084e-01,
        -3.08375848e-01,  6.55734354e-01, -2.17885302e-01,
         5.88759999e-01,  5.71969459e-02, -8.51299683e-03,
         8.16679248e-02, -7.72987193e-03,  1.85703413e-01],
       [-1.13423469e-01, -2.79937953e-01,  9.61495440e-02,
         8.45882416e-02,  8.90757138e-02,  7.19983855e-02,
         2.59053214e-01,  6.16380589e-02,  2.36445070e-01,
         2.87141015e-01,  3.05677895e-01,  5.71149713e-02,
         5.71969459e-02,  1.52293249e-01,  4.62234326e-02,
         1.18953155e-02,  2.83627773e-02,  6.35224637e-02],
       [ 7.46365028e-03, -2.14406837e-01, -1.20718574e-01,
         1.34304285e-01, -7.99114539e-03,  1.05399775e-01,
         6.07788385e-01,  7.65652334e-02,  3.79194753e-01,
         3.36345137e-01,  9.45829606e-02,  8.70946835e-02,
        -8.51299683e-03,  4.62234326e-02,  1.47470982e-01,
        -3.07815427e-02, -1.19110440e-02,  5.21380276e-02],
       [-8.17177868e-02,  2.24138243e-02,  5.06442776e-02,
         3.80721832e-04,  4.40712291e-02, -3.76911152e-02,
        -2.02800353e-01,  1.00932851e-01, -5.83080770e-02,
        -5.90986808e-03,  5.98962595e-02, -6.43722317e-02,
         8.16679248e-02,  1.18953155e-02, -3.07815427e-02,
         5.09787085e-02, -2.20363645e-03,  1.35374519e-02],
       [-2.67518569e-02,  1.55211830e-02,  3.94862988e-02,
        -2.24544662e-02,  1.56218968e-02,  2.46502627e-02,
        -7.85246557e-03, -7.00661831e-02,  6.94313659e-02,
        -2.36823650e-02,  4.61882114e-02,  7.56883663e-02,
        -7.72987193e-03,  2.83627773e-02, -1.19110440e-02,
        -2.20363645e-03,  3.67229630e-02,  2.56285341e-03],
       [-4.27486765e-01, -1.52873937e-01, -8.26746562e-04,
         2.18194548e-02,  6.30978660e-02, -2.31296291e-02,
         1.43006963e-01,  1.03563728e-01,  8.51331940e-02,
         5.61476788e-02,  2.53659152e-01, -2.56396672e-02,
         1.85703413e-01,  6.35224637e-02,  5.21380276e-02,
         1.35374519e-02,  2.56285341e-03,  1.07614262e-01]])
      jac: array([-3.09656005e-05, -6.85377681e-06,  2.65136061e-05,  9.86718115e-05,
       -9.88287230e-05, -4.53133827e-05, -8.31483031e-06,  8.66936153e-06,
        5.12182889e-06, -2.46576833e-05,  2.18691731e-05,  1.26735659e-05,
       -7.64629101e-05,  2.41170047e-05,  2.05950072e-05,  5.84432502e-05,
        3.26331554e-06, -3.57480712e-05])
  message: 'Desired error not necessarily achieved due to precision loss.'
     nfev: 1908
      nit: 68
     njev: 100
   status: 2
  success: False
        x: array([ 9.98403664e-02,  4.04221062e-02,  6.91780426e-01,  1.72915962e+00,
       -8.42494395e-01,  3.44259290e-01,  1.37385576e+00, -2.01177774e+00,
        6.73542566e-01,  2.03355134e+00, -7.52068363e-01,  9.70719532e-01,
       -9.31100446e-04,  2.33634712e-02, -1.67382495e-01, -1.59402281e+00,
       -6.08150145e-01,  5.33175579e-02])
