Program Begingeth
      fun: 0.29423978528391576
 hess_inv: array([[ 1.48604729e+00, -9.45683551e-04,  8.88821382e-03,
         8.34590436e-02,  2.18561995e-04,  1.29054415e-01,
        -3.97312695e-01,  5.79843092e-01, -1.10233658e-01,
         4.80753395e-01, -2.60172859e-01, -2.35428928e-01,
        -5.86643017e-01, -1.91618433e-03, -2.46728242e-02,
         2.86878826e-02, -2.97101374e-02, -2.95620501e-01],
       [-9.45683551e-04,  4.15434217e-01, -2.41881512e-02,
         2.51240027e-02,  3.64582247e-02, -3.44954573e-01,
        -1.82739102e-01, -2.60784065e-01, -8.04695254e-01,
         1.61996612e-01,  1.89824346e-01, -7.68855754e-01,
         1.38455199e-02, -1.47471137e-01, -1.59594145e-01,
         1.69706143e-02,  1.59786357e-02, -7.66337619e-02],
       [ 8.88821382e-03, -2.41881512e-02,  2.72819710e-01,
         2.61803612e-02,  1.36365564e-01,  4.57967011e-02,
         4.56903188e-02,  3.02263463e-01,  4.89197618e-02,
         1.45318317e-01,  2.46939469e-01,  8.70381376e-02,
         1.37191934e-02,  9.70614412e-02, -6.90177697e-02,
         4.08591578e-02,  4.32228964e-02,  2.93176461e-02],
       [ 8.34590436e-02,  2.51240027e-02,  2.61803612e-02,
         2.57579369e-01,  1.01065027e-02, -5.76333601e-02,
         3.04338843e-01, -1.04915650e-01, -2.21085828e-01,
         6.81546342e-01, -7.94480563e-02, -1.73975856e-01,
         9.05937942e-02,  4.36081607e-03, -1.29562931e-02,
         6.29348841e-02, -3.16496438e-02,  9.45014856e-04],
       [ 2.18561995e-04,  3.64582247e-02,  1.36365564e-01,
         1.01065027e-02,  1.87008836e-01, -2.11603497e-02,
         6.39900107e-02,  3.08019697e-01, -1.93707896e-01,
         9.63731629e-02,  4.43534690e-01,  4.30619876e-03,
         2.13359307e-03,  7.28662706e-02, -6.67270335e-02,
         2.82138830e-02,  3.46388068e-02, -1.55048886e-03],
       [ 1.29054415e-01, -3.44954573e-01,  4.57967011e-02,
        -5.76333601e-02, -2.11603497e-02,  7.48354119e-01,
         1.02210100e+00,  1.12047997e+00,  2.08495917e+00,
        -5.56828617e-01, -4.53555736e-01,  1.87389060e+00,
        -6.38247478e-02,  1.45066020e-01,  1.89681980e-01,
        -1.14811016e-02, -5.51158781e-04,  3.45948761e-02],
       [-3.97312695e-01, -1.82739102e-01,  4.56903188e-02,
         3.04338843e-01,  6.39900107e-02,  1.02210100e+00,
         4.47455112e+00,  1.46541099e+00,  3.67693212e+00,
        -6.14945943e-01, -5.06743207e-01,  3.26759391e+00,
         3.66389746e-01,  1.31966269e-01,  6.86674948e-02,
         1.06827584e-01, -3.75000425e-02,  7.34439692e-02],
       [ 5.79843092e-01, -2.60784065e-01,  3.02263463e-01,
        -1.04915650e-01,  3.08019697e-01,  1.12047997e+00,
         1.46541099e+00,  3.46935860e+00,  2.84569772e+00,
        -6.84603198e-01, -2.00692384e-01,  2.80033504e+00,
        -2.79978924e-01,  2.51455304e-01,  1.46456489e-01,
         1.75368801e-02,  4.92372994e-02, -4.23880897e-02],
       [-1.10233658e-01, -8.04695254e-01,  4.89197618e-02,
        -2.21085828e-01, -1.93707896e-01,  2.08495917e+00,
         3.67693212e+00,  2.84569772e+00,  7.22683476e+00,
        -2.24896545e+00, -1.51978779e+00,  5.38157309e+00,
         6.34526816e-02,  2.44767446e-01,  4.44539499e-01,
        -2.05476506e-02, -5.22347927e-02,  1.16922277e-01],
       [ 4.80753395e-01,  1.61996612e-01,  1.45318317e-01,
         6.81546342e-01,  9.63731629e-02, -5.56828617e-01,
        -6.14945943e-01, -6.84603198e-01, -2.24896545e+00,
         2.46808863e+00,  1.37653217e-01, -1.71861141e+00,
         7.23874600e-02,  1.65091352e-02, -1.07824356e-01,
         1.45459270e-01, -4.68892796e-02, -4.73889633e-02],
       [-2.60172859e-01,  1.89824346e-01,  2.46939469e-01,
        -7.94480563e-02,  4.43534690e-01, -4.53555736e-01,
        -5.06743207e-01, -2.00692384e-01, -1.51978779e+00,
         1.37653217e-01,  1.52641754e+00, -9.38418471e-01,
         4.54687677e-02,  8.92829961e-02, -2.41360965e-01,
         2.75755623e-02,  8.20314502e-02,  4.19372696e-03],
       [-2.35428928e-01, -7.68855754e-01,  8.70381376e-02,
        -1.73975856e-01,  4.30619876e-03,  1.87389060e+00,
         3.26759391e+00,  2.80033504e+00,  5.38157309e+00,
        -1.71861141e+00, -9.38418471e-01,  5.14162825e+00,
         6.47231080e-02,  3.57009660e-01,  4.22767796e-01,
        -2.45092806e-02,  2.46724931e-02,  1.52187500e-01],
       [-5.86643017e-01,  1.38455199e-02,  1.37191934e-02,
         9.05937942e-02,  2.13359307e-03, -6.38247478e-02,
         3.66389746e-01, -2.79978924e-01,  6.34526816e-02,
         7.23874600e-02,  4.54687677e-02,  6.47231080e-02,
         3.16080203e-01,  2.26388861e-04,  1.91306624e-03,
         3.91007107e-02, -7.71941825e-03,  1.26316953e-01],
       [-1.91618433e-03, -1.47471137e-01,  9.70614412e-02,
         4.36081607e-03,  7.28662706e-02,  1.45066020e-01,
         1.31966269e-01,  2.51455304e-01,  2.44767446e-01,
         1.65091352e-02,  8.92829961e-02,  3.57009660e-01,
         2.26388861e-04,  1.19574851e-01,  3.18661647e-02,
         1.17425441e-02,  3.29235700e-02,  3.48368826e-02],
       [-2.46728242e-02, -1.59594145e-01, -6.90177697e-02,
        -1.29562931e-02, -6.67270335e-02,  1.89681980e-01,
         6.86674948e-02,  1.46456489e-01,  4.44539499e-01,
        -1.07824356e-01, -2.41360965e-01,  4.22767796e-01,
         1.91306624e-03,  3.18661647e-02,  1.28780408e-01,
        -2.22518042e-02, -1.72470697e-02,  4.96593576e-02],
       [ 2.86878826e-02,  1.69706143e-02,  4.08591578e-02,
         6.29348841e-02,  2.82138830e-02, -1.14811016e-02,
         1.06827584e-01,  1.75368801e-02, -2.05476506e-02,
         1.45459270e-01,  2.75755623e-02, -2.45092806e-02,
         3.91007107e-02,  1.17425441e-02, -2.22518042e-02,
         4.52463250e-02, -1.77251848e-03, -1.15372688e-03],
       [-2.97101374e-02,  1.59786357e-02,  4.32228964e-02,
        -3.16496438e-02,  3.46388068e-02, -5.51158781e-04,
        -3.75000425e-02,  4.92372994e-02, -5.22347927e-02,
        -4.68892796e-02,  8.20314502e-02,  2.46724931e-02,
        -7.71941825e-03,  3.29235700e-02, -1.72470697e-02,
        -1.77251848e-03,  3.91449135e-02,  4.74433228e-03],
       [-2.95620501e-01, -7.66337619e-02,  2.93176461e-02,
         9.45014856e-04, -1.55048886e-03,  3.45948761e-02,
         7.34439692e-02, -4.23880897e-02,  1.16922277e-01,
        -4.73889633e-02,  4.19372696e-03,  1.52187500e-01,
         1.26316953e-01,  3.48368826e-02,  4.96593576e-02,
        -1.15372688e-03,  4.74433228e-03,  9.89003730e-02]])
      jac: array([ 3.74626256e-06, -1.30303176e-06,  9.30033828e-06, -4.58448094e-06,
       -4.15963560e-07, -1.40117547e-05,  9.94759830e-07,  6.95739762e-08,
        1.21384384e-07,  2.32776761e-07, -7.25345710e-07,  2.68562950e-06,
        1.15537209e-05,  1.71344420e-07,  1.74793513e-05, -5.19029264e-06,
        1.96139401e-08, -1.54024941e-05])
  message: 'Desired error not necessarily achieved due to precision loss.'
     nfev: 1912
      nit: 76
     njev: 100
   status: 2
  success: False
        x: array([ 0.0663939 ,  0.15765225,  0.74327808,  1.79892505, -0.7529934 ,
        0.06752039,  2.59626172, -0.5982136 , -0.92093941,  2.29392243,
       -0.56178047,  0.48155703,  0.14689965,  0.11143712, -0.24436678,
       -1.36964993, -0.3655031 ,  0.05669414])
