Program Begingeth
      fun: 0.3210239559283267
 hess_inv: array([[ 1.86818042e+00, -3.74295075e-02,  2.01594289e-01,
         3.82304837e-01, -2.88249588e-01,  4.11140562e-01,
         9.07238200e-01, -4.84436565e-01,  7.85179787e-01,
         1.14790234e+00, -9.54123304e-01,  5.06048211e-02,
        -7.40509611e-01, -5.41083045e-02,  6.34067425e-02,
        -4.57348680e-02, -3.85092674e-02, -2.78457272e-01],
       [-3.74295075e-02,  7.11010224e-01, -7.66235871e-02,
        -2.78743949e-01,  4.76997516e-02, -1.84857255e-01,
        -1.35572460e+00,  2.14928711e-01,  1.04398633e-02,
        -7.35715577e-01, -1.36091198e-01, -8.91608604e-02,
         1.70549842e-02, -2.15840441e-01, -2.11566741e-01,
         3.03831536e-02,  1.96901738e-02, -1.15524399e-01],
       [ 2.01594289e-01, -7.66235871e-02,  4.01290883e-01,
         1.04419856e-01,  3.98221096e-03,  1.13056848e-01,
        -3.27450735e-02, -4.92877690e-01,  2.31275863e-01,
         5.04031359e-01, -3.44629851e-02,  2.76262781e-02,
        -5.93465047e-02,  9.08338201e-02, -6.83243491e-02,
         4.19828631e-02,  2.28632250e-02,  8.72863896e-03],
       [ 3.82304837e-01, -2.78743949e-01,  1.04419856e-01,
         4.86350209e-01,  4.97151550e-02,  2.34861453e-01,
         1.45502419e+00,  2.04809357e-01,  1.29362969e+00,
         1.39740327e+00,  2.52136365e-01, -1.35462713e-01,
        -8.27372549e-02,  8.51998135e-02,  1.47359000e-01,
         7.89593100e-03, -1.50695486e-02,  1.99140255e-02],
       [-2.88249588e-01,  4.76997516e-02,  3.98221096e-03,
         4.97151550e-02,  3.39267627e-01, -6.50581796e-02,
        -1.57256139e-01,  8.20139636e-01,  9.06956209e-01,
         1.74610774e-01,  9.36229549e-01, -2.47488705e-01,
         1.76562202e-01,  6.72732649e-02, -3.74771961e-02,
         5.04270015e-02,  2.04745689e-02,  5.09746869e-02],
       [ 4.11140562e-01, -1.84857255e-01,  1.13056848e-01,
         2.34861453e-01, -6.50581796e-02,  3.62596226e-01,
         1.06380275e+00, -6.02694415e-01,  1.13096487e+00,
         8.12275266e-01,  1.91929372e-02,  4.50837430e-01,
        -2.20492479e-01,  6.79090279e-02,  1.29299817e-01,
        -4.13221912e-02,  2.86563225e-02, -1.03165093e-02],
       [ 9.07238200e-01, -1.35572460e+00, -3.27450735e-02,
         1.45502419e+00, -1.57256139e-01,  1.06380275e+00,
         1.03616931e+01, -1.20825947e+00,  4.85083798e+00,
         3.60377547e+00,  1.38473975e+00,  3.53535403e-01,
        -6.41831859e-01,  2.66535482e-01,  6.99873728e-01,
        -2.82594263e-01,  1.33439594e-01,  4.98165924e-02],
       [-4.84436565e-01,  2.14928711e-01, -4.92877690e-01,
         2.04809357e-01,  8.20139636e-01, -6.02694415e-01,
        -1.20825947e+00,  5.14308244e+00,  1.05931388e+00,
         1.53662591e-01,  1.53234886e+00, -1.79230942e+00,
         5.50836364e-01, -2.56662370e-02, -3.11487493e-03,
         1.31520413e-01, -9.33354657e-02,  1.00299226e-01],
       [ 7.85179787e-01,  1.04398633e-02,  2.31275863e-01,
         1.29362969e+00,  9.06956209e-01,  1.13096487e+00,
         4.85083798e+00,  1.05931388e+00,  1.03462914e+01,
         4.25584088e+00,  3.45525205e+00,  1.29616289e-01,
        -3.46784708e-01,  1.68937695e-01,  3.21198005e-01,
        -3.60888676e-02,  1.53507022e-01,  2.16798757e-02],
       [ 1.14790234e+00, -7.35715577e-01,  5.04031359e-01,
         1.39740327e+00,  1.74610774e-01,  8.12275266e-01,
         3.60377547e+00,  1.53662591e-01,  4.25584088e+00,
         4.39207426e+00,  7.80018637e-01, -1.31250145e-01,
        -2.99415823e-01,  2.90395309e-01,  3.81289003e-01,
         2.14897656e-02, -8.21384673e-03,  5.51353500e-02],
       [-9.54123304e-01, -1.36091198e-01, -3.44629851e-02,
         2.52136365e-01,  9.36229549e-01,  1.91929372e-02,
         1.38473975e+00,  1.53234886e+00,  3.45525205e+00,
         7.80018637e-01,  3.21132834e+00, -3.72726669e-01,
         4.17208199e-01,  2.37243205e-01,  4.52637974e-03,
         5.89632576e-02,  9.84119610e-02,  1.76198571e-01],
       [ 5.06048211e-02, -8.91608604e-02,  2.76262781e-02,
        -1.35462713e-01, -2.47488705e-01,  4.50837430e-01,
         3.53535403e-01, -1.79230942e+00,  1.29616289e-01,
        -1.31250145e-01, -3.72726669e-01,  1.42626290e+00,
        -2.13193546e-01,  5.14630912e-02,  1.11984816e-01,
        -8.19715992e-02,  8.22122080e-02,  1.25401361e-03],
       [-7.40509611e-01,  1.70549842e-02, -5.93465047e-02,
        -8.27372549e-02,  1.76562202e-01, -2.20492479e-01,
        -6.41831859e-01,  5.50836364e-01, -3.46784708e-01,
        -2.99415823e-01,  4.17208199e-01, -2.13193546e-01,
         3.86078688e-01,  3.01920975e-02, -3.33052250e-02,
         7.48322174e-02, -1.28128238e-02,  1.27500942e-01],
       [-5.41083045e-02, -2.15840441e-01,  9.08338201e-02,
         8.51998135e-02,  6.72732649e-02,  6.79090279e-02,
         2.66535482e-01, -2.56662370e-02,  1.68937695e-01,
         2.90395309e-01,  2.37243205e-01,  5.14630912e-02,
         3.01920975e-02,  1.19996120e-01,  4.27892788e-02,
         8.69983547e-03,  2.12445879e-02,  5.20500262e-02],
       [ 6.34067425e-02, -2.11566741e-01, -6.83243491e-02,
         1.47359000e-01, -3.74771961e-02,  1.29299817e-01,
         6.99873728e-01, -3.11487493e-03,  3.21198005e-01,
         3.81289003e-01,  4.52637974e-03,  1.11984816e-01,
        -3.33052250e-02,  4.27892788e-02,  1.43921159e-01,
        -2.86802952e-02, -1.00534754e-02,  4.72563281e-02],
       [-4.57348680e-02,  3.03831536e-02,  4.19828631e-02,
         7.89593100e-03,  5.04270015e-02, -4.13221912e-02,
        -2.82594263e-01,  1.31520413e-01, -3.60888676e-02,
         2.14897656e-02,  5.89632576e-02, -8.19715992e-02,
         7.48322174e-02,  8.69983547e-03, -2.86802952e-02,
         5.16833060e-02, -8.96966544e-03,  1.27458266e-02],
       [-3.85092674e-02,  1.96901738e-02,  2.28632250e-02,
        -1.50695486e-02,  2.04745689e-02,  2.86563225e-02,
         1.33439594e-01, -9.33354657e-02,  1.53507022e-01,
        -8.21384673e-03,  9.84119610e-02,  8.22122080e-02,
        -1.28128238e-02,  2.12445879e-02, -1.00534754e-02,
        -8.96966544e-03,  3.75670533e-02, -4.39126924e-04],
       [-2.78457272e-01, -1.15524399e-01,  8.72863896e-03,
         1.99140255e-02,  5.09746869e-02, -1.03165093e-02,
         4.98165924e-02,  1.00299226e-01,  2.16798757e-02,
         5.51353500e-02,  1.76198571e-01,  1.25401361e-03,
         1.27500942e-01,  5.20500262e-02,  4.72563281e-02,
         1.27458266e-02, -4.39126924e-04,  9.03629350e-02]])
      jac: array([ 3.13168010e-05,  2.05587399e-05, -4.97557551e-05, -4.25078491e-05,
       -5.55433477e-05,  1.02357012e-04,  3.36841666e-06,  2.06316445e-06,
       -4.85648558e-06,  9.21448103e-06,  1.11070412e-05, -2.07989181e-05,
        6.66670423e-05,  5.85605638e-05, -1.29773229e-04, -5.33569485e-05,
       -4.74320583e-05,  9.35388803e-05])
  message: 'Desired error not necessarily achieved due to precision loss.'
     nfev: 2215
      nit: 68
     njev: 116
   status: 2
  success: False
        x: array([ 0.09215912,  0.13487937,  0.75054154,  1.63505216, -0.73686547,
        0.32111164,  1.16884861, -1.77473984,  0.7059139 ,  1.95622628,
       -0.65354964,  0.88667212,  0.01712438,  0.09666664, -0.19921213,
       -1.48410311, -0.52437896,  0.05179953])
