Program Begingeth
      fun: 0.4414346451964911
 hess_inv: array([[ 9.40262439e-01, -2.27687676e-01,  7.90289140e-02,
         8.26657078e-02,  1.97793996e-01, -4.06965404e-01,
         1.76818912e-01,  5.62509590e-01, -2.56771895e+00,
        -2.14102148e-01,  4.22681405e-01,  8.71334931e-01,
        -3.32721706e-01,  1.04727751e-01, -5.82443951e-01,
        -9.46898566e-02, -7.11398416e-02, -1.84687829e-01],
       [-2.27687676e-01,  1.56589192e+00, -9.81659113e-02,
        -3.08920847e-01, -2.24617668e-01, -2.93376997e-01,
        -1.22340219e+00,  8.07274856e-02,  9.24571657e-01,
         1.61399892e-02,  3.51863159e-01, -1.98564428e-01,
        -9.52529668e-02, -1.13038208e+00, -7.80712597e-02,
         4.88060580e-02, -2.70987432e-01,  2.64087869e-01],
       [ 7.90289140e-02, -9.81659113e-02,  6.31651402e-01,
         9.44852173e-02,  1.86983850e-01, -7.89218704e-02,
         7.87171953e-01,  1.92537032e-01, -1.07060664e-01,
        -6.08108924e-01, -9.68398214e-02, -5.48341604e-02,
         1.55427724e-01,  2.18968588e-01, -4.34137334e-01,
         1.79406864e-02, -1.70242191e-02, -1.64477256e-01],
       [ 8.26657078e-02, -3.08920847e-01,  9.44852173e-02,
         2.33626361e-01,  8.84917122e-03, -2.76554957e-02,
         6.17421858e-01, -5.03773092e-01, -5.51459478e-01,
        -1.07006651e-01,  1.71511187e-01,  9.74285274e-02,
         2.07265204e-01,  1.44857630e-01, -9.41542670e-02,
         4.57686794e-02,  1.84837592e-02, -6.15940853e-02],
       [ 1.97793996e-01, -2.24617668e-01,  1.86983850e-01,
         8.84917122e-03,  2.48121406e-01, -5.36137336e-03,
         4.70320896e-01,  7.24355225e-01, -2.80168755e-01,
        -1.82101894e-01, -2.22694840e-01,  1.88617087e-01,
        -7.69130410e-02,  3.94039609e-01, -1.86802594e-01,
        -1.89048617e-02,  9.11837000e-02, -1.12490578e-01],
       [-4.06965404e-01, -2.93376997e-01, -7.89218704e-02,
        -2.76554957e-02, -5.36137336e-03,  4.82062279e-01,
         2.07017025e-01, -2.08114445e-01,  1.91960490e+00,
         1.03774615e-01, -7.16898600e-01, -3.38325959e-01,
         1.42648562e-01,  3.92401931e-01,  4.84869958e-01,
         5.77946941e-02,  1.53014440e-01,  5.34028988e-02],
       [ 1.76818912e-01, -1.22340219e+00,  7.87171953e-01,
         6.17421858e-01,  4.70320896e-01,  2.07017025e-01,
         3.94586210e+00, -1.93060138e-01, -4.38816388e-01,
        -5.63638554e-01, -6.36884192e-01,  2.91115088e-01,
         4.40334367e-01,  1.31759216e+00, -4.16290024e-01,
         7.53547160e-02,  2.82884943e-01, -3.59735629e-01],
       [ 5.62509590e-01,  8.07274856e-02,  1.92537032e-01,
        -5.03773092e-01,  7.24355225e-01, -2.08114445e-01,
        -1.93060138e-01,  5.29465513e+00, -9.57359224e-01,
        -9.41282348e-03, -2.15320878e-02,  3.95956174e-01,
        -9.03534185e-01,  3.60034427e-01, -3.70093066e-01,
        -2.78810593e-01,  5.81048700e-02, -8.17562780e-02],
       [-2.56771895e+00,  9.24571657e-01, -1.07060664e-01,
        -5.51459478e-01, -2.80168755e-01,  1.91960490e+00,
        -4.38816388e-01, -9.57359224e-01,  1.33364016e+01,
        -7.10158392e-02, -2.96864671e+00, -1.94482835e+00,
         8.38406366e-01,  2.62999048e-01,  1.74234429e+00,
         4.04822986e-01,  2.86798801e-01,  4.16244908e-01],
       [-2.14102148e-01,  1.61399892e-02, -6.08108924e-01,
        -1.07006651e-01, -1.82101894e-01,  1.03774615e-01,
        -5.63638554e-01, -9.41282348e-03, -7.10158392e-02,
         9.39114582e-01,  7.14304778e-02, -1.07762045e-01,
        -2.23577487e-01, -1.53288618e-01,  5.07079029e-01,
        -5.66731907e-02,  6.47052368e-02,  1.75893041e-01],
       [ 4.22681405e-01,  3.51863159e-01, -9.68398214e-02,
         1.71511187e-01, -2.22694840e-01, -7.16898600e-01,
        -6.36884192e-01, -2.15320878e-02, -2.96864671e+00,
         7.14304778e-02,  2.38800043e+00,  2.50066335e-01,
        -1.10530556e-01, -1.11941512e+00, -3.96273540e-01,
        -1.88225566e-01, -3.38911961e-01,  1.68982225e-01],
       [ 8.71334931e-01, -1.98564428e-01, -5.48341604e-02,
         9.74285274e-02,  1.88617087e-01, -3.38325959e-01,
         2.91115088e-01,  3.95956174e-01, -1.94482835e+00,
        -1.07762045e-01,  2.50066335e-01,  1.16589995e+00,
        -2.90851171e-01,  1.45666266e-01, -5.72019007e-01,
        -4.61439481e-02, -5.37566161e-02, -1.96110117e-01],
       [-3.32721706e-01, -9.52529668e-02,  1.55427724e-01,
         2.07265204e-01, -7.69130410e-02,  1.42648562e-01,
         4.40334367e-01, -9.03534185e-01,  8.38406366e-01,
        -2.23577487e-01, -1.10530556e-01, -2.90851171e-01,
         4.69237274e-01,  6.40149814e-02,  8.44726100e-02,
         1.59329165e-01,  2.10141548e-02,  1.21543372e-03],
       [ 1.04727751e-01, -1.13038208e+00,  2.18968588e-01,
         1.44857630e-01,  3.94039609e-01,  3.92401931e-01,
         1.31759216e+00,  3.60034427e-01,  2.62999048e-01,
        -1.53288618e-01, -1.11941512e+00,  1.45666266e-01,
         6.40149814e-02,  1.32586035e+00,  5.06839998e-02,
         2.90125370e-02,  3.72719666e-01, -2.70545335e-01],
       [-5.82443951e-01, -7.80712597e-02, -4.34137334e-01,
        -9.41542670e-02, -1.86802594e-01,  4.84869958e-01,
        -4.16290024e-01, -3.70093066e-01,  1.74234429e+00,
         5.07079029e-01, -3.96273540e-01, -5.72019007e-01,
         8.44726100e-02,  5.06839998e-02,  8.48866620e-01,
         3.28039100e-02,  1.27893555e-01,  2.64659264e-01],
       [-9.46898566e-02,  4.88060580e-02,  1.79406864e-02,
         4.57686794e-02, -1.89048617e-02,  5.77946941e-02,
         7.53547160e-02, -2.78810593e-01,  4.04822986e-01,
        -5.66731907e-02, -1.88225566e-01, -4.61439481e-02,
         1.59329165e-01,  2.90125370e-02,  3.28039100e-02,
         9.94936083e-02,  1.04119989e-02,  1.17508014e-03],
       [-7.11398416e-02, -2.70987432e-01, -1.70242191e-02,
         1.84837592e-02,  9.11837000e-02,  1.53014440e-01,
         2.82884943e-01,  5.81048700e-02,  2.86798801e-01,
         6.47052368e-02, -3.38911961e-01, -5.37566161e-02,
         2.10141548e-02,  3.72719666e-01,  1.27893555e-01,
         1.04119989e-02,  1.51805642e-01, -3.09658465e-02],
       [-1.84687829e-01,  2.64087869e-01, -1.64477256e-01,
        -6.15940853e-02, -1.12490578e-01,  5.34028988e-02,
        -3.59735629e-01, -8.17562780e-02,  4.16244908e-01,
         1.75893041e-01,  1.68982225e-01, -1.96110117e-01,
         1.21543372e-03, -2.70545335e-01,  2.64659264e-01,
         1.17508014e-03, -3.09658465e-02,  1.85130336e-01]])
      jac: array([ 3.04312131e-06,  1.30821280e-06, -4.27065790e-07, -6.35195600e-06,
       -9.74331727e-06, -9.49980835e-07,  9.50720984e-07,  9.35918010e-07,
        3.17523785e-07,  3.72664862e-07,  7.17574148e-07, -6.42819131e-07,
        4.35651515e-06,  4.80911607e-06, -2.16604512e-06, -8.67824331e-07,
       -5.20694599e-07,  3.83656070e-06])
  message: 'Optimization terminated successfully.'
     nfev: 798
      nit: 33
     njev: 42
   status: 0
  success: True
        x: array([ 0.67345622, -0.1044557 ,  0.41771863,  0.21826244, -1.2149013 ,
       -0.92548968,  1.35372125, -1.72890293, -1.07039893, -0.98589542,
       -0.01536111,  0.52777416,  0.11778606,  0.04944212, -0.73872622,
        0.07848648,  1.52190988, -1.02970931])
