Program Begingeth
      fun: 0.31052530964734065
 hess_inv: array([[ 7.10269378e+00,  1.82028597e+00, -2.13082729e+00,
         2.76852233e+00,  9.27484797e-01, -1.00715408e+00,
         5.80062261e+00,  1.42404457e-01,  4.80546486e+00,
         4.87514083e-01,  7.72222644e-01, -3.53116824e-01,
        -9.01007702e-01, -3.31683176e-01, -2.59437043e-01,
        -2.65974059e-01, -4.47033083e-01,  1.46804581e-01],
       [ 1.82028597e+00,  3.22401108e+00,  5.83935458e-03,
         4.23585975e-01,  1.37332851e+00, -4.49712705e-01,
         1.93188599e-01,  1.34971412e+00, -1.35097609e+00,
         8.61264679e-01,  2.55394132e-01, -9.63268797e-01,
        -6.28971442e-01, -2.60122176e-01, -4.42717999e-02,
        -1.23912484e-01, -1.88122021e-01,  1.39986754e-01],
       [-2.13082729e+00,  5.83935458e-03,  2.58951242e+00,
        -1.01918497e+00,  1.17145311e-01,  9.36574595e-01,
        -4.31527823e+00,  1.32593974e+00, -2.08225308e+00,
        -2.19909937e-01,  4.42916645e-01, -1.23228989e-01,
         2.22451903e-01,  5.82965764e-02, -3.03397768e-02,
         3.54394719e-03,  1.84050965e-01, -7.27311172e-02],
       [ 2.76852233e+00,  4.23585975e-01, -1.01918497e+00,
         1.18203449e+00,  2.35386144e-01, -4.30246488e-01,
         3.08315754e+00,  1.88420688e-02,  2.19784741e+00,
         1.48407138e-01,  3.04369598e-01, -7.66038405e-02,
        -2.74309164e-01, -1.20263921e-01, -1.10541931e-01,
        -7.08261951e-02, -1.52455786e-01,  3.68754819e-02],
       [ 9.27484797e-01,  1.37332851e+00,  1.17145311e-01,
         2.35386144e-01,  6.51672879e-01, -1.55997136e-01,
         1.84215558e-02,  1.06136171e+00, -4.17611894e-01,
         4.37928079e-01,  1.74786702e-01, -3.42974494e-01,
        -3.08226405e-01, -8.63683391e-02, -5.24808222e-02,
        -8.21035271e-02, -6.97087184e-02,  6.62369693e-02],
       [-1.00715408e+00, -4.49712705e-01,  9.36574595e-01,
        -4.30246488e-01, -1.55997136e-01,  4.48630202e-01,
        -1.70939462e+00,  1.60531017e-01, -2.90176910e-01,
        -2.69153423e-01,  4.50981034e-02,  9.23160194e-02,
         1.86568198e-01,  8.08480722e-02,  2.69743360e-02,
         2.53992395e-02,  9.68021679e-02, -3.83988731e-02],
       [ 5.80062261e+00,  1.93188599e-01, -4.31527823e+00,
         3.08315754e+00,  1.84215558e-02, -1.70939462e+00,
         1.34886611e+01, -5.33333390e-01,  5.47727154e+00,
         4.90020378e-01,  3.39191567e-01, -2.36947836e-01,
        -3.66758148e-01, -3.46699934e-01, -1.99953347e-01,
         2.10872024e-02, -3.26853185e-01,  3.92854483e-02],
       [ 1.42404457e-01,  1.34971412e+00,  1.32593974e+00,
         1.88420688e-02,  1.06136171e+00,  1.60531017e-01,
        -5.33333390e-01,  5.90470272e+00, -9.85873992e-01,
         1.32022104e+00,  4.71507442e-01, -1.34699311e-01,
        -3.91153309e-01,  4.52447819e-02, -2.29837529e-01,
        -1.45706484e-01,  9.39259376e-02,  9.81592414e-02],
       [ 4.80546486e+00, -1.35097609e+00, -2.08225308e+00,
         2.19784741e+00, -4.17611894e-01, -2.90176910e-01,
         5.47727154e+00, -9.85873992e-01,  8.46705632e+00,
        -9.12566796e-02,  2.10877991e-01,  4.92879435e-01,
        -2.31136005e-01,  6.27728559e-02, -5.39387931e-02,
        -8.87606542e-02, -1.48779080e-01,  7.69617481e-02],
       [ 4.87514083e-01,  8.61264679e-01, -2.19909937e-01,
         1.48407138e-01,  4.37928079e-01, -2.69153423e-01,
         4.90020378e-01,  1.32022104e+00, -9.12566796e-02,
         1.52659388e+00, -3.23231899e-02, -1.55993561e-01,
        -4.63549008e-01, -1.49497966e-02,  4.97680552e-02,
        -5.75602266e-02, -6.63280429e-03,  2.59880339e-01],
       [ 7.72222644e-01,  2.55394132e-01,  4.42916645e-01,
         3.04369598e-01,  1.74786702e-01,  4.50981034e-02,
         3.39191567e-01,  4.71507442e-01,  2.10877991e-01,
        -3.23231899e-02,  8.75700958e-01, -1.67118428e-01,
        -7.32056762e-02, -1.72467414e-01, -1.83245745e-01,
        -5.50387683e-02, -2.18057858e-02, -9.51525060e-02],
       [-3.53116824e-01, -9.63268797e-01, -1.23228989e-01,
        -7.66038405e-02, -3.42974494e-01,  9.23160194e-02,
        -2.36947836e-01, -1.34699311e-01,  4.92879435e-01,
        -1.55993561e-01, -1.67118428e-01,  6.89127799e-01,
         1.03264308e-01,  1.64044225e-01, -4.33515033e-02,
        -2.94626907e-02,  8.21299596e-02, -2.83573357e-03],
       [-9.01007702e-01, -6.28971442e-01,  2.22451903e-01,
        -2.74309164e-01, -3.08226405e-01,  1.86568198e-01,
        -3.66758148e-01, -3.91153309e-01, -2.31136005e-01,
        -4.63549008e-01, -7.32056762e-02,  1.03264308e-01,
         2.91540605e-01,  4.98693149e-02,  1.88905472e-02,
         8.83175964e-02,  7.23111903e-02, -9.34787648e-02],
       [-3.31683176e-01, -2.60122176e-01,  5.82965764e-02,
        -1.20263921e-01, -8.63683391e-02,  8.08480722e-02,
        -3.46699934e-01,  4.52447819e-02,  6.27728559e-02,
        -1.49497966e-02, -1.72467414e-01,  1.64044225e-01,
         4.98693149e-02,  9.75170358e-02,  2.70969111e-02,
         5.43859417e-03,  5.61919182e-02,  1.62744209e-02],
       [-2.59437043e-01, -4.42717999e-02, -3.03397768e-02,
        -1.10541931e-01, -5.24808222e-02,  2.69743360e-02,
        -1.99953347e-01, -2.29837529e-01, -5.39387931e-02,
         4.97680552e-02, -1.83245745e-01, -4.33515033e-02,
         1.88905472e-02,  2.70969111e-02,  8.77042528e-02,
         2.63611633e-02,  6.53388737e-03,  4.77789517e-02],
       [-2.65974059e-01, -1.23912484e-01,  3.54394719e-03,
        -7.08261951e-02, -8.21035271e-02,  2.53992395e-02,
         2.10872024e-02, -1.45706484e-01, -8.87606542e-02,
        -5.75602266e-02, -5.50387683e-02, -2.94626907e-02,
         8.83175964e-02,  5.43859417e-03,  2.63611633e-02,
         5.56702028e-02,  1.89928033e-02, -1.35413399e-02],
       [-4.47033083e-01, -1.88122021e-01,  1.84050965e-01,
        -1.52455786e-01, -6.97087184e-02,  9.68021679e-02,
        -3.26853185e-01,  9.39259376e-02, -1.48779080e-01,
        -6.63280429e-03, -2.18057858e-02,  8.21299596e-02,
         7.23111903e-02,  5.61919182e-02,  6.53388737e-03,
         1.89928033e-02,  7.10739715e-02, -7.42938976e-03],
       [ 1.46804581e-01,  1.39986754e-01, -7.27311172e-02,
         3.68754819e-02,  6.62369693e-02, -3.83988731e-02,
         3.92854483e-02,  9.81592414e-02,  7.69617481e-02,
         2.59880339e-01, -9.51525060e-02, -2.83573357e-03,
        -9.34787648e-02,  1.62744209e-02,  4.77789517e-02,
        -1.35413399e-02, -7.42938976e-03,  8.53615990e-02]])
      jac: array([-1.36779477e-06, -1.83149792e-06, -2.02467672e-06,  3.64893301e-06,
        5.25246513e-06,  1.99581092e-06, -4.21514675e-07, -4.11892742e-07,
       -4.91828800e-07,  1.07321559e-07,  1.68568863e-06, -1.72824718e-07,
        1.83149792e-06,  2.06686520e-06, -7.41628980e-07, -1.99137003e-06,
       -4.97194878e-06,  1.40332190e-06])
  message: 'Optimization terminated successfully.'
     nfev: 1748
      nit: 78
     njev: 92
   status: 0
  success: True
        x: array([-1.13682056, -1.16203716,  0.53688236, -1.51440779, -1.10429746,
        0.2861007 , -2.23851651, -0.92244894,  0.94841391,  0.09898073,
        0.44637208,  1.10303966,  0.14060806,  0.18740472, -0.22969808,
        1.54852446, -0.22564032,  0.02361443])
