Program Begingeth
      fun: 0.38754937993908767
 hess_inv: array([[ 2.12875630e+00, -5.22044470e-02,  1.79277111e-01,
         2.99683897e-01, -3.45324630e-01,  4.59086467e-01,
         7.22333607e-01, -4.31951243e-01,  6.68618312e-01,
         8.80636505e-01, -1.17491636e+00,  1.38486749e-01,
        -8.62641638e-01, -5.53582155e-02,  6.81129635e-02,
        -4.85074619e-02, -3.28999113e-02, -3.38140853e-01],
       [-5.22044470e-02,  8.45618132e-01, -1.19766956e-01,
        -3.25876859e-01,  5.01334435e-02, -2.49473071e-01,
        -1.21845371e+00,  2.37797978e-01, -2.54551311e-01,
        -9.47654338e-01, -1.15652508e-01, -1.17745014e-01,
         1.90122243e-02, -2.81073965e-01, -2.52629218e-01,
         3.81336349e-02,  1.18981866e-02, -1.43437553e-01],
       [ 1.79277111e-01, -1.19766956e-01,  4.94794636e-01,
         9.88546294e-02,  4.01231299e-02,  1.29779792e-01,
        -1.70878712e-01, -3.27176512e-01,  3.15583656e-01,
         5.30239875e-01, -1.67838106e-02,  2.13996572e-02,
        -3.81286470e-02,  1.47635455e-01, -8.09931147e-02,
         6.00908561e-02,  4.88823411e-02,  3.17257418e-02],
       [ 2.99683897e-01, -3.25876859e-01,  9.88546294e-02,
         4.44495633e-01,  4.80627182e-02,  2.28348108e-01,
         1.09045966e+00,  2.11815359e-01,  1.10819063e+00,
         1.28698349e+00,  2.03261089e-01, -6.46993703e-02,
        -3.84915578e-02,  1.11598015e-01,  1.52958826e-01,
         1.14980764e-02, -1.77262547e-02,  3.93896888e-02],
       [-3.45324630e-01,  5.01334435e-02,  4.01231299e-02,
         4.80627182e-02,  3.64085342e-01, -7.11167577e-02,
        -2.81031555e-01,  7.78942022e-01,  7.41125378e-01,
         1.80734470e-01,  9.64723166e-01, -1.81403708e-01,
         2.17820886e-01,  8.07046237e-02, -5.65709348e-02,
         6.92160441e-02,  1.12913950e-02,  6.12086377e-02],
       [ 4.59086467e-01, -2.49473071e-01,  1.29779792e-01,
         2.28348108e-01, -7.11167577e-02,  4.08485740e-01,
         9.03125052e-01, -4.36412058e-01,  1.13161467e+00,
         8.24599443e-01, -7.31990058e-02,  5.01381259e-01,
        -2.40417121e-01,  1.09141616e-01,  1.59872670e-01,
        -4.33133927e-02,  4.52688914e-02, -3.23846134e-03],
       [ 7.22333607e-01, -1.21845371e+00, -1.70878712e-01,
         1.09045966e+00, -2.81031555e-01,  9.03125052e-01,
         7.98874074e+00, -1.15790535e+00,  3.78707144e+00,
         2.73449966e+00,  7.66647436e-01,  4.57114471e-01,
        -5.72789753e-01,  2.37121076e-01,  6.43770034e-01,
        -2.90839930e-01,  1.62850372e-01,  5.01381382e-02],
       [-4.31951243e-01,  2.37797978e-01, -3.27176512e-01,
         2.11815359e-01,  7.78942022e-01, -4.36412058e-01,
        -1.15790535e+00,  3.99838459e+00,  1.01058246e+00,
         3.26276925e-01,  1.53452560e+00, -1.21515026e+00,
         4.90819790e-01,  7.84453280e-03, -3.40869353e-02,
         1.29586403e-01, -8.67054792e-02,  8.98811918e-02],
       [ 6.68618312e-01, -2.54551311e-01,  3.15583656e-01,
         1.10819063e+00,  7.41125378e-01,  1.13161467e+00,
         3.78707144e+00,  1.01058246e+00,  8.23507646e+00,
         3.71577102e+00,  2.74389367e+00,  5.88525015e-01,
        -2.77825337e-01,  2.84241069e-01,  3.65597707e-01,
        -1.41786916e-02,  1.72503458e-01,  9.05848353e-02],
       [ 8.80636505e-01, -9.47654338e-01,  5.30239875e-01,
         1.28698349e+00,  1.80734470e-01,  8.24599443e-01,
         2.73449966e+00,  3.26276925e-01,  3.71577102e+00,
         4.11974472e+00,  6.53360758e-01,  9.05513388e-02,
        -1.78388256e-01,  4.13182763e-01,  4.18883163e-01,
         2.08613096e-02,  9.34072357e-03,  1.27770055e-01],
       [-1.17491636e+00, -1.15652508e-01, -1.67838106e-02,
         2.03261089e-01,  9.64723166e-01, -7.31990058e-02,
         7.66647436e-01,  1.53452560e+00,  2.74389367e+00,
         6.53360758e-01,  3.18387427e+00, -2.99325501e-01,
         5.55702366e-01,  2.37465794e-01, -4.62542792e-02,
         9.78322526e-02,  6.36968632e-02,  2.08005821e-01],
       [ 1.38486749e-01, -1.17745014e-01,  2.13996572e-02,
        -6.46993703e-02, -1.81403708e-01,  5.01381259e-01,
         4.57114471e-01, -1.21515026e+00,  5.88525015e-01,
         9.05513388e-02, -2.99325501e-01,  1.31935112e+00,
        -2.32699031e-01,  8.50056252e-02,  1.53790648e-01,
        -7.63831459e-02,  9.92957354e-02,  4.17343658e-04],
       [-8.62641638e-01,  1.90122243e-02, -3.81286470e-02,
        -3.84915578e-02,  2.17820886e-01, -2.40417121e-01,
        -5.72789753e-01,  4.90819790e-01, -2.77825337e-01,
        -1.78388256e-01,  5.55702366e-01, -2.32699031e-01,
         4.60384637e-01,  3.39622227e-02, -4.33932067e-02,
         9.10050325e-02, -2.65399759e-02,  1.56231408e-01],
       [-5.53582155e-02, -2.81073965e-01,  1.47635455e-01,
         1.11598015e-01,  8.07046237e-02,  1.09141616e-01,
         2.37121076e-01,  7.84453280e-03,  2.84241069e-01,
         4.13182763e-01,  2.37465794e-01,  8.50056252e-02,
         3.39622227e-02,  1.70982605e-01,  5.59356187e-02,
         1.10596447e-02,  3.81147690e-02,  6.95971042e-02],
       [ 6.81129635e-02, -2.52629218e-01, -8.09931147e-02,
         1.52958826e-01, -5.65709348e-02,  1.59872670e-01,
         6.43770034e-01, -3.40869353e-02,  3.65597707e-01,
         4.18883163e-01, -4.62542792e-02,  1.53790648e-01,
        -4.33932067e-02,  5.59356187e-02,  1.78633850e-01,
        -4.17868926e-02, -7.22703897e-03,  6.21469679e-02],
       [-4.85074619e-02,  3.81336349e-02,  6.00908561e-02,
         1.14980764e-02,  6.92160441e-02, -4.33133927e-02,
        -2.90839930e-01,  1.29586403e-01, -1.41786916e-02,
         2.08613096e-02,  9.78322526e-02, -7.63831459e-02,
         9.10050325e-02,  1.10596447e-02, -4.17868926e-02,
         6.82442607e-02, -1.49047976e-02,  1.32380989e-02],
       [-3.28999113e-02,  1.18981866e-02,  4.88823411e-02,
        -1.77262547e-02,  1.12913950e-02,  4.52688914e-02,
         1.62850372e-01, -8.67054792e-02,  1.72503458e-01,
         9.34072357e-03,  6.36968632e-02,  9.92957354e-02,
        -2.65399759e-02,  3.81147690e-02, -7.22703897e-03,
        -1.49047976e-02,  5.87669775e-02,  2.75042165e-03],
       [-3.38140853e-01, -1.43437553e-01,  3.17257418e-02,
         3.93896888e-02,  6.12086377e-02, -3.23846134e-03,
         5.01381382e-02,  8.98811918e-02,  9.05848353e-02,
         1.27770055e-01,  2.08005821e-01,  4.17343658e-04,
         1.56231408e-01,  6.95971042e-02,  6.21469679e-02,
         1.32380989e-02,  2.75042165e-03,  1.21948285e-01]])
      jac: array([-1.23715852e-06,  2.39734158e-06,  8.08797474e-06,  7.65239724e-06,
       -7.16352903e-06, -2.60672965e-05, -5.24765416e-07, -3.73775085e-07,
        2.36736556e-06, -1.92327635e-06,  1.67643677e-06,  4.78876198e-06,
       -5.16919840e-06,  8.77890353e-06,  2.19920378e-05, -2.24635125e-06,
       -4.19257222e-06, -1.09131223e-05])
  message: 'Desired error not necessarily achieved due to precision loss.'
     nfev: 1930
      nit: 65
     njev: 101
   status: 2
  success: False
        x: array([ 0.08851908,  0.02858514,  0.76207467,  1.5580214 , -0.97415884,
        0.33667863,  0.98801114, -2.1290451 ,  0.67355275,  1.89038387,
       -0.9066779 ,  0.95784073,  0.02868652, -0.00903688, -0.20229194,
       -1.43445575, -0.6560829 ,  0.05154199])
