Program Begingeth
      fun: 0.22532787390193926
 hess_inv: array([[ 5.27636986e+00,  1.62438605e+00,  6.22757847e-01,
         1.20751544e+00,  5.90909913e-01, -8.71325535e-01,
         2.36836688e+00, -2.08346338e+00, -1.53658008e+00,
        -8.91126856e-01,  9.77802076e-01, -1.32279335e+00,
        -1.07576769e+00, -5.94754697e-01, -4.99231892e-01,
        -1.63900538e-01, -6.13690176e-01,  3.08307516e-01],
       [ 1.62438605e+00,  2.80923789e+00, -1.39102549e-02,
         2.32480348e-02,  9.36078175e-01, -4.38587536e-01,
        -1.00827234e+00,  2.62051937e+00,  1.92382833e-01,
         2.72577337e-01, -4.96946154e-01, -1.48122233e+00,
        -5.36141496e-01, -3.91214335e-01,  6.74372686e-02,
         1.52734441e-01, -1.17359551e-01,  2.52376934e-01],
       [ 6.22757847e-01, -1.39102549e-02,  5.37831639e+00,
         1.17518655e+00, -3.38952327e-02,  1.78497077e+00,
         1.14835391e+01, -5.84823421e+00,  7.11517791e+00,
        -7.09357025e-01,  2.84169505e+00, -1.48958042e+00,
        -5.74222515e-02, -3.45044186e-01, -9.78241215e-01,
        -4.85018066e-01, -1.26945049e-01, -5.09138281e-01],
       [ 1.20751544e+00,  2.32480348e-02,  1.17518655e+00,
         5.79616887e-01,  4.13595128e-02,  2.09602061e-01,
         3.50360860e+00, -1.90956246e+00,  8.95654661e-01,
        -4.42623176e-01,  8.11791048e-01, -3.42879121e-01,
        -1.75148620e-01, -1.22728457e-01, -3.22095463e-01,
        -1.51934590e-01, -1.48792325e-01, -8.21928875e-02],
       [ 5.90909913e-01,  9.36078175e-01, -3.38952327e-02,
         4.13595128e-02,  3.95554242e-01, -1.26792596e-01,
         2.11293260e-01,  1.40019457e+00, -1.88258596e-01,
        -3.33515349e-03, -2.31921854e-01, -4.12551974e-01,
        -2.00653315e-01, -7.72833541e-02,  6.03355989e-02,
         2.41628736e-02, -5.02527364e-02,  9.48718695e-02],
       [-8.71325535e-01, -4.38587536e-01,  1.78497077e+00,
         2.09602061e-01, -1.26792596e-01,  9.04080061e-01,
         4.20935028e+00, -1.42459705e+00,  3.04635098e+00,
        -2.24042373e-01,  7.15444233e-01, -1.55370026e-01,
         2.40415418e-01,  3.48384959e-02, -1.99855074e-01,
        -1.32381548e-01,  5.58607190e-02, -2.54272442e-01],
       [ 2.36836688e+00, -1.00827234e+00,  1.14835391e+01,
         3.50360860e+00,  2.11293260e-01,  4.20935028e+00,
         3.61075212e+01, -1.17021404e+01,  1.42637158e+01,
        -2.86313987e+00,  5.72220854e+00, -1.93221638e+00,
        -2.63977685e-01, -3.11159108e-01, -2.06093790e+00,
        -1.32883569e+00, -6.70365740e-01, -1.30421252e+00],
       [-2.08346338e+00,  2.62051937e+00, -5.84823421e+00,
        -1.90956246e+00,  1.40019457e+00, -1.42459705e+00,
        -1.17021404e+01,  1.66899133e+01, -6.54749872e+00,
         1.02729683e+00, -4.46722827e+00,  4.77648680e-01,
         1.23276158e-01,  3.53123817e-01,  1.87255494e+00,
         8.23935828e-01,  2.87757424e-01,  7.36856703e-01],
       [-1.53658008e+00,  1.92382833e-01,  7.11517791e+00,
         8.95654661e-01, -1.88258596e-01,  3.04635098e+00,
         1.42637158e+01, -6.54749872e+00,  1.51365533e+01,
        -6.65473708e-01,  3.31470734e+00, -1.85607064e+00,
         4.05430093e-01, -6.06373240e-01, -1.18274724e+00,
        -4.10653833e-01, -6.97841600e-02, -8.90615241e-01],
       [-8.91126856e-01,  2.72577337e-01, -7.09357025e-01,
        -4.42623176e-01, -3.33515349e-03, -2.24042373e-01,
        -2.86313987e+00,  1.02729683e+00, -6.65473708e-01,
         1.10877127e+00, -6.31338707e-01,  9.74589635e-02,
        -3.22218665e-02,  9.88213493e-02,  2.43725073e-01,
         1.23082710e-01,  2.06836935e-01,  2.09097297e-01],
       [ 9.77802076e-01, -4.96946154e-01,  2.84169505e+00,
         8.11791048e-01, -2.31921854e-01,  7.15444233e-01,
         5.72220854e+00, -4.46722827e+00,  3.31470734e+00,
        -6.31338707e-01,  2.33719602e+00, -7.30153626e-01,
        -9.19263859e-02, -3.38812259e-01, -7.85878008e-01,
        -3.38854143e-01, -1.49302081e-01, -3.57989844e-01],
       [-1.32279335e+00, -1.48122233e+00, -1.48958042e+00,
        -3.42879121e-01, -4.12551974e-01, -1.55370026e-01,
        -1.93221638e+00,  4.77648680e-01, -1.85607064e+00,
         9.74589635e-02, -7.30153626e-01,  1.59586855e+00,
         3.21352391e-01,  4.52771402e-01,  2.45082346e-01,
         4.28947740e-03,  1.69315537e-01,  1.21375612e-02],
       [-1.07576769e+00, -5.36141496e-01, -5.74222515e-02,
        -1.75148620e-01, -2.00653315e-01,  2.40415418e-01,
        -2.63977685e-01,  1.23276158e-01,  4.05430093e-01,
        -3.22218665e-02, -9.19263859e-02,  3.21352391e-01,
         3.42358334e-01,  1.28070366e-01,  6.65078009e-02,
         6.15324035e-02,  1.31105071e-01, -1.34119118e-01],
       [-5.94754697e-01, -3.91214335e-01, -3.45044186e-01,
        -1.22728457e-01, -7.72833541e-02,  3.48384959e-02,
        -3.11159108e-01,  3.53123817e-01, -6.06373240e-01,
         9.88213493e-02, -3.38812259e-01,  4.52771402e-01,
         1.28070366e-01,  2.13335433e-01,  1.23350319e-01,
         2.69033059e-03,  1.08077235e-01,  8.43399032e-03],
       [-4.99231892e-01,  6.74372686e-02, -9.78241215e-01,
        -3.22095463e-01,  6.03355989e-02, -1.99855074e-01,
        -2.06093790e+00,  1.87255494e+00, -1.18274724e+00,
         2.43725073e-01, -7.85878008e-01,  2.45082346e-01,
         6.65078009e-02,  1.23350319e-01,  3.32288786e-01,
         1.29261042e-01,  6.40735174e-02,  1.39180255e-01],
       [-1.63900538e-01,  1.52734441e-01, -4.85018066e-01,
        -1.51934590e-01,  2.41628736e-02, -1.32381548e-01,
        -1.32883569e+00,  8.23935828e-01, -4.10653833e-01,
         1.23082710e-01, -3.38854143e-01,  4.28947740e-03,
         6.15324035e-02,  2.69033059e-03,  1.29261042e-01,
         1.16218189e-01,  3.28168303e-02,  4.58751984e-02],
       [-6.13690176e-01, -1.17359551e-01, -1.26945049e-01,
        -1.48792325e-01, -5.02527364e-02,  5.58607190e-02,
        -6.70365740e-01,  2.87757424e-01, -6.97841600e-02,
         2.06836935e-01, -1.49302081e-01,  1.69315537e-01,
         1.31105071e-01,  1.08077235e-01,  6.40735174e-02,
         3.28168303e-02,  1.36364324e-01, -1.42051131e-02],
       [ 3.08307516e-01,  2.52376934e-01, -5.09138281e-01,
        -8.21928875e-02,  9.48718695e-02, -2.54272442e-01,
        -1.30421252e+00,  7.36856703e-01, -8.90615241e-01,
         2.09097297e-01, -3.57989844e-01,  1.21375612e-02,
        -1.34119118e-01,  8.43399032e-03,  1.39180255e-01,
         4.58751984e-02, -1.42051131e-02,  1.72087640e-01]])
      jac: array([ 2.01672012e-06,  2.09452825e-05,  1.38953663e-05, -2.59403610e-06,
       -5.69487050e-05, -2.14211981e-05, -4.87387908e-07,  5.12552963e-06,
        1.02936178e-06, -4.62592927e-09,  9.13565520e-06,  6.94314976e-06,
       -5.03245593e-06,  5.82537722e-05,  1.67175533e-05,  2.06686520e-06,
       -4.63484806e-05, -3.23752136e-05])
  message: 'Desired error not necessarily achieved due to precision loss.'
     nfev: 1967
      nit: 58
     njev: 103
   status: 2
  success: False
        x: array([-0.43422284, -0.52096401,  0.54883999, -0.97316462, -0.70026267,
        0.05804085, -0.82085115, -1.15689562, -0.78488999,  0.13154752,
        0.67043545,  1.02827516,  0.05419291,  0.23449968, -0.33115283,
        1.19094902, -0.25495787,  0.01688113])
