Program Begingeth
      fun: 0.20659811980669582
 hess_inv: array([[ 3.46316154e+00, -1.01014231e+00, -2.93106385e-01,
         3.75867094e-01, -3.06991729e-01,  9.06553048e-01,
        -1.23741360e+00,  1.09071399e+00,  1.17566277e+00,
        -9.46112161e-01, -3.70029428e-01,  1.21685523e+00,
        -7.42755507e-01,  3.29027726e-01,  3.06313590e-01,
         4.49458325e-02,  2.89133275e-01, -5.05543071e-01],
       [-1.01014231e+00,  1.83655459e+00,  5.86266488e-01,
        -6.85462986e-03,  5.40642574e-01, -1.83055579e-01,
        -7.98503385e-01,  1.45357703e+00,  8.93908518e-01,
         2.74361713e-01, -1.98097142e-01, -1.59783304e+00,
         3.39395219e-01, -3.11148637e-01, -8.50185951e-02,
        -9.53626075e-02, -3.99589182e-02,  6.34453122e-02],
       [-2.93106385e-01,  5.86266488e-01,  4.28740845e+00,
        -9.80778546e-01,  1.86181707e-01,  8.99009727e-01,
        -1.07627178e+01, -6.54452358e+00,  6.16178712e+00,
         7.57559055e-01,  3.33193289e+00, -2.60121904e+00,
         1.21510461e-01, -5.82593315e-01, -1.08983267e+00,
         5.74243015e-01, -3.28735986e-01, -5.06175978e-01],
       [ 3.75867094e-01, -6.85462986e-03, -9.80778546e-01,
         3.50871519e-01, -3.70972101e-02, -1.51963715e-01,
         3.00319735e+00,  1.90537680e+00, -1.16814832e+00,
        -3.18475747e-01, -8.74998733e-01,  4.73548356e-01,
        -4.34499787e-02,  1.02588063e-01,  3.02519583e-01,
        -1.40486040e-01,  1.02132331e-01,  1.01976890e-01],
       [-3.06991729e-01,  5.40642574e-01,  1.86181707e-01,
        -3.70972101e-02,  2.94182135e-01,  2.42644814e-02,
        -1.43166941e+00,  1.15030886e+00,  1.96126861e-01,
         2.41226270e-01, -1.30199561e-01, -3.78279421e-01,
         1.33489770e-01, -1.86370504e-02,  3.51908724e-02,
        -1.78518170e-03, -4.89944402e-02,  2.50397904e-02],
       [ 9.06553048e-01, -1.83055579e-01,  8.99009727e-01,
        -1.51963715e-01,  2.42644814e-02,  5.81507104e-01,
        -3.74809034e+00, -7.14180953e-01,  1.97816174e+00,
         1.34840917e-01,  5.45057635e-01, -1.72753511e-01,
        -2.13911897e-01, -2.21903708e-03, -8.67580004e-02,
         1.25000588e-01, -4.29584692e-02, -2.69835938e-01],
       [-1.23741360e+00, -7.98503385e-01, -1.07627178e+01,
         3.00319735e+00, -1.43166941e+00, -3.74809034e+00,
         4.68346569e+01,  1.17193357e+01, -1.79061242e+01,
        -3.10507706e+00, -7.75364111e+00,  4.83221804e+00,
        -1.91677541e-01,  8.45062677e-01,  2.28006654e+00,
        -1.66791168e+00,  1.42919787e+00,  1.94306976e+00],
       [ 1.09071399e+00,  1.45357703e+00, -6.54452358e+00,
         1.90537680e+00,  1.15030886e+00, -7.14180953e-01,
         1.17193357e+01,  2.19464360e+01, -9.10978218e+00,
        -5.27147109e-01, -6.84583771e+00,  2.55861527e+00,
        -1.28410247e-01,  9.44211296e-01,  2.61795626e+00,
        -1.23754521e+00,  5.48737451e-01,  7.91461662e-01],
       [ 1.17566277e+00,  8.93908518e-01,  6.16178712e+00,
        -1.16814832e+00,  1.96126861e-01,  1.97816174e+00,
        -1.79061242e+01, -9.10978218e+00,  1.38725552e+01,
         1.25265462e+00,  4.89189104e+00, -3.46604873e+00,
        -1.33398056e-01, -1.11922595e+00, -1.62826553e+00,
         8.03270252e-01, -6.74166227e-01, -1.20540210e+00],
       [-9.46112161e-01,  2.74361713e-01,  7.57559055e-01,
        -3.18475747e-01,  2.41226270e-01,  1.34840917e-01,
        -3.10507706e+00, -5.27147109e-01,  1.25265462e+00,
         1.27417044e+00,  6.41182613e-01, -6.46801532e-01,
         6.42951731e-02, -1.71124583e-01, -1.99429070e-01,
         7.93375242e-02, -2.68900513e-01, -1.09284408e-01],
       [-3.70029428e-01, -1.98097142e-01,  3.33193289e+00,
        -8.74998733e-01, -1.30199561e-01,  5.45057635e-01,
        -7.75364111e+00, -6.84583771e+00,  4.89189104e+00,
         6.41182613e-01,  3.52368500e+00, -1.72901667e+00,
         6.44559029e-02, -5.75380154e-01, -1.13893770e+00,
         5.52052268e-01, -3.07810006e-01, -4.91406887e-01],
       [ 1.21685523e+00, -1.59783304e+00, -2.60121904e+00,
         4.73548356e-01, -3.78279421e-01, -1.72753511e-01,
         4.83221804e+00,  2.55861527e+00, -3.46604873e+00,
        -6.46801532e-01, -1.72901667e+00,  2.90856860e+00,
        -3.40072164e-01,  6.80595047e-01,  6.22999940e-01,
        -1.67600633e-01,  2.62559289e-01,  1.74838157e-01],
       [-7.42755507e-01,  3.39395219e-01,  1.21510461e-01,
        -4.34499787e-02,  1.33489770e-01, -2.13911897e-01,
        -1.91677541e-01, -1.28410247e-01, -1.33398056e-01,
         6.42951731e-02,  6.44559029e-02, -3.40072164e-01,
         2.96695763e-01, -8.52384991e-02, -7.15906174e-02,
         4.58103237e-02, -9.89773386e-02,  1.48243353e-01],
       [ 3.29027726e-01, -3.11148637e-01, -5.82593315e-01,
         1.02588063e-01, -1.86370504e-02, -2.21903708e-03,
         8.45062677e-01,  9.44211296e-01, -1.11922595e+00,
        -1.71124583e-01, -5.75380154e-01,  6.80595047e-01,
        -8.52384991e-02,  2.48353385e-01,  2.11146078e-01,
        -4.30111394e-02,  1.05729361e-01,  6.65882560e-02],
       [ 3.06313590e-01, -8.50185951e-02, -1.08983267e+00,
         3.02519583e-01,  3.51908724e-02, -8.67580004e-02,
         2.28006654e+00,  2.61795626e+00, -1.62826553e+00,
        -1.99429070e-01, -1.13893770e+00,  6.22999940e-01,
        -7.15906174e-02,  2.11146078e-01,  4.47877834e-01,
        -1.86351523e-01,  9.50595965e-02,  1.54431044e-01],
       [ 4.49458325e-02, -9.53626075e-02,  5.74243015e-01,
        -1.40486040e-01, -1.78518170e-03,  1.25000588e-01,
        -1.66791168e+00, -1.23754521e+00,  8.03270252e-01,
         7.93375242e-02,  5.52052268e-01, -1.67600633e-01,
         4.58103237e-02, -4.30111394e-02, -1.86351523e-01,
         1.53583917e-01, -5.96379339e-02, -7.68430545e-02],
       [ 2.89133275e-01, -3.99589182e-02, -3.28735986e-01,
         1.02132331e-01, -4.89944402e-02, -4.29584692e-02,
         1.42919787e+00,  5.48737451e-01, -6.74166227e-01,
        -2.68900513e-01, -3.07810006e-01,  2.62559289e-01,
        -9.89773386e-02,  1.05729361e-01,  9.50595965e-02,
        -5.96379339e-02,  1.51642219e-01,  1.98279962e-02],
       [-5.05543071e-01,  6.34453122e-02, -5.06175978e-01,
         1.01976890e-01,  2.50397904e-02, -2.69835938e-01,
         1.94306976e+00,  7.91461662e-01, -1.20540210e+00,
        -1.09284408e-01, -4.91406887e-01,  1.74838157e-01,
         1.48243353e-01,  6.65882560e-02,  1.54431044e-01,
        -7.68430545e-02,  1.98279962e-02,  2.37481913e-01]])
      jac: array([ 4.33336700e-05,  6.34407342e-05, -3.45908487e-06, -3.52530967e-05,
       -3.76110254e-05, -4.34017637e-05, -1.87775721e-06,  1.21513910e-05,
       -7.45292717e-06,  2.71227485e-06,  1.54443125e-05,  4.31636208e-06,
       -1.82290109e-04,  1.74560366e-05, -8.61616334e-05,  1.07303795e-04,
       -1.31474276e-04,  2.29279743e-04])
  message: 'Desired error not necessarily achieved due to precision loss.'
     nfev: 2330
      nit: 65
     njev: 122
   status: 2
  success: False
        x: array([ 0.29384039, -0.2836431 ,  0.71248649,  0.95895399, -0.50396837,
        0.04212529,  0.59888724, -1.11295833, -0.6483843 ,  0.01682255,
        0.76512819,  0.89845714,  0.09973937,  0.21300091, -0.39082226,
       -0.97324297, -0.38286653,  0.02263614])
