Program Begingeth
      fun: 0.22650821120754489
 hess_inv: array([[ 3.51990129e+00,  1.26624892e+00,  6.01515434e-01,
         7.41854966e-01,  4.04922342e-01, -8.85800341e-01,
         7.47703499e-01, -2.14323014e+00, -7.54303565e-01,
        -8.13303490e-01,  6.73880636e-01, -1.17954400e+00,
        -6.35370392e-01, -3.73920605e-01, -4.53058416e-01,
        -4.30941922e-02, -3.45602105e-01,  4.96500275e-01],
       [ 1.26624892e+00,  2.51067000e+00,  9.76431974e-01,
         1.72079074e-01,  7.32911060e-01, -2.83162076e-01,
         1.34688276e+00,  2.41767539e-01,  1.95234675e+00,
        -1.08706399e-01,  1.54151821e-01, -1.78684019e+00,
        -3.88277547e-01, -3.95310238e-01, -3.34731555e-01,
         4.87014489e-02, -3.84258890e-02,  1.20855515e-01],
       [ 6.01515434e-01,  9.76431974e-01,  2.00674047e+00,
         4.50965562e-01,  3.09477347e-01,  2.94102742e-01,
         3.34093550e+00, -2.31768175e+00,  2.35351691e+00,
        -2.40248740e-01,  1.10431152e+00, -1.41769644e+00,
        -1.29275067e-01, -2.84430918e-01, -4.38774528e-01,
        -2.15159873e-01, -1.39711231e-01, -7.25509672e-02],
       [ 7.41854966e-01,  1.72079074e-01,  4.50965562e-01,
         3.10103274e-01,  8.38756272e-02, -7.92702286e-02,
         1.23512796e+00, -1.05619643e+00, -4.95774810e-03,
        -2.60043332e-01,  3.98069011e-01, -2.86907509e-01,
        -7.23745888e-02, -6.71807632e-02, -1.86654381e-01,
        -5.99047837e-02, -8.71358138e-02,  1.96426132e-02],
       [ 4.04922342e-01,  7.32911060e-01,  3.09477347e-01,
         8.38756272e-02,  3.96618608e-01, -2.51760695e-02,
         1.68232704e+00,  7.33052552e-01,  2.53042421e-01,
        -2.23227864e-01, -9.81742600e-03, -4.09718833e-01,
        -1.80170432e-01, -3.17895782e-02, -6.80293832e-02,
        -4.32700187e-02, -1.00182264e-01,  1.66872593e-02],
       [-8.85800341e-01, -2.83162076e-01,  2.94102742e-01,
        -7.92702286e-02, -2.51760695e-02,  4.56367485e-01,
         1.28828479e+00,  3.30308797e-01,  9.86451752e-01,
        -8.95540178e-03, -3.80726378e-02,  1.32678314e-01,
         1.98455314e-01,  8.05400000e-02,  1.04178180e-01,
        -9.47840191e-03,  2.28385989e-03, -1.77575760e-01],
       [ 7.47703499e-01,  1.34688276e+00,  3.34093550e+00,
         1.23512796e+00,  1.68232704e+00,  1.28828479e+00,
         2.15960331e+01, -4.35419529e-01,  3.82491168e+00,
        -2.15630755e+00,  1.49880023e+00, -1.47945963e+00,
        -4.59828405e-01, -1.93010642e-01, -6.39017216e-01,
        -5.40692869e-01, -1.39647366e+00, -8.31818015e-01],
       [-2.14323014e+00,  2.41767539e-01, -2.31768175e+00,
        -1.05619643e+00,  7.33052552e-01,  3.30308797e-01,
        -4.35419529e-01,  1.09385905e+01, -2.06049272e+00,
         2.60909448e-01, -2.47996560e+00,  1.28655804e+00,
         1.32455059e-01,  6.38071247e-01,  1.13847601e+00,
         4.35760294e-01,  2.89920936e-01,  3.54781994e-03],
       [-7.54303565e-01,  1.95234675e+00,  2.35351691e+00,
        -4.95774810e-03,  2.53042421e-01,  9.86451752e-01,
         3.82491168e+00, -2.06049272e+00,  9.27058640e+00,
        -6.24686021e-02,  9.15735350e-01, -2.12807846e+00,
         1.30232799e-01, -8.10759499e-01, -3.92203276e-01,
         9.52706555e-02, -2.62537589e-01, -3.27148307e-01],
       [-8.13303490e-01, -1.08706399e-01, -2.40248740e-01,
        -2.60043332e-01, -2.23227864e-01, -8.95540178e-03,
        -2.15630755e+00,  2.60909448e-01, -6.24686021e-02,
         9.08675399e-01, -2.42349801e-01,  1.45218873e-01,
         6.97892885e-02,  7.11910131e-02,  1.18625946e-01,
         5.69196330e-02,  2.95746568e-01,  7.97766601e-02],
       [ 6.73880636e-01,  1.54151821e-01,  1.10431152e+00,
         3.98069011e-01, -9.81742600e-03, -3.80726378e-02,
         1.49880023e+00, -2.47996560e+00,  9.15735350e-01,
        -2.42349801e-01,  1.33602063e+00, -7.33523355e-01,
        -8.21994052e-02, -2.95861905e-01, -4.74524158e-01,
        -2.07617996e-01, -1.33843103e-01, -1.14147161e-01],
       [-1.17954400e+00, -1.78684019e+00, -1.41769644e+00,
        -2.86907509e-01, -4.09718833e-01,  1.32678314e-01,
        -1.47945963e+00,  1.28655804e+00, -2.12807846e+00,
         1.45218873e-01, -7.33523355e-01,  1.96367707e+00,
         2.77070560e-01,  4.98480549e-01,  3.86352236e-01,
         2.45819026e-03,  1.25045287e-01, -5.74479532e-02],
       [-6.35370392e-01, -3.88277547e-01, -1.29275067e-01,
        -7.23745888e-02, -1.80170432e-01,  1.98455314e-01,
        -4.59828405e-01,  1.32455059e-01,  1.30232799e-01,
         6.97892885e-02, -8.21994052e-02,  2.77070560e-01,
         2.58234655e-01,  7.83874829e-02,  8.12304821e-02,
         7.04238118e-02,  1.21036698e-01, -1.36528381e-01],
       [-3.73920605e-01, -3.95310238e-01, -2.84430918e-01,
        -6.71807632e-02, -3.17895782e-02,  8.05400000e-02,
        -1.93010642e-01,  6.38071247e-01, -8.10759499e-01,
         7.11910131e-02, -2.95861905e-01,  4.98480549e-01,
         7.83874829e-02,  2.20641031e-01,  1.39040388e-01,
        -1.22893579e-02,  9.20689176e-02, -2.55232673e-03],
       [-4.53058416e-01, -3.34731555e-01, -4.38774528e-01,
        -1.86654381e-01, -6.80293832e-02,  1.04178180e-01,
        -6.39017216e-01,  1.13847601e+00, -3.92203276e-01,
         1.18625946e-01, -4.74524158e-01,  3.86352236e-01,
         8.12304821e-02,  1.39040388e-01,  2.58194700e-01,
         8.47853025e-02,  5.44212749e-02,  4.54161844e-02],
       [-4.30941922e-02,  4.87014489e-02, -2.15159873e-01,
        -5.99047837e-02, -4.32700187e-02, -9.47840191e-03,
        -5.40692869e-01,  4.35760294e-01,  9.52706555e-02,
         5.69196330e-02, -2.07617996e-01,  2.45819026e-03,
         7.04238118e-02, -1.22893579e-02,  8.47853025e-02,
         1.25285388e-01,  4.70707629e-02,  1.66480533e-02],
       [-3.45602105e-01, -3.84258890e-02, -1.39711231e-01,
        -8.71358138e-02, -1.00182264e-01,  2.28385989e-03,
        -1.39647366e+00,  2.89920936e-01, -2.62537589e-01,
         2.95746568e-01, -1.33843103e-01,  1.25045287e-01,
         1.21036698e-01,  9.20689176e-02,  5.44212749e-02,
         4.70707629e-02,  2.32871604e-01,  7.30494770e-03],
       [ 4.96500275e-01,  1.20855515e-01, -7.25509672e-02,
         1.96426132e-02,  1.66872593e-02, -1.77575760e-01,
        -8.31818015e-01,  3.54781994e-03, -3.27148307e-01,
         7.97766601e-02, -1.14147161e-01, -5.74479532e-02,
        -1.36528381e-01, -2.55232673e-03,  4.54161844e-02,
         1.66480533e-02,  7.30494770e-03,  2.18217070e-01]])
      jac: array([ 2.45544326e-07,  8.65788922e-07, -2.05761334e-06, -9.95370453e-06,
        4.91958326e-06,  1.06298303e-05,  2.85327317e-07, -3.74885308e-07,
       -1.53136763e-06, -5.05706588e-07,  1.71177887e-06,  4.15038374e-07,
        6.88504809e-06, -6.30884234e-06, -1.47667064e-05,  3.15395858e-06,
        3.95479945e-06,  1.30967459e-05])
  message: 'Desired error not necessarily achieved due to precision loss.'
     nfev: 1967
      nit: 59
     njev: 103
   status: 2
  success: False
        x: array([-0.21547061, -0.44929789,  0.71446747, -0.70188092, -0.69485067,
        0.06184327, -0.23278716, -1.43308394, -0.60937292,  0.09925483,
        0.74159192,  1.02849147,  0.04512428,  0.1567225 , -0.42609455,
        0.96459998, -0.46967812, -0.00916288])
