Program Begingeth
      fun: 0.27034117564651
 hess_inv: array([[ 4.90073735e+00, -2.10717054e-01, -8.73805922e+00,
         1.78236900e+00, -1.43153064e-01, -4.59263208e+00,
        -7.33829645e+00, -3.17898220e+00, -8.79865597e+00,
         1.99093883e-01,  5.50769881e-01,  2.37899392e-01,
         4.13316385e-01, -1.33240293e-01, -3.37129201e-01,
         3.18449708e-01, -2.44726115e-01,  6.82641865e-02],
       [-2.10717054e-01,  1.02967000e+00,  1.47759762e+00,
         3.80330830e-02,  5.81460677e-01,  7.05047422e-01,
         1.77244239e+00,  9.85262553e-01,  9.99626334e-01,
        -1.11051071e-01, -1.01824808e-01,  1.60601135e-01,
         7.42363000e-02,  1.12565854e-01, -1.36801136e-02,
         6.34667291e-02,  1.39754983e-02,  4.10772327e-03],
       [-8.73805922e+00,  1.47759762e+00,  2.69051215e+01,
        -2.04463428e+00,  1.38146499e+00,  1.40377694e+01,
         2.58746220e+01,  1.13982227e+01,  2.40558840e+01,
        -2.12354397e-01, -2.30281995e+00, -8.31245756e-02,
        -3.59256587e-01,  6.92674449e-01,  1.16680387e+00,
        -3.43015264e-01,  2.78033105e-01,  4.08151454e-02],
       [ 1.78236900e+00,  3.80330830e-02, -2.04463428e+00,
         7.97867837e-01,  6.06449259e-02, -1.09414446e+00,
        -1.12534974e+00, -6.33161454e-01, -2.29303864e+00,
         6.53462985e-02,  1.02994611e-01,  1.00476260e-01,
         2.21712286e-01, -2.53326618e-02, -7.30462475e-02,
         1.55232859e-01, -1.28002709e-01,  4.45608443e-02],
       [-1.43153064e-01,  5.81460677e-01,  1.38146499e+00,
         6.06449259e-02,  3.72341435e-01,  6.88405677e-01,
         1.55650770e+00,  9.51608203e-01,  9.94673925e-01,
        -2.45467234e-02, -1.17579280e-01,  1.14527071e-01,
         5.43810862e-02,  9.02468169e-02,  2.31802292e-02,
         4.98574306e-02,  3.82649423e-03,  8.19749997e-03],
       [-4.59263208e+00,  7.05047422e-01,  1.40377694e+01,
        -1.09414446e+00,  6.88405677e-01,  7.35560562e+00,
         1.33626745e+01,  5.98093352e+00,  1.26978005e+01,
        -4.78361781e-02, -1.25380974e+00, -4.44256587e-02,
        -2.15586863e-01,  3.61342400e-01,  6.27213670e-01,
        -1.94059953e-01,  1.39352196e-01,  1.80271024e-02],
       [-7.33829645e+00,  1.77244239e+00,  2.58746220e+01,
        -1.12534974e+00,  1.55650770e+00,  1.33626745e+01,
         2.79122374e+01,  1.08325181e+01,  2.29332157e+01,
        -3.21160468e-01, -1.94361483e+00, -1.13062304e-01,
         1.01401977e-03,  5.68655415e-01,  1.02949075e+00,
        -1.39015986e-01,  8.50620423e-02,  7.19133206e-02],
       [-3.17898220e+00,  9.85262553e-01,  1.13982227e+01,
        -6.33161454e-01,  9.51608203e-01,  5.98093352e+00,
         1.08325181e+01,  6.71651810e+00,  9.96119115e+00,
         2.09253101e-01, -9.49137393e-01,  1.35410525e-01,
        -1.64640575e-01,  3.40333579e-01,  4.94504160e-01,
        -9.84729595e-02,  7.16529669e-02, -6.34309169e-03],
       [-8.79865597e+00,  9.99626334e-01,  2.40558840e+01,
        -2.29303864e+00,  9.94673925e-01,  1.26978005e+01,
         2.29332157e+01,  9.96119115e+00,  2.34210848e+01,
        -5.41769066e-02, -2.02371427e+00, -1.60537900e-01,
        -4.49962731e-01,  4.76084748e-01,  1.01963553e+00,
        -3.96662899e-01,  1.91849386e-01, -4.32023428e-02],
       [ 1.99093883e-01, -1.11051071e-01, -2.12354397e-01,
         6.53462985e-02, -2.45467234e-02, -4.78361781e-02,
        -3.21160468e-01,  2.09253101e-01, -5.41769066e-02,
         6.33448278e-01,  4.56921646e-02, -4.02672942e-02,
        -1.41102402e-01, -3.73100708e-02, -6.00173007e-02,
        -1.14251120e-02, -4.97946137e-02, -1.61046124e-01],
       [ 5.50769881e-01, -1.01824808e-01, -2.30281995e+00,
         1.02994611e-01, -1.17579280e-01, -1.25380974e+00,
        -1.94361483e+00, -9.49137393e-01, -2.02371427e+00,
         4.56921646e-02,  6.18557684e-01, -7.06727817e-02,
         1.92556598e-02, -1.59560180e-01, -2.08126668e-01,
         3.37174713e-02, -2.19662519e-02, -1.05511805e-01],
       [ 2.37899392e-01,  1.60601135e-01, -8.31245756e-02,
         1.00476260e-01,  1.14527071e-01, -4.44256587e-02,
        -1.13062304e-01,  1.35410525e-01, -1.60537900e-01,
        -4.02672942e-02, -7.06727817e-02,  2.57246130e-01,
         6.28608846e-02,  7.32203525e-02, -2.53724512e-02,
         6.30802367e-02,  3.03073159e-02,  4.01215733e-02],
       [ 4.13316385e-01,  7.42363000e-02, -3.59256587e-01,
         2.21712286e-01,  5.43810862e-02, -2.15586863e-01,
         1.01401977e-03, -1.64640575e-01, -4.49962731e-01,
        -1.41102402e-01,  1.92556598e-02,  6.28608846e-02,
         1.41111296e-01,  3.77844935e-03, -9.28560910e-03,
         8.77650550e-02, -3.62190451e-02,  5.57289026e-02],
       [-1.33240293e-01,  1.12565854e-01,  6.92674449e-01,
        -2.53326618e-02,  9.02468169e-02,  3.61342400e-01,
         5.68655415e-01,  3.40333579e-01,  4.76084748e-01,
        -3.73100708e-02, -1.59560180e-01,  7.32203525e-02,
         3.77844935e-03,  9.08593756e-02,  4.61585429e-02,
         5.28381239e-03,  5.00489334e-02,  3.30235407e-02],
       [-3.37129201e-01, -1.36801136e-02,  1.16680387e+00,
        -7.30462475e-02,  2.31802292e-02,  6.27213670e-01,
         1.02949075e+00,  4.94504160e-01,  1.01963553e+00,
        -6.00173007e-02, -2.08126668e-01, -2.53724512e-02,
        -9.28560910e-03,  4.61585429e-02,  1.16524792e-01,
        -2.72772296e-02,  7.09224184e-03,  5.95627287e-02],
       [ 3.18449708e-01,  6.34667291e-02, -3.43015264e-01,
         1.55232859e-01,  4.98574306e-02, -1.94059953e-01,
        -1.39015986e-01, -9.84729595e-02, -3.96662899e-01,
        -1.14251120e-02,  3.37174713e-02,  6.30802367e-02,
         8.77650550e-02,  5.28381239e-03, -2.72772296e-02,
         7.89122686e-02, -2.27912758e-02,  1.38265224e-02],
       [-2.44726115e-01,  1.39754983e-02,  2.78033105e-01,
        -1.28002709e-01,  3.82649423e-03,  1.39352196e-01,
         8.50620423e-02,  7.16529669e-02,  1.91849386e-01,
        -4.97946137e-02, -2.19662519e-02,  3.03073159e-02,
        -3.62190451e-02,  5.00489334e-02,  7.09224184e-03,
        -2.27912758e-02,  7.39975270e-02,  4.90528130e-03],
       [ 6.82641865e-02,  4.10772327e-03,  4.08151454e-02,
         4.45608443e-02,  8.19749997e-03,  1.80271024e-02,
         7.19133206e-02, -6.34309169e-03, -4.32023428e-02,
        -1.61046124e-01, -1.05511805e-01,  4.01215733e-02,
         5.57289026e-02,  3.30235407e-02,  5.95627287e-02,
         1.38265224e-02,  4.90528130e-03,  9.27658767e-02]])
      jac: array([ 2.16996791e-05,  9.70316420e-05, -8.65207905e-05, -7.59862543e-05,
       -1.82814134e-04,  1.62539241e-04,  2.56195065e-05,  1.92438658e-06,
       -2.04118204e-05, -3.92308408e-05,  1.04771747e-05,  2.32906287e-05,
       -7.60806233e-05,  5.14070268e-05,  7.54344735e-05,  9.85459862e-05,
       -6.84123129e-05, -7.50947452e-05])
  message: 'Desired error not necessarily achieved due to precision loss.'
     nfev: 2557
      nit: 90
     njev: 134
   status: 2
  success: False
        x: array([ 2.04809863, -1.0001536 ,  0.10885949,  1.75029405, -1.04092623,
       -0.03900518,  2.22461124, -1.21306002, -1.0215265 ,  0.04761139,
        0.45464044,  1.241976  ,  0.04073304,  0.19391238, -0.29252157,
       -1.06426663, -0.34796113, -0.00614145])
