Program Begingeth
      fun: 0.24454737033552124
 hess_inv: array([[ 6.30140770e+00, -1.38706318e+00,  1.20871655e+00,
         2.36783614e+00, -7.09732035e-01,  7.12304565e-01,
         4.02619250e+00, -9.60415077e-01, -6.92269502e+00,
         4.03839148e-01, -4.41206293e-01,  7.50712882e-01,
        -6.73270243e-01,  3.47727183e-01, -4.07890628e-03,
        -4.61973619e-02,  4.33504332e-01, -7.09021326e-01],
       [-1.38706318e+00,  2.82574477e+00,  1.69742869e-01,
        -2.65011188e-01,  1.17910283e+00, -6.25004186e-01,
         2.79693139e-01,  9.14728263e-01, -1.25197157e+00,
        -5.27879493e-01,  4.49346823e-01, -1.10710060e+00,
         5.02634517e-01, -2.73845930e-01, -2.43760110e-01,
         1.20638418e-01, -1.46016825e-01,  1.62101383e-01],
       [ 1.20871655e+00,  1.69742869e-01,  1.37370097e+00,
         5.02197892e-01,  2.15570164e-01,  4.46106459e-01,
         2.03472305e+00,  7.81048007e-01, -1.70686342e+00,
         1.94607189e-02,  3.89394610e-01, -5.19232534e-02,
        -5.17359342e-02,  1.37850734e-01, -1.04209449e-01,
         1.35109760e-01,  1.85650769e-01, -1.41866564e-01],
       [ 2.36783614e+00, -2.65011188e-01,  5.02197892e-01,
         1.01093458e+00, -1.55535040e-01,  2.21297400e-01,
         2.12562517e+00, -5.19276735e-01, -2.93956910e+00,
         1.70485789e-01, -1.51220680e-01,  1.82832392e-01,
        -1.46992917e-01,  8.62807886e-02, -2.78971835e-03,
         2.66894292e-02,  8.45497198e-02, -2.38455241e-01],
       [-7.09732035e-01,  1.17910283e+00,  2.15570164e-01,
        -1.55535040e-01,  5.75143274e-01, -2.09136896e-01,
         2.77320793e-01,  8.33526071e-01, -2.83108716e-01,
        -2.40320556e-01,  2.66163951e-01, -3.99150968e-01,
         2.53785100e-01, -7.91093843e-02, -1.28234595e-01,
         1.07166354e-01, -5.72113938e-02,  8.51985427e-02],
       [ 7.12304565e-01, -6.25004186e-01,  4.46106459e-01,
         2.21297400e-01, -2.09136896e-01,  3.59206828e-01,
         6.22836532e-01, -1.72303677e-02,  2.56917168e-02,
         1.58781977e-01, -5.07017266e-02,  2.61498321e-01,
        -1.46904884e-01,  1.42642000e-01,  5.34061128e-02,
         1.17608271e-02,  1.08173799e-01, -7.89598366e-02],
       [ 4.02619250e+00,  2.79693139e-01,  2.03472305e+00,
         2.12562517e+00,  2.77320793e-01,  6.22836532e-01,
         7.46258572e+00, -3.28822423e-01, -5.98580855e+00,
         4.21742511e-01,  2.08310648e-01,  1.82905256e-01,
         4.88847706e-02,  1.75488027e-01, -1.32292847e-01,
         2.99216641e-01,  5.17306962e-02, -3.71638877e-01],
       [-9.60415077e-01,  9.14728263e-01,  7.81048007e-01,
        -5.19276735e-01,  8.33526071e-01, -1.72303677e-02,
        -3.28822423e-01,  4.42000784e+00,  4.96972134e-01,
        -6.45995156e-01,  6.34041976e-01, -9.29850308e-02,
         1.90154159e-01,  9.91601112e-02, -3.04882246e-01,
         1.99437920e-01,  1.39288510e-01,  6.80145959e-02],
       [-6.92269502e+00, -1.25197157e+00, -1.70686342e+00,
        -2.93956910e+00, -2.83108716e-01,  2.56917168e-02,
        -5.98580855e+00,  4.96972134e-01,  1.31370613e+01,
        -2.45138103e-01, -1.07196828e-01,  2.91382232e-01,
         4.14593846e-01,  6.48706791e-03,  3.56784282e-01,
        -1.16948225e-02, -3.07735204e-01,  8.03214797e-01],
       [ 4.03839148e-01, -5.27879493e-01,  1.94607189e-02,
         1.70485789e-01, -2.40320556e-01,  1.58781977e-01,
         4.21742511e-01, -6.45995156e-01, -2.45138103e-01,
         6.96974410e-01, -3.73296883e-02,  1.61348575e-01,
        -1.95163227e-01, -1.40859827e-03, -7.30103947e-03,
        -2.15950618e-02, -4.94248256e-02, -1.91484898e-01],
       [-4.41206293e-01,  4.49346823e-01,  3.89394610e-01,
        -1.51220680e-01,  2.66163951e-01, -5.07017266e-02,
         2.08310648e-01,  6.34041976e-01, -1.07196828e-01,
        -3.73296883e-02,  6.63056927e-01, -2.55272709e-01,
         9.56245180e-02, -1.08021402e-01, -1.94557322e-01,
         9.59436840e-02,  5.01620879e-03, -6.53699617e-02],
       [ 7.50712882e-01, -1.10710060e+00, -5.19232534e-02,
         1.82832392e-01, -3.99150968e-01,  2.61498321e-01,
         1.82905256e-01, -9.29850308e-02,  2.91382232e-01,
         1.61348575e-01, -2.55272709e-01,  7.31599774e-01,
        -1.68674326e-01,  2.04816425e-01,  5.88271080e-02,
         1.77076876e-02,  1.11243809e-01, -5.54128036e-02],
       [-6.73270243e-01,  5.02634517e-01, -5.17359342e-02,
        -1.46992917e-01,  2.53785100e-01, -1.46904884e-01,
         4.88847706e-02,  1.90154159e-01,  4.14593846e-01,
        -1.95163227e-01,  9.56245180e-02, -1.68674326e-01,
         2.45481904e-01, -6.73072236e-02, -1.58060585e-02,
         9.90745235e-02, -1.04357004e-01,  1.38577654e-01],
       [ 3.47727183e-01, -2.73845930e-01,  1.37850734e-01,
         8.62807886e-02, -7.91093843e-02,  1.42642000e-01,
         1.75488027e-01,  9.91601112e-02,  6.48706791e-03,
        -1.40859827e-03, -1.08021402e-01,  2.04816425e-01,
        -6.73072236e-02,  1.21051563e-01,  2.67592212e-02,
         5.41663001e-03,  9.55284248e-02, -1.53391763e-02],
       [-4.07890628e-03, -2.43760110e-01, -1.04209449e-01,
        -2.78971835e-03, -1.28234595e-01,  5.34061128e-02,
        -1.32292847e-01, -3.04882246e-01,  3.56784282e-01,
        -7.30103947e-03, -1.94557322e-01,  5.88271080e-02,
        -1.58060585e-02,  2.67592212e-02,  1.11044090e-01,
        -3.58694640e-02, -1.59422100e-02,  7.10682800e-02],
       [-4.61973619e-02,  1.20638418e-01,  1.35109760e-01,
         2.66894292e-02,  1.07166354e-01,  1.17608271e-02,
         2.99216641e-01,  1.99437920e-01, -1.16948225e-02,
        -2.15950618e-02,  9.59436840e-02,  1.77076876e-02,
         9.90745235e-02,  5.41663001e-03, -3.58694640e-02,
         9.84599848e-02, -2.03659233e-02,  1.72588514e-02],
       [ 4.33504332e-01, -1.46016825e-01,  1.85650769e-01,
         8.45497198e-02, -5.72113938e-02,  1.08173799e-01,
         5.17306962e-02,  1.39288510e-01, -3.07735204e-01,
        -4.94248256e-02,  5.01620879e-03,  1.11243809e-01,
        -1.04357004e-01,  9.55284248e-02, -1.59422100e-02,
        -2.03659233e-02,  1.43409575e-01, -5.85269943e-02],
       [-7.09021326e-01,  1.62101383e-01, -1.41866564e-01,
        -2.38455241e-01,  8.51985427e-02, -7.89598366e-02,
        -3.71638877e-01,  6.80145959e-02,  8.03214797e-01,
        -1.91484898e-01, -6.53699617e-02, -5.54128036e-02,
         1.38577654e-01, -1.53391763e-02,  7.10682800e-02,
         1.72588514e-02, -5.85269943e-02,  1.85182346e-01]])
      jac: array([-1.41738473e-07,  8.16013923e-08, -1.19015908e-06,  7.63093292e-07,
       -6.02110954e-07,  2.56942615e-06, -1.24344979e-07,  1.66533454e-08,
       -1.49324997e-07, -8.82627305e-08,  2.57571742e-07, -7.53656397e-07,
       -1.94474066e-07,  1.02584607e-06, -3.30087809e-06,  5.84717460e-08,
       -4.77395901e-07,  2.14217533e-06])
  message: 'Optimization terminated successfully.'
     nfev: 2014
      nit: 89
     njev: 106
   status: 0
  success: True
        x: array([ 0.80388659, -0.9332304 ,  0.74969954,  1.11734525, -0.96719675,
        0.31240324,  2.05309851, -0.7620853 ,  0.80378538,  0.0661441 ,
        0.63646409,  1.20532954,  0.04345311,  0.18025327, -0.33729912,
       -0.92193245, -0.36003518, -0.02252452])
