Program Begingeth
      fun: 0.2827546525649028
 hess_inv: array([[ 1.73455396e+00,  8.80950602e-02,  2.10919142e-01,
         1.20337374e-02, -2.38775820e-01,  2.54620298e-01,
         4.29375082e-01,  1.50954965e+00,  5.97706913e-02,
         2.72090169e-01, -1.31955906e+00, -1.41400857e-01,
        -7.66471932e-01,  2.25445576e-03,  1.78303515e-04,
         3.56141068e-02,  1.17723352e-01, -2.68097151e-01],
       [ 8.80950602e-02,  2.61620539e+00, -5.71854669e-01,
        -1.20631028e+00, -1.88718340e-01, -6.70466391e-01,
         2.96129980e+00, -4.20375199e-02,  1.46013947e+00,
        -5.66224432e+00, -1.58020275e+00,  3.33892961e-01,
         1.79520137e-01, -9.32789272e-01, -7.85303895e-01,
         4.96123418e-01, -2.64511273e-02, -2.65729326e-01],
       [ 2.10919142e-01, -5.71854669e-01,  6.48087098e-01,
         1.34379177e-01, -1.00545438e-01,  5.24578297e-02,
        -2.05391089e+00,  1.65400189e-01, -6.24474508e-01,
         6.80932103e-01, -5.49485215e-01, -6.50088446e-01,
        -1.19456214e-01,  2.72470764e-01,  4.31917795e-02,
        -2.15572038e-01,  3.97921084e-02,  1.02466946e-01],
       [ 1.20337374e-02, -1.20631028e+00,  1.34379177e-01,
         1.13471893e+00,  6.34527758e-02,  6.00340948e-01,
         1.56560514e+00, -5.57216254e-01, -3.82653003e-01,
         5.44542351e+00,  8.81176758e-01,  1.73039153e-01,
        -1.72689742e-01,  3.88375967e-01,  5.09518131e-01,
         3.22856840e-02, -1.98608307e-02, -2.00905885e-02],
       [-2.38775820e-01, -1.88718340e-01, -1.00545438e-01,
         6.34527758e-02,  2.04039008e-01,  5.66319018e-03,
         3.11536607e-01, -1.25929079e-01,  1.12852502e-03,
         2.11533693e-01,  9.04898311e-01,  1.26363275e-01,
         1.16996052e-01,  9.37945096e-02,  3.68201431e-02,
         3.37828517e-02,  8.40436404e-03,  2.47261100e-02],
       [ 2.54620298e-01, -6.70466391e-01,  5.24578297e-02,
         6.00340948e-01,  5.66319018e-03,  4.95121794e-01,
         8.18720204e-01, -1.67640671e-01, -1.57316985e-01,
         3.07267690e+00,  3.06684443e-01,  4.97906366e-01,
        -2.51758486e-01,  2.37936427e-01,  3.50386609e-01,
        -6.29654086e-03,  1.64857312e-02, -2.36582904e-02],
       [ 4.29375082e-01,  2.96129980e+00, -2.05391089e+00,
         1.56560514e+00,  3.11536607e-01,  8.18720204e-01,
         3.27727153e+01, -1.01679865e+00,  1.99104715e+00,
         8.43728739e+00,  2.26865403e+00,  2.72515547e+00,
        -3.74920968e-01, -1.27765544e+00, -4.46754409e-01,
         3.26626673e+00,  1.01171525e-01, -1.90466474e+00],
       [ 1.50954965e+00, -4.20375199e-02,  1.65400189e-01,
        -5.57216254e-01, -1.25929079e-01, -1.67640671e-01,
        -1.01679865e+00,  6.05678742e+00, -1.69316188e-01,
        -2.54381474e+00, -1.15064514e+00, -6.33286206e-01,
        -5.85616850e-01,  1.36414998e-01, -2.64170119e-01,
        -5.99490026e-02,  5.54403735e-01, -2.50851054e-01],
       [ 5.97706913e-02,  1.46013947e+00, -6.24474508e-01,
        -3.82653003e-01,  1.12852502e-03, -1.57316985e-01,
         1.99104715e+00, -1.69316188e-01,  5.13729983e+00,
        -1.81012067e+00, -6.90560600e-01,  7.12099421e-01,
         1.54681139e-01, -4.23810171e-01, -1.84599848e-01,
         4.02850416e-01,  1.45811178e-02,  3.00195135e-01],
       [ 2.72090169e-01, -5.66224432e+00,  6.80932103e-01,
         5.44542351e+00,  2.11533693e-01,  3.07267690e+00,
         8.43728739e+00, -2.54381474e+00, -1.81012067e+00,
         2.67587353e+01,  3.84315922e+00,  1.23331199e+00,
        -1.09355395e+00,  1.85382602e+00,  2.45951878e+00,
         1.74709722e-01, -1.24907575e-02, -1.94192789e-01],
       [-1.31955906e+00, -1.58020275e+00, -5.49485215e-01,
         8.81176758e-01,  9.04898311e-01,  3.06684443e-01,
         2.26865403e+00, -1.15064514e+00, -6.90560600e-01,
         3.84315922e+00,  4.80363311e+00,  6.53135759e-01,
         4.82284851e-01,  5.33687614e-01,  4.77610594e-01,
         1.01196052e-01, -4.25188408e-02,  6.57110356e-02],
       [-1.41400857e-01,  3.33892961e-01, -6.50088446e-01,
         1.73039153e-01,  1.26363275e-01,  4.97906366e-01,
         2.72515547e+00, -6.33286206e-01,  7.12099421e-01,
         1.23331199e+00,  6.53135759e-01,  2.01107919e+00,
        -6.07184130e-02, -1.15095022e-01,  2.12990316e-01,
         2.38292122e-01, -5.47858340e-03, -7.90609191e-02],
       [-7.66471932e-01,  1.79520137e-01, -1.19456214e-01,
        -1.72689742e-01,  1.16996052e-01, -2.51758486e-01,
        -3.74920968e-01, -5.85616850e-01,  1.54681139e-01,
        -1.09355395e+00,  4.82284851e-01, -6.07184130e-02,
         4.27937514e-01, -7.22054544e-02, -1.00532470e-01,
         2.33998744e-02, -6.51732516e-02,  1.33769783e-01],
       [ 2.25445576e-03, -9.32789272e-01,  2.72470764e-01,
         3.88375967e-01,  9.37945096e-02,  2.37936427e-01,
        -1.27765544e+00,  1.36414998e-01, -4.23810171e-01,
         1.85382602e+00,  5.33687614e-01, -1.15095022e-01,
        -7.22054544e-02,  3.84436115e-01,  2.60004717e-01,
        -1.83338270e-01,  4.70110129e-02,  1.18233809e-01],
       [ 1.78303515e-04, -7.85303895e-01,  4.31917795e-02,
         5.09518131e-01,  3.68201431e-02,  3.50386609e-01,
        -4.46754409e-01, -2.64170119e-01, -1.84599848e-01,
         2.45951878e+00,  4.77610594e-01,  2.12990316e-01,
        -1.00532470e-01,  2.60004717e-01,  3.58131455e-01,
        -1.25196215e-01, -1.87968102e-02,  8.97916507e-02],
       [ 3.56141068e-02,  4.96123418e-01, -2.15572038e-01,
         3.22856840e-02,  3.37828517e-02, -6.29654086e-03,
         3.26626673e+00, -5.99490026e-02,  4.02850416e-01,
         1.74709722e-01,  1.01196052e-01,  2.38292122e-01,
         2.33998744e-02, -1.83338270e-01, -1.25196215e-01,
         3.75392978e-01,  1.00228590e-02, -1.79033808e-01],
       [ 1.17723352e-01, -2.64511273e-02,  3.97921084e-02,
        -1.98608307e-02,  8.40436404e-03,  1.64857312e-02,
         1.01171525e-01,  5.54403735e-01,  1.45811178e-02,
        -1.24907575e-02, -4.25188408e-02, -5.47858340e-03,
        -6.51732516e-02,  4.70110129e-02, -1.87968102e-02,
         1.00228590e-02,  7.99393352e-02, -2.58366914e-02],
       [-2.68097151e-01, -2.65729326e-01,  1.02466946e-01,
        -2.00905885e-02,  2.47261100e-02, -2.36582904e-02,
        -1.90466474e+00, -2.50851054e-01,  3.00195135e-01,
        -1.94192789e-01,  6.57110356e-02, -7.90609191e-02,
         1.33769783e-01,  1.18233809e-01,  8.97916507e-02,
        -1.79033808e-01, -2.58366914e-02,  2.22220406e-01]])
      jac: array([ 1.93756122e-05, -8.16717064e-06, -4.42238838e-06,  4.00139181e-05,
       -1.54198876e-05,  3.47610829e-06,  5.12775008e-06, -5.83866289e-06,
        1.83112784e-06, -1.17276559e-05,  1.79856130e-06,  8.77076190e-07,
        4.26196115e-05, -6.71388870e-06,  8.78186412e-06, -5.23921647e-05,
        6.83989902e-05, -8.73486468e-06])
  message: 'Maximum number of iterations has been exceeded.'
     nfev: 2166
      nit: 100
     njev: 114
   status: 1
  success: False
        x: array([ 0.1028372 ,  0.28372956,  0.63851349,  1.4092717 , -0.44626551,
        0.15622046, -1.57475729, -0.69695889,  0.90922243,  1.28534112,
       -0.53117991,  0.62623427,  0.12720861,  0.11417444, -0.21539699,
       -1.44174346, -0.63826738,  0.13073841])
