Program Begingeth
      fun: 0.34818569368633845
 hess_inv: array([[ 1.22451962e+00, -1.19353323e-01,  1.32526258e-01,
         2.92559934e-01, -2.62886350e-01,  3.49720509e-01,
         8.37057836e-01, -2.97273898e-01,  4.84786106e-01,
         8.23708100e-01, -8.84374372e-01, -8.39750122e-03,
        -4.69504728e-01, -1.15004222e-02,  7.25014359e-02,
        -1.99713010e-02, -2.39839746e-02, -2.63040083e-01],
       [-1.19353323e-01,  6.07831345e-01, -1.75724705e-01,
        -2.82810849e-01,  8.27314612e-02, -2.71345426e-01,
        -1.14015748e+00,  3.20747458e-01, -2.80912360e-01,
        -8.40409924e-01,  8.54903522e-02, -1.28836994e-01,
         6.16712169e-02, -2.20537990e-01, -2.25835452e-01,
         4.08924198e-02, -1.47020418e-02, -1.10336972e-01],
       [ 1.32526258e-01, -1.75724705e-01,  4.25299744e-01,
         2.10337043e-01,  8.69073700e-02,  2.24693744e-01,
         3.86933423e-01, -2.65688156e-01,  7.72245854e-01,
         8.39507941e-01,  1.25630934e-01,  1.05004367e-01,
        -1.16593411e-02,  1.85471115e-01,  1.43479389e-02,
         6.59958605e-02,  5.61042653e-02,  5.88849994e-02],
       [ 2.92559934e-01, -2.82810849e-01,  2.10337043e-01,
         5.35068308e-01,  9.37262139e-02,  2.71501759e-01,
         1.32733829e+00,  2.81946966e-01,  1.35151509e+00,
         1.56482849e+00,  2.02852746e-01, -1.21386087e-01,
         1.42469860e-03,  1.45352912e-01,  1.46699618e-01,
         4.32160936e-02, -2.80414252e-03,  4.01274260e-02],
       [-2.62886350e-01,  8.27314612e-02,  8.69073700e-02,
         9.37262139e-02,  4.22475151e-01, -8.10936302e-02,
        -2.60943514e-01,  8.63239943e-01,  8.14147366e-01,
         3.31679407e-01,  1.03185379e+00, -1.97679179e-01,
         2.14992642e-01,  1.03115870e-01, -6.94808278e-02,
         9.81902980e-02,  1.13745851e-02,  8.13817262e-02],
       [ 3.49720509e-01, -2.71345426e-01,  2.24693744e-01,
         2.71501759e-01, -8.10936302e-02,  5.01412803e-01,
         1.29750638e+00, -5.33666258e-01,  1.37562817e+00,
         1.01214058e+00, -1.25725089e-01,  5.71393450e-01,
        -2.14893269e-01,  1.69720420e-01,  1.85225289e-01,
        -3.58302047e-02,  1.03366742e-01,  2.58132657e-04],
       [ 8.37057836e-01, -1.14015748e+00,  3.86933423e-01,
         1.32733829e+00, -2.60943514e-01,  1.29750638e+00,
         1.03558455e+01, -1.36970761e+00,  5.49490428e+00,
         3.84918879e+00,  9.29074783e-01,  4.05611504e-01,
        -7.97106763e-01,  4.60239456e-01,  5.87392724e-01,
        -2.92666897e-01,  5.09656179e-01, -1.12506514e-01],
       [-2.97273898e-01,  3.20747458e-01, -2.65688156e-01,
         2.81946966e-01,  8.63239943e-01, -5.33666258e-01,
        -1.36970761e+00,  4.19553660e+00,  9.86351104e-01,
         4.44519377e-01,  1.60531122e+00, -1.34840451e+00,
         5.11031941e-01,  6.37957053e-03, -9.80742279e-02,
         1.54257542e-01, -1.15021289e-01,  1.25150994e-01],
       [ 4.84786106e-01, -2.80912360e-01,  7.72245854e-01,
         1.35151509e+00,  8.14147366e-01,  1.37562817e+00,
         5.49490428e+00,  9.86351104e-01,  9.38208326e+00,
         4.77245895e+00,  2.65267010e+00,  5.82214230e-01,
        -2.64392661e-01,  5.82122043e-01,  3.96639655e-01,
         3.99904399e-02,  4.34572276e-01,  1.54714235e-01],
       [ 8.23708100e-01, -8.40409924e-01,  8.39507941e-01,
         1.56482849e+00,  3.31679407e-01,  1.01214058e+00,
         3.84918879e+00,  4.44519377e-01,  4.77245895e+00,
         4.99772760e+00,  7.64400672e-01,  1.63489807e-02,
        -8.50255814e-02,  5.46115579e-01,  4.33008488e-01,
         1.05796074e-01,  9.36168035e-02,  1.39793404e-01],
       [-8.84374372e-01,  8.54903522e-02,  1.25630934e-01,
         2.02852746e-01,  1.03185379e+00, -1.25725089e-01,
         9.29074783e-01,  1.60531122e+00,  2.65267010e+00,
         7.64400672e-01,  3.16054379e+00, -3.64438311e-01,
         4.27190499e-01,  2.67039520e-01, -1.36706662e-01,
         1.35035724e-01,  1.31311842e-01,  1.93443993e-01],
       [-8.39750122e-03, -1.28836994e-01,  1.05004367e-01,
        -1.21386087e-01, -1.97679179e-01,  5.71393450e-01,
         4.05611504e-01, -1.34840451e+00,  5.82214230e-01,
         1.63489807e-02, -3.64438311e-01,  1.50834941e+00,
        -1.98530641e-01,  1.45335522e-01,  1.59192919e-01,
        -6.15033235e-02,  1.63390908e-01,  1.04921673e-02],
       [-4.69504728e-01,  6.16712169e-02, -1.16593411e-02,
         1.42469860e-03,  2.14992642e-01, -2.14893269e-01,
        -7.97106763e-01,  5.11031941e-01, -2.64392661e-01,
        -8.50255814e-02,  4.27190499e-01, -1.98530641e-01,
         3.43923663e-01,  8.81390267e-03, -4.70511947e-02,
         1.06386763e-01, -6.89761751e-02,  1.40978158e-01],
       [-1.15004222e-02, -2.20537990e-01,  1.85471115e-01,
         1.45352912e-01,  1.03115870e-01,  1.69720420e-01,
         4.60239456e-01,  6.37957053e-03,  5.82122043e-01,
         5.46115579e-01,  2.67039520e-01,  1.45335522e-01,
         8.81390267e-03,  1.80023716e-01,  7.17154301e-02,
         1.74524016e-02,  6.53848118e-02,  7.27525481e-02],
       [ 7.25014359e-02, -2.25835452e-01,  1.43479389e-02,
         1.46699618e-01, -6.94808278e-02,  1.85225289e-01,
         5.87392724e-01, -9.80742279e-02,  3.96639655e-01,
         4.33008488e-01, -1.36706662e-01,  1.59192919e-01,
        -4.70511947e-02,  7.17154301e-02,  1.62469627e-01,
        -3.76161525e-02,  1.26447007e-02,  6.38466513e-02],
       [-1.99713010e-02,  4.08924198e-02,  6.59958605e-02,
         4.32160936e-02,  9.81902980e-02, -3.58302047e-02,
        -2.92666897e-01,  1.54257542e-01,  3.99904399e-02,
         1.05796074e-01,  1.35035724e-01, -6.15033235e-02,
         1.06386763e-01,  1.74524016e-02, -3.76161525e-02,
         8.68687544e-02, -2.89139612e-02,  2.16610652e-02],
       [-2.39839746e-02, -1.47020418e-02,  5.61042653e-02,
        -2.80414252e-03,  1.13745851e-02,  1.03366742e-01,
         5.09656179e-01, -1.15021289e-01,  4.34572276e-01,
         9.36168035e-02,  1.31311842e-01,  1.63390908e-01,
        -6.89761751e-02,  6.53848118e-02,  1.26447007e-02,
        -2.89139612e-02,  1.00574833e-01, -2.85360594e-03],
       [-2.63040083e-01, -1.10336972e-01,  5.88849994e-02,
         4.01274260e-02,  8.13817262e-02,  2.58132657e-04,
        -1.12506514e-01,  1.25150994e-01,  1.54714235e-01,
         1.39793404e-01,  1.93443993e-01,  1.04921673e-02,
         1.40978158e-01,  7.27525481e-02,  6.38466513e-02,
         2.16610652e-02, -2.85360594e-03,  1.42664412e-01]])
      jac: array([-1.92475665e-05,  2.05576297e-05, -2.19446683e-05,  5.30686606e-05,
       -6.20536955e-05,  2.33183843e-05, -6.46815934e-06,  2.04058992e-06,
       -1.38185759e-06, -8.28189369e-06,  1.60863915e-05, -4.31395660e-06,
       -4.52889578e-05,  4.40658621e-05, -1.77080572e-05,  3.69563639e-05,
       -8.65825930e-06,  2.29834670e-05])
  message: 'Desired error not necessarily achieved due to precision loss.'
     nfev: 2215
      nit: 72
     njev: 116
   status: 2
  success: False
        x: array([ 0.07340877,  0.09708951,  0.87685998,  1.33759218, -0.93082475,
        0.31670874,  0.64275751, -1.99142696,  0.77964346,  1.72422828,
       -0.85387856,  0.87842346,  0.05456173,  0.0216217 , -0.26206014,
       -1.18784652, -0.67464101,  0.04719848])
