Program Begingeth
      fun: 0.32621766145948994
 hess_inv: array([[ 1.62362494e+01, -2.38544238e+00, -4.02628675e-01,
         2.88311222e+00, -2.64203671e+00,  4.35905931e-01,
         3.98566601e+00, -2.18241227e+00,  4.72353992e+00,
        -2.44015272e+00,  7.84316752e-02,  4.49039187e-01,
        -3.55568723e+00, -2.71320148e-03,  2.26293670e-03,
         1.15176905e-01,  2.08124147e+00, -2.42150193e-01],
       [-2.38544238e+00,  2.89558811e+00,  3.73128506e-02,
        -1.41266348e-01,  1.20406123e+00,  1.57802795e-01,
         3.34939112e-02,  2.66369170e+00,  4.93505951e-01,
         7.01351912e-01, -1.94250272e-01, -9.87884827e-01,
         5.64211086e-01, -2.76345638e-01,  3.77965492e-01,
        -1.84907660e-01, -1.80333541e-01,  7.23624047e-02],
       [-4.02628675e-01,  3.73128506e-02,  2.96749355e+00,
        -3.93212063e-01, -2.12070801e-01,  8.48709219e-01,
        -3.19032675e+00, -1.91507427e+00,  1.15757024e+00,
         2.97687757e-02,  9.33699985e-01, -2.93214888e-01,
        -3.88061588e-02, -3.28138988e-01, -2.67324648e-01,
        -3.32964886e-02, -3.02644305e-02,  1.94246008e-01],
       [ 2.88311222e+00, -1.41266348e-01, -3.93212063e-01,
         6.67107350e-01, -3.51320731e-01, -1.62438395e-02,
         1.59079373e+00,  2.63587040e-03,  9.28237870e-01,
        -4.15198522e-01, -4.72808972e-02, -3.04092820e-02,
        -5.35375997e-01, -3.79510899e-02,  4.98872152e-02,
         3.21808183e-02,  3.33686151e-01, -5.57558246e-02],
       [-2.64203671e+00,  1.20406123e+00, -2.12070801e-01,
        -3.51320731e-01,  7.79308555e-01, -5.66365363e-02,
        -2.05616398e-01,  1.69383297e+00, -5.10775928e-01,
         6.01557279e-01, -1.63511273e-01, -2.86394059e-01,
         5.98154957e-01, -2.50438762e-02,  1.56989608e-01,
        -4.80750866e-02, -3.02589138e-01,  3.64825443e-02],
       [ 4.35905931e-01,  1.57802795e-01,  8.48709219e-01,
        -1.62438395e-02, -5.66365363e-02,  3.71659832e-01,
        -9.43446634e-01, -1.63557104e-01,  8.68380094e-01,
         1.22893264e-01,  1.24984063e-01, -1.33623483e-01,
        -1.87046701e-01, -8.93286805e-02,  2.03865889e-02,
        -3.52046511e-02,  6.99926873e-02,  4.94464563e-02],
       [ 3.98566601e+00,  3.34939112e-02, -3.19032675e+00,
         1.59079373e+00, -2.05616398e-01, -9.43446634e-01,
         8.05382781e+00,  1.64472280e+00,  5.12374463e-01,
        -5.15858576e-01, -4.13339079e-01, -2.15422149e-02,
        -4.53196027e-01,  1.22779937e-02,  1.48718088e-01,
         8.23302076e-02,  3.31117293e-01, -2.87811924e-01],
       [-2.18241227e+00,  2.66369170e+00, -1.91507427e+00,
         2.63587040e-03,  1.69383297e+00, -1.63557104e-01,
         1.64472280e+00,  7.78007847e+00, -1.05228764e-01,
         1.58495942e+00, -7.68676896e-01, -5.62091062e-01,
         3.39657358e-01,  5.51325179e-02,  6.98921079e-01,
        -1.51574669e-01, -2.23663833e-01, -9.64564078e-02],
       [ 4.72353992e+00,  4.93505951e-01,  1.15757024e+00,
         9.28237870e-01, -5.10775928e-01,  8.68380094e-01,
         5.12374463e-01, -1.05228764e-01,  4.80986162e+00,
        -1.20183675e-01,  2.71177720e-01, -3.33202366e-01,
        -1.09744435e+00, -3.75194244e-01,  7.62555559e-02,
        -6.46709678e-02,  5.40347806e-01, -6.89362875e-02],
       [-2.44015272e+00,  7.01351912e-01,  2.97687757e-02,
        -4.15198522e-01,  6.01557279e-01,  1.22893264e-01,
        -5.15858576e-01,  1.58495942e+00, -1.20183675e-01,
         1.46147812e+00,  5.10788855e-02, -2.17982288e-01,
         2.78906564e-01, -5.91954830e-02,  6.28595229e-02,
        -5.20657200e-02, -3.42758289e-01, -1.45469193e-01],
       [ 7.84316752e-02, -1.94250272e-01,  9.33699985e-01,
        -4.72808971e-02, -1.63511273e-01,  1.24984063e-01,
        -4.13339079e-01, -7.68676896e-01,  2.71177720e-01,
         5.10788855e-02,  1.03246040e+00, -8.72085549e-02,
        -4.15043960e-02, -2.75045997e-01, -3.23408523e-01,
         2.73955860e-02, -2.61577593e-02, -9.00118437e-02],
       [ 4.49039187e-01, -9.87884827e-01, -2.93214888e-01,
        -3.04092820e-02, -2.86394059e-01, -1.33623483e-01,
        -2.15422149e-02, -5.62091062e-01, -3.33202366e-01,
        -2.17982288e-01, -8.72085549e-02,  7.07794849e-01,
        -8.60753755e-02,  2.27092249e-01, -1.52983686e-01,
         1.13845201e-01,  6.42491907e-02, -1.61101507e-02],
       [-3.55568723e+00,  5.64211086e-01, -3.88061588e-02,
        -5.35375997e-01,  5.98154957e-01, -1.87046701e-01,
        -4.53196027e-01,  3.39657358e-01, -1.09744435e+00,
         2.78906564e-01, -4.15043960e-02, -8.60753755e-02,
         9.41443329e-01, -5.55032498e-03, -6.53769510e-03,
         3.25476145e-02, -4.87372560e-01,  9.49994954e-02],
       [-2.71320148e-03, -2.76345638e-01, -3.28138988e-01,
        -3.79510899e-02, -2.50438762e-02, -8.93286805e-02,
         1.22779937e-02,  5.51325179e-02, -3.75194244e-01,
        -5.91954830e-02, -2.75045997e-01,  2.27092249e-01,
        -5.55032498e-03,  1.69312340e-01,  3.58924947e-02,
         2.64730542e-02,  3.14023598e-02,  1.91238263e-02],
       [ 2.26293670e-03,  3.77965492e-01, -2.67324648e-01,
         4.98872152e-02,  1.56989608e-01,  2.03865889e-02,
         1.48718088e-01,  6.98921079e-01,  7.62555559e-02,
         6.28595229e-02, -3.23408523e-01, -1.52983686e-01,
        -6.53769510e-03,  3.58924947e-02,  1.91532950e-01,
        -4.25423412e-02,  1.78210086e-02,  4.50360101e-02],
       [ 1.15176905e-01, -1.84907660e-01, -3.32964886e-02,
         3.21808183e-02, -4.80750866e-02, -3.52046511e-02,
         8.23302076e-02, -1.51574669e-01, -6.46709678e-02,
        -5.20657200e-02,  2.73955860e-02,  1.13845201e-01,
         3.25476145e-02,  2.64730542e-02, -4.25423412e-02,
         6.55604234e-02, -7.60187530e-03, -1.85169942e-03],
       [ 2.08124147e+00, -1.80333541e-01, -3.02644305e-02,
         3.33686151e-01, -3.02589138e-01,  6.99926873e-02,
         3.31117293e-01, -2.23663833e-01,  5.40347806e-01,
        -3.42758289e-01, -2.61577593e-02,  6.42491907e-02,
        -4.87372560e-01,  3.14023598e-02,  1.78210086e-02,
        -7.60187530e-03,  3.30390595e-01, -1.73956215e-02],
       [-2.42150193e-01,  7.23624047e-02,  1.94246008e-01,
        -5.57558246e-02,  3.64825443e-02,  4.94464563e-02,
        -2.87811924e-01, -9.64564078e-02, -6.89362875e-02,
        -1.45469193e-01, -9.00118437e-02, -1.61101507e-02,
         9.49994954e-02,  1.91238263e-02,  4.50360101e-02,
        -1.85169942e-03, -1.73956215e-02,  9.81176838e-02]])
      jac: array([ 2.89768209e-06, -3.00907447e-06, -9.84767823e-07, -4.96269692e-06,
        1.01622414e-05,  3.78364007e-06,  4.47419879e-07, -7.61242921e-07,
       -6.48000172e-07,  1.38185759e-06, -1.62943733e-06,  1.45809291e-06,
        4.63037016e-06, -9.38878604e-06, -2.37957802e-06, -5.61809858e-06,
        2.05983379e-06,  2.64270087e-06])
  message: 'Desired error not necessarily achieved due to precision loss.'
     nfev: 2558
      nit: 95
     njev: 134
   status: 2
  success: False
        x: array([ 4.71172509e-01, -8.82967732e-01, -3.43373361e-02,  1.29882385e+00,
       -8.42519687e-01, -1.24198689e-01,  1.94683501e+00, -1.03054051e+00,
       -1.09122146e+00,  2.85027291e-05,  4.08721512e-01,  1.14171697e+00,
        9.31671847e-02,  1.04604446e-01, -2.74735927e-01, -1.22903370e+00,
       -6.93718111e-01,  1.61893660e-02])
