Program Begingeth
      fun: 0.23381272928784802
 hess_inv: array([[ 4.35328962e+00, -1.50092858e+00, -1.19280151e+00,
         1.29536714e+00, -4.58291111e-01,  6.40346339e-01,
         2.93721526e+00,  3.96767214e+00,  4.79831940e-01,
        -4.98503787e-01, -1.31073480e+00,  1.34437712e+00,
        -7.99480235e-01,  5.47985995e-01,  6.44629846e-01,
        -2.56408993e-01,  5.01300875e-01, -2.11867959e-01],
       [-1.50092858e+00,  2.30142340e+00,  9.01480931e-01,
        -3.09359586e-01,  7.35317277e-01, -1.84850250e-01,
        -6.04913427e-01, -2.73041223e-02,  1.23884111e+00,
        -2.86701837e-01,  3.36752383e-01, -1.41799361e+00,
         4.34154937e-01, -3.70757854e-01, -2.45701456e-01,
         1.40183752e-02, -9.67637270e-02,  1.13530969e-01],
       [-1.19280151e+00,  9.01480931e-01,  4.36399110e+00,
        -1.16599485e+00,  2.54744718e-01,  1.31451432e+00,
        -9.90057456e+00, -5.58561100e+00,  5.95908245e+00,
         4.79892458e-01,  2.28636143e+00, -1.57951480e+00,
         2.02219977e-01, -4.20984737e-01, -8.67894469e-01,
         4.18167018e-01, -2.44340317e-01, -4.38906789e-01],
       [ 1.29536714e+00, -3.09359586e-01, -1.16599485e+00,
         6.38886851e-01, -1.12975515e-01, -1.48436923e-01,
         3.46665293e+00,  2.26279431e+00, -8.79804895e-01,
        -3.34836509e-01, -8.03548209e-01,  4.71379675e-01,
        -1.83514487e-01,  1.59040271e-01,  3.50074152e-01,
        -1.62046045e-01,  1.67083763e-01,  8.56235377e-02],
       [-4.58291111e-01,  7.35317277e-01,  2.54744718e-01,
        -1.12975515e-01,  3.36002757e-01, -3.07654459e-02,
        -7.43814493e-01,  7.19067587e-01,  2.11067377e-02,
        -1.74340856e-02, -1.07103682e-03, -3.57229173e-01,
         1.56485213e-01, -4.50550945e-02, -2.58011949e-02,
         3.17873849e-02, -3.12069501e-02,  4.54539306e-02],
       [ 6.40346339e-01, -1.84850250e-01,  1.31451432e+00,
        -1.48436923e-01, -3.07654459e-02,  7.29160192e-01,
        -3.43230465e+00, -9.03186404e-01,  2.40073469e+00,
         2.23514294e-01,  4.35263919e-01, -1.38209988e-01,
        -1.71305163e-01,  2.04888392e-02, -1.18832330e-01,
         8.27332469e-02,  1.15346573e-02, -2.32003027e-01],
       [ 2.93721526e+00, -6.04913427e-01, -9.90057456e+00,
         3.46665293e+00, -7.43814493e-01, -3.43230465e+00,
         3.30978419e+01,  1.16193018e+01, -1.10015054e+01,
        -2.26035532e+00, -4.75487377e+00,  2.11544434e+00,
        -4.39888924e-01,  3.55263371e-01,  1.90116428e+00,
        -1.27794007e+00,  8.21424206e-01,  1.32058047e+00],
       [ 3.96767214e+00, -2.73041223e-02, -5.58561100e+00,
         2.26279431e+00,  7.19067587e-01, -9.03186404e-01,
         1.16193018e+01,  1.77864263e+01, -7.75038418e+00,
        -8.16774120e-01, -4.24645309e+00,  1.81567573e+00,
        -5.68697662e-01,  9.43573904e-01,  1.96471076e+00,
        -7.81811853e-01,  6.87799395e-01,  6.06337449e-01],
       [ 4.79831940e-01,  1.23884111e+00,  5.95908245e+00,
        -8.79804895e-01,  2.11067377e-02,  2.40073469e+00,
        -1.10015054e+01, -7.75038418e+00,  1.38128651e+01,
         4.32850605e-01,  2.98158602e+00, -2.03132616e+00,
        -1.83320349e-01, -7.96557724e-01, -1.17454623e+00,
         3.33190542e-01, -2.36985190e-01, -8.46546464e-01],
       [-4.98503787e-01, -2.86701837e-01,  4.79892458e-01,
        -3.34836509e-01, -1.74340856e-02,  2.23514294e-01,
        -2.26035532e+00, -8.16774120e-01,  4.32850605e-01,
         9.67820588e-01,  4.11884596e-01, -3.61005515e-03,
        -1.19720203e-01, -4.89823769e-02, -1.80891605e-01,
         8.91411324e-02, -1.62376373e-01, -2.45721698e-01],
       [-1.31073480e+00,  3.36752383e-01,  2.28636143e+00,
        -8.03548209e-01, -1.07103682e-03,  4.35263919e-01,
        -4.75487377e+00, -4.24645309e+00,  2.98158602e+00,
         4.11884596e-01,  1.95933311e+00, -9.56132843e-01,
         1.79726926e-01, -4.38183776e-01, -7.26272128e-01,
         2.80201864e-01, -2.17057198e-01, -3.12106631e-01],
       [ 1.34437712e+00, -1.41799361e+00, -1.57951480e+00,
         4.71379675e-01, -3.57229173e-01, -1.38209988e-01,
         2.11544434e+00,  1.81567573e+00, -2.03132616e+00,
        -3.61005515e-03, -9.56132843e-01,  1.50973194e+00,
        -2.76384358e-01,  4.45678778e-01,  3.63898425e-01,
        -5.87209515e-02,  1.74393664e-01,  5.90110106e-02],
       [-7.99480235e-01,  4.34154937e-01,  2.02219977e-01,
        -1.83514487e-01,  1.56485213e-01, -1.71305163e-01,
        -4.39888924e-01, -5.68697662e-01, -1.83320349e-01,
        -1.19720203e-01,  1.79726926e-01, -2.76384358e-01,
         2.75388326e-01, -1.02079325e-01, -9.83408699e-02,
         9.71204131e-02, -1.04146012e-01,  1.13064250e-01],
       [ 5.47985995e-01, -3.70757854e-01, -4.20984737e-01,
         1.59040271e-01, -4.50550945e-02,  2.04888392e-02,
         3.55263371e-01,  9.43573904e-01, -7.96557724e-01,
        -4.89823769e-02, -4.38183776e-01,  4.45678778e-01,
        -1.02079325e-01,  2.18434824e-01,  1.72364190e-01,
        -2.63256072e-02,  1.06488460e-01,  3.18796162e-02],
       [ 6.44629846e-01, -2.45701456e-01, -8.67894469e-01,
         3.50074152e-01, -2.58011949e-02, -1.18832330e-01,
         1.90116428e+00,  1.96471076e+00, -1.17454623e+00,
        -1.80891605e-01, -7.26272128e-01,  3.63898425e-01,
        -9.83408699e-02,  1.72364190e-01,  3.36519579e-01,
        -1.23777962e-01,  9.63999300e-02,  1.35126589e-01],
       [-2.56408993e-01,  1.40183752e-02,  4.18167018e-01,
        -1.62046045e-01,  3.17873849e-02,  8.27332469e-02,
        -1.27794007e+00, -7.81811853e-01,  3.33190542e-01,
         8.91411324e-02,  2.80201864e-01, -5.87209515e-02,
         9.71204131e-02, -2.63256072e-02, -1.23777962e-01,
         1.20674122e-01, -5.90418822e-02, -3.36019178e-02],
       [ 5.01300875e-01, -9.67637270e-02, -2.44340317e-01,
         1.67083763e-01, -3.12069501e-02,  1.15346573e-02,
         8.21424206e-01,  6.87799395e-01, -2.36985190e-01,
        -1.62376373e-01, -2.17057198e-01,  1.74393664e-01,
        -1.04146012e-01,  1.06488460e-01,  9.63999300e-02,
        -5.90418822e-02,  1.34927862e-01,  9.92699224e-03],
       [-2.11867959e-01,  1.13530969e-01, -4.38906789e-01,
         8.56235377e-02,  4.54539306e-02, -2.32003027e-01,
         1.32058047e+00,  6.06337449e-01, -8.46546464e-01,
        -2.45721698e-01, -3.12106631e-01,  5.90110106e-02,
         1.13064250e-01,  3.18796162e-02,  1.35126589e-01,
        -3.36019178e-02,  9.92699224e-03,  1.96103754e-01]])
      jac: array([-1.72399132e-06,  2.46003218e-05,  5.95708668e-06,  1.71834769e-05,
       -6.38465207e-05,  1.31776072e-05, -1.92790228e-06,  4.56986301e-06,
       -2.55129251e-06,  1.18259106e-05,  8.23396906e-06,  1.08727842e-05,
        4.74450109e-05,  3.43195842e-05, -1.91807681e-05, -4.83940665e-05,
       -1.00140266e-05,  1.56319402e-06])
  message: 'Desired error not necessarily achieved due to precision loss.'
     nfev: 2082
      nit: 74
     njev: 109
   status: 2
  success: False
        x: array([ 5.92408046e-01, -5.93830164e-01,  6.23504950e-01,  1.02062477e+00,
       -7.56515375e-01,  9.42108036e-02,  7.42072903e-01, -1.29235486e+00,
       -6.83239843e-01,  5.94102342e-04,  7.02182606e-01,  1.07131924e+00,
        4.72141460e-02,  2.14794381e-01, -3.59805479e-01, -9.93841436e-01,
       -3.15353089e-01, -7.18870615e-03])
