Program Begingeth
      fun: 0.28433423194713575
 hess_inv: array([[ 3.42192266e+00, -1.42502054e-02, -1.20248981e+00,
         1.32586146e+00,  9.28948943e-02, -1.41352712e+00,
        -1.29817669e-01, -1.66426467e-01, -7.43564135e+00,
        -1.04331476e-01,  8.27384027e-01, -8.98941427e-03,
        -2.59567463e-01, -1.58609346e-01, -3.91551037e-01,
        -2.45289684e-01, -1.26663660e-01,  1.38255597e-02],
       [-1.42502054e-02,  3.58661260e+00,  8.82949783e-01,
        -2.03614234e-02,  1.60682234e+00,  2.65336133e-01,
         2.21517962e+00,  1.53540867e+00,  4.31812248e+00,
         7.01959246e-01,  5.67001223e-01, -8.12409435e-01,
        -3.98045620e-01, -2.72018662e-01, -1.47892651e-01,
        -1.04296062e-01, -1.99828345e-01,  9.28658065e-02],
       [-1.20248981e+00,  8.82949783e-01,  1.96523765e+00,
        -2.35293062e-01,  2.85265090e-01,  1.24119975e+00,
         2.00496281e+00, -1.14320567e+00,  5.57621446e+00,
         8.95685411e-02,  1.98378182e-01, -2.27098813e-01,
         1.59456177e-01,  3.54882105e-02,  3.64266398e-02,
         6.44681278e-02,  1.18674610e-01, -6.92513736e-02],
       [ 1.32586146e+00, -2.03614234e-02, -2.35293062e-01,
         5.88215756e-01,  1.78541268e-02, -4.22650107e-01,
         4.25220185e-01, -3.77722989e-01, -2.53240488e+00,
        -8.28944646e-02,  3.83862910e-01,  2.77301289e-02,
        -4.33833659e-02, -3.89337563e-02, -1.82039360e-01,
        -8.43464899e-02, -1.15610119e-02, -3.29656113e-02],
       [ 9.28948943e-02,  1.60682234e+00,  2.85265090e-01,
         1.78541268e-02,  7.85119450e-01,  4.77945955e-02,
         1.17374147e+00,  1.20797003e+00,  1.54908819e+00,
         2.79616816e-01,  2.23485813e-01, -3.12965430e-01,
        -2.21006703e-01, -1.03346298e-01, -6.86993540e-02,
        -7.81336462e-02, -1.13381553e-01,  5.10551650e-02],
       [-1.41352712e+00,  2.65336133e-01,  1.24119975e+00,
        -4.22650107e-01,  4.77945955e-02,  9.90479152e-01,
         1.02706999e+00, -4.99518446e-01,  4.60576265e+00,
        -1.51149926e-02, -1.82847720e-01, -5.31153967e-02,
         1.86875111e-01,  8.14772096e-02,  1.39749199e-01,
         1.14607770e-01,  9.94225188e-02, -3.67394441e-02],
       [-1.29817669e-01,  2.21517962e+00,  2.00496281e+00,
         4.25220185e-01,  1.17374147e+00,  1.02706999e+00,
         7.11048316e+00,  9.31189188e-01,  5.19475479e+00,
         3.70431297e-02,  5.67197387e-01, -1.40697755e-01,
        -1.13980132e-01, -5.73594380e-02, -2.41560963e-01,
        -1.34243756e-01, -1.67777602e-01, -1.51894034e-01],
       [-1.66426467e-01,  1.53540867e+00, -1.14320567e+00,
        -3.77722989e-01,  1.20797003e+00, -4.99518446e-01,
         9.31189188e-01,  7.14286736e+00, -1.09877406e-01,
         2.38387448e-01, -5.92192042e-01, -2.02526084e-01,
        -4.89921912e-01, -8.69200497e-03,  2.34995226e-01,
        -7.65153058e-02, -3.12148905e-01,  2.76604778e-01],
       [-7.43564135e+00,  4.31812248e+00,  5.57621446e+00,
        -2.53240488e+00,  1.54908819e+00,  4.60576265e+00,
         5.19475479e+00, -1.09877406e-01,  2.68330598e+01,
         7.06585464e-01, -6.25010918e-01, -9.31504654e-01,
         4.75211458e-01, -9.54767133e-03,  6.36690764e-01,
         5.47600523e-01,  1.60063158e-01, -9.96146876e-03],
       [-1.04331476e-01,  7.01959246e-01,  8.95685411e-02,
        -8.28944646e-02,  2.79616816e-01, -1.51149926e-02,
         3.70431297e-02,  2.38387448e-01,  7.06585464e-01,
         7.85909947e-01, -2.53808423e-02, -1.49240624e-01,
        -2.37620124e-01, -2.09586914e-02,  1.00899605e-01,
        -3.08009621e-02,  3.82282707e-03,  2.36863169e-01],
       [ 8.27384027e-01,  5.67001223e-01,  1.98378182e-01,
         3.83862910e-01,  2.23485813e-01, -1.82847720e-01,
         5.67197387e-01, -5.92192042e-01, -6.25010918e-01,
        -2.53808423e-02,  8.30170454e-01, -2.02911562e-01,
        -6.54963733e-02, -1.87084489e-01, -2.60376647e-01,
        -9.58995273e-02, -4.57184614e-02, -1.19787089e-01],
       [-8.98941427e-03, -8.12409435e-01, -2.27098813e-01,
         2.77301289e-02, -3.12965430e-01, -5.31153967e-02,
        -1.40697755e-01, -2.02526084e-01, -9.31504654e-01,
        -1.49240624e-01, -2.02911562e-01,  4.81002504e-01,
         4.77763569e-02,  1.32776242e-01, -4.97469328e-03,
        -3.80665175e-02,  6.94093512e-02, -6.42133520e-03],
       [-2.59567463e-01, -3.98045620e-01,  1.59456177e-01,
        -4.33833659e-02, -2.21006703e-01,  1.86875111e-01,
        -1.13980132e-01, -4.89921912e-01,  4.75211458e-01,
        -2.37620124e-01, -6.54963733e-02,  4.77763569e-02,
         1.95001791e-01,  4.75674044e-02,  1.25527279e-02,
         9.70039463e-02,  7.49395902e-02, -8.78062586e-02],
       [-1.58609346e-01, -2.72018662e-01,  3.54882105e-02,
        -3.89337563e-02, -1.03346298e-01,  8.14772096e-02,
        -5.73594380e-02, -8.69200497e-03, -9.54767133e-03,
        -2.09586914e-02, -1.87084489e-01,  1.32776242e-01,
         4.75674044e-02,  1.10065419e-01,  4.64187453e-02,
         1.80561691e-02,  7.97488007e-02,  1.44509302e-02],
       [-3.91551037e-01, -1.47892651e-01,  3.64266398e-02,
        -1.82039360e-01, -6.86993540e-02,  1.39749199e-01,
        -2.41560963e-01,  2.34995226e-01,  6.36690764e-01,
         1.00899605e-01, -2.60376647e-01, -4.97469328e-03,
         1.25527279e-02,  4.64187453e-02,  1.47612604e-01,
         5.01442072e-02,  1.59415473e-02,  9.17228728e-02],
       [-2.45289684e-01, -1.04296062e-01,  6.44681278e-02,
        -8.43464899e-02, -7.81336462e-02,  1.14607770e-01,
        -1.34243756e-01, -7.65153058e-02,  5.47600523e-01,
        -3.08009621e-02, -9.58995273e-02, -3.80665175e-02,
         9.70039463e-02,  1.80561691e-02,  5.01442072e-02,
         8.99274924e-02,  3.47437666e-02, -9.69330612e-03],
       [-1.26663660e-01, -1.99828345e-01,  1.18674610e-01,
        -1.15610119e-02, -1.13381553e-01,  9.94225188e-02,
        -1.67777602e-01, -3.12148905e-01,  1.60063158e-01,
         3.82282707e-03, -4.57184614e-02,  6.94093512e-02,
         7.49395902e-02,  7.97488007e-02,  1.59415473e-02,
         3.47437666e-02,  1.09286933e-01, -7.88088177e-03],
       [ 1.38255597e-02,  9.28658065e-02, -6.92513736e-02,
        -3.29656113e-02,  5.10551650e-02, -3.67394441e-02,
        -1.51894034e-01,  2.76604778e-01, -9.96146876e-03,
         2.36863169e-01, -1.19787089e-01, -6.42133520e-03,
        -8.78062586e-02,  1.44509302e-02,  9.17228728e-02,
        -9.69330612e-03, -7.88088177e-03,  1.37465191e-01]])
      jac: array([ 3.13934064e-05, -1.95676808e-05,  1.00618032e-04, -1.03374346e-04,
        1.81802721e-05, -2.04723645e-04,  1.00079204e-05, -5.78093129e-06,
        1.64464738e-05, -2.56872301e-05, -2.92758410e-05,  1.35373194e-05,
        2.43027820e-06, -7.93646630e-05,  1.20251957e-05,  3.29092309e-05,
        8.12994116e-05,  1.34470213e-05])
  message: 'Desired error not necessarily achieved due to precision loss.'
     nfev: 2064
      nit: 59
     njev: 108
   status: 2
  success: False
        x: array([-0.81485522, -1.33896273,  0.71329435, -0.95182915, -1.37414261,
        0.24393688, -0.45363337, -2.15169407, -0.26661074, -0.00462556,
        0.59652468,  1.192645  ,  0.12718854,  0.15674451, -0.33415269,
        1.16630336, -0.2202739 , -0.04931055])
