Program Begingeth
      fun: 0.31940688524482236
 hess_inv: array([[ 6.36364132e+00, -5.49423862e-01, -8.01922811e-01,
         9.11777430e-01, -3.09224524e-01,  1.13883433e+00,
        -4.86967706e+00,  2.55555251e+00,  1.61267246e+00,
        -1.38388780e+00, -1.18019072e+00,  1.03907139e+00,
        -1.11641551e+00,  2.45909214e-01,  6.24969876e-01,
        -4.91227269e-03,  3.37563124e-01, -6.89432301e-01],
       [-5.49423862e-01,  3.46993556e+00,  1.12307132e+00,
         5.59217171e-02,  9.98982348e-01,  1.15328503e-01,
        -5.97597745e+00, -5.92276559e-01,  4.17665733e+00,
         2.87662177e-01, -1.39675642e-01, -2.11423981e+00,
         5.25412057e-01, -5.10956031e-01, -1.50427868e-01,
        -1.41604470e-01, -1.84700080e-01,  2.17392564e-02],
       [-8.01922811e-01,  1.12307132e+00,  2.92771798e+00,
        -4.40984132e-01,  2.63973209e-01,  2.16556046e-01,
        -2.27492523e+00, -4.29361514e+00,  8.80155395e-01,
         1.52518367e-01,  1.73159607e+00, -1.73378783e+00,
         1.86970589e-01, -3.75092290e-01, -6.38770747e-01,
         2.37702966e-01, -1.18661562e-01,  4.83724107e-02],
       [ 9.11777430e-01,  5.59217171e-02, -4.40984132e-01,
         2.43204097e-01, -2.81183013e-02,  1.15420832e-01,
        -1.61488380e-01,  1.02640787e+00,  5.06109201e-01,
        -2.45958148e-01, -4.38350004e-01,  1.38102959e-01,
        -1.01656471e-01,  1.86776777e-02,  1.88281993e-01,
        -3.63466129e-02,  5.98957322e-02, -6.12372373e-02],
       [-3.09224524e-01,  9.98982348e-01,  2.63973209e-01,
        -2.81183013e-02,  5.52360182e-01,  6.19230514e-02,
        -4.82548394e+00,  1.37489025e-01,  1.06076732e+00,
         4.59399644e-01, -8.28484438e-02, -4.85062772e-01,
         3.16646958e-01, -4.96459299e-02, -2.82057822e-02,
        -1.53320044e-02, -2.66330486e-01, -2.26988811e-02],
       [ 1.13883433e+00,  1.15328503e-01,  2.16556046e-01,
         1.15420832e-01,  6.19230514e-02,  3.39083149e-01,
        -2.38600019e+00,  1.35884856e-01,  7.91863526e-01,
        -4.72869806e-02, -1.41716628e-01, -2.34309218e-02,
        -1.90672373e-01,  2.08199610e-02,  1.06648129e-01,
        -4.03220802e-03, -1.93749190e-02, -1.25658325e-01],
       [-4.86967706e+00, -5.97597745e+00, -2.27492523e+00,
        -1.61488380e-01, -4.82548394e+00, -2.38600019e+00,
         6.74573781e+01, -5.34634053e-01, -1.04462464e+01,
        -4.08872261e+00,  5.21465514e-01,  2.30637836e+00,
        -1.79259771e+00,  1.35784033e-01, -1.93965653e-01,
         2.78861279e-02,  3.51690635e+00,  1.44645748e+00],
       [ 2.55555251e+00, -5.92276559e-01, -4.29361514e+00,
         1.02640787e+00,  1.37489025e-01,  1.35884856e-01,
        -5.34634053e-01,  1.15971868e+01,  2.71515651e-01,
        -4.22173143e-01, -3.25005836e+00,  1.74815306e+00,
        -3.39781490e-01,  5.53143316e-01,  1.47213427e+00,
        -5.94305919e-01,  3.39540640e-01, -5.17547590e-02],
       [ 1.61267246e+00,  4.17665733e+00,  8.80155395e-01,
         5.06109201e-01,  1.06076732e+00,  7.91863526e-01,
        -1.04462464e+01,  2.71515651e-01,  1.04984135e+01,
         2.40147301e-01, -3.95296682e-01, -2.23119903e+00,
         2.78722000e-01, -9.07584488e-01,  1.18310403e-01,
        -2.88971139e-01, -4.05236847e-01, -1.13839909e-01],
       [-1.38388780e+00,  2.87662177e-01,  1.52518367e-01,
        -2.45958148e-01,  4.59399644e-01, -4.72869806e-02,
        -4.08872261e+00, -4.22173143e-01,  2.40147301e-01,
         1.42897394e+00,  1.99651624e-01, -1.49593246e-01,
         2.99538053e-01, -7.89098222e-03, -1.11640533e-01,
         3.90758688e-03, -4.58433870e-01, -2.71833171e-02],
       [-1.18019072e+00, -1.39675642e-01,  1.73159607e+00,
        -4.38350004e-01, -8.28484438e-02, -1.41716628e-01,
         5.21465514e-01, -3.25005836e+00, -3.95296682e-01,
         1.99651624e-01,  2.03999801e+00, -7.97607975e-01,
         1.51749817e-01, -3.40464353e-01, -6.62432339e-01,
         2.41394965e-01, -1.31673510e-01, -1.49815720e-02],
       [ 1.03907139e+00, -2.11423981e+00, -1.73378783e+00,
         1.38102959e-01, -4.85062772e-01, -2.34309218e-02,
         2.30637836e+00,  1.74815306e+00, -2.23119903e+00,
        -1.49593246e-01, -7.97607975e-01,  2.20370591e+00,
        -3.96772774e-01,  5.53951685e-01,  2.88479575e-01,
         3.22027455e-02,  1.49371939e-01, -9.77472018e-02],
       [-1.11641551e+00,  5.25412057e-01,  1.86970589e-01,
        -1.01656471e-01,  3.16646958e-01, -1.90672373e-01,
        -1.79259771e+00, -3.39781490e-01,  2.78722000e-01,
         2.99538053e-01,  1.51749817e-01, -3.96772774e-01,
         4.44595153e-01, -8.18283407e-02, -1.06132217e-01,
         3.52351122e-02, -2.35127655e-01,  1.25776770e-01],
       [ 2.45909214e-01, -5.10956031e-01, -3.75092290e-01,
         1.86776777e-02, -4.96459299e-02,  2.08199610e-02,
         1.35784033e-01,  5.53143316e-01, -9.07584488e-01,
        -7.89098222e-03, -3.40464353e-01,  5.53951685e-01,
        -8.18283407e-02,  2.36469236e-01,  1.10429844e-01,
         1.33733804e-02,  5.21537372e-02, -5.07531076e-03],
       [ 6.24969876e-01, -1.50427868e-01, -6.38770747e-01,
         1.88281993e-01, -2.82057822e-02,  1.06648129e-01,
        -1.93965653e-01,  1.47213427e+00,  1.18310403e-01,
        -1.11640533e-01, -6.62432339e-01,  2.88479575e-01,
        -1.06132217e-01,  1.10429844e-01,  3.00357979e-01,
        -9.77200943e-02,  4.27173010e-02,  2.20249154e-03],
       [-4.91227269e-03, -1.41604470e-01,  2.37702966e-01,
        -3.63466129e-02, -1.53320044e-02, -4.03220802e-03,
         2.78861279e-02, -5.94305919e-01, -2.88971139e-01,
         3.90758688e-03,  2.41394965e-01,  3.22027455e-02,
         3.52351122e-02,  1.33733804e-02, -9.77200943e-02,
         1.04042316e-01, -2.31963216e-02, -1.09495467e-02],
       [ 3.37563124e-01, -1.84700080e-01, -1.18661562e-01,
         5.98957322e-02, -2.66330486e-01, -1.93749190e-02,
         3.51690635e+00,  3.39540640e-01, -4.05236847e-01,
        -4.58433870e-01, -1.31673510e-01,  1.49371939e-01,
        -2.35127655e-01,  5.21537372e-02,  4.27173010e-02,
        -2.31963216e-02,  3.28877006e-01,  2.73416211e-02],
       [-6.89432301e-01,  2.17392564e-02,  4.83724107e-02,
        -6.12372373e-02, -2.26988811e-02, -1.25658325e-01,
         1.44645748e+00, -5.17547590e-02, -1.13839909e-01,
        -2.71833171e-02, -1.49815720e-02, -9.77472018e-02,
         1.25776770e-01, -5.07531076e-03,  2.20249154e-03,
        -1.09495467e-02,  2.73416211e-02,  1.65223403e-01]])
      jac: array([ 1.71214894e-05, -3.27364062e-05, -3.55641442e-06,  2.80127773e-05,
        1.00049968e-04, -3.24962279e-06,  1.28896893e-06,  3.25110309e-06,
       -1.91550479e-06,  1.08154226e-05, -3.16443168e-05, -6.24056362e-06,
       -2.85020156e-05, -8.94432676e-05, -1.14483238e-04, -2.84613074e-05,
        2.61043039e-05,  1.11621823e-04])
  message: 'Desired error not necessarily achieved due to precision loss.'
     nfev: 1796
      nit: 63
     njev: 94
   status: 2
  success: False
        x: array([ 0.33582257, -0.54311652,  0.59965568,  1.08871337, -0.65418543,
        0.06066535,  0.20892164, -1.57447824, -0.39851939,  0.04023651,
        0.61823148,  0.99762036,  0.0992258 ,  0.06327039, -0.36855218,
       -1.11181839, -0.81024578,  0.01677779])
