Program Begingeth
      fun: 0.3291421369698959
 hess_inv: array([[ 8.63967648e-01, -1.55014648e-01,  3.13282776e-02,
        -2.16833373e-01,  1.39636406e-01,  3.98516979e-01,
        -5.30799512e-01,  1.23226892e-01,  1.70821602e-02,
        -7.69087902e-01,  2.94302266e-01,  8.54469703e-01,
        -3.51194424e-01,  5.64894984e-02,  1.35398832e-02,
         1.72181467e-02, -9.93599637e-02, -2.49329092e-01],
       [-1.55014648e-01,  6.23617551e-01, -1.77089696e-01,
         4.71011813e-01,  5.11304550e-02, -5.08471211e-01,
         1.42257232e+00,  9.34233295e-01,  6.26403139e-01,
         1.61924868e+00,  1.08468545e-01, -1.37205261e+00,
         9.40821261e-02, -2.26313308e-01, -2.26157214e-01,
         2.77914190e-02,  9.65167089e-02, -8.32584536e-02],
       [ 3.13282776e-02, -1.77089696e-01,  3.18161319e-01,
        -2.82751234e-01,  1.40687022e-02,  1.89892030e-01,
        -6.13607616e-01, -4.65229391e-01, -4.68176736e-01,
        -9.88697532e-01, -1.35721254e-01,  6.66760964e-01,
         1.50120423e-02,  1.46537972e-01, -2.85774924e-02,
         6.49910620e-02, -9.92704126e-04,  4.28229967e-02],
       [-2.16833373e-01,  4.71011813e-01, -2.82751234e-01,
         1.01470803e+00,  3.01391247e-01, -6.51993783e-01,
         2.76836989e+00,  1.96005128e+00,  2.01689391e+00,
         3.06341509e+00,  8.68799115e-01, -2.48014886e+00,
         2.75737679e-01, -1.69373154e-01, -8.12720622e-02,
         7.13347458e-02,  6.72375224e-02,  4.96679073e-02],
       [ 1.39636406e-01,  5.11304550e-02,  1.40687022e-02,
         3.01391247e-01,  4.18451079e-01, -1.18722455e-01,
         9.85157808e-01,  1.27950625e+00,  1.03350165e+00,
         7.57087670e-01,  1.01474245e+00, -9.69824735e-01,
         6.70937794e-02,  1.07084847e-01,  2.76606417e-02,
         8.42775957e-02,  3.37022962e-02,  6.93491155e-03],
       [ 3.98516979e-01, -5.08471211e-01,  1.89892030e-01,
        -6.51993783e-01, -1.18722455e-01,  7.65600697e-01,
        -2.07902077e+00, -1.38481291e+00, -8.74019977e-01,
        -2.19850936e+00, -1.98688615e-01,  2.35562668e+00,
        -2.14601620e-01,  1.12445914e-01,  1.98000862e-01,
        -4.93754743e-02, -1.62793614e-01, -2.48921255e-02],
       [-5.30799512e-01,  1.42257232e+00, -6.13607616e-01,
         2.76836989e+00,  9.85157808e-01, -2.07902077e+00,
         8.98186096e+00,  5.68519822e+00,  5.50269995e+00,
         8.06857194e+00,  2.41069055e+00, -7.72927594e+00,
         7.55487616e-01, -3.26706769e-01, -4.49206201e-01,
         2.74323073e-01,  2.68458150e-01,  2.80135810e-02],
       [ 1.23226892e-01,  9.34233295e-01, -4.65229391e-01,
         1.96005128e+00,  1.27950625e+00, -1.38481291e+00,
         5.68519822e+00,  7.97673063e+00,  4.89498647e+00,
         6.79743445e+00,  2.77649851e+00, -6.55873717e+00,
         6.01220764e-02,  1.27434472e-02, -6.38267199e-02,
         9.86118575e-02,  3.94173884e-01, -9.65862616e-03],
       [ 1.70821602e-02,  6.26403139e-01, -4.68176736e-01,
         2.01689391e+00,  1.03350165e+00, -8.74019977e-01,
         5.50269995e+00,  4.89498647e+00,  5.95021536e+00,
         5.97897149e+00,  2.99679787e+00, -4.84599154e+00,
         3.88711514e-01, -1.52137694e-01,  2.20615065e-02,
         1.31205921e-01,  9.81666255e-02,  3.74025013e-02],
       [-7.69087902e-01,  1.61924868e+00, -9.88697532e-01,
         3.06341509e+00,  7.57087670e-01, -2.19850936e+00,
         8.06857194e+00,  6.79743445e+00,  5.97897149e+00,
         1.02736467e+01,  2.15389269e+00, -8.17469742e+00,
         5.63139569e-01, -5.46356827e-01, -2.84016507e-01,
         6.24052230e-02,  4.29618006e-01,  1.12815785e-01],
       [ 2.94302266e-01,  1.08468545e-01, -1.35721254e-01,
         8.68799115e-01,  1.01474245e+00, -1.98688615e-01,
         2.41069055e+00,  2.77649851e+00,  2.99679787e+00,
         2.15389269e+00,  2.90716611e+00, -2.19449431e+00,
         2.08570950e-01,  1.51932761e-01,  1.83132965e-01,
         1.50663053e-01,  2.28201171e-02,  5.11279348e-02],
       [ 8.54469703e-01, -1.37205261e+00,  6.66760964e-01,
        -2.48014886e+00, -9.69824735e-01,  2.35562668e+00,
        -7.72927594e+00, -6.55873717e+00, -4.84599154e+00,
        -8.17469742e+00, -2.19449431e+00,  8.75466538e+00,
        -5.91761739e-01,  1.32404484e-01,  3.75963776e-01,
        -1.76260234e-01, -5.50808602e-01, -9.57924550e-02],
       [-3.51194424e-01,  9.40821261e-02,  1.50120423e-02,
         2.75737679e-01,  6.70937794e-02, -2.14601620e-01,
         7.55487616e-01,  6.01220764e-02,  3.88711514e-01,
         5.63139569e-01,  2.08570950e-01, -5.91761739e-01,
         3.06838101e-01, -2.96230242e-02, -2.12005875e-02,
         9.07579261e-02, -1.36888230e-02,  1.29674884e-01],
       [ 5.64894984e-02, -2.26313308e-01,  1.46537972e-01,
        -1.69373154e-01,  1.07084847e-01,  1.12445914e-01,
        -3.26706769e-01,  1.27434472e-02, -1.52137694e-01,
        -5.46356827e-01,  1.51932761e-01,  1.32404484e-01,
        -2.96230242e-02,  1.99299591e-01,  5.98030275e-02,
         2.39027215e-02,  4.69860116e-02,  3.97027907e-02],
       [ 1.35398832e-02, -2.26157214e-01, -2.85774924e-02,
        -8.12720622e-02,  2.76606417e-02,  1.98000862e-01,
        -4.49206201e-01, -6.38267199e-02,  2.20615065e-02,
        -2.84016507e-01,  1.83132965e-01,  3.75963776e-01,
        -2.12005875e-02,  5.98030275e-02,  1.84460764e-01,
        -4.06737390e-02, -3.78806758e-02,  8.48615342e-02],
       [ 1.72181467e-02,  2.77914190e-02,  6.49910620e-02,
         7.13347458e-02,  8.42775957e-02, -4.93754743e-02,
         2.74323073e-01,  9.86118575e-02,  1.31205921e-01,
         6.24052230e-02,  1.50663053e-01, -1.76260234e-01,
         9.07579261e-02,  2.39027215e-02, -4.06737390e-02,
         8.66950076e-02, -1.15962892e-02,  6.45598292e-03],
       [-9.93599637e-02,  9.65167089e-02, -9.92704126e-04,
         6.72375224e-02,  3.37022962e-02, -1.62793614e-01,
         2.68458150e-01,  3.94173884e-01,  9.81666255e-02,
         4.29618006e-01,  2.28201171e-02, -5.50808602e-01,
        -1.36888230e-02,  4.69860116e-02, -3.78806758e-02,
        -1.15962892e-02,  1.22673445e-01,  9.86602830e-03],
       [-2.49329092e-01, -8.32584536e-02,  4.28229967e-02,
         4.96679073e-02,  6.93491155e-03, -2.48921255e-02,
         2.80135810e-02, -9.65862616e-03,  3.74025013e-02,
         1.12815785e-01,  5.11279348e-02, -9.57924550e-02,
         1.29674884e-01,  3.97027907e-02,  8.48615342e-02,
         6.45598292e-03,  9.86602830e-03,  1.53307953e-01]])
      jac: array([-2.37510012e-05,  1.39547633e-05,  4.60039414e-06,  4.39888866e-05,
        4.75027425e-06,  1.91509771e-05, -2.99390142e-06, -2.94764213e-06,
       -4.81355696e-06, -5.81904895e-06,  1.41923510e-06, -5.43232126e-06,
       -6.31539265e-05,  5.46784840e-06,  1.22187445e-05,  4.58222349e-05,
       -1.73305814e-05,  1.82113583e-06])
  message: 'Desired error not necessarily achieved due to precision loss.'
     nfev: 2081
      nit: 65
     njev: 109
   status: 2
  success: False
        x: array([ 0.04186133,  0.23612131,  0.78136749,  1.220371  , -1.17741922,
       -0.30951215,  2.2263926 , -1.00074681, -1.24347691,  0.99949878,
       -1.68307762, -0.73539346,  0.11438833,  0.0135287 , -0.37369325,
       -1.1330324 , -0.39916352,  0.01255562])
