Program Begingeth
      fun: 0.2598432683396077
 hess_inv: array([[ 1.39462598e+00, -2.41276293e-01,  4.56711300e-02,
         2.67076546e-02,  2.39596329e-01,  5.37767279e-01,
        -2.27290333e-01, -4.49810641e-01,  1.52082189e+00,
         2.82309138e-01,  1.03054028e+00,  8.83586040e-01,
        -6.01093803e-01,  1.04222811e-01,  1.22489867e-02,
        -9.29386791e-03, -5.04587956e-02, -2.83383002e-01],
       [-2.41276293e-01,  4.04383908e-01, -2.91530721e-02,
        -1.86281272e-02, -3.54699204e-02, -3.88656919e-01,
         3.69543827e-01,  3.97270537e-01, -1.31302512e+00,
        -1.74859286e-01, -3.36137353e-01, -7.02628704e-01,
         1.12956971e-01, -1.24437091e-01, -1.38458739e-01,
         2.71443420e-02,  4.38815352e-02, -1.57165959e-02],
       [ 4.56711300e-02, -2.91530721e-02,  2.71670725e-01,
         9.14129938e-02,  1.41409536e-01,  1.80256695e-01,
        -1.20373105e-01,  1.00619340e-01,  8.44750333e-01,
         3.97560437e-01,  3.72356426e-01,  3.97380942e-01,
         2.66405836e-02,  7.57840863e-02, -6.16917518e-02,
         5.00906255e-02,  2.25415033e-02,  2.20735203e-02],
       [ 2.67076546e-02, -1.86281272e-02,  9.14129938e-02,
         2.97134246e-01,  9.03405875e-02,  2.73788589e-01,
        -8.52659025e-02, -2.54414476e-01,  1.55631880e+00,
         1.02120045e+00,  3.40893859e-01,  6.78811607e-01,
         9.92671811e-02,  8.60222066e-03, -1.74960464e-02,
         5.35396179e-02, -4.31714933e-02,  6.43247415e-03],
       [ 2.39596329e-01, -3.54699204e-02,  1.41409536e-01,
         9.03405875e-02,  2.04236709e-01,  2.48013442e-01,
        -2.11134392e-01,  9.30019286e-02,  1.18756577e+00,
         4.57604374e-01,  6.31303532e-01,  4.63578085e-01,
        -7.94055586e-02,  7.27018422e-02, -1.76323053e-02,
         2.43284949e-02,  6.27815900e-03, -3.20336071e-02],
       [ 5.37767279e-01, -3.88656919e-01,  1.80256695e-01,
         2.73788589e-01,  2.48013442e-01,  1.01674923e+00,
        -1.30709292e+00, -9.27099021e-01,  4.34908324e+00,
         1.43753775e+00,  1.30072996e+00,  2.11395060e+00,
        -1.82473265e-01,  1.26729979e-01,  1.42076079e-01,
        -6.05195524e-03, -7.72442714e-02, -4.04320677e-02],
       [-2.27290333e-01,  3.69543827e-01, -1.20373105e-01,
        -8.52659025e-02, -2.11134392e-01, -1.30709292e+00,
         3.67498336e+00,  1.04689880e+00, -5.97930845e+00,
        -1.71231689e+00, -1.52572631e+00, -2.94533829e+00,
         2.15007524e-01, -4.19626036e-02, -1.74090653e-01,
         1.09980206e-01,  7.16017410e-02,  2.25733374e-02],
       [-4.49810641e-01,  3.97270537e-01,  1.00619340e-01,
        -2.54414476e-01,  9.30019286e-02, -9.27099021e-01,
         1.04689880e+00,  2.44572148e+00, -3.58163915e+00,
        -1.06665259e+00, -7.17154022e-01, -2.00109859e+00,
         1.14729209e-01,  5.97112113e-03, -2.65568630e-01,
         2.99825616e-02,  1.28145608e-01,  1.48266077e-02],
       [ 1.52082189e+00, -1.31302512e+00,  8.44750333e-01,
         1.55631880e+00,  1.18756577e+00,  4.34908324e+00,
        -5.97930845e+00, -3.58163915e+00,  2.08000307e+01,
         7.74912229e+00,  5.74376577e+00,  9.19418124e+00,
        -3.69116499e-01,  4.82846040e-01,  4.67832506e-01,
         3.10686098e-02, -2.94809719e-01, -7.48671673e-02],
       [ 2.82309138e-01, -1.74859286e-01,  3.97560437e-01,
         1.02120045e+00,  4.57604374e-01,  1.43753775e+00,
        -1.71231689e+00, -1.06665259e+00,  7.74912229e+00,
         4.20679543e+00,  1.90458532e+00,  3.38280569e+00,
         1.61819976e-01,  7.38679629e-02, -2.66075588e-02,
         1.18012083e-01, -1.44180765e-01, -1.95790448e-02],
       [ 1.03054028e+00, -3.36137353e-01,  3.72356426e-01,
         3.40893859e-01,  6.31303532e-01,  1.30072996e+00,
        -1.52572631e+00, -7.17154022e-01,  5.74376577e+00,
         1.90458532e+00,  2.53689330e+00,  2.55219244e+00,
        -3.90909230e-01,  2.08190298e-01,  9.43291270e-02,
         1.93313336e-02, -5.63514391e-02, -1.26986356e-01],
       [ 8.83586040e-01, -7.02628704e-01,  3.97380942e-01,
         6.78811607e-01,  4.63578085e-01,  2.11395060e+00,
        -2.94533829e+00, -2.00109859e+00,  9.19418124e+00,
         3.38280569e+00,  2.55219244e+00,  4.67852250e+00,
        -2.26390803e-01,  1.87090843e-01,  2.23796297e-01,
         1.45697921e-02, -1.87249302e-01, -7.03685619e-02],
       [-6.01093803e-01,  1.12956971e-01,  2.66405836e-02,
         9.92671811e-02, -7.94055586e-02, -1.82473265e-01,
         2.15007524e-01,  1.14729209e-01, -3.69116499e-01,
         1.61819976e-01, -3.90909230e-01, -2.26390803e-01,
         3.32069886e-01, -4.41032502e-02, -2.38415410e-02,
         5.25770345e-02,  4.88196620e-03,  1.29377320e-01],
       [ 1.04222811e-01, -1.24437091e-01,  7.57840863e-02,
         8.60222066e-03,  7.27018422e-02,  1.26729979e-01,
        -4.19626036e-02,  5.97112113e-03,  4.82846040e-01,
         7.38679629e-02,  2.08190298e-01,  1.87090843e-01,
        -4.41032502e-02,  9.07847407e-02,  2.49343776e-02,
         5.41739588e-03,  1.97130637e-02,  7.01599338e-03],
       [ 1.22489867e-02, -1.38458739e-01, -6.16917518e-02,
        -1.74960464e-02, -1.76323053e-02,  1.42076079e-01,
        -1.74090653e-01, -2.65568630e-01,  4.67832506e-01,
        -2.66075588e-02,  9.43291270e-02,  2.23796297e-01,
        -2.38415410e-02,  2.49343776e-02,  1.13877957e-01,
        -2.78390797e-02, -1.83009387e-02,  3.98093533e-02],
       [-9.29386791e-03,  2.71443420e-02,  5.00906255e-02,
         5.35396179e-02,  2.43284949e-02, -6.05195524e-03,
         1.09980206e-01,  2.99825616e-02,  3.10686098e-02,
         1.18012083e-01,  1.93313336e-02,  1.45697921e-02,
         5.25770345e-02,  5.41739588e-03, -2.78390797e-02,
         4.48282666e-02,  3.43521784e-04,  5.61526327e-03],
       [-5.04587956e-02,  4.38815352e-02,  2.25415033e-02,
        -4.31714933e-02,  6.27815900e-03, -7.72442714e-02,
         7.16017410e-02,  1.28145608e-01, -2.94809719e-01,
        -1.44180765e-01, -5.63514391e-02, -1.87249302e-01,
         4.88196620e-03,  1.97130637e-02, -1.83009387e-02,
         3.43521784e-04,  4.13877025e-02,  8.25571289e-03],
       [-2.83383002e-01, -1.57165959e-02,  2.20735203e-02,
         6.43247415e-03, -3.20336071e-02, -4.04320677e-02,
         2.25733374e-02,  1.48266077e-02, -7.48671673e-02,
        -1.95790448e-02, -1.26986356e-01, -7.03685619e-02,
         1.29377320e-01,  7.01599338e-03,  3.98093533e-02,
         5.61526327e-03,  8.25571289e-03,  9.63705813e-02]])
      jac: array([-4.58929191e-06,  1.02540199e-05, -8.00211749e-06,  1.65042054e-05,
       -2.11360559e-05,  2.81360120e-05, -1.94955163e-06,  1.51212376e-06,
       -2.06575497e-06, -4.04232203e-06,  5.69100323e-06, -7.06545933e-06,
       -9.18450501e-06,  2.50436708e-05, -2.46906199e-05,  5.26911848e-06,
       -1.96331840e-05,  1.74856426e-05])
  message: 'Desired error not necessarily achieved due to precision loss.'
     nfev: 2577
      nit: 97
     njev: 135
   status: 2
  success: False
        x: array([ 0.11438584,  0.25574138,  0.70933546,  1.77760481, -0.87988717,
       -0.11050878,  2.74436507, -0.5523429 ,  0.52275543,  2.17403451,
       -0.8555993 , -0.69103475,  0.15496521,  0.1382157 , -0.24957614,
       -1.34045937, -0.09486686,  0.05021304])
