Program Begingeth
      fun: 0.3720045679180645
 hess_inv: array([[ 2.40264438e+00,  1.26122551e-01,  2.82154324e-01,
         2.27358228e-01, -1.23485057e-01,  5.74456673e-01,
         1.40530811e+00, -1.10408640e+00,  1.86841038e-01,
         3.49937468e-01, -3.44667698e-01,  9.44032416e-01,
        -1.00493302e+00, -2.30108894e-02,  5.59904898e-05,
        -9.39787217e-02, -9.27019011e-04, -3.27005004e-01],
       [ 1.26122551e-01,  6.15325284e-01,  9.19844656e-02,
        -2.00860733e-01,  5.89208048e-02, -2.47532085e-02,
        -1.99351648e-01, -2.35580690e-01,  5.05871628e-02,
        -7.46206572e-01, -9.44368598e-03,  1.66665763e-01,
        -5.63520657e-02, -1.64026733e-01, -1.76960817e-01,
         1.83607386e-02,  1.48807729e-02, -1.09538371e-01],
       [ 2.82154324e-01,  9.19844656e-02,  5.29954222e-01,
        -1.41615134e-01, -7.00256221e-02,  5.08099848e-02,
         2.47662013e-01, -5.03886442e-01,  3.35585918e-01,
        -5.33722232e-01, -4.76845809e-01, -1.31089138e-01,
        -1.28296027e-01,  7.09067568e-02, -1.97774220e-01,
         3.97548348e-02,  5.88498081e-02, -5.04152176e-02],
       [ 2.27358228e-01, -2.00860733e-01, -1.41615134e-01,
         3.56538780e-01,  5.95125436e-02,  1.73743147e-01,
         8.71696560e-01,  6.29088923e-01, -5.09985574e-01,
         1.05769939e+00,  3.04372104e-01,  5.90232646e-01,
        -5.12257291e-02,  2.12817475e-02,  1.47102187e-01,
        -1.77430838e-02, -1.45881472e-02,  1.64521550e-02],
       [-1.23485057e-01,  5.89208047e-02, -7.00256221e-02,
         5.95125436e-02,  2.60811646e-01,  3.96690034e-02,
         3.62329677e-01,  9.68474268e-01, -4.92892209e-01,
         1.82860487e-02,  6.36327606e-01,  4.69021043e-01,
         1.04637054e-01,  4.02199953e-02,  1.41141996e-02,
         3.14789851e-02,  1.69184283e-02,  2.40539799e-02],
       [ 5.74456673e-01, -2.47532085e-02,  5.08099848e-02,
         1.73743147e-01,  3.96690032e-02,  3.77957860e-01,
         8.99045824e-01,  5.03557661e-01,  8.81154344e-02,
         5.15863750e-01,  9.74951696e-03,  1.01885915e+00,
        -2.73112938e-01,  3.42068699e-02,  9.17177434e-02,
        -4.73285324e-02,  2.70037566e-02, -4.00081074e-02],
       [ 1.40530811e+00, -1.99351648e-01,  2.47662013e-01,
         8.71696560e-01,  3.62329677e-01,  8.99045823e-01,
         4.82536346e+00,  1.89333131e+00, -1.17427001e+00,
         1.73192481e+00,  7.55983453e-01,  2.75338922e+00,
        -4.30132759e-01,  1.73859945e-01,  2.30881603e-01,
         4.07481370e-03,  3.21040360e-02, -4.36707833e-02],
       [-1.10408640e+00, -2.35580690e-01, -5.03886442e-01,
         6.29088923e-01,  9.68474268e-01,  5.03557661e-01,
         1.89333131e+00,  6.77241976e+00, -2.02706113e+00,
         2.17404343e+00,  2.13368934e+00,  3.22210634e+00,
         4.67034850e-01,  1.89335354e-01,  2.81861516e-01,
        -4.41390375e-03,  8.64436901e-02,  2.20080819e-01],
       [ 1.86841039e-01,  5.05871628e-02,  3.35585919e-01,
        -5.09985574e-01, -4.92892209e-01,  8.81154346e-02,
        -1.17427001e+00, -2.02706114e+00,  2.83114764e+00,
        -1.20508128e+00, -1.68587443e+00, -9.00328997e-01,
        -2.74543245e-01,  3.86499023e-02, -8.93415179e-02,
        -5.52833931e-02,  5.04023697e-02, -5.88589993e-02],
       [ 3.49937468e-01, -7.46206572e-01, -5.33722232e-01,
         1.05769939e+00,  1.82860487e-02,  5.15863750e-01,
         1.73192481e+00,  2.17404343e+00, -1.20508128e+00,
         3.86130296e+00,  5.35534286e-01,  1.71827913e+00,
        -1.79111857e-01,  4.47930411e-02,  4.89406054e-01,
        -1.45680860e-01, -1.30747125e-02,  7.51093854e-02],
       [-3.44667697e-01, -9.44368602e-03, -4.76845809e-01,
         3.04372104e-01,  6.36327606e-01,  9.74951703e-03,
         7.55983453e-01,  2.13368934e+00, -1.68587443e+00,
         5.35534286e-01,  1.99715059e+00,  9.79019939e-01,
         3.12330388e-01,  4.17458261e-02,  1.66074235e-01,
         5.19125194e-02, -1.37554638e-02,  8.84827215e-02],
       [ 9.44032416e-01,  1.66665763e-01, -1.31089138e-01,
         5.90232646e-01,  4.69021043e-01,  1.01885915e+00,
         2.75338922e+00,  3.22210634e+00, -9.00328997e-01,
         1.71827913e+00,  9.79019939e-01,  3.73037631e+00,
        -4.38616193e-01,  2.19800113e-02,  2.63144648e-01,
        -9.91985686e-02,  7.43395431e-02, -4.60862532e-02],
       [-1.00493302e+00, -5.63520657e-02, -1.28296028e-01,
        -5.12257292e-02,  1.04637054e-01, -2.73112938e-01,
        -4.30132760e-01,  4.67034851e-01, -2.74543245e-01,
        -1.79111857e-01,  3.12330388e-01, -4.38616193e-01,
         4.89807686e-01,  1.65619142e-02,  1.01180202e-03,
         8.23988310e-02, -1.37701723e-02,  1.45890822e-01],
       [-2.30108894e-02, -1.64026733e-01,  7.09067568e-02,
         2.12817475e-02,  4.02199953e-02,  3.42068699e-02,
         1.73859945e-01,  1.89335354e-01,  3.86499023e-02,
         4.47930411e-02,  4.17458261e-02,  2.19800113e-02,
         1.65619142e-02,  1.09140902e-01,  1.94686899e-02,
         1.17582228e-02,  3.30469199e-02,  3.39704074e-02],
       [ 5.59905110e-05, -1.76960817e-01, -1.97774219e-01,
         1.47102187e-01,  1.41141995e-02,  9.17177434e-02,
         2.30881603e-01,  2.81861516e-01, -8.93415179e-02,
         4.89406054e-01,  1.66074235e-01,  2.63144648e-01,
         1.01180201e-03,  1.94686899e-02,  1.59894012e-01,
        -2.88737659e-02, -1.76820475e-02,  5.50652772e-02],
       [-9.39787217e-02,  1.83607386e-02,  3.97548348e-02,
        -1.77430838e-02,  3.14789851e-02, -4.73285324e-02,
         4.07481369e-03, -4.41390373e-03, -5.52833931e-02,
        -1.45680860e-01,  5.19125194e-02, -9.91985686e-02,
         8.23988310e-02,  1.17582228e-02, -2.88737659e-02,
         4.56600236e-02, -7.24568769e-04,  1.29882660e-02],
       [-9.27018924e-04,  1.48807729e-02,  5.88498082e-02,
        -1.45881472e-02,  1.69184282e-02,  2.70037566e-02,
         3.21040361e-02,  8.64436900e-02,  5.04023697e-02,
        -1.30747125e-02, -1.37554639e-02,  7.43395432e-02,
        -1.37701723e-02,  3.30469199e-02, -1.76820475e-02,
        -7.24568769e-04,  3.79881916e-02, -4.79803320e-04],
       [-3.27005004e-01, -1.09538371e-01, -5.04152176e-02,
         1.64521550e-02,  2.40539799e-02, -4.00081075e-02,
        -4.36707835e-02,  2.20080819e-01, -5.88589993e-02,
         7.51093853e-02,  8.84827215e-02, -4.60862533e-02,
         1.45890822e-01,  3.39704074e-02,  5.50652772e-02,
         1.29882660e-02, -4.79803313e-04,  8.68760182e-02]])
      jac: array([ 2.84328857e-04,  7.58807831e-05,  2.78310708e-05, -1.13456244e-03,
       -1.13528335e-03, -7.88313859e-05,  1.33555019e-04,  6.06670270e-05,
        2.46839586e-07,  2.06756834e-04,  2.34929483e-04,  5.20246809e-05,
        6.31144026e-04,  2.70740467e-04, -1.92399060e-04, -1.57784526e-04,
       -2.82564712e-04,  1.59567174e-04])
  message: 'Maximum number of iterations has been exceeded.'
     nfev: 2337
      nit: 100
     njev: 123
   status: 1
  success: False
        x: array([ 0.15802093,  0.10283597,  0.70476777,  1.71597126, -0.87300186,
        0.30507954,  2.35776936, -0.59650211,  1.36769103,  1.53031334,
       -1.46144728,  0.58368388, -0.02190895,  0.02604274, -0.1796915 ,
       -1.63235805, -0.56612019,  0.04375294])
