Program Begingeth
      fun: 0.33946132095634557
 hess_inv: array([[ 7.53004670e-01, -1.34701740e-01,  5.69649241e-02,
        -1.60584478e-01,  1.80168222e-01,  4.07103382e-01,
        -4.05714637e-01,  2.22659214e-01,  3.20325251e-01,
        -7.01152762e-01,  3.80180882e-01,  7.99349394e-01,
        -2.69500411e-01,  5.20689735e-02,  3.65428661e-02,
         2.24201642e-02, -1.11410737e-01, -1.97585225e-01],
       [-1.34701740e-01,  5.36641305e-01, -1.42916374e-01,
         3.39304007e-01, -2.24381481e-02, -4.61376804e-01,
         1.16699100e+00,  7.09000387e-01,  1.89935301e-01,
         1.27468701e+00, -9.67136602e-02, -1.15616790e+00,
         4.40146261e-02, -1.90968154e-01, -2.26285225e-01,
         1.65904420e-02,  1.14659706e-01, -1.03483849e-01],
       [ 5.69649241e-02, -1.42916374e-01,  3.44528825e-01,
        -3.02994595e-01,  4.87842955e-02,  2.31893396e-01,
        -7.36441048e-01, -5.03845009e-01, -2.84152228e-01,
        -1.07622540e+00, -4.90900516e-02,  7.78149290e-01,
         1.69091824e-02,  1.33164840e-01, -4.06884644e-02,
         7.21288992e-02, -2.38346445e-02,  3.23773902e-02],
       [-1.60584478e-01,  3.39304007e-01, -3.02994595e-01,
         7.58145643e-01,  9.71125228e-02, -5.89582995e-01,
         2.21920153e+00,  1.54029712e+00,  9.56947706e-01,
         2.43792778e+00,  3.14128538e-01, -2.04302059e+00,
         1.39213071e-01, -1.45344695e-01, -8.06150846e-02,
         1.99360578e-02,  9.55755679e-02, -1.46780068e-02],
       [ 1.80168222e-01, -2.24381481e-02,  4.87842955e-02,
         9.71125228e-02,  3.57462612e-01, -5.01695640e-03,
         4.52309049e-01,  9.06635941e-01,  4.58072701e-01,
         4.82255174e-02,  8.17332748e-01, -4.49699229e-01,
         3.36444258e-02,  1.20341724e-01,  2.88477944e-02,
         7.47348086e-02, -7.08504749e-04, -2.17513102e-02],
       [ 4.07103382e-01, -4.61376804e-01,  2.31893396e-01,
        -5.89582995e-01, -5.01695640e-03,  8.82492814e-01,
        -2.10238225e+00, -1.44497732e+00, -2.04865905e-01,
        -2.20496537e+00,  1.39120281e-01,  2.59551953e+00,
        -1.38503193e-01,  9.35473355e-02,  2.33466052e-01,
        -2.70160787e-02, -2.19423191e-01,  2.58258459e-02],
       [-4.05714637e-01,  1.16699100e+00, -7.36441048e-01,
         2.21920153e+00,  4.52309049e-01, -2.10238225e+00,
         8.10350585e+00,  5.02710472e+00,  2.64078198e+00,
         6.80555442e+00,  9.31814287e-01, -7.10986283e+00,
         4.02731128e-01, -3.20883936e-01, -5.01677698e-01,
         1.38044328e-01,  3.44202850e-01, -1.74024829e-01],
       [ 2.22659214e-01,  7.09000387e-01, -5.03845009e-01,
         1.54029712e+00,  9.06635941e-01, -1.44497732e+00,
         5.02710472e+00,  8.02432936e+00,  2.69454150e+00,
         6.01512758e+00,  1.59546899e+00, -6.47952350e+00,
        -2.51408318e-01,  1.03684695e-01, -1.08392484e-01,
        -1.73283625e-02,  5.38703735e-01, -2.03746567e-01],
       [ 3.20325251e-01,  1.89935301e-01, -2.84152228e-01,
         9.56947706e-01,  4.58072701e-01, -2.04865905e-01,
         2.64078198e+00,  2.69454150e+00,  3.09489537e+00,
         2.80336093e+00,  1.42476169e+00, -1.98373721e+00,
         2.32946332e-02, -1.09819150e-01,  6.79535938e-02,
         2.12644320e-03,  1.14757724e-02, -1.13976122e-01],
       [-7.01152762e-01,  1.27468701e+00, -1.07622540e+00,
         2.43792778e+00,  4.82255174e-02, -2.20496537e+00,
         6.80555442e+00,  6.01512758e+00,  2.80336093e+00,
         9.23451793e+00,  2.02209727e-01, -7.57470797e+00,
         1.14691449e-01, -4.67553364e-01, -3.03873955e-01,
        -1.16649835e-01,  6.34269668e-01, -7.66547518e-02],
       [ 3.80180882e-01, -9.67136602e-02, -4.90900516e-02,
         3.14128538e-01,  8.17332748e-01,  1.39120281e-01,
         9.31814287e-01,  1.59546899e+00,  1.42476169e+00,
         2.02209727e-01,  2.33603489e+00, -6.24888102e-01,
         1.28756632e-01,  1.77527319e-01,  2.03414300e-01,
         1.16993566e-01, -7.09367144e-02,  1.63889895e-03],
       [ 7.99349394e-01, -1.15616790e+00,  7.78149290e-01,
        -2.04302059e+00, -4.49699229e-01,  2.59551953e+00,
        -7.10986283e+00, -6.47952350e+00, -1.98373721e+00,
        -7.57470797e+00, -6.24888102e-01,  8.96468068e+00,
        -2.23797631e-01,  7.20703340e-02,  4.86162709e-01,
        -4.72771071e-02, -7.32441933e-01,  1.30822036e-01],
       [-2.69500411e-01,  4.40146261e-02,  1.69091824e-02,
         1.39213071e-01,  3.36444258e-02, -1.38503193e-01,
         4.02731128e-01, -2.51408318e-01,  2.32946332e-02,
         1.14691449e-01,  1.28756632e-01, -2.23797631e-01,
         2.57471651e-01, -2.35382223e-02, -2.82888915e-02,
         8.71759639e-02, -3.91270797e-02,  9.27165965e-02],
       [ 5.20689735e-02, -1.90968154e-01,  1.33164840e-01,
        -1.45344695e-01,  1.20341724e-01,  9.35473355e-02,
        -3.20883936e-01,  1.03684695e-01, -1.09819150e-01,
        -4.67553364e-01,  1.77527319e-01,  7.20703340e-02,
        -2.35382223e-02,  1.81088652e-01,  5.28761607e-02,
         2.38890026e-02,  3.83903362e-02,  3.46292906e-02],
       [ 3.65428661e-02, -2.26285225e-01, -4.06884644e-02,
        -8.06150846e-02,  2.88477944e-02,  2.33466052e-01,
        -5.01677698e-01, -1.08392484e-01,  6.79535938e-02,
        -3.03873955e-01,  2.03414300e-01,  4.86162709e-01,
        -2.82888915e-02,  5.28761607e-02,  1.97016225e-01,
        -4.80020374e-02, -4.83204218e-02,  8.56748260e-02],
       [ 2.24201642e-02,  1.65904420e-02,  7.21288992e-02,
         1.99360578e-02,  7.47348086e-02, -2.70160787e-02,
         1.38044328e-01, -1.73283625e-02,  2.12644320e-03,
        -1.16649835e-01,  1.16993566e-01, -4.72771071e-02,
         8.71759639e-02,  2.38890026e-02, -4.80020374e-02,
         8.78926129e-02, -2.33370378e-02, -3.08444663e-03],
       [-1.11410737e-01,  1.14659706e-01, -2.38346445e-02,
         9.55755679e-02, -7.08504749e-04, -2.19423191e-01,
         3.44202850e-01,  5.38703735e-01,  1.14757724e-02,
         6.34269668e-01, -7.09367144e-02, -7.32441933e-01,
        -3.91270797e-02,  3.83903362e-02, -4.83204218e-02,
        -2.33370378e-02,  1.50927344e-01, -3.46369138e-03],
       [-1.97585225e-01, -1.03483849e-01,  3.23773902e-02,
        -1.46780068e-02, -2.17513102e-02,  2.58258459e-02,
        -1.74024829e-01, -2.03746567e-01, -1.13976122e-01,
        -7.66547518e-02,  1.63889895e-03,  1.30822036e-01,
         9.27165965e-02,  3.46292906e-02,  8.56748260e-02,
        -3.08444663e-03, -3.46369138e-03,  1.32432136e-01]])
      jac: array([-2.61346500e-06, -3.56196554e-06, -6.41449856e-06,  3.77475828e-07,
        3.71406609e-06,  3.56381591e-07,  7.32007048e-07,  9.10382880e-08,
        5.65843668e-07, -7.12763182e-07, -4.91088651e-07,  1.11947488e-06,
       -6.54365451e-06, -2.05872356e-06, -8.19159555e-06,  8.05836879e-06,
        3.01462559e-06,  8.33296395e-06])
  message: 'Optimization terminated successfully.'
     nfev: 1729
      nit: 79
     njev: 91
   status: 0
  success: True
        x: array([ 0.04241304,  0.19850902,  0.7994351 ,  1.17778302, -1.18884602,
       -0.27879578,  2.12509495, -1.08924182, -1.29200135,  0.87818801,
       -1.7364528 , -0.59356822,  0.10309444, -0.02694844, -0.38302205,
       -1.12017322, -0.52762886,  0.00666006])
