Program Begingeth
      fun: 0.36454943845281784
 hess_inv: array([[ 1.71941121e+00,  1.79242406e-01,  9.57867771e-02,
        -4.44485108e-02, -4.62960549e-01,  1.94516097e-01,
        -3.09482358e-01, -6.39901109e-01, -6.27387791e-01,
        -1.66330258e-01, -1.60069742e+00, -2.34583630e-02,
        -7.24286346e-01, -1.74491724e-01, -8.22048795e-02,
        -3.00972813e-02, -6.19872042e-02, -4.15960483e-01],
       [ 1.79242406e-01,  7.72477660e-01, -1.50394808e-01,
        -3.00694538e-01,  4.27460387e-02, -2.43922919e-01,
        -1.09966169e+00,  4.33587822e-01, -3.01479334e-01,
        -9.43790859e-01, -1.49084558e-01, -1.79613935e-01,
        -6.65874693e-02, -2.73776600e-01, -2.57858753e-01,
         3.95055348e-02, -5.98969269e-03, -2.11043736e-01],
       [ 9.57867771e-02, -1.50394808e-01,  4.49833446e-01,
         1.31182271e-01,  5.35314784e-02,  1.51778848e-01,
         8.06650836e-03, -3.40923035e-01,  4.76308124e-01,
         6.18941104e-01,  5.64606180e-02,  5.19773664e-02,
        -1.08970211e-03,  1.58651530e-01, -4.29006388e-02,
         6.30597438e-02,  4.90665873e-02,  5.47653920e-02],
       [-4.44485108e-02, -3.00694538e-01,  1.31182271e-01,
         3.76763483e-01,  4.08225292e-02,  1.47693947e-01,
         7.77421884e-01,  1.64745486e-02,  8.13964610e-01,
         1.14462099e+00,  1.71850149e-01, -8.67069376e-02,
         1.05223747e-01,  1.16430031e-01,  1.28471559e-01,
         2.04664614e-02, -1.02906602e-02,  1.14515432e-01],
       [-4.62960549e-01,  4.27460387e-02,  5.35314784e-02,
         4.08225292e-02,  3.65620901e-01, -1.10650282e-01,
        -3.87946154e-01,  7.14274467e-01,  5.69772454e-01,
         1.77615882e-01,  9.56995268e-01, -1.83755646e-01,
         2.75165638e-01,  9.07396094e-02, -5.68246676e-02,
         7.31786327e-02,  1.32167170e-02,  1.12882640e-01],
       [ 1.94516097e-01, -2.43922919e-01,  1.51778848e-01,
         1.47693947e-01, -1.10650282e-01,  3.67381922e-01,
         7.42785088e-01, -7.03865482e-01,  8.62642703e-01,
         6.45711804e-01, -1.56360529e-01,  5.39425523e-01,
        -1.56711117e-01,  1.20176741e-01,  1.42382124e-01,
        -4.50808350e-02,  6.66347373e-02,  3.55263713e-02],
       [-3.09482358e-01, -1.09966169e+00,  8.06650836e-03,
         7.77421884e-01, -3.87946154e-01,  7.42785088e-01,
         7.19244761e+00, -2.42309338e+00,  2.99564903e+00,
         2.20892721e+00,  6.38720953e-01,  5.82947833e-01,
        -2.88776112e-01,  2.72225338e-01,  5.34396389e-01,
        -3.18189008e-01,  2.74132603e-01,  2.19281275e-01],
       [-6.39901109e-01,  4.33587822e-01, -3.40923035e-01,
         1.64745486e-02,  7.14274467e-01, -7.03865482e-01,
        -2.42309338e+00,  3.80248592e+00, -2.51543110e-01,
        -3.10871254e-01,  1.17867759e+00, -1.37653546e+00,
         6.33578704e-01, -1.10124236e-01, -1.48724163e-01,
         1.48189180e-01, -1.71950845e-01,  1.34554707e-01],
       [-6.27387791e-01, -3.01479334e-01,  4.76308124e-01,
         8.13964610e-01,  5.69772454e-01,  8.62642703e-01,
         2.99564903e+00, -2.51543110e-01,  6.78993709e+00,
         3.19256979e+00,  2.34548501e+00,  6.20457875e-01,
         1.53330220e-01,  3.78909340e-01,  2.98743793e-01,
        -4.45212059e-02,  2.75072714e-01,  3.91974770e-01],
       [-1.66330258e-01, -9.43790859e-01,  6.18941104e-01,
         1.14462099e+00,  1.77615882e-01,  6.45711804e-01,
         2.20892721e+00, -3.10871254e-01,  3.19256979e+00,
         3.88523940e+00,  6.90720474e-01,  8.46655493e-02,
         2.45354017e-01,  4.66940487e-01,  3.84326658e-01,
         4.24288547e-02,  5.45491037e-02,  3.72353489e-01],
       [-1.60069742e+00, -1.49084558e-01,  5.64606180e-02,
         1.71850149e-01,  9.56995268e-01, -1.56360529e-01,
         6.38720953e-01,  1.17867759e+00,  2.34548501e+00,
         6.90720474e-01,  3.19041322e+00, -2.45517040e-01,
         7.10727814e-01,  2.95244232e-01, -3.78424866e-02,
         8.64070543e-02,  1.13419975e-01,  3.80192162e-01],
       [-2.34583630e-02, -1.79613935e-01,  5.19773664e-02,
        -8.67069376e-02, -1.83755646e-01,  5.39425523e-01,
         5.82947833e-01, -1.37653546e+00,  6.20457875e-01,
         8.46655493e-02, -2.45517040e-01,  1.44603118e+00,
        -1.93566248e-01,  1.41761142e-01,  1.67326432e-01,
        -7.77561250e-02,  1.44289856e-01,  3.01242155e-02],
       [-7.24286346e-01, -6.65874693e-02, -1.08970211e-03,
         1.05223747e-01,  2.75165638e-01, -1.56711117e-01,
        -2.88776112e-01,  6.33578704e-01,  1.53330220e-01,
         2.45354017e-01,  7.10727814e-01, -1.93566248e-01,
         4.38074908e-01,  7.72690072e-02,  1.45484866e-02,
         9.29772544e-02, -2.88797011e-02,  2.02410487e-01],
       [-1.74491724e-01, -2.73776600e-01,  1.58651530e-01,
         1.16430031e-01,  9.07396094e-02,  1.20176741e-01,
         2.72225338e-01, -1.10124236e-01,  3.78909340e-01,
         4.66940487e-01,  2.95244232e-01,  1.41761142e-01,
         7.72690072e-02,  1.78810676e-01,  7.06452552e-02,
         1.16737910e-02,  4.94198170e-02,  1.13786737e-01],
       [-8.22048795e-02, -2.57858753e-01, -4.29006388e-02,
         1.28471559e-01, -5.68246676e-02,  1.42382124e-01,
         5.34396389e-01, -1.48724163e-01,  2.98743793e-01,
         3.84326658e-01, -3.78424866e-02,  1.67326432e-01,
         1.45484866e-02,  7.06452552e-02,  1.70072648e-01,
        -4.05089517e-02,  3.70228015e-03,  1.01446620e-01],
       [-3.00972813e-02,  3.95055348e-02,  6.30597438e-02,
         2.04664614e-02,  7.31786327e-02, -4.50808350e-02,
        -3.18189008e-01,  1.48189180e-01, -4.45212059e-02,
         4.24288547e-02,  8.64070543e-02, -7.77561250e-02,
         9.29772544e-02,  1.16737910e-02, -4.05089517e-02,
         7.18852601e-02, -2.04191848e-02,  1.48059801e-02],
       [-6.19872042e-02, -5.98969269e-03,  4.90665873e-02,
        -1.02906602e-02,  1.32167170e-02,  6.66347373e-02,
         2.74132603e-01, -1.71950845e-01,  2.75072714e-01,
         5.45491037e-02,  1.13419975e-01,  1.44289856e-01,
        -2.88797011e-02,  4.94198170e-02,  3.70228015e-03,
        -2.04191848e-02,  6.96333041e-02,  1.38753674e-02],
       [-4.15960483e-01, -2.11043736e-01,  5.47653920e-02,
         1.14515432e-01,  1.12882640e-01,  3.55263713e-02,
         2.19281275e-01,  1.34554707e-01,  3.91974770e-01,
         3.72353489e-01,  3.80192162e-01,  3.01242155e-02,
         2.02410487e-01,  1.13786737e-01,  1.01446620e-01,
         1.48059801e-02,  1.38753674e-02,  1.82212207e-01]])
      jac: array([ 4.16333634e-06, -1.40036131e-06, -5.60995694e-06, -8.32445224e-06,
        1.68716892e-06,  9.93686615e-06,  4.73325083e-07, -2.40178248e-07,
       -7.56802029e-07,  2.37513712e-06, -4.74435306e-07, -1.95362245e-06,
        9.30403902e-06, -3.11824640e-06, -1.27912495e-05, -6.64875562e-06,
        3.82064750e-06,  1.08083912e-05])
  message: 'Desired error not necessarily achieved due to precision loss.'
     nfev: 2026
      nit: 70
     njev: 106
   status: 2
  success: False
        x: array([ 0.08187857,  0.06891828,  0.81179982,  1.4690275 , -0.94349889,
        0.32659772,  0.82837067, -2.04840455,  0.7064901 ,  1.81872733,
       -0.87678954,  0.92204549,  0.04036209,  0.01427419, -0.22825479,
       -1.33580783, -0.64893822,  0.04989677])
