Program Begingeth
      fun: 0.2427785107950119
 hess_inv: array([[ 4.87525035e+00,  1.55220584e+00, -1.65397179e+00,
         9.26597272e-01,  6.13548269e-01, -1.40857347e+00,
        -2.71977041e+00, -5.01828797e-01, -3.43228294e+00,
        -2.81918461e-01,  3.35124934e-01, -4.83554197e-01,
        -9.38544047e-01, -4.88942347e-01, -2.24333698e-01,
        -1.02140808e-01, -5.80632580e-01,  2.04012714e-01],
       [ 1.55220584e+00,  2.81605660e+00, -1.28024777e+00,
        -1.22106555e-01,  1.02828032e+00, -7.81700233e-01,
        -3.39878525e+00,  2.50175864e+00, -5.65932113e-01,
         3.14296303e-01, -4.52190791e-01, -1.02246998e+00,
        -5.27054664e-01, -4.25775197e-01,  1.45773443e-01,
         1.15920222e-01, -2.85461520e-01,  1.75136168e-01],
       [-1.65397179e+00, -1.28024777e+00,  7.91070062e+00,
         9.65251799e-01, -4.73662128e-01,  3.30841272e+00,
         1.43594942e+01, -4.32439501e+00,  7.10866902e+00,
        -2.13480631e-01,  2.34241705e+00, -6.83589752e-01,
         5.05461153e-01,  1.71432836e-01, -6.10112036e-01,
        -3.02467296e-01,  4.66470016e-01, -3.89439098e-01],
       [ 9.26597272e-01, -1.22106555e-01,  9.65251799e-01,
         4.87523693e-01, -5.32193614e-03,  2.51143388e-01,
         2.45616742e+00, -1.00746740e+00,  1.27935075e-01,
        -1.94271874e-01,  4.74566886e-01, -6.71238970e-02,
        -8.98657529e-02, -1.59764772e-02, -1.70547289e-01,
        -8.72587485e-02, -3.52419003e-02, -3.64055244e-02],
       [ 6.13548269e-01,  1.02828032e+00, -4.73662128e-01,
        -5.32193614e-03,  4.37162134e-01, -2.67231023e-01,
        -8.37866602e-01,  1.36761312e+00, -3.84114715e-01,
         4.08474153e-02, -2.10525433e-01, -3.16714334e-01,
        -1.96301810e-01, -1.12851166e-01,  7.95664082e-02,
         2.49387460e-02, -9.98983748e-02,  7.22144211e-02],
       [-1.40857347e+00, -7.81700233e-01,  3.30841272e+00,
         2.51143388e-01, -2.67231023e-01,  1.55526956e+00,
         6.32907331e+00, -1.32174169e+00,  3.44394226e+00,
        -1.74370421e-01,  7.69227857e-01, -1.39912239e-01,
         3.78082590e-01,  1.63532593e-01, -1.69044752e-01,
        -9.32642143e-02,  2.57743960e-01, -1.89923438e-01],
       [-2.71977041e+00, -3.39878525e+00,  1.43594942e+01,
         2.45616742e+00, -8.37866602e-01,  6.32907331e+00,
         3.34907932e+01, -6.43388923e+00,  1.16089029e+01,
        -1.08288880e+00,  3.61995173e+00, -2.18132450e-01,
         1.04035433e+00,  8.38947356e-01, -9.57665572e-01,
        -6.92196237e-01,  8.67655447e-01, -7.60106288e-01],
       [-5.01828797e-01,  2.50175864e+00, -4.32439501e+00,
        -1.00746740e+00,  1.36761312e+00, -1.32174169e+00,
        -6.43388923e+00,  1.05482600e+01, -2.71466904e+00,
        -2.49782142e-01, -2.10519129e+00, -3.01487294e-01,
        -5.71054176e-02, -9.24221960e-02,  9.39077263e-01,
         3.47072519e-01, -2.23018485e-01,  2.82351683e-01],
       [-3.43228294e+00, -5.65932113e-01,  7.10866902e+00,
         1.27935075e-01, -3.84114715e-01,  3.44394226e+00,
         1.16089029e+01, -2.71466904e+00,  1.12783148e+01,
        -2.39559639e-01,  1.80596083e+00, -7.91669488e-01,
         7.44844122e-01, -8.28185563e-02, -4.64790410e-01,
        -9.65733400e-02,  3.91092131e-01, -4.76873602e-01],
       [-2.81918461e-01,  3.14296303e-01, -2.13480631e-01,
        -1.94271874e-01,  4.08474153e-02, -1.74370421e-01,
        -1.08288880e+00, -2.49782142e-01, -2.39559639e-01,
         1.01314530e+00, -1.78616994e-01, -7.33840694e-02,
        -2.11972238e-01,  1.18914092e-02,  8.99383679e-02,
         1.63830820e-02,  6.48642152e-02,  1.98692620e-01],
       [ 3.35124934e-01, -4.52190791e-01,  2.34241705e+00,
         4.74566886e-01, -2.10525433e-01,  7.69227857e-01,
         3.61995173e+00, -2.10519129e+00,  1.80596083e+00,
        -1.78616994e-01,  1.41089787e+00, -2.81756613e-01,
         2.40652028e-02, -1.45371510e-01, -3.97434714e-01,
        -1.45086459e-01,  6.05283797e-02, -1.83007984e-01],
       [-4.83554197e-01, -1.02246998e+00, -6.83589752e-01,
        -6.71238970e-02, -3.16714334e-01, -1.39912239e-01,
        -2.18132450e-01, -3.01487294e-01, -7.91669488e-01,
        -7.33840694e-02, -2.81756613e-01,  8.99423058e-01,
         1.26864890e-01,  2.63038102e-01,  3.67235538e-03,
        -5.56044680e-02,  9.95411942e-02,  4.70761112e-03],
       [-9.38544047e-01, -5.27054664e-01,  5.05461153e-01,
        -8.98657529e-02, -1.96301810e-01,  3.78082590e-01,
         1.04035433e+00, -5.71054176e-02,  7.44844122e-01,
        -2.11972238e-01,  2.40652028e-02,  1.26864890e-01,
         3.09213770e-01,  1.15754146e-01,  1.00336228e-02,
         4.51991888e-02,  1.30499080e-01, -1.07629926e-01],
       [-4.88942347e-01, -4.25775197e-01,  1.71432836e-01,
        -1.59764772e-02, -1.12851166e-01,  1.63532593e-01,
         8.38947356e-01, -9.24221960e-02, -8.28185563e-02,
         1.18914092e-02, -1.45371510e-01,  2.63038102e-01,
         1.15754146e-01,  1.83616173e-01,  3.69983090e-02,
        -1.82887563e-02,  1.12527723e-01, -1.42836943e-03],
       [-2.24333698e-01,  1.45773443e-01, -6.10112036e-01,
        -1.70547289e-01,  7.95664082e-02, -1.69044752e-01,
        -9.57665572e-01,  9.39077263e-01, -4.64790410e-01,
         8.99383679e-02, -3.97434714e-01,  3.67235538e-03,
         1.00336228e-02,  3.69983090e-02,  1.72459565e-01,
         5.76967510e-02, -8.25537562e-03,  7.79735694e-02],
       [-1.02140808e-01,  1.15920222e-01, -3.02467296e-01,
        -8.72587485e-02,  2.49387460e-02, -9.32642143e-02,
        -6.92196237e-01,  3.47072519e-01, -9.65733400e-02,
         1.63830820e-02, -1.45086459e-01, -5.56044680e-02,
         4.51991888e-02, -1.82887563e-02,  5.76967510e-02,
         6.78419819e-02, -5.07059809e-03,  7.78202252e-03],
       [-5.80632580e-01, -2.85461520e-01,  4.66470016e-01,
        -3.52419003e-02, -9.98983748e-02,  2.57743960e-01,
         8.67655447e-01, -2.23018485e-01,  3.91092131e-01,
         6.48642152e-02,  6.05283797e-02,  9.95411942e-02,
         1.30499080e-01,  1.12527723e-01, -8.25537562e-03,
        -5.07059809e-03,  1.29406798e-01, -3.05177945e-02],
       [ 2.04012714e-01,  1.75136168e-01, -3.89439098e-01,
        -3.64055244e-02,  7.22144211e-02, -1.89923438e-01,
        -7.60106288e-01,  2.82351683e-01, -4.76873602e-01,
         1.98692620e-01, -1.83007984e-01,  4.70761112e-03,
        -1.07629926e-01, -1.42836943e-03,  7.79735694e-02,
         7.78202252e-03, -3.05177945e-02,  1.03446018e-01]])
      jac: array([-1.62203584e-05, -3.88711285e-05, -6.85525710e-06,  3.71447317e-05,
        5.23938300e-05,  3.50793468e-06, -7.92884277e-07, -4.97638967e-06,
        5.08685686e-06, -2.16458333e-05, -2.38968105e-05, -1.34492417e-05,
       -9.51905221e-05, -7.16732229e-05, -2.23504548e-05,  7.22881014e-05,
        1.00153034e-04,  1.69338617e-05])
  message: 'Desired error not necessarily achieved due to precision loss.'
     nfev: 1987
      nit: 65
     njev: 104
   status: 2
  success: False
        x: array([-0.67616595, -0.74806244,  0.38634919, -1.17322855, -0.85147197,
        0.04315268, -1.18091143, -1.21652961, -0.87821917,  0.13379316,
        0.58043209,  1.06650369,  0.08197175,  0.24895262, -0.2764308 ,
        1.34153605, -0.1649582 ,  0.02324307])
