Program Begingeth
      fun: 0.31321378641211983
 hess_inv: array([[ 1.58020919e+01, -5.11260677e+00, -1.69152522e+01,
         7.01270139e+00, -1.99999721e+00, -6.13439560e+00,
         2.14567703e+01,  7.67828008e+00,  2.18852660e+00,
        -8.28752446e-01, -2.43697354e+00,  3.61672805e-01,
        -1.15561537e+00,  7.95694380e-01,  4.57329880e-01,
        -3.80007468e-01,  9.07264997e-01, -3.69012811e-01],
       [-5.11260677e+00,  4.84993901e+00,  5.15644006e+00,
        -1.95030439e+00,  1.98130334e+00,  1.97210043e+00,
        -5.63225463e+00, -6.28368425e-01,  4.85247237e-01,
         1.89019195e-01,  6.84416056e-01, -8.11055224e-01,
         5.88512689e-01, -4.23909168e-01,  1.07460300e-01,
         7.59291520e-02, -3.82841303e-01,  2.06250923e-01],
       [-1.69152522e+01,  5.15644006e+00,  3.23708156e+01,
        -8.85886624e+00,  1.17436271e+00,  1.22238011e+01,
        -3.68849099e+01, -1.51737983e+01,  1.04376869e+00,
         1.19179710e+00,  5.11147254e+00, -9.39018644e-01,
         5.69388998e-01, -1.64122574e+00, -8.30628525e-01,
         1.27674520e-01, -7.91644720e-01,  5.08758067e-01],
       [ 7.01270139e+00, -1.95030439e+00, -8.85886624e+00,
         3.32609891e+00, -6.81718719e-01, -3.26506876e+00,
         1.13492294e+01,  4.14187177e+00,  8.48975913e-01,
        -4.12071709e-01, -1.26026717e+00,  1.29613008e-01,
        -3.86302237e-01,  3.71786744e-01,  2.37351494e-01,
        -1.27141594e-01,  3.40206711e-01, -1.69739324e-01],
       [-1.99999721e+00,  1.98130334e+00,  1.17436271e+00,
        -6.81718719e-01,  8.93782876e-01,  4.51238663e-01,
        -1.40469545e+00,  4.55775809e-01,  9.30216841e-03,
         9.64375746e-02,  1.05120502e-01, -2.55254800e-01,
         2.73274429e-01, -1.01442812e-01,  7.24119269e-02,
         5.96020888e-02, -1.57769652e-01,  7.90266196e-02],
       [-6.13439560e+00,  1.97210043e+00,  1.22238011e+01,
        -3.26506876e+00,  4.51238663e-01,  4.68483007e+00,
        -1.39702417e+01, -5.52012808e+00,  7.61664661e-01,
         5.28422771e-01,  1.82293979e+00, -3.60940639e-01,
         1.56938472e-01, -6.03645504e-01, -2.68066941e-01,
         2.14345435e-02, -2.85159297e-01,  1.94140918e-01],
       [ 2.14567703e+01, -5.63225463e+00, -3.68849099e+01,
         1.13492294e+01, -1.40469545e+00, -1.39702417e+01,
         4.69666791e+01,  1.72663712e+01,  6.17149045e-01,
        -1.34117388e+00, -5.10268464e+00,  6.87880393e-01,
        -6.86350608e-01,  1.49551917e+00,  7.96564243e-01,
        -1.92428096e-01,  8.31160947e-01, -6.78882535e-01],
       [ 7.67828008e+00, -6.28368425e-01, -1.51737983e+01,
         4.14187177e+00,  4.55775809e-01, -5.52012808e+00,
         1.72663712e+01,  1.09106516e+01,  2.44956480e-01,
        -6.79978287e-02, -2.56531788e+00,  2.11237856e-01,
        -2.88519632e-01,  7.64380061e-01,  6.41273506e-01,
        -7.71606583e-02,  3.15971820e-01, -1.86990364e-01],
       [ 2.18852660e+00,  4.85247237e-01,  1.04376869e+00,
         8.48975913e-01,  9.30216841e-03,  7.61664661e-01,
         6.17149045e-01,  2.44956480e-01,  3.83318431e+00,
         2.94108944e-01,  8.91119531e-02, -2.45671834e-01,
        -2.85955470e-01, -2.34490436e-01,  6.95051119e-02,
        -1.71183247e-01,  2.26375636e-04, -6.83956102e-02],
       [-8.28752446e-01,  1.89019195e-01,  1.19179710e+00,
        -4.12071709e-01,  9.64375746e-02,  5.28422771e-01,
        -1.34117388e+00, -6.79978287e-02,  2.94108944e-01,
         8.87855297e-01,  2.31335091e-01, -3.02724134e-02,
        -1.62525677e-01, -8.15688576e-02, -1.11535289e-01,
         7.66995076e-03, -7.84922195e-02, -1.79853937e-01],
       [-2.43697354e+00,  6.84416056e-01,  5.11147254e+00,
        -1.26026717e+00,  1.05120502e-01,  1.82293979e+00,
        -5.10268464e+00, -2.56531788e+00,  8.91119531e-02,
         2.31335091e-01,  1.44915639e+00, -2.11157180e-01,
         8.74417653e-02, -4.27640066e-01, -3.02556838e-01,
         4.36284495e-02, -1.44087528e-01, -4.26405536e-02],
       [ 3.61672805e-01, -8.11055224e-01, -9.39018644e-01,
         1.29613008e-01, -2.55254800e-01, -3.60940639e-01,
         6.87880393e-01,  2.11237856e-01, -2.45671834e-01,
        -3.02724134e-02, -2.11157180e-01,  5.05672249e-01,
        -1.70192570e-02,  1.65732777e-01, -6.46468952e-02,
         6.35136269e-02,  7.65982499e-02, -4.53014402e-03],
       [-1.15561537e+00,  5.88512689e-01,  5.69388998e-01,
        -3.86302237e-01,  2.73274429e-01,  1.56938472e-01,
        -6.86350608e-01, -2.88519632e-01, -2.85955470e-01,
        -1.62525677e-01,  8.74417653e-02, -1.70192570e-02,
         2.43876282e-01, -4.58646741e-02, -4.01024988e-03,
         9.09411144e-02, -1.01483339e-01,  7.56186837e-02],
       [ 7.95694380e-01, -4.23909168e-01, -1.64122574e+00,
         3.71786744e-01, -1.01442812e-01, -6.03645504e-01,
         1.49551917e+00,  7.64380061e-01, -2.34490436e-01,
        -8.15688576e-02, -4.27640066e-01,  1.65732777e-01,
        -4.58646741e-02,  1.86627313e-01,  6.76831596e-02,
        -1.68988197e-04,  9.65346198e-02,  8.35171427e-03],
       [ 4.57329880e-01,  1.07460300e-01, -8.30628525e-01,
         2.37351494e-01,  7.24119269e-02, -2.68066941e-01,
         7.96564243e-01,  6.41273506e-01,  6.95051119e-02,
        -1.11535289e-01, -3.02556838e-01, -6.46468952e-02,
        -4.01024988e-03,  6.76831596e-02,  1.32520052e-01,
        -2.81997930e-02,  2.37027431e-02,  6.08584084e-02],
       [-3.80007468e-01,  7.59291520e-02,  1.27674520e-01,
        -1.27141594e-01,  5.96020888e-02,  2.14345435e-02,
        -1.92428096e-01, -7.71606583e-02, -1.71183247e-01,
         7.66995076e-03,  4.36284495e-02,  6.35136269e-02,
         9.09411144e-02, -1.68988197e-04, -2.81997930e-02,
         7.11176238e-02, -3.14616559e-02,  8.16484003e-03],
       [ 9.07264997e-01, -3.82841303e-01, -7.91644720e-01,
         3.40206711e-01, -1.57769652e-01, -2.85159297e-01,
         8.31160947e-01,  3.15971820e-01,  2.26375636e-04,
        -7.84922195e-02, -1.44087528e-01,  7.65982499e-02,
        -1.01483339e-01,  9.65346198e-02,  2.37027431e-02,
        -3.14616559e-02,  1.19991848e-01, -7.73962769e-03],
       [-3.69012811e-01,  2.06250923e-01,  5.08758067e-01,
        -1.69739324e-01,  7.90266196e-02,  1.94140918e-01,
        -6.78882535e-01, -1.86990364e-01, -6.83956102e-02,
        -1.79853937e-01, -4.26405536e-02, -4.53014402e-03,
         7.56186837e-02,  8.35171427e-03,  6.08584084e-02,
         8.16484003e-03, -7.73962769e-03,  1.05996034e-01]])
      jac: array([ 3.08153503e-05,  4.90452123e-05,  4.13558077e-06, -6.39651295e-05,
       -1.23731766e-04, -8.93470483e-06,  2.04429066e-06,  1.06348264e-05,
       -8.31001934e-06,  3.11239923e-05,  1.58946930e-05,  1.52696374e-05,
        9.67814717e-05,  2.80072262e-05, -1.04845762e-05, -1.01299339e-04,
       -1.27094631e-05,  5.63649127e-05])
  message: 'Desired error not necessarily achieved due to precision loss.'
     nfev: 2196
      nit: 76
     njev: 115
   status: 2
  success: False
        x: array([ 1.0774791 , -1.26916301, -0.09276902,  1.43356578, -1.19299185,
       -0.1268672 ,  2.00088811, -1.3537944 , -1.08413912,  0.01908049,
        0.41650968,  1.1778871 ,  0.00663851,  0.16090935, -0.26794009,
       -1.26363315, -0.34733142,  0.0074826 ])
