Program Begingeth
      fun: 0.28912791932692855
 hess_inv: array([[ 5.66772965e+00, -1.00657533e+00, -7.92711420e-01,
         6.60057538e-01, -3.76338822e-01,  1.09000682e+00,
        -3.74259906e+00,  2.07267512e+00,  2.98916347e-01,
        -1.44425001e+00, -1.01430275e+00,  1.36863460e+00,
        -1.08705178e+00,  3.34080635e-01,  5.87277708e-01,
         6.82228829e-02,  2.91192075e-01, -6.89445551e-01],
       [-1.00657533e+00,  3.85667564e+00,  1.43994417e+00,
        -5.83257621e-03,  8.85792885e-01, -2.01793430e-02,
        -4.88189996e+00, -1.05683734e+00,  5.50033081e+00,
         3.50699361e-01, -5.64951423e-02, -2.88282996e+00,
         5.55822467e-01, -7.15257663e-01, -3.11715041e-01,
        -1.56773180e-01, -1.08581209e-01,  5.28173782e-02],
       [-7.92711420e-01,  1.43994417e+00,  2.91717832e+00,
        -4.39631894e-01,  2.17450621e-01,  1.02058322e-01,
        -2.32524008e+00, -4.99910068e+00,  2.36155680e+00,
         2.10259959e-02,  1.83852030e+00, -2.18040172e+00,
         2.14541710e-01, -5.00967148e-01, -7.53374409e-01,
         2.36965172e-01, -7.38372420e-02,  4.16416950e-02],
       [ 6.60057538e-01, -5.83257621e-03, -4.39631894e-01,
         2.02636700e-01, -2.96866046e-02,  8.22538759e-02,
         2.40985520e-01,  1.11220960e+00,  1.86213369e-01,
        -2.18389433e-01, -4.41291997e-01,  1.75249854e-01,
        -6.69851083e-02,  3.06466154e-02,  1.87534321e-01,
        -3.18806118e-02,  4.91204260e-02, -3.27561271e-02],
       [-3.76338822e-01,  8.85792885e-01,  2.17450621e-01,
        -2.96866046e-02,  5.01341399e-01,  3.84456215e-02,
        -4.53048801e+00,  3.75221264e-01,  8.75462927e-01,
         5.13704492e-01, -1.11503394e-01, -4.78833196e-01,
         3.05334128e-01, -3.52183559e-02, -1.76967498e-02,
        -2.24348473e-02, -2.25928211e-01, -1.78248069e-02],
       [ 1.09000682e+00, -2.01793430e-02,  1.02058322e-01,
         8.22538759e-02,  3.84456215e-02,  3.26525465e-01,
        -2.26365681e+00,  1.78288025e-01,  5.31314221e-01,
        -5.26438789e-02, -1.55371961e-01,  1.10927711e-01,
        -2.01104657e-01,  5.52963813e-02,  1.15331907e-01,
         8.73526306e-03, -1.65118453e-02, -1.44796484e-01],
       [-3.74259906e+00, -4.88189996e+00, -2.32524008e+00,
         2.40985520e-01, -4.53048801e+00, -2.26365681e+00,
         6.75436173e+01, -5.40387608e-01, -7.60589428e+00,
        -4.68464569e+00, -4.55702830e-03,  2.03357169e+00,
        -1.80440888e+00, -8.74622549e-02, -6.92518687e-02,
        -7.18818199e-02,  3.26466858e+00,  1.59919177e+00],
       [ 2.07267512e+00, -1.05683734e+00, -4.99910068e+00,
         1.11220960e+00,  3.75221264e-01,  1.78288025e-01,
        -5.40387608e-01,  1.51377417e+01, -3.09726222e+00,
         1.45276186e-01, -3.95227525e+00,  2.56982370e+00,
        -2.26864028e-01,  8.19442463e-01,  1.87440577e+00,
        -6.64110533e-01,  2.32793231e-01, -1.18594941e-02],
       [ 2.98916347e-01,  5.50033081e+00,  2.36155680e+00,
         1.86213369e-01,  8.75462927e-01,  5.31314221e-01,
        -7.60589428e+00, -3.09726222e+00,  1.40435145e+01,
         1.59443056e-01,  5.39437074e-01, -4.16925520e+00,
         3.78696077e-01, -1.51781793e+00, -5.17732151e-01,
        -2.22629043e-01, -2.68963216e-01, -4.90825016e-02],
       [-1.44425001e+00,  3.50699361e-01,  2.10259959e-02,
        -2.18389433e-01,  5.13704492e-01, -5.26438789e-02,
        -4.68464569e+00,  1.45276186e-01,  1.59443056e-01,
         1.62714694e+00,  9.44118847e-02, -1.37187253e-01,
         3.10730268e-01,  2.18101456e-02, -5.40696630e-02,
        -5.00217997e-02, -4.31990747e-01, -2.06181276e-02],
       [-1.01430275e+00, -5.64951423e-02,  1.83852030e+00,
        -4.41291997e-01, -1.11503394e-01, -1.55371961e-01,
        -4.55702830e-03, -3.95227525e+00,  5.39437074e-01,
         9.44118847e-02,  2.29696655e+00, -9.86726821e-01,
         1.43646915e-01, -4.09498617e-01, -7.49010536e-01,
         2.54406949e-01, -1.22056356e-01, -2.82093977e-02],
       [ 1.36863460e+00, -2.88282996e+00, -2.18040172e+00,
         1.75249854e-01, -4.78833196e-01,  1.10927711e-01,
         2.03357169e+00,  2.56982370e+00, -4.16925520e+00,
        -1.37187253e-01, -9.86726821e-01,  3.20902345e+00,
        -4.72567937e-01,  8.18659974e-01,  4.98918681e-01,
         4.30673308e-02,  8.47908166e-02, -1.19435748e-01],
       [-1.08705178e+00,  5.55822467e-01,  2.14541710e-01,
        -6.69851083e-02,  3.05334128e-01, -2.01104657e-01,
        -1.80440888e+00, -2.26864028e-01,  3.78696077e-01,
         3.10730268e-01,  1.43646915e-01, -4.72567937e-01,
         4.57470600e-01, -9.48331873e-02, -1.06938403e-01,
         2.59997714e-02, -2.11652339e-01,  1.42464748e-01],
       [ 3.34080635e-01, -7.15257663e-01, -5.00967148e-01,
         3.06466154e-02, -3.52183559e-02,  5.52963813e-02,
        -8.74622549e-02,  8.19442463e-01, -1.51781793e+00,
         2.18101456e-02, -4.09498617e-01,  8.18659974e-01,
        -9.48331873e-02,  3.15294589e-01,  1.72678395e-01,
         1.76459230e-02,  2.87728658e-02, -1.43865882e-02],
       [ 5.87277708e-01, -3.11715041e-01, -7.53374409e-01,
         1.87534321e-01, -1.76967498e-02,  1.15331907e-01,
        -6.92518687e-02,  1.87440577e+00, -5.17732151e-01,
        -5.40696630e-02, -7.49010536e-01,  4.98918681e-01,
        -1.06938403e-01,  1.72678395e-01,  3.49530580e-01,
        -9.15722522e-02,  3.22240918e-02, -7.50144879e-04],
       [ 6.82228829e-02, -1.56773180e-01,  2.36965172e-01,
        -3.18806118e-02, -2.24348473e-02,  8.73526306e-03,
        -7.18818199e-02, -6.64110533e-01, -2.22629043e-01,
        -5.00217997e-02,  2.54406949e-01,  4.30673308e-02,
         2.59997714e-02,  1.76459230e-02, -9.15722522e-02,
         1.02399264e-01, -1.80219869e-02, -1.06723033e-02],
       [ 2.91192075e-01, -1.08581209e-01, -7.38372420e-02,
         4.91204260e-02, -2.25928211e-01, -1.65118453e-02,
         3.26466858e+00,  2.32793231e-01, -2.68963216e-01,
        -4.31990747e-01, -1.22056356e-01,  8.47908166e-02,
        -2.11652339e-01,  2.87728658e-02,  3.22240918e-02,
        -1.80219869e-02,  2.77657265e-01,  2.59614595e-02],
       [-6.89445551e-01,  5.28173782e-02,  4.16416950e-02,
        -3.27561271e-02, -1.78248069e-02, -1.44796484e-01,
         1.59919177e+00, -1.18594941e-02, -4.90825016e-02,
        -2.06181276e-02, -2.82093977e-02, -1.19435748e-01,
         1.42464748e-01, -1.43865882e-02, -7.50144879e-04,
        -1.06723033e-02,  2.59614595e-02,  1.83816138e-01]])
      jac: array([-3.33351865e-05, -5.54367663e-05,  1.05719137e-05,  2.18400113e-04,
        1.56257970e-04,  8.25554440e-05, -7.27233089e-06, -1.31735363e-05,
       -1.21432494e-05, -3.91427631e-06, -2.71604961e-05,  1.58924725e-05,
       -5.24513766e-05, -1.58247859e-04, -8.87482680e-05, -9.66967247e-05,
        1.15695231e-04,  5.98895008e-05])
  message: 'Desired error not necessarily achieved due to precision loss.'
     nfev: 2140
      nit: 61
     njev: 112
   status: 2
  success: False
        x: array([ 0.27593041, -0.42028591,  0.65155228,  1.07181423, -0.55515766,
        0.0536384 ,  0.21918144, -1.43518524, -0.40752624,  0.0499756 ,
        0.67378987,  0.93315025,  0.11168918,  0.10632726, -0.37724166,
       -1.10406396, -0.72613116,  0.02368835])
